ARM GAS  C:\Users\SOLDER~1\AppData\Local\Temp\cc53VI4Z.s 			page 1


   1              		.cpu cortex-m3
   2              		.arch armv7-m
   3              		.fpu softvfp
   4              		.eabi_attribute 20, 1
   5              		.eabi_attribute 21, 1
   6              		.eabi_attribute 23, 3
   7              		.eabi_attribute 24, 1
   8              		.eabi_attribute 25, 1
   9              		.eabi_attribute 26, 1
  10              		.eabi_attribute 30, 6
  11              		.eabi_attribute 34, 1
  12              		.eabi_attribute 18, 4
  13              		.file	"main.c"
  14              		.text
  15              	.Ltext0:
  16              		.cfi_sections	.debug_frame
  17              		.file 1 "Core/Src/main.c"
  18              		.global	Counter
  19              		.section	.bss.Counter,"aw",%nobits
  20              		.align	2
  23              	Counter:
  24 0000 00000000 		.space	4
  25              		.section	.text.main,"ax",%progbits
  26              		.align	1
  27              		.global	main
  28              		.syntax unified
  29              		.thumb
  30              		.thumb_func
  32              	main:
  33              	.LFB65:
   1:Core/Src/main.c **** /* USER CODE BEGIN Header */
   2:Core/Src/main.c **** /**
   3:Core/Src/main.c ****  ******************************************************************************
   4:Core/Src/main.c ****  * @file           : main.c
   5:Core/Src/main.c ****  * @brief          : Main program body
   6:Core/Src/main.c ****  ******************************************************************************
   7:Core/Src/main.c ****  * @attention
   8:Core/Src/main.c ****  *
   9:Core/Src/main.c ****  * <h2><center>&copy; Copyright (c) 2025 STMicroelectronics.
  10:Core/Src/main.c ****  * All rights reserved.</center></h2>
  11:Core/Src/main.c ****  *
  12:Core/Src/main.c ****  * This software component is licensed by ST under BSD 3-Clause license,
  13:Core/Src/main.c ****  * the "License"; You may not use this file except in compliance with the
  14:Core/Src/main.c ****  * License. You may obtain a copy of the License at:
  15:Core/Src/main.c ****  *                        opensource.org/licenses/BSD-3-Clause
  16:Core/Src/main.c ****  *
  17:Core/Src/main.c ****  ******************************************************************************
  18:Core/Src/main.c ****  */
  19:Core/Src/main.c **** /* USER CODE END Header */
  20:Core/Src/main.c **** /* Includes ------------------------------------------------------------------*/
  21:Core/Src/main.c **** #include "main.h"
  22:Core/Src/main.c **** 
  23:Core/Src/main.c **** /* Private includes ----------------------------------------------------------*/
  24:Core/Src/main.c **** /* USER CODE BEGIN Includes */
  25:Core/Src/main.c **** uint32_t Counter = 0;
  26:Core/Src/main.c **** /* USER CODE END Includes */
  27:Core/Src/main.c **** 
ARM GAS  C:\Users\SOLDER~1\AppData\Local\Temp\cc53VI4Z.s 			page 2


  28:Core/Src/main.c **** /* Private typedef -----------------------------------------------------------*/
  29:Core/Src/main.c **** /* USER CODE BEGIN PTD */
  30:Core/Src/main.c **** 
  31:Core/Src/main.c **** /* USER CODE END PTD */
  32:Core/Src/main.c **** 
  33:Core/Src/main.c **** /* Private define ------------------------------------------------------------*/
  34:Core/Src/main.c **** /* USER CODE BEGIN PD */
  35:Core/Src/main.c **** /* USER CODE END PD */
  36:Core/Src/main.c **** 
  37:Core/Src/main.c **** /* Private macro -------------------------------------------------------------*/
  38:Core/Src/main.c **** /* USER CODE BEGIN PM */
  39:Core/Src/main.c **** 
  40:Core/Src/main.c **** /* USER CODE END PM */
  41:Core/Src/main.c **** 
  42:Core/Src/main.c **** /* Private variables ---------------------------------------------------------*/
  43:Core/Src/main.c **** 
  44:Core/Src/main.c **** /* USER CODE BEGIN PV */
  45:Core/Src/main.c **** 
  46:Core/Src/main.c **** /* USER CODE END PV */
  47:Core/Src/main.c **** 
  48:Core/Src/main.c **** /* Private function prototypes -----------------------------------------------*/
  49:Core/Src/main.c **** void SystemClock_Config(void);
  50:Core/Src/main.c **** static void MX_GPIO_Init(void);
  51:Core/Src/main.c **** /* USER CODE BEGIN PFP */
  52:Core/Src/main.c **** 
  53:Core/Src/main.c **** /* USER CODE END PFP */
  54:Core/Src/main.c **** 
  55:Core/Src/main.c **** /* Private user code ---------------------------------------------------------*/
  56:Core/Src/main.c **** /* USER CODE BEGIN 0 */
  57:Core/Src/main.c **** 
  58:Core/Src/main.c **** /* USER CODE END 0 */
  59:Core/Src/main.c **** 
  60:Core/Src/main.c **** /**
  61:Core/Src/main.c ****  * @brief  The application entry point.
  62:Core/Src/main.c ****  * @retval int
  63:Core/Src/main.c ****  */
  64:Core/Src/main.c **** int main(void) {
  34              		.loc 1 64 16
  35              		.cfi_startproc
  36              		@ args = 0, pretend = 0, frame = 0
  37              		@ frame_needed = 1, uses_anonymous_args = 0
  38 0000 80B5     		push	{r7, lr}
  39              		.cfi_def_cfa_offset 8
  40              		.cfi_offset 7, -8
  41              		.cfi_offset 14, -4
  42 0002 00AF     		add	r7, sp, #0
  43              		.cfi_def_cfa_register 7
  65:Core/Src/main.c ****     /* USER CODE BEGIN 1 */
  66:Core/Src/main.c **** 
  67:Core/Src/main.c ****     /* USER CODE END 1 */
  68:Core/Src/main.c **** 
  69:Core/Src/main.c ****     /* MCU Configuration--------------------------------------------------------*/
  70:Core/Src/main.c **** 
  71:Core/Src/main.c ****     /* Reset of all peripherals, Initializes the Flash interface and the Systick. */
  72:Core/Src/main.c ****     HAL_Init();
  44              		.loc 1 72 5
  45 0004 FFF7FEFF 		bl	HAL_Init
ARM GAS  C:\Users\SOLDER~1\AppData\Local\Temp\cc53VI4Z.s 			page 3


  73:Core/Src/main.c **** 
  74:Core/Src/main.c ****     /* USER CODE BEGIN Init */
  75:Core/Src/main.c **** 
  76:Core/Src/main.c ****     /* USER CODE END Init */
  77:Core/Src/main.c **** 
  78:Core/Src/main.c ****     /* Configure the system clock */
  79:Core/Src/main.c ****     SystemClock_Config();
  46              		.loc 1 79 5
  47 0008 FFF7FEFF 		bl	SystemClock_Config
  80:Core/Src/main.c **** 
  81:Core/Src/main.c ****     /* USER CODE BEGIN SysInit */
  82:Core/Src/main.c **** 
  83:Core/Src/main.c ****     /* USER CODE END SysInit */
  84:Core/Src/main.c **** 
  85:Core/Src/main.c ****     /* Initialize all configured peripherals */
  86:Core/Src/main.c ****     MX_GPIO_Init();
  48              		.loc 1 86 5
  49 000c FFF7FEFF 		bl	MX_GPIO_Init
  50              	.L2:
  87:Core/Src/main.c ****     /* USER CODE BEGIN 2 */
  88:Core/Src/main.c **** 
  89:Core/Src/main.c ****     /* USER CODE END 2 */
  90:Core/Src/main.c **** 
  91:Core/Src/main.c ****     /* Infinite loop */
  92:Core/Src/main.c ****     /* USER CODE BEGIN WHILE */
  93:Core/Src/main.c ****     while (1) {
  94:Core/Src/main.c ****         /* USER CODE END WHILE */
  95:Core/Src/main.c ****         GPIOC->BSRR = GPIO_BSRR_BR13;
  51              		.loc 1 95 14 discriminator 1
  52 0010 0B4B     		ldr	r3, .L3
  53              		.loc 1 95 21 discriminator 1
  54 0012 4FF00052 		mov	r2, #536870912
  55 0016 1A61     		str	r2, [r3, #16]
  96:Core/Src/main.c ****         HAL_Delay(1000);
  56              		.loc 1 96 9 discriminator 1
  57 0018 4FF47A70 		mov	r0, #1000
  58 001c FFF7FEFF 		bl	HAL_Delay
  97:Core/Src/main.c ****         GPIOC->BSRR = GPIO_BSRR_BS13;
  59              		.loc 1 97 14 discriminator 1
  60 0020 074B     		ldr	r3, .L3
  61              		.loc 1 97 21 discriminator 1
  62 0022 4FF40052 		mov	r2, #8192
  63 0026 1A61     		str	r2, [r3, #16]
  98:Core/Src/main.c ****         HAL_Delay(1000);
  64              		.loc 1 98 9 discriminator 1
  65 0028 4FF47A70 		mov	r0, #1000
  66 002c FFF7FEFF 		bl	HAL_Delay
  99:Core/Src/main.c ****         Counter++;
  67              		.loc 1 99 16 discriminator 1
  68 0030 044B     		ldr	r3, .L3+4
  69 0032 1B68     		ldr	r3, [r3]
  70 0034 0133     		adds	r3, r3, #1
  71 0036 034A     		ldr	r2, .L3+4
  72 0038 1360     		str	r3, [r2]
  95:Core/Src/main.c ****         HAL_Delay(1000);
  73              		.loc 1 95 21 discriminator 1
  74 003a 00BF     		nop
ARM GAS  C:\Users\SOLDER~1\AppData\Local\Temp\cc53VI4Z.s 			page 4


  75 003c E8E7     		b	.L2
  76              	.L4:
  77 003e 00BF     		.align	2
  78              	.L3:
  79 0040 00100140 		.word	1073811456
  80 0044 00000000 		.word	Counter
  81              		.cfi_endproc
  82              	.LFE65:
  84              		.section	.text.SystemClock_Config,"ax",%progbits
  85              		.align	1
  86              		.global	SystemClock_Config
  87              		.syntax unified
  88              		.thumb
  89              		.thumb_func
  91              	SystemClock_Config:
  92              	.LFB66:
 100:Core/Src/main.c **** 
 101:Core/Src/main.c ****         /* USER CODE BEGIN 3 */
 102:Core/Src/main.c ****     }
 103:Core/Src/main.c ****     /* USER CODE END 3 */
 104:Core/Src/main.c **** }
 105:Core/Src/main.c **** 
 106:Core/Src/main.c **** /**
 107:Core/Src/main.c ****  * @brief System Clock Configuration
 108:Core/Src/main.c ****  * @retval None
 109:Core/Src/main.c ****  */
 110:Core/Src/main.c **** void SystemClock_Config(void) {
  93              		.loc 1 110 31
  94              		.cfi_startproc
  95              		@ args = 0, pretend = 0, frame = 64
  96              		@ frame_needed = 1, uses_anonymous_args = 0
  97 0000 80B5     		push	{r7, lr}
  98              		.cfi_def_cfa_offset 8
  99              		.cfi_offset 7, -8
 100              		.cfi_offset 14, -4
 101 0002 90B0     		sub	sp, sp, #64
 102              		.cfi_def_cfa_offset 72
 103 0004 00AF     		add	r7, sp, #0
 104              		.cfi_def_cfa_register 7
 111:Core/Src/main.c ****     RCC_OscInitTypeDef RCC_OscInitStruct = {0};
 105              		.loc 1 111 24
 106 0006 07F11803 		add	r3, r7, #24
 107 000a 2822     		movs	r2, #40
 108 000c 0021     		movs	r1, #0
 109 000e 1846     		mov	r0, r3
 110 0010 FFF7FEFF 		bl	memset
 112:Core/Src/main.c ****     RCC_ClkInitTypeDef RCC_ClkInitStruct = {0};
 111              		.loc 1 112 24
 112 0014 3B1D     		adds	r3, r7, #4
 113 0016 0022     		movs	r2, #0
 114 0018 1A60     		str	r2, [r3]
 115 001a 5A60     		str	r2, [r3, #4]
 116 001c 9A60     		str	r2, [r3, #8]
 117 001e DA60     		str	r2, [r3, #12]
 118 0020 1A61     		str	r2, [r3, #16]
 113:Core/Src/main.c **** 
 114:Core/Src/main.c ****     /** Initializes the RCC Oscillators according to the specified parameters
ARM GAS  C:\Users\SOLDER~1\AppData\Local\Temp\cc53VI4Z.s 			page 5


 115:Core/Src/main.c ****      * in the RCC_OscInitTypeDef structure.
 116:Core/Src/main.c ****      */
 117:Core/Src/main.c ****     RCC_OscInitStruct.OscillatorType = RCC_OSCILLATORTYPE_HSE;
 119              		.loc 1 117 38
 120 0022 0123     		movs	r3, #1
 121 0024 BB61     		str	r3, [r7, #24]
 118:Core/Src/main.c ****     RCC_OscInitStruct.HSEState = RCC_HSE_ON;
 122              		.loc 1 118 32
 123 0026 4FF48033 		mov	r3, #65536
 124 002a FB61     		str	r3, [r7, #28]
 119:Core/Src/main.c ****     RCC_OscInitStruct.HSEPredivValue = RCC_HSE_PREDIV_DIV1;
 125              		.loc 1 119 38
 126 002c 0023     		movs	r3, #0
 127 002e 3B62     		str	r3, [r7, #32]
 120:Core/Src/main.c ****     RCC_OscInitStruct.HSIState = RCC_HSI_ON;
 128              		.loc 1 120 32
 129 0030 0123     		movs	r3, #1
 130 0032 BB62     		str	r3, [r7, #40]
 121:Core/Src/main.c ****     RCC_OscInitStruct.PLL.PLLState = RCC_PLL_ON;
 131              		.loc 1 121 36
 132 0034 0223     		movs	r3, #2
 133 0036 7B63     		str	r3, [r7, #52]
 122:Core/Src/main.c ****     RCC_OscInitStruct.PLL.PLLSource = RCC_PLLSOURCE_HSE;
 134              		.loc 1 122 37
 135 0038 4FF48033 		mov	r3, #65536
 136 003c BB63     		str	r3, [r7, #56]
 123:Core/Src/main.c ****     RCC_OscInitStruct.PLL.PLLMUL = RCC_PLL_MUL9;
 137              		.loc 1 123 34
 138 003e 4FF4E013 		mov	r3, #1835008
 139 0042 FB63     		str	r3, [r7, #60]
 124:Core/Src/main.c ****     if (HAL_RCC_OscConfig(&RCC_OscInitStruct) != HAL_OK) {
 140              		.loc 1 124 9
 141 0044 07F11803 		add	r3, r7, #24
 142 0048 1846     		mov	r0, r3
 143 004a FFF7FEFF 		bl	HAL_RCC_OscConfig
 144 004e 0346     		mov	r3, r0
 145              		.loc 1 124 8
 146 0050 002B     		cmp	r3, #0
 147 0052 01D0     		beq	.L6
 125:Core/Src/main.c ****         Error_Handler();
 148              		.loc 1 125 9
 149 0054 FFF7FEFF 		bl	Error_Handler
 150              	.L6:
 126:Core/Src/main.c ****     }
 127:Core/Src/main.c ****     /** Initializes the CPU, AHB and APB buses clocks
 128:Core/Src/main.c ****      */
 129:Core/Src/main.c ****     RCC_ClkInitStruct.ClockType = RCC_CLOCKTYPE_HCLK | RCC_CLOCKTYPE_SYSCLK | RCC_CLOCKTYPE_PCLK1 |
 151              		.loc 1 129 33
 152 0058 0F23     		movs	r3, #15
 153 005a 7B60     		str	r3, [r7, #4]
 130:Core/Src/main.c ****     RCC_ClkInitStruct.SYSCLKSource = RCC_SYSCLKSOURCE_PLLCLK;
 154              		.loc 1 130 36
 155 005c 0223     		movs	r3, #2
 156 005e BB60     		str	r3, [r7, #8]
 131:Core/Src/main.c ****     RCC_ClkInitStruct.AHBCLKDivider = RCC_SYSCLK_DIV1;
 157              		.loc 1 131 37
 158 0060 0023     		movs	r3, #0
ARM GAS  C:\Users\SOLDER~1\AppData\Local\Temp\cc53VI4Z.s 			page 6


 159 0062 FB60     		str	r3, [r7, #12]
 132:Core/Src/main.c ****     RCC_ClkInitStruct.APB1CLKDivider = RCC_HCLK_DIV2;
 160              		.loc 1 132 38
 161 0064 4FF48063 		mov	r3, #1024
 162 0068 3B61     		str	r3, [r7, #16]
 133:Core/Src/main.c ****     RCC_ClkInitStruct.APB2CLKDivider = RCC_HCLK_DIV1;
 163              		.loc 1 133 38
 164 006a 0023     		movs	r3, #0
 165 006c 7B61     		str	r3, [r7, #20]
 134:Core/Src/main.c **** 
 135:Core/Src/main.c ****     if (HAL_RCC_ClockConfig(&RCC_ClkInitStruct, FLASH_LATENCY_2) != HAL_OK) {
 166              		.loc 1 135 9
 167 006e 3B1D     		adds	r3, r7, #4
 168 0070 0221     		movs	r1, #2
 169 0072 1846     		mov	r0, r3
 170 0074 FFF7FEFF 		bl	HAL_RCC_ClockConfig
 171 0078 0346     		mov	r3, r0
 172              		.loc 1 135 8
 173 007a 002B     		cmp	r3, #0
 174 007c 01D0     		beq	.L7
 136:Core/Src/main.c ****         Error_Handler();
 175              		.loc 1 136 9
 176 007e FFF7FEFF 		bl	Error_Handler
 177              	.L7:
 137:Core/Src/main.c ****     }
 138:Core/Src/main.c ****     /** Enables the Clock Security System
 139:Core/Src/main.c ****      */
 140:Core/Src/main.c ****     HAL_RCC_EnableCSS();
 178              		.loc 1 140 5
 179 0082 FFF7FEFF 		bl	HAL_RCC_EnableCSS
 141:Core/Src/main.c **** }
 180              		.loc 1 141 1
 181 0086 00BF     		nop
 182 0088 4037     		adds	r7, r7, #64
 183              		.cfi_def_cfa_offset 8
 184 008a BD46     		mov	sp, r7
 185              		.cfi_def_cfa_register 13
 186              		@ sp needed
 187 008c 80BD     		pop	{r7, pc}
 188              		.cfi_endproc
 189              	.LFE66:
 191              		.section	.text.MX_GPIO_Init,"ax",%progbits
 192              		.align	1
 193              		.syntax unified
 194              		.thumb
 195              		.thumb_func
 197              	MX_GPIO_Init:
 198              	.LFB67:
 142:Core/Src/main.c **** 
 143:Core/Src/main.c **** /**
 144:Core/Src/main.c ****  * @brief GPIO Initialization Function
 145:Core/Src/main.c ****  * @param None
 146:Core/Src/main.c ****  * @retval None
 147:Core/Src/main.c ****  */
 148:Core/Src/main.c **** static void MX_GPIO_Init(void) {
 199              		.loc 1 148 32
 200              		.cfi_startproc
ARM GAS  C:\Users\SOLDER~1\AppData\Local\Temp\cc53VI4Z.s 			page 7


 201              		@ args = 0, pretend = 0, frame = 32
 202              		@ frame_needed = 1, uses_anonymous_args = 0
 203 0000 80B5     		push	{r7, lr}
 204              		.cfi_def_cfa_offset 8
 205              		.cfi_offset 7, -8
 206              		.cfi_offset 14, -4
 207 0002 88B0     		sub	sp, sp, #32
 208              		.cfi_def_cfa_offset 40
 209 0004 00AF     		add	r7, sp, #0
 210              		.cfi_def_cfa_register 7
 149:Core/Src/main.c ****     GPIO_InitTypeDef GPIO_InitStruct = {0};
 211              		.loc 1 149 22
 212 0006 07F11003 		add	r3, r7, #16
 213 000a 0022     		movs	r2, #0
 214 000c 1A60     		str	r2, [r3]
 215 000e 5A60     		str	r2, [r3, #4]
 216 0010 9A60     		str	r2, [r3, #8]
 217 0012 DA60     		str	r2, [r3, #12]
 218              	.LBB4:
 150:Core/Src/main.c **** 
 151:Core/Src/main.c ****     /* GPIO Ports Clock Enable */
 152:Core/Src/main.c ****     __HAL_RCC_GPIOC_CLK_ENABLE();
 219              		.loc 1 152 5
 220 0014 1E4B     		ldr	r3, .L9
 221 0016 9B69     		ldr	r3, [r3, #24]
 222 0018 1D4A     		ldr	r2, .L9
 223 001a 43F01003 		orr	r3, r3, #16
 224 001e 9361     		str	r3, [r2, #24]
 225 0020 1B4B     		ldr	r3, .L9
 226 0022 9B69     		ldr	r3, [r3, #24]
 227 0024 03F01003 		and	r3, r3, #16
 228 0028 FB60     		str	r3, [r7, #12]
 229 002a FB68     		ldr	r3, [r7, #12]
 230              	.LBE4:
 231              	.LBB5:
 153:Core/Src/main.c ****     __HAL_RCC_GPIOD_CLK_ENABLE();
 232              		.loc 1 153 5
 233 002c 184B     		ldr	r3, .L9
 234 002e 9B69     		ldr	r3, [r3, #24]
 235 0030 174A     		ldr	r2, .L9
 236 0032 43F02003 		orr	r3, r3, #32
 237 0036 9361     		str	r3, [r2, #24]
 238 0038 154B     		ldr	r3, .L9
 239 003a 9B69     		ldr	r3, [r3, #24]
 240 003c 03F02003 		and	r3, r3, #32
 241 0040 BB60     		str	r3, [r7, #8]
 242 0042 BB68     		ldr	r3, [r7, #8]
 243              	.LBE5:
 244              	.LBB6:
 154:Core/Src/main.c ****     __HAL_RCC_GPIOA_CLK_ENABLE();
 245              		.loc 1 154 5
 246 0044 124B     		ldr	r3, .L9
 247 0046 9B69     		ldr	r3, [r3, #24]
 248 0048 114A     		ldr	r2, .L9
 249 004a 43F00403 		orr	r3, r3, #4
 250 004e 9361     		str	r3, [r2, #24]
 251 0050 0F4B     		ldr	r3, .L9
ARM GAS  C:\Users\SOLDER~1\AppData\Local\Temp\cc53VI4Z.s 			page 8


 252 0052 9B69     		ldr	r3, [r3, #24]
 253 0054 03F00403 		and	r3, r3, #4
 254 0058 7B60     		str	r3, [r7, #4]
 255 005a 7B68     		ldr	r3, [r7, #4]
 256              	.LBE6:
 155:Core/Src/main.c **** 
 156:Core/Src/main.c ****     /*Configure GPIO pin Output Level */
 157:Core/Src/main.c ****     HAL_GPIO_WritePin(GPIOC, GPIO_PIN_13, GPIO_PIN_RESET);
 257              		.loc 1 157 5
 258 005c 0022     		movs	r2, #0
 259 005e 4FF40051 		mov	r1, #8192
 260 0062 0C48     		ldr	r0, .L9+4
 261 0064 FFF7FEFF 		bl	HAL_GPIO_WritePin
 158:Core/Src/main.c **** 
 159:Core/Src/main.c ****     /*Configure GPIO pin : PC13 */
 160:Core/Src/main.c ****     GPIO_InitStruct.Pin = GPIO_PIN_13;
 262              		.loc 1 160 25
 263 0068 4FF40053 		mov	r3, #8192
 264 006c 3B61     		str	r3, [r7, #16]
 161:Core/Src/main.c ****     GPIO_InitStruct.Mode = GPIO_MODE_OUTPUT_PP;
 265              		.loc 1 161 26
 266 006e 0123     		movs	r3, #1
 267 0070 7B61     		str	r3, [r7, #20]
 162:Core/Src/main.c ****     GPIO_InitStruct.Pull = GPIO_NOPULL;
 268              		.loc 1 162 26
 269 0072 0023     		movs	r3, #0
 270 0074 BB61     		str	r3, [r7, #24]
 163:Core/Src/main.c ****     GPIO_InitStruct.Speed = GPIO_SPEED_FREQ_LOW;
 271              		.loc 1 163 27
 272 0076 0223     		movs	r3, #2
 273 0078 FB61     		str	r3, [r7, #28]
 164:Core/Src/main.c ****     HAL_GPIO_Init(GPIOC, &GPIO_InitStruct);
 274              		.loc 1 164 5
 275 007a 07F11003 		add	r3, r7, #16
 276 007e 1946     		mov	r1, r3
 277 0080 0448     		ldr	r0, .L9+4
 278 0082 FFF7FEFF 		bl	HAL_GPIO_Init
 165:Core/Src/main.c **** }
 279              		.loc 1 165 1
 280 0086 00BF     		nop
 281 0088 2037     		adds	r7, r7, #32
 282              		.cfi_def_cfa_offset 8
 283 008a BD46     		mov	sp, r7
 284              		.cfi_def_cfa_register 13
 285              		@ sp needed
 286 008c 80BD     		pop	{r7, pc}
 287              	.L10:
 288 008e 00BF     		.align	2
 289              	.L9:
 290 0090 00100240 		.word	1073876992
 291 0094 00100140 		.word	1073811456
 292              		.cfi_endproc
 293              	.LFE67:
 295              		.section	.text.Error_Handler,"ax",%progbits
 296              		.align	1
 297              		.global	Error_Handler
 298              		.syntax unified
ARM GAS  C:\Users\SOLDER~1\AppData\Local\Temp\cc53VI4Z.s 			page 9


 299              		.thumb
 300              		.thumb_func
 302              	Error_Handler:
 303              	.LFB68:
 166:Core/Src/main.c **** 
 167:Core/Src/main.c **** /* USER CODE BEGIN 4 */
 168:Core/Src/main.c **** 
 169:Core/Src/main.c **** /* USER CODE END 4 */
 170:Core/Src/main.c **** 
 171:Core/Src/main.c **** /**
 172:Core/Src/main.c ****  * @brief  This function is executed in case of error occurrence.
 173:Core/Src/main.c ****  * @retval None
 174:Core/Src/main.c ****  */
 175:Core/Src/main.c **** void Error_Handler(void) {
 304              		.loc 1 175 26
 305              		.cfi_startproc
 306              		@ args = 0, pretend = 0, frame = 0
 307              		@ frame_needed = 1, uses_anonymous_args = 0
 308              		@ link register save eliminated.
 309 0000 80B4     		push	{r7}
 310              		.cfi_def_cfa_offset 4
 311              		.cfi_offset 7, -4
 312 0002 00AF     		add	r7, sp, #0
 313              		.cfi_def_cfa_register 7
 314              	.LBB7:
 315              	.LBB8:
 316              		.file 2 "Drivers/CMSIS/Include/cmsis_gcc.h"
   1:Drivers/CMSIS/Include/cmsis_gcc.h **** /**************************************************************************//**
   2:Drivers/CMSIS/Include/cmsis_gcc.h ****  * @file     cmsis_gcc.h
   3:Drivers/CMSIS/Include/cmsis_gcc.h ****  * @brief    CMSIS compiler GCC header file
   4:Drivers/CMSIS/Include/cmsis_gcc.h ****  * @version  V5.0.4
   5:Drivers/CMSIS/Include/cmsis_gcc.h ****  * @date     09. April 2018
   6:Drivers/CMSIS/Include/cmsis_gcc.h ****  ******************************************************************************/
   7:Drivers/CMSIS/Include/cmsis_gcc.h **** /*
   8:Drivers/CMSIS/Include/cmsis_gcc.h ****  * Copyright (c) 2009-2018 Arm Limited. All rights reserved.
   9:Drivers/CMSIS/Include/cmsis_gcc.h ****  *
  10:Drivers/CMSIS/Include/cmsis_gcc.h ****  * SPDX-License-Identifier: Apache-2.0
  11:Drivers/CMSIS/Include/cmsis_gcc.h ****  *
  12:Drivers/CMSIS/Include/cmsis_gcc.h ****  * Licensed under the Apache License, Version 2.0 (the License); you may
  13:Drivers/CMSIS/Include/cmsis_gcc.h ****  * not use this file except in compliance with the License.
  14:Drivers/CMSIS/Include/cmsis_gcc.h ****  * You may obtain a copy of the License at
  15:Drivers/CMSIS/Include/cmsis_gcc.h ****  *
  16:Drivers/CMSIS/Include/cmsis_gcc.h ****  * www.apache.org/licenses/LICENSE-2.0
  17:Drivers/CMSIS/Include/cmsis_gcc.h ****  *
  18:Drivers/CMSIS/Include/cmsis_gcc.h ****  * Unless required by applicable law or agreed to in writing, software
  19:Drivers/CMSIS/Include/cmsis_gcc.h ****  * distributed under the License is distributed on an AS IS BASIS, WITHOUT
  20:Drivers/CMSIS/Include/cmsis_gcc.h ****  * WARRANTIES OR CONDITIONS OF ANY KIND, either express or implied.
  21:Drivers/CMSIS/Include/cmsis_gcc.h ****  * See the License for the specific language governing permissions and
  22:Drivers/CMSIS/Include/cmsis_gcc.h ****  * limitations under the License.
  23:Drivers/CMSIS/Include/cmsis_gcc.h ****  */
  24:Drivers/CMSIS/Include/cmsis_gcc.h **** 
  25:Drivers/CMSIS/Include/cmsis_gcc.h **** #ifndef __CMSIS_GCC_H
  26:Drivers/CMSIS/Include/cmsis_gcc.h **** #define __CMSIS_GCC_H
  27:Drivers/CMSIS/Include/cmsis_gcc.h **** 
  28:Drivers/CMSIS/Include/cmsis_gcc.h **** /* ignore some GCC warnings */
  29:Drivers/CMSIS/Include/cmsis_gcc.h **** #pragma GCC diagnostic push
  30:Drivers/CMSIS/Include/cmsis_gcc.h **** #pragma GCC diagnostic ignored "-Wsign-conversion"
ARM GAS  C:\Users\SOLDER~1\AppData\Local\Temp\cc53VI4Z.s 			page 10


  31:Drivers/CMSIS/Include/cmsis_gcc.h **** #pragma GCC diagnostic ignored "-Wconversion"
  32:Drivers/CMSIS/Include/cmsis_gcc.h **** #pragma GCC diagnostic ignored "-Wunused-parameter"
  33:Drivers/CMSIS/Include/cmsis_gcc.h **** 
  34:Drivers/CMSIS/Include/cmsis_gcc.h **** /* Fallback for __has_builtin */
  35:Drivers/CMSIS/Include/cmsis_gcc.h **** #ifndef __has_builtin
  36:Drivers/CMSIS/Include/cmsis_gcc.h ****   #define __has_builtin(x) (0)
  37:Drivers/CMSIS/Include/cmsis_gcc.h **** #endif
  38:Drivers/CMSIS/Include/cmsis_gcc.h **** 
  39:Drivers/CMSIS/Include/cmsis_gcc.h **** /* CMSIS compiler specific defines */
  40:Drivers/CMSIS/Include/cmsis_gcc.h **** #ifndef   __ASM
  41:Drivers/CMSIS/Include/cmsis_gcc.h ****   #define __ASM                                  __asm
  42:Drivers/CMSIS/Include/cmsis_gcc.h **** #endif
  43:Drivers/CMSIS/Include/cmsis_gcc.h **** #ifndef   __INLINE
  44:Drivers/CMSIS/Include/cmsis_gcc.h ****   #define __INLINE                               inline
  45:Drivers/CMSIS/Include/cmsis_gcc.h **** #endif
  46:Drivers/CMSIS/Include/cmsis_gcc.h **** #ifndef   __STATIC_INLINE
  47:Drivers/CMSIS/Include/cmsis_gcc.h ****   #define __STATIC_INLINE                        static inline
  48:Drivers/CMSIS/Include/cmsis_gcc.h **** #endif
  49:Drivers/CMSIS/Include/cmsis_gcc.h **** #ifndef   __STATIC_FORCEINLINE                 
  50:Drivers/CMSIS/Include/cmsis_gcc.h ****   #define __STATIC_FORCEINLINE                   __attribute__((always_inline)) static inline
  51:Drivers/CMSIS/Include/cmsis_gcc.h **** #endif                                           
  52:Drivers/CMSIS/Include/cmsis_gcc.h **** #ifndef   __NO_RETURN
  53:Drivers/CMSIS/Include/cmsis_gcc.h ****   #define __NO_RETURN                            __attribute__((__noreturn__))
  54:Drivers/CMSIS/Include/cmsis_gcc.h **** #endif
  55:Drivers/CMSIS/Include/cmsis_gcc.h **** #ifndef   __USED
  56:Drivers/CMSIS/Include/cmsis_gcc.h ****   #define __USED                                 __attribute__((used))
  57:Drivers/CMSIS/Include/cmsis_gcc.h **** #endif
  58:Drivers/CMSIS/Include/cmsis_gcc.h **** #ifndef   __WEAK
  59:Drivers/CMSIS/Include/cmsis_gcc.h ****   #define __WEAK                                 __attribute__((weak))
  60:Drivers/CMSIS/Include/cmsis_gcc.h **** #endif
  61:Drivers/CMSIS/Include/cmsis_gcc.h **** #ifndef   __PACKED
  62:Drivers/CMSIS/Include/cmsis_gcc.h ****   #define __PACKED                               __attribute__((packed, aligned(1)))
  63:Drivers/CMSIS/Include/cmsis_gcc.h **** #endif
  64:Drivers/CMSIS/Include/cmsis_gcc.h **** #ifndef   __PACKED_STRUCT
  65:Drivers/CMSIS/Include/cmsis_gcc.h ****   #define __PACKED_STRUCT                        struct __attribute__((packed, aligned(1)))
  66:Drivers/CMSIS/Include/cmsis_gcc.h **** #endif
  67:Drivers/CMSIS/Include/cmsis_gcc.h **** #ifndef   __PACKED_UNION
  68:Drivers/CMSIS/Include/cmsis_gcc.h ****   #define __PACKED_UNION                         union __attribute__((packed, aligned(1)))
  69:Drivers/CMSIS/Include/cmsis_gcc.h **** #endif
  70:Drivers/CMSIS/Include/cmsis_gcc.h **** #ifndef   __UNALIGNED_UINT32        /* deprecated */
  71:Drivers/CMSIS/Include/cmsis_gcc.h ****   #pragma GCC diagnostic push
  72:Drivers/CMSIS/Include/cmsis_gcc.h ****   #pragma GCC diagnostic ignored "-Wpacked"
  73:Drivers/CMSIS/Include/cmsis_gcc.h ****   #pragma GCC diagnostic ignored "-Wattributes"
  74:Drivers/CMSIS/Include/cmsis_gcc.h ****   struct __attribute__((packed)) T_UINT32 { uint32_t v; };
  75:Drivers/CMSIS/Include/cmsis_gcc.h ****   #pragma GCC diagnostic pop
  76:Drivers/CMSIS/Include/cmsis_gcc.h ****   #define __UNALIGNED_UINT32(x)                  (((struct T_UINT32 *)(x))->v)
  77:Drivers/CMSIS/Include/cmsis_gcc.h **** #endif
  78:Drivers/CMSIS/Include/cmsis_gcc.h **** #ifndef   __UNALIGNED_UINT16_WRITE
  79:Drivers/CMSIS/Include/cmsis_gcc.h ****   #pragma GCC diagnostic push
  80:Drivers/CMSIS/Include/cmsis_gcc.h ****   #pragma GCC diagnostic ignored "-Wpacked"
  81:Drivers/CMSIS/Include/cmsis_gcc.h ****   #pragma GCC diagnostic ignored "-Wattributes"
  82:Drivers/CMSIS/Include/cmsis_gcc.h ****   __PACKED_STRUCT T_UINT16_WRITE { uint16_t v; };
  83:Drivers/CMSIS/Include/cmsis_gcc.h ****   #pragma GCC diagnostic pop
  84:Drivers/CMSIS/Include/cmsis_gcc.h ****   #define __UNALIGNED_UINT16_WRITE(addr, val)    (void)((((struct T_UINT16_WRITE *)(void *)(addr))-
  85:Drivers/CMSIS/Include/cmsis_gcc.h **** #endif
  86:Drivers/CMSIS/Include/cmsis_gcc.h **** #ifndef   __UNALIGNED_UINT16_READ
  87:Drivers/CMSIS/Include/cmsis_gcc.h ****   #pragma GCC diagnostic push
ARM GAS  C:\Users\SOLDER~1\AppData\Local\Temp\cc53VI4Z.s 			page 11


  88:Drivers/CMSIS/Include/cmsis_gcc.h ****   #pragma GCC diagnostic ignored "-Wpacked"
  89:Drivers/CMSIS/Include/cmsis_gcc.h ****   #pragma GCC diagnostic ignored "-Wattributes"
  90:Drivers/CMSIS/Include/cmsis_gcc.h ****   __PACKED_STRUCT T_UINT16_READ { uint16_t v; };
  91:Drivers/CMSIS/Include/cmsis_gcc.h ****   #pragma GCC diagnostic pop
  92:Drivers/CMSIS/Include/cmsis_gcc.h ****   #define __UNALIGNED_UINT16_READ(addr)          (((const struct T_UINT16_READ *)(const void *)(add
  93:Drivers/CMSIS/Include/cmsis_gcc.h **** #endif
  94:Drivers/CMSIS/Include/cmsis_gcc.h **** #ifndef   __UNALIGNED_UINT32_WRITE
  95:Drivers/CMSIS/Include/cmsis_gcc.h ****   #pragma GCC diagnostic push
  96:Drivers/CMSIS/Include/cmsis_gcc.h ****   #pragma GCC diagnostic ignored "-Wpacked"
  97:Drivers/CMSIS/Include/cmsis_gcc.h ****   #pragma GCC diagnostic ignored "-Wattributes"
  98:Drivers/CMSIS/Include/cmsis_gcc.h ****   __PACKED_STRUCT T_UINT32_WRITE { uint32_t v; };
  99:Drivers/CMSIS/Include/cmsis_gcc.h ****   #pragma GCC diagnostic pop
 100:Drivers/CMSIS/Include/cmsis_gcc.h ****   #define __UNALIGNED_UINT32_WRITE(addr, val)    (void)((((struct T_UINT32_WRITE *)(void *)(addr))-
 101:Drivers/CMSIS/Include/cmsis_gcc.h **** #endif
 102:Drivers/CMSIS/Include/cmsis_gcc.h **** #ifndef   __UNALIGNED_UINT32_READ
 103:Drivers/CMSIS/Include/cmsis_gcc.h ****   #pragma GCC diagnostic push
 104:Drivers/CMSIS/Include/cmsis_gcc.h ****   #pragma GCC diagnostic ignored "-Wpacked"
 105:Drivers/CMSIS/Include/cmsis_gcc.h ****   #pragma GCC diagnostic ignored "-Wattributes"
 106:Drivers/CMSIS/Include/cmsis_gcc.h ****   __PACKED_STRUCT T_UINT32_READ { uint32_t v; };
 107:Drivers/CMSIS/Include/cmsis_gcc.h ****   #pragma GCC diagnostic pop
 108:Drivers/CMSIS/Include/cmsis_gcc.h ****   #define __UNALIGNED_UINT32_READ(addr)          (((const struct T_UINT32_READ *)(const void *)(add
 109:Drivers/CMSIS/Include/cmsis_gcc.h **** #endif
 110:Drivers/CMSIS/Include/cmsis_gcc.h **** #ifndef   __ALIGNED
 111:Drivers/CMSIS/Include/cmsis_gcc.h ****   #define __ALIGNED(x)                           __attribute__((aligned(x)))
 112:Drivers/CMSIS/Include/cmsis_gcc.h **** #endif
 113:Drivers/CMSIS/Include/cmsis_gcc.h **** #ifndef   __RESTRICT
 114:Drivers/CMSIS/Include/cmsis_gcc.h ****   #define __RESTRICT                             __restrict
 115:Drivers/CMSIS/Include/cmsis_gcc.h **** #endif
 116:Drivers/CMSIS/Include/cmsis_gcc.h **** 
 117:Drivers/CMSIS/Include/cmsis_gcc.h **** 
 118:Drivers/CMSIS/Include/cmsis_gcc.h **** /* ###########################  Core Function Access  ########################### */
 119:Drivers/CMSIS/Include/cmsis_gcc.h **** /** \ingroup  CMSIS_Core_FunctionInterface
 120:Drivers/CMSIS/Include/cmsis_gcc.h ****     \defgroup CMSIS_Core_RegAccFunctions CMSIS Core Register Access Functions
 121:Drivers/CMSIS/Include/cmsis_gcc.h ****   @{
 122:Drivers/CMSIS/Include/cmsis_gcc.h ****  */
 123:Drivers/CMSIS/Include/cmsis_gcc.h **** 
 124:Drivers/CMSIS/Include/cmsis_gcc.h **** /**
 125:Drivers/CMSIS/Include/cmsis_gcc.h ****   \brief   Enable IRQ Interrupts
 126:Drivers/CMSIS/Include/cmsis_gcc.h ****   \details Enables IRQ interrupts by clearing the I-bit in the CPSR.
 127:Drivers/CMSIS/Include/cmsis_gcc.h ****            Can only be executed in Privileged modes.
 128:Drivers/CMSIS/Include/cmsis_gcc.h ****  */
 129:Drivers/CMSIS/Include/cmsis_gcc.h **** __STATIC_FORCEINLINE void __enable_irq(void)
 130:Drivers/CMSIS/Include/cmsis_gcc.h **** {
 131:Drivers/CMSIS/Include/cmsis_gcc.h ****   __ASM volatile ("cpsie i" : : : "memory");
 132:Drivers/CMSIS/Include/cmsis_gcc.h **** }
 133:Drivers/CMSIS/Include/cmsis_gcc.h **** 
 134:Drivers/CMSIS/Include/cmsis_gcc.h **** 
 135:Drivers/CMSIS/Include/cmsis_gcc.h **** /**
 136:Drivers/CMSIS/Include/cmsis_gcc.h ****   \brief   Disable IRQ Interrupts
 137:Drivers/CMSIS/Include/cmsis_gcc.h ****   \details Disables IRQ interrupts by setting the I-bit in the CPSR.
 138:Drivers/CMSIS/Include/cmsis_gcc.h ****            Can only be executed in Privileged modes.
 139:Drivers/CMSIS/Include/cmsis_gcc.h ****  */
 140:Drivers/CMSIS/Include/cmsis_gcc.h **** __STATIC_FORCEINLINE void __disable_irq(void)
 141:Drivers/CMSIS/Include/cmsis_gcc.h **** {
 142:Drivers/CMSIS/Include/cmsis_gcc.h ****   __ASM volatile ("cpsid i" : : : "memory");
 317              		.loc 2 142 3
 318              		.syntax unified
ARM GAS  C:\Users\SOLDER~1\AppData\Local\Temp\cc53VI4Z.s 			page 12


 319              	@ 142 "Drivers/CMSIS/Include/cmsis_gcc.h" 1
 320 0004 72B6     		cpsid i
 321              	@ 0 "" 2
 143:Drivers/CMSIS/Include/cmsis_gcc.h **** }
 322              		.loc 2 143 1
 323              		.thumb
 324              		.syntax unified
 325 0006 00BF     		nop
 326              	.L12:
 327              	.LBE8:
 328              	.LBE7:
 176:Core/Src/main.c ****     /* USER CODE BEGIN Error_Handler_Debug */
 177:Core/Src/main.c ****     /* User can add his own implementation to report the HAL error return state */
 178:Core/Src/main.c ****     __disable_irq();
 179:Core/Src/main.c ****     while (1) {
 329              		.loc 1 179 11 discriminator 1
 330 0008 00BF     		nop
 331 000a FDE7     		b	.L12
 332              		.cfi_endproc
 333              	.LFE68:
 335              		.text
 336              	.Letext0:
 337              		.file 3 "C:\\dev_tools\\STM32_tools\\gnu-tools-for-stm32.12.3\\tools\\bin\\../lib/gcc/arm-none-eab
 338              		.file 4 "C:\\dev_tools\\STM32_tools\\gnu-tools-for-stm32.12.3\\tools\\bin\\../lib/gcc/arm-none-eab
 339              		.file 5 "Drivers/CMSIS/Device/ST/STM32F1xx/Include/stm32f103xb.h"
 340              		.file 6 "Drivers/STM32F1xx_HAL_Driver/Inc/stm32f1xx_hal_def.h"
 341              		.file 7 "Drivers/STM32F1xx_HAL_Driver/Inc/stm32f1xx_hal_rcc.h"
 342              		.file 8 "Drivers/STM32F1xx_HAL_Driver/Inc/stm32f1xx_hal_rcc_ex.h"
 343              		.file 9 "Drivers/STM32F1xx_HAL_Driver/Inc/stm32f1xx_hal_gpio.h"
 344              		.file 10 "Drivers/STM32F1xx_HAL_Driver/Inc/stm32f1xx_hal.h"
ARM GAS  C:\Users\SOLDER~1\AppData\Local\Temp\cc53VI4Z.s 			page 13


DEFINED SYMBOLS
                            *ABS*:00000000 main.c
C:\Users\SOLDER~1\AppData\Local\Temp\cc53VI4Z.s:23     .bss.Counter:00000000 Counter
C:\Users\SOLDER~1\AppData\Local\Temp\cc53VI4Z.s:20     .bss.Counter:00000000 $d
C:\Users\SOLDER~1\AppData\Local\Temp\cc53VI4Z.s:26     .text.main:00000000 $t
C:\Users\SOLDER~1\AppData\Local\Temp\cc53VI4Z.s:32     .text.main:00000000 main
C:\Users\SOLDER~1\AppData\Local\Temp\cc53VI4Z.s:91     .text.SystemClock_Config:00000000 SystemClock_Config
C:\Users\SOLDER~1\AppData\Local\Temp\cc53VI4Z.s:197    .text.MX_GPIO_Init:00000000 MX_GPIO_Init
C:\Users\SOLDER~1\AppData\Local\Temp\cc53VI4Z.s:79     .text.main:00000040 $d
C:\Users\SOLDER~1\AppData\Local\Temp\cc53VI4Z.s:85     .text.SystemClock_Config:00000000 $t
C:\Users\SOLDER~1\AppData\Local\Temp\cc53VI4Z.s:302    .text.Error_Handler:00000000 Error_Handler
C:\Users\SOLDER~1\AppData\Local\Temp\cc53VI4Z.s:192    .text.MX_GPIO_Init:00000000 $t
C:\Users\SOLDER~1\AppData\Local\Temp\cc53VI4Z.s:290    .text.MX_GPIO_Init:00000090 $d
C:\Users\SOLDER~1\AppData\Local\Temp\cc53VI4Z.s:296    .text.Error_Handler:00000000 $t
                           .group:00000000 wm4.0.322b89d13bab9637ff26923e9671c1c3
                           .group:00000000 wm4.stm32f1xx_hal_conf.h.21.6bd0227bb698b27d92ebcc2ee6ebcebd
                           .group:00000000 wm4.stm32f1xx.h.39.208bb8a61c892b7c37d899c49a031330
                           .group:00000000 wm4.stm32f103xb.h.38.ec967d5ad9d3269cb0788eebda048e38
                           .group:00000000 wm4._newlib_version.h.4.6d111ab2e95434b664b53815e5c8ccba
                           .group:00000000 wm4.features.h.33.3e67abe6fb64142d4f6fa9496796153c
                           .group:00000000 wm4._default_types.h.15.247e5cd201eca3442cbf5404108c4935
                           .group:00000000 wm4._intsup.h.10.48bafbb683905c4daa4565a85aeeb264
                           .group:00000000 wm4._stdint.h.10.c24fa3af3bc1706662bb5593a907e841
                           .group:00000000 wm4.stdint.h.23.d53047a68f4a85177f80b422d52785ed
                           .group:00000000 wm4.cmsis_version.h.32.4d5822004c01a829a975260e854b5f8e
                           .group:00000000 wm4.core_cm3.h.66.fc46cac19810db8f98d67da7ef88f42c
                           .group:00000000 wm4.cmsis_gcc.h.26.4f5798e999d5690b80e6ded3ecc94b37
                           .group:00000000 wm4.core_cm3.h.127.f4474120f1a7524deb56f9d74ff175da
                           .group:00000000 wm4.stm32f103xb.h.573.10249aa7473ca93be896fed94046a725
                           .group:00000000 wm4.stm32f1xx.h.162.96b09079a093c34dbd7f0b85cbd0ddee
                           .group:00000000 wm4.stm32_hal_legacy.h.23.91ba5b544a4c2be2620a1e7ff0049e10
                           .group:00000000 wm4.stddef.h.39.3e0425629195acf083c9561151306b4d
                           .group:00000000 wm4.stm32f1xx_hal_def.h.57.18d01ce1aa74e9fb44dbf16f821a574a
                           .group:00000000 wm4.stm32f1xx_hal_rcc.h.95.21591bbc513aaa813c0b8640c3b32517
                           .group:00000000 wm4.stm32f1xx_hal_rcc_ex.h.22.8763f99bc1e3e2dcf0febe9161d81b37
                           .group:00000000 wm4.stm32f1xx_hal_rcc.h.1202.f8e5f9e0cf4eef7840facf5396029056
                           .group:00000000 wm4.stm32f1xx_hal_gpio.h.22.fa638d688dcc57ca806fe6a7831b0d04
                           .group:00000000 wm4.stm32f1xx_hal_gpio_ex.h.22.51a50ef3512cd78017ce666a32d364bf
                           .group:00000000 wm4.stm32f1xx_hal_gpio.h.263.f5ebf2f545ade59412ab9261c8e35dc4
                           .group:00000000 wm4.stm32f1xx_hal_exti.h.22.e26491d042c8079c3ca67eca341af862
                           .group:00000000 wm4.stm32f1xx_hal_dma.h.22.3c14338534886827bf3aeaa2a7f412a1
                           .group:00000000 wm4.stm32f1xx_hal_dma_ex.h.22.001ac4d7f81ccbdcae49bd65c13858c8
                           .group:00000000 wm4.stm32f1xx_hal_dma.h.409.cafcd2cfe701091535636be537c18293
                           .group:00000000 wm4.stm32f1xx_hal_cortex.h.22.b5f4174bb6a50d95405567b8f50e0900
                           .group:00000000 wm4.stm32f1xx_hal_flash.h.22.5cea9a7210e6315b41724b47b5fdf203
                           .group:00000000 wm4.stm32f1xx_hal_flash_ex.h.22.d4e19c21f2a86fa2f8ec2c2d5f1ab2af
                           .group:00000000 wm4.stm32f1xx_hal_pwr.h.22.3438c476faafc3240bf146f143df3fcd
                           .group:00000000 wm4.stm32f1xx_hal.h.88.91065c0692bed6019c34f1e9c00589fd

UNDEFINED SYMBOLS
HAL_Init
HAL_Delay
memset
HAL_RCC_OscConfig
HAL_RCC_ClockConfig
HAL_RCC_EnableCSS
HAL_GPIO_WritePin
ARM GAS  C:\Users\SOLDER~1\AppData\Local\Temp\cc53VI4Z.s 			page 14


HAL_GPIO_Init
