ARM GAS  C:\Users\SOLDER~1\AppData\Local\Temp\cc5SMWyU.s 			page 1


   1              		.cpu cortex-m4
   2              		.arch armv7e-m
   3              		.fpu fpv4-sp-d16
   4              		.eabi_attribute 27, 1
   5              		.eabi_attribute 28, 1
   6              		.eabi_attribute 20, 1
   7              		.eabi_attribute 21, 1
   8              		.eabi_attribute 23, 3
   9              		.eabi_attribute 24, 1
  10              		.eabi_attribute 25, 1
  11              		.eabi_attribute 26, 1
  12              		.eabi_attribute 30, 6
  13              		.eabi_attribute 34, 1
  14              		.eabi_attribute 18, 4
  15              		.file	"syscalls.c"
  16              		.text
  17              	.Ltext0:
  18              		.cfi_sections	.debug_frame
  19              		.global	__env
  20              		.section	.bss.__env,"aw",%nobits
  21              		.align	2
  24              	__env:
  25 0000 00000000 		.space	4
  26              		.global	environ
  27              		.section	.data.environ,"aw"
  28              		.align	2
  31              	environ:
  32 0000 00000000 		.word	__env
  33              		.section	.text.initialise_monitor_handles,"ax",%progbits
  34              		.align	1
  35              		.global	initialise_monitor_handles
  36              		.syntax unified
  37              		.thumb
  38              		.thumb_func
  40              	initialise_monitor_handles:
  41              	.LFB25:
  42              		.file 1 "Core/Src/syscalls.c"
   1:Core/Src/syscalls.c **** /**
   2:Core/Src/syscalls.c ****  ******************************************************************************
   3:Core/Src/syscalls.c ****  * @file      syscalls.c
   4:Core/Src/syscalls.c ****  * @author    Auto-generated by STM32CubeIDE
   5:Core/Src/syscalls.c ****  * @brief     STM32CubeIDE Minimal System calls file
   6:Core/Src/syscalls.c ****  *
   7:Core/Src/syscalls.c ****  *            For more information about which c-functions
   8:Core/Src/syscalls.c ****  *            need which of these lowlevel functions
   9:Core/Src/syscalls.c ****  *            please consult the Newlib libc-manual
  10:Core/Src/syscalls.c ****  ******************************************************************************
  11:Core/Src/syscalls.c ****  * @attention
  12:Core/Src/syscalls.c ****  *
  13:Core/Src/syscalls.c ****  * <h2><center>&copy; Copyright (c) 2020 STMicroelectronics.
  14:Core/Src/syscalls.c ****  * All rights reserved.</center></h2>
  15:Core/Src/syscalls.c ****  *
  16:Core/Src/syscalls.c ****  * This software component is licensed by ST under BSD 3-Clause license,
  17:Core/Src/syscalls.c ****  * the "License"; You may not use this file except in compliance with the
  18:Core/Src/syscalls.c ****  * License. You may obtain a copy of the License at:
  19:Core/Src/syscalls.c ****  *                        opensource.org/licenses/BSD-3-Clause
  20:Core/Src/syscalls.c ****  *
ARM GAS  C:\Users\SOLDER~1\AppData\Local\Temp\cc5SMWyU.s 			page 2


  21:Core/Src/syscalls.c ****  ******************************************************************************
  22:Core/Src/syscalls.c ****  */
  23:Core/Src/syscalls.c **** 
  24:Core/Src/syscalls.c **** /* Includes */
  25:Core/Src/syscalls.c **** #include <sys/stat.h>
  26:Core/Src/syscalls.c **** #include <stdlib.h>
  27:Core/Src/syscalls.c **** #include <errno.h>
  28:Core/Src/syscalls.c **** #include <stdio.h>
  29:Core/Src/syscalls.c **** #include <signal.h>
  30:Core/Src/syscalls.c **** #include <time.h>
  31:Core/Src/syscalls.c **** #include <sys/time.h>
  32:Core/Src/syscalls.c **** #include <sys/times.h>
  33:Core/Src/syscalls.c **** 
  34:Core/Src/syscalls.c **** 
  35:Core/Src/syscalls.c **** /* Variables */
  36:Core/Src/syscalls.c **** extern int __io_putchar(int ch) __attribute__((weak));
  37:Core/Src/syscalls.c **** extern int __io_getchar(void) __attribute__((weak));
  38:Core/Src/syscalls.c **** 
  39:Core/Src/syscalls.c **** 
  40:Core/Src/syscalls.c **** char *__env[1] = { 0 };
  41:Core/Src/syscalls.c **** char **environ = __env;
  42:Core/Src/syscalls.c **** 
  43:Core/Src/syscalls.c **** 
  44:Core/Src/syscalls.c **** /* Functions */
  45:Core/Src/syscalls.c **** void initialise_monitor_handles()
  46:Core/Src/syscalls.c **** {
  43              		.loc 1 46 1
  44              		.cfi_startproc
  45              		@ args = 0, pretend = 0, frame = 0
  46              		@ frame_needed = 1, uses_anonymous_args = 0
  47              		@ link register save eliminated.
  48 0000 80B4     		push	{r7}
  49              		.cfi_def_cfa_offset 4
  50              		.cfi_offset 7, -4
  51 0002 00AF     		add	r7, sp, #0
  52              		.cfi_def_cfa_register 7
  47:Core/Src/syscalls.c **** }
  53              		.loc 1 47 1
  54 0004 00BF     		nop
  55 0006 BD46     		mov	sp, r7
  56              		.cfi_def_cfa_register 13
  57              		@ sp needed
  58 0008 5DF8047B 		ldr	r7, [sp], #4
  59              		.cfi_restore 7
  60              		.cfi_def_cfa_offset 0
  61 000c 7047     		bx	lr
  62              		.cfi_endproc
  63              	.LFE25:
  65              		.section	.text._getpid,"ax",%progbits
  66              		.align	1
  67              		.global	_getpid
  68              		.syntax unified
  69              		.thumb
  70              		.thumb_func
  72              	_getpid:
  73              	.LFB26:
  48:Core/Src/syscalls.c **** 
ARM GAS  C:\Users\SOLDER~1\AppData\Local\Temp\cc5SMWyU.s 			page 3


  49:Core/Src/syscalls.c **** int _getpid(void)
  50:Core/Src/syscalls.c **** {
  74              		.loc 1 50 1
  75              		.cfi_startproc
  76              		@ args = 0, pretend = 0, frame = 0
  77              		@ frame_needed = 1, uses_anonymous_args = 0
  78              		@ link register save eliminated.
  79 0000 80B4     		push	{r7}
  80              		.cfi_def_cfa_offset 4
  81              		.cfi_offset 7, -4
  82 0002 00AF     		add	r7, sp, #0
  83              		.cfi_def_cfa_register 7
  51:Core/Src/syscalls.c **** 	return 1;
  84              		.loc 1 51 9
  85 0004 0123     		movs	r3, #1
  52:Core/Src/syscalls.c **** }
  86              		.loc 1 52 1
  87 0006 1846     		mov	r0, r3
  88 0008 BD46     		mov	sp, r7
  89              		.cfi_def_cfa_register 13
  90              		@ sp needed
  91 000a 5DF8047B 		ldr	r7, [sp], #4
  92              		.cfi_restore 7
  93              		.cfi_def_cfa_offset 0
  94 000e 7047     		bx	lr
  95              		.cfi_endproc
  96              	.LFE26:
  98              		.section	.text._kill,"ax",%progbits
  99              		.align	1
 100              		.global	_kill
 101              		.syntax unified
 102              		.thumb
 103              		.thumb_func
 105              	_kill:
 106              	.LFB27:
  53:Core/Src/syscalls.c **** 
  54:Core/Src/syscalls.c **** int _kill(int pid, int sig)
  55:Core/Src/syscalls.c **** {
 107              		.loc 1 55 1
 108              		.cfi_startproc
 109              		@ args = 0, pretend = 0, frame = 8
 110              		@ frame_needed = 1, uses_anonymous_args = 0
 111 0000 80B5     		push	{r7, lr}
 112              		.cfi_def_cfa_offset 8
 113              		.cfi_offset 7, -8
 114              		.cfi_offset 14, -4
 115 0002 82B0     		sub	sp, sp, #8
 116              		.cfi_def_cfa_offset 16
 117 0004 00AF     		add	r7, sp, #0
 118              		.cfi_def_cfa_register 7
 119 0006 7860     		str	r0, [r7, #4]
 120 0008 3960     		str	r1, [r7]
  56:Core/Src/syscalls.c **** 	errno = EINVAL;
 121              		.loc 1 56 2
 122 000a FFF7FEFF 		bl	__errno
 123 000e 0346     		mov	r3, r0
 124              		.loc 1 56 8
ARM GAS  C:\Users\SOLDER~1\AppData\Local\Temp\cc5SMWyU.s 			page 4


 125 0010 1622     		movs	r2, #22
 126 0012 1A60     		str	r2, [r3]
  57:Core/Src/syscalls.c **** 	return -1;
 127              		.loc 1 57 9
 128 0014 4FF0FF33 		mov	r3, #-1
  58:Core/Src/syscalls.c **** }
 129              		.loc 1 58 1
 130 0018 1846     		mov	r0, r3
 131 001a 0837     		adds	r7, r7, #8
 132              		.cfi_def_cfa_offset 8
 133 001c BD46     		mov	sp, r7
 134              		.cfi_def_cfa_register 13
 135              		@ sp needed
 136 001e 80BD     		pop	{r7, pc}
 137              		.cfi_endproc
 138              	.LFE27:
 140              		.section	.text._exit,"ax",%progbits
 141              		.align	1
 142              		.global	_exit
 143              		.syntax unified
 144              		.thumb
 145              		.thumb_func
 147              	_exit:
 148              	.LFB28:
  59:Core/Src/syscalls.c **** 
  60:Core/Src/syscalls.c **** void _exit (int status)
  61:Core/Src/syscalls.c **** {
 149              		.loc 1 61 1
 150              		.cfi_startproc
 151              		@ args = 0, pretend = 0, frame = 8
 152              		@ frame_needed = 1, uses_anonymous_args = 0
 153 0000 80B5     		push	{r7, lr}
 154              		.cfi_def_cfa_offset 8
 155              		.cfi_offset 7, -8
 156              		.cfi_offset 14, -4
 157 0002 82B0     		sub	sp, sp, #8
 158              		.cfi_def_cfa_offset 16
 159 0004 00AF     		add	r7, sp, #0
 160              		.cfi_def_cfa_register 7
 161 0006 7860     		str	r0, [r7, #4]
  62:Core/Src/syscalls.c **** 	_kill(status, -1);
 162              		.loc 1 62 2
 163 0008 4FF0FF31 		mov	r1, #-1
 164 000c 7868     		ldr	r0, [r7, #4]
 165 000e FFF7FEFF 		bl	_kill
 166              	.L7:
  63:Core/Src/syscalls.c **** 	while (1) {}		/* Make sure we hang here */
 167              		.loc 1 63 8 discriminator 1
 168 0012 FEE7     		b	.L7
 169              		.cfi_endproc
 170              	.LFE28:
 172              		.section	.text._read,"ax",%progbits
 173              		.align	1
 174              		.weak	_read
 175              		.syntax unified
 176              		.thumb
 177              		.thumb_func
ARM GAS  C:\Users\SOLDER~1\AppData\Local\Temp\cc5SMWyU.s 			page 5


 179              	_read:
 180              	.LFB29:
  64:Core/Src/syscalls.c **** }
  65:Core/Src/syscalls.c **** 
  66:Core/Src/syscalls.c **** __attribute__((weak)) int _read(int file, char *ptr, int len)
  67:Core/Src/syscalls.c **** {
 181              		.loc 1 67 1
 182              		.cfi_startproc
 183              		@ args = 0, pretend = 0, frame = 24
 184              		@ frame_needed = 1, uses_anonymous_args = 0
 185 0000 80B5     		push	{r7, lr}
 186              		.cfi_def_cfa_offset 8
 187              		.cfi_offset 7, -8
 188              		.cfi_offset 14, -4
 189 0002 86B0     		sub	sp, sp, #24
 190              		.cfi_def_cfa_offset 32
 191 0004 00AF     		add	r7, sp, #0
 192              		.cfi_def_cfa_register 7
 193 0006 F860     		str	r0, [r7, #12]
 194 0008 B960     		str	r1, [r7, #8]
 195 000a 7A60     		str	r2, [r7, #4]
  68:Core/Src/syscalls.c **** 	int DataIdx;
  69:Core/Src/syscalls.c **** 
  70:Core/Src/syscalls.c **** 	for (DataIdx = 0; DataIdx < len; DataIdx++)
 196              		.loc 1 70 15
 197 000c 0023     		movs	r3, #0
 198 000e 7B61     		str	r3, [r7, #20]
 199              		.loc 1 70 2
 200 0010 0AE0     		b	.L9
 201              	.L10:
  71:Core/Src/syscalls.c **** 	{
  72:Core/Src/syscalls.c **** 		*ptr++ = __io_getchar();
 202              		.loc 1 72 12 discriminator 3
 203 0012 FFF7FEFF 		bl	__io_getchar
 204 0016 0146     		mov	r1, r0
 205              		.loc 1 72 7 discriminator 3
 206 0018 BB68     		ldr	r3, [r7, #8]
 207 001a 5A1C     		adds	r2, r3, #1
 208 001c BA60     		str	r2, [r7, #8]
 209              		.loc 1 72 10 discriminator 3
 210 001e CAB2     		uxtb	r2, r1
 211 0020 1A70     		strb	r2, [r3]
  70:Core/Src/syscalls.c **** 	{
 212              		.loc 1 70 42 discriminator 3
 213 0022 7B69     		ldr	r3, [r7, #20]
 214 0024 0133     		adds	r3, r3, #1
 215 0026 7B61     		str	r3, [r7, #20]
 216              	.L9:
  70:Core/Src/syscalls.c **** 	{
 217              		.loc 1 70 2 discriminator 1
 218 0028 7A69     		ldr	r2, [r7, #20]
 219 002a 7B68     		ldr	r3, [r7, #4]
 220 002c 9A42     		cmp	r2, r3
 221 002e F0DB     		blt	.L10
  73:Core/Src/syscalls.c **** 	}
  74:Core/Src/syscalls.c **** 
  75:Core/Src/syscalls.c **** return len;
ARM GAS  C:\Users\SOLDER~1\AppData\Local\Temp\cc5SMWyU.s 			page 6


 222              		.loc 1 75 8
 223 0030 7B68     		ldr	r3, [r7, #4]
  76:Core/Src/syscalls.c **** }
 224              		.loc 1 76 1
 225 0032 1846     		mov	r0, r3
 226 0034 1837     		adds	r7, r7, #24
 227              		.cfi_def_cfa_offset 8
 228 0036 BD46     		mov	sp, r7
 229              		.cfi_def_cfa_register 13
 230              		@ sp needed
 231 0038 80BD     		pop	{r7, pc}
 232              		.cfi_endproc
 233              	.LFE29:
 235              		.section	.text._write,"ax",%progbits
 236              		.align	1
 237              		.weak	_write
 238              		.syntax unified
 239              		.thumb
 240              		.thumb_func
 242              	_write:
 243              	.LFB30:
  77:Core/Src/syscalls.c **** 
  78:Core/Src/syscalls.c **** __attribute__((weak)) int _write(int file, char *ptr, int len)
  79:Core/Src/syscalls.c **** {
 244              		.loc 1 79 1
 245              		.cfi_startproc
 246              		@ args = 0, pretend = 0, frame = 24
 247              		@ frame_needed = 1, uses_anonymous_args = 0
 248 0000 80B5     		push	{r7, lr}
 249              		.cfi_def_cfa_offset 8
 250              		.cfi_offset 7, -8
 251              		.cfi_offset 14, -4
 252 0002 86B0     		sub	sp, sp, #24
 253              		.cfi_def_cfa_offset 32
 254 0004 00AF     		add	r7, sp, #0
 255              		.cfi_def_cfa_register 7
 256 0006 F860     		str	r0, [r7, #12]
 257 0008 B960     		str	r1, [r7, #8]
 258 000a 7A60     		str	r2, [r7, #4]
  80:Core/Src/syscalls.c **** 	int DataIdx;
  81:Core/Src/syscalls.c **** 
  82:Core/Src/syscalls.c **** 	for (DataIdx = 0; DataIdx < len; DataIdx++)
 259              		.loc 1 82 15
 260 000c 0023     		movs	r3, #0
 261 000e 7B61     		str	r3, [r7, #20]
 262              		.loc 1 82 2
 263 0010 09E0     		b	.L13
 264              	.L14:
  83:Core/Src/syscalls.c **** 	{
  84:Core/Src/syscalls.c **** 		__io_putchar(*ptr++);
 265              		.loc 1 84 20 discriminator 3
 266 0012 BB68     		ldr	r3, [r7, #8]
 267 0014 5A1C     		adds	r2, r3, #1
 268 0016 BA60     		str	r2, [r7, #8]
 269              		.loc 1 84 16 discriminator 3
 270 0018 1B78     		ldrb	r3, [r3]	@ zero_extendqisi2
 271              		.loc 1 84 3 discriminator 3
ARM GAS  C:\Users\SOLDER~1\AppData\Local\Temp\cc5SMWyU.s 			page 7


 272 001a 1846     		mov	r0, r3
 273 001c FFF7FEFF 		bl	__io_putchar
  82:Core/Src/syscalls.c **** 	{
 274              		.loc 1 82 42 discriminator 3
 275 0020 7B69     		ldr	r3, [r7, #20]
 276 0022 0133     		adds	r3, r3, #1
 277 0024 7B61     		str	r3, [r7, #20]
 278              	.L13:
  82:Core/Src/syscalls.c **** 	{
 279              		.loc 1 82 2 discriminator 1
 280 0026 7A69     		ldr	r2, [r7, #20]
 281 0028 7B68     		ldr	r3, [r7, #4]
 282 002a 9A42     		cmp	r2, r3
 283 002c F1DB     		blt	.L14
  85:Core/Src/syscalls.c **** 	}
  86:Core/Src/syscalls.c **** 	return len;
 284              		.loc 1 86 9
 285 002e 7B68     		ldr	r3, [r7, #4]
  87:Core/Src/syscalls.c **** }
 286              		.loc 1 87 1
 287 0030 1846     		mov	r0, r3
 288 0032 1837     		adds	r7, r7, #24
 289              		.cfi_def_cfa_offset 8
 290 0034 BD46     		mov	sp, r7
 291              		.cfi_def_cfa_register 13
 292              		@ sp needed
 293 0036 80BD     		pop	{r7, pc}
 294              		.cfi_endproc
 295              	.LFE30:
 297              		.section	.text._close,"ax",%progbits
 298              		.align	1
 299              		.global	_close
 300              		.syntax unified
 301              		.thumb
 302              		.thumb_func
 304              	_close:
 305              	.LFB31:
  88:Core/Src/syscalls.c **** 
  89:Core/Src/syscalls.c **** int _close(int file)
  90:Core/Src/syscalls.c **** {
 306              		.loc 1 90 1
 307              		.cfi_startproc
 308              		@ args = 0, pretend = 0, frame = 8
 309              		@ frame_needed = 1, uses_anonymous_args = 0
 310              		@ link register save eliminated.
 311 0000 80B4     		push	{r7}
 312              		.cfi_def_cfa_offset 4
 313              		.cfi_offset 7, -4
 314 0002 83B0     		sub	sp, sp, #12
 315              		.cfi_def_cfa_offset 16
 316 0004 00AF     		add	r7, sp, #0
 317              		.cfi_def_cfa_register 7
 318 0006 7860     		str	r0, [r7, #4]
  91:Core/Src/syscalls.c **** 	return -1;
 319              		.loc 1 91 9
 320 0008 4FF0FF33 		mov	r3, #-1
  92:Core/Src/syscalls.c **** }
ARM GAS  C:\Users\SOLDER~1\AppData\Local\Temp\cc5SMWyU.s 			page 8


 321              		.loc 1 92 1
 322 000c 1846     		mov	r0, r3
 323 000e 0C37     		adds	r7, r7, #12
 324              		.cfi_def_cfa_offset 4
 325 0010 BD46     		mov	sp, r7
 326              		.cfi_def_cfa_register 13
 327              		@ sp needed
 328 0012 5DF8047B 		ldr	r7, [sp], #4
 329              		.cfi_restore 7
 330              		.cfi_def_cfa_offset 0
 331 0016 7047     		bx	lr
 332              		.cfi_endproc
 333              	.LFE31:
 335              		.section	.text._fstat,"ax",%progbits
 336              		.align	1
 337              		.global	_fstat
 338              		.syntax unified
 339              		.thumb
 340              		.thumb_func
 342              	_fstat:
 343              	.LFB32:
  93:Core/Src/syscalls.c **** 
  94:Core/Src/syscalls.c **** 
  95:Core/Src/syscalls.c **** int _fstat(int file, struct stat *st)
  96:Core/Src/syscalls.c **** {
 344              		.loc 1 96 1
 345              		.cfi_startproc
 346              		@ args = 0, pretend = 0, frame = 8
 347              		@ frame_needed = 1, uses_anonymous_args = 0
 348              		@ link register save eliminated.
 349 0000 80B4     		push	{r7}
 350              		.cfi_def_cfa_offset 4
 351              		.cfi_offset 7, -4
 352 0002 83B0     		sub	sp, sp, #12
 353              		.cfi_def_cfa_offset 16
 354 0004 00AF     		add	r7, sp, #0
 355              		.cfi_def_cfa_register 7
 356 0006 7860     		str	r0, [r7, #4]
 357 0008 3960     		str	r1, [r7]
  97:Core/Src/syscalls.c **** 	st->st_mode = S_IFCHR;
 358              		.loc 1 97 14
 359 000a 3B68     		ldr	r3, [r7]
 360 000c 4FF40052 		mov	r2, #8192
 361 0010 5A60     		str	r2, [r3, #4]
  98:Core/Src/syscalls.c **** 	return 0;
 362              		.loc 1 98 9
 363 0012 0023     		movs	r3, #0
  99:Core/Src/syscalls.c **** }
 364              		.loc 1 99 1
 365 0014 1846     		mov	r0, r3
 366 0016 0C37     		adds	r7, r7, #12
 367              		.cfi_def_cfa_offset 4
 368 0018 BD46     		mov	sp, r7
 369              		.cfi_def_cfa_register 13
 370              		@ sp needed
 371 001a 5DF8047B 		ldr	r7, [sp], #4
 372              		.cfi_restore 7
ARM GAS  C:\Users\SOLDER~1\AppData\Local\Temp\cc5SMWyU.s 			page 9


 373              		.cfi_def_cfa_offset 0
 374 001e 7047     		bx	lr
 375              		.cfi_endproc
 376              	.LFE32:
 378              		.section	.text._isatty,"ax",%progbits
 379              		.align	1
 380              		.global	_isatty
 381              		.syntax unified
 382              		.thumb
 383              		.thumb_func
 385              	_isatty:
 386              	.LFB33:
 100:Core/Src/syscalls.c **** 
 101:Core/Src/syscalls.c **** int _isatty(int file)
 102:Core/Src/syscalls.c **** {
 387              		.loc 1 102 1
 388              		.cfi_startproc
 389              		@ args = 0, pretend = 0, frame = 8
 390              		@ frame_needed = 1, uses_anonymous_args = 0
 391              		@ link register save eliminated.
 392 0000 80B4     		push	{r7}
 393              		.cfi_def_cfa_offset 4
 394              		.cfi_offset 7, -4
 395 0002 83B0     		sub	sp, sp, #12
 396              		.cfi_def_cfa_offset 16
 397 0004 00AF     		add	r7, sp, #0
 398              		.cfi_def_cfa_register 7
 399 0006 7860     		str	r0, [r7, #4]
 103:Core/Src/syscalls.c **** 	return 1;
 400              		.loc 1 103 9
 401 0008 0123     		movs	r3, #1
 104:Core/Src/syscalls.c **** }
 402              		.loc 1 104 1
 403 000a 1846     		mov	r0, r3
 404 000c 0C37     		adds	r7, r7, #12
 405              		.cfi_def_cfa_offset 4
 406 000e BD46     		mov	sp, r7
 407              		.cfi_def_cfa_register 13
 408              		@ sp needed
 409 0010 5DF8047B 		ldr	r7, [sp], #4
 410              		.cfi_restore 7
 411              		.cfi_def_cfa_offset 0
 412 0014 7047     		bx	lr
 413              		.cfi_endproc
 414              	.LFE33:
 416              		.section	.text._lseek,"ax",%progbits
 417              		.align	1
 418              		.global	_lseek
 419              		.syntax unified
 420              		.thumb
 421              		.thumb_func
 423              	_lseek:
 424              	.LFB34:
 105:Core/Src/syscalls.c **** 
 106:Core/Src/syscalls.c **** int _lseek(int file, int ptr, int dir)
 107:Core/Src/syscalls.c **** {
 425              		.loc 1 107 1
ARM GAS  C:\Users\SOLDER~1\AppData\Local\Temp\cc5SMWyU.s 			page 10


 426              		.cfi_startproc
 427              		@ args = 0, pretend = 0, frame = 16
 428              		@ frame_needed = 1, uses_anonymous_args = 0
 429              		@ link register save eliminated.
 430 0000 80B4     		push	{r7}
 431              		.cfi_def_cfa_offset 4
 432              		.cfi_offset 7, -4
 433 0002 85B0     		sub	sp, sp, #20
 434              		.cfi_def_cfa_offset 24
 435 0004 00AF     		add	r7, sp, #0
 436              		.cfi_def_cfa_register 7
 437 0006 F860     		str	r0, [r7, #12]
 438 0008 B960     		str	r1, [r7, #8]
 439 000a 7A60     		str	r2, [r7, #4]
 108:Core/Src/syscalls.c **** 	return 0;
 440              		.loc 1 108 9
 441 000c 0023     		movs	r3, #0
 109:Core/Src/syscalls.c **** }
 442              		.loc 1 109 1
 443 000e 1846     		mov	r0, r3
 444 0010 1437     		adds	r7, r7, #20
 445              		.cfi_def_cfa_offset 4
 446 0012 BD46     		mov	sp, r7
 447              		.cfi_def_cfa_register 13
 448              		@ sp needed
 449 0014 5DF8047B 		ldr	r7, [sp], #4
 450              		.cfi_restore 7
 451              		.cfi_def_cfa_offset 0
 452 0018 7047     		bx	lr
 453              		.cfi_endproc
 454              	.LFE34:
 456              		.section	.text._open,"ax",%progbits
 457              		.align	1
 458              		.global	_open
 459              		.syntax unified
 460              		.thumb
 461              		.thumb_func
 463              	_open:
 464              	.LFB35:
 110:Core/Src/syscalls.c **** 
 111:Core/Src/syscalls.c **** int _open(char *path, int flags, ...)
 112:Core/Src/syscalls.c **** {
 465              		.loc 1 112 1
 466              		.cfi_startproc
 467              		@ args = 4, pretend = 12, frame = 8
 468              		@ frame_needed = 1, uses_anonymous_args = 1
 469              		@ link register save eliminated.
 470 0000 0EB4     		push	{r1, r2, r3}
 471              		.cfi_def_cfa_offset 12
 472              		.cfi_offset 1, -12
 473              		.cfi_offset 2, -8
 474              		.cfi_offset 3, -4
 475 0002 80B4     		push	{r7}
 476              		.cfi_def_cfa_offset 16
 477              		.cfi_offset 7, -16
 478 0004 82B0     		sub	sp, sp, #8
 479              		.cfi_def_cfa_offset 24
ARM GAS  C:\Users\SOLDER~1\AppData\Local\Temp\cc5SMWyU.s 			page 11


 480 0006 00AF     		add	r7, sp, #0
 481              		.cfi_def_cfa_register 7
 482 0008 7860     		str	r0, [r7, #4]
 113:Core/Src/syscalls.c **** 	/* Pretend like we always fail */
 114:Core/Src/syscalls.c **** 	return -1;
 483              		.loc 1 114 9
 484 000a 4FF0FF33 		mov	r3, #-1
 115:Core/Src/syscalls.c **** }
 485              		.loc 1 115 1
 486 000e 1846     		mov	r0, r3
 487 0010 0837     		adds	r7, r7, #8
 488              		.cfi_def_cfa_offset 16
 489 0012 BD46     		mov	sp, r7
 490              		.cfi_def_cfa_register 13
 491              		@ sp needed
 492 0014 5DF8047B 		ldr	r7, [sp], #4
 493              		.cfi_restore 7
 494              		.cfi_def_cfa_offset 12
 495 0018 03B0     		add	sp, sp, #12
 496              		.cfi_restore 3
 497              		.cfi_restore 2
 498              		.cfi_restore 1
 499              		.cfi_def_cfa_offset 0
 500 001a 7047     		bx	lr
 501              		.cfi_endproc
 502              	.LFE35:
 504              		.section	.text._wait,"ax",%progbits
 505              		.align	1
 506              		.global	_wait
 507              		.syntax unified
 508              		.thumb
 509              		.thumb_func
 511              	_wait:
 512              	.LFB36:
 116:Core/Src/syscalls.c **** 
 117:Core/Src/syscalls.c **** int _wait(int *status)
 118:Core/Src/syscalls.c **** {
 513              		.loc 1 118 1
 514              		.cfi_startproc
 515              		@ args = 0, pretend = 0, frame = 8
 516              		@ frame_needed = 1, uses_anonymous_args = 0
 517 0000 80B5     		push	{r7, lr}
 518              		.cfi_def_cfa_offset 8
 519              		.cfi_offset 7, -8
 520              		.cfi_offset 14, -4
 521 0002 82B0     		sub	sp, sp, #8
 522              		.cfi_def_cfa_offset 16
 523 0004 00AF     		add	r7, sp, #0
 524              		.cfi_def_cfa_register 7
 525 0006 7860     		str	r0, [r7, #4]
 119:Core/Src/syscalls.c **** 	errno = ECHILD;
 526              		.loc 1 119 2
 527 0008 FFF7FEFF 		bl	__errno
 528 000c 0346     		mov	r3, r0
 529              		.loc 1 119 8
 530 000e 0A22     		movs	r2, #10
 531 0010 1A60     		str	r2, [r3]
ARM GAS  C:\Users\SOLDER~1\AppData\Local\Temp\cc5SMWyU.s 			page 12


 120:Core/Src/syscalls.c **** 	return -1;
 532              		.loc 1 120 9
 533 0012 4FF0FF33 		mov	r3, #-1
 121:Core/Src/syscalls.c **** }
 534              		.loc 1 121 1
 535 0016 1846     		mov	r0, r3
 536 0018 0837     		adds	r7, r7, #8
 537              		.cfi_def_cfa_offset 8
 538 001a BD46     		mov	sp, r7
 539              		.cfi_def_cfa_register 13
 540              		@ sp needed
 541 001c 80BD     		pop	{r7, pc}
 542              		.cfi_endproc
 543              	.LFE36:
 545              		.section	.text._unlink,"ax",%progbits
 546              		.align	1
 547              		.global	_unlink
 548              		.syntax unified
 549              		.thumb
 550              		.thumb_func
 552              	_unlink:
 553              	.LFB37:
 122:Core/Src/syscalls.c **** 
 123:Core/Src/syscalls.c **** int _unlink(char *name)
 124:Core/Src/syscalls.c **** {
 554              		.loc 1 124 1
 555              		.cfi_startproc
 556              		@ args = 0, pretend = 0, frame = 8
 557              		@ frame_needed = 1, uses_anonymous_args = 0
 558 0000 80B5     		push	{r7, lr}
 559              		.cfi_def_cfa_offset 8
 560              		.cfi_offset 7, -8
 561              		.cfi_offset 14, -4
 562 0002 82B0     		sub	sp, sp, #8
 563              		.cfi_def_cfa_offset 16
 564 0004 00AF     		add	r7, sp, #0
 565              		.cfi_def_cfa_register 7
 566 0006 7860     		str	r0, [r7, #4]
 125:Core/Src/syscalls.c **** 	errno = ENOENT;
 567              		.loc 1 125 2
 568 0008 FFF7FEFF 		bl	__errno
 569 000c 0346     		mov	r3, r0
 570              		.loc 1 125 8
 571 000e 0222     		movs	r2, #2
 572 0010 1A60     		str	r2, [r3]
 126:Core/Src/syscalls.c **** 	return -1;
 573              		.loc 1 126 9
 574 0012 4FF0FF33 		mov	r3, #-1
 127:Core/Src/syscalls.c **** }
 575              		.loc 1 127 1
 576 0016 1846     		mov	r0, r3
 577 0018 0837     		adds	r7, r7, #8
 578              		.cfi_def_cfa_offset 8
 579 001a BD46     		mov	sp, r7
 580              		.cfi_def_cfa_register 13
 581              		@ sp needed
 582 001c 80BD     		pop	{r7, pc}
ARM GAS  C:\Users\SOLDER~1\AppData\Local\Temp\cc5SMWyU.s 			page 13


 583              		.cfi_endproc
 584              	.LFE37:
 586              		.section	.text._times,"ax",%progbits
 587              		.align	1
 588              		.global	_times
 589              		.syntax unified
 590              		.thumb
 591              		.thumb_func
 593              	_times:
 594              	.LFB38:
 128:Core/Src/syscalls.c **** 
 129:Core/Src/syscalls.c **** int _times(struct tms *buf)
 130:Core/Src/syscalls.c **** {
 595              		.loc 1 130 1
 596              		.cfi_startproc
 597              		@ args = 0, pretend = 0, frame = 8
 598              		@ frame_needed = 1, uses_anonymous_args = 0
 599              		@ link register save eliminated.
 600 0000 80B4     		push	{r7}
 601              		.cfi_def_cfa_offset 4
 602              		.cfi_offset 7, -4
 603 0002 83B0     		sub	sp, sp, #12
 604              		.cfi_def_cfa_offset 16
 605 0004 00AF     		add	r7, sp, #0
 606              		.cfi_def_cfa_register 7
 607 0006 7860     		str	r0, [r7, #4]
 131:Core/Src/syscalls.c **** 	return -1;
 608              		.loc 1 131 9
 609 0008 4FF0FF33 		mov	r3, #-1
 132:Core/Src/syscalls.c **** }
 610              		.loc 1 132 1
 611 000c 1846     		mov	r0, r3
 612 000e 0C37     		adds	r7, r7, #12
 613              		.cfi_def_cfa_offset 4
 614 0010 BD46     		mov	sp, r7
 615              		.cfi_def_cfa_register 13
 616              		@ sp needed
 617 0012 5DF8047B 		ldr	r7, [sp], #4
 618              		.cfi_restore 7
 619              		.cfi_def_cfa_offset 0
 620 0016 7047     		bx	lr
 621              		.cfi_endproc
 622              	.LFE38:
 624              		.section	.text._stat,"ax",%progbits
 625              		.align	1
 626              		.global	_stat
 627              		.syntax unified
 628              		.thumb
 629              		.thumb_func
 631              	_stat:
 632              	.LFB39:
 133:Core/Src/syscalls.c **** 
 134:Core/Src/syscalls.c **** int _stat(char *file, struct stat *st)
 135:Core/Src/syscalls.c **** {
 633              		.loc 1 135 1
 634              		.cfi_startproc
 635              		@ args = 0, pretend = 0, frame = 8
ARM GAS  C:\Users\SOLDER~1\AppData\Local\Temp\cc5SMWyU.s 			page 14


 636              		@ frame_needed = 1, uses_anonymous_args = 0
 637              		@ link register save eliminated.
 638 0000 80B4     		push	{r7}
 639              		.cfi_def_cfa_offset 4
 640              		.cfi_offset 7, -4
 641 0002 83B0     		sub	sp, sp, #12
 642              		.cfi_def_cfa_offset 16
 643 0004 00AF     		add	r7, sp, #0
 644              		.cfi_def_cfa_register 7
 645 0006 7860     		str	r0, [r7, #4]
 646 0008 3960     		str	r1, [r7]
 136:Core/Src/syscalls.c **** 	st->st_mode = S_IFCHR;
 647              		.loc 1 136 14
 648 000a 3B68     		ldr	r3, [r7]
 649 000c 4FF40052 		mov	r2, #8192
 650 0010 5A60     		str	r2, [r3, #4]
 137:Core/Src/syscalls.c **** 	return 0;
 651              		.loc 1 137 9
 652 0012 0023     		movs	r3, #0
 138:Core/Src/syscalls.c **** }
 653              		.loc 1 138 1
 654 0014 1846     		mov	r0, r3
 655 0016 0C37     		adds	r7, r7, #12
 656              		.cfi_def_cfa_offset 4
 657 0018 BD46     		mov	sp, r7
 658              		.cfi_def_cfa_register 13
 659              		@ sp needed
 660 001a 5DF8047B 		ldr	r7, [sp], #4
 661              		.cfi_restore 7
 662              		.cfi_def_cfa_offset 0
 663 001e 7047     		bx	lr
 664              		.cfi_endproc
 665              	.LFE39:
 667              		.section	.text._link,"ax",%progbits
 668              		.align	1
 669              		.global	_link
 670              		.syntax unified
 671              		.thumb
 672              		.thumb_func
 674              	_link:
 675              	.LFB40:
 139:Core/Src/syscalls.c **** 
 140:Core/Src/syscalls.c **** int _link(char *old, char *new)
 141:Core/Src/syscalls.c **** {
 676              		.loc 1 141 1
 677              		.cfi_startproc
 678              		@ args = 0, pretend = 0, frame = 8
 679              		@ frame_needed = 1, uses_anonymous_args = 0
 680 0000 80B5     		push	{r7, lr}
 681              		.cfi_def_cfa_offset 8
 682              		.cfi_offset 7, -8
 683              		.cfi_offset 14, -4
 684 0002 82B0     		sub	sp, sp, #8
 685              		.cfi_def_cfa_offset 16
 686 0004 00AF     		add	r7, sp, #0
 687              		.cfi_def_cfa_register 7
 688 0006 7860     		str	r0, [r7, #4]
ARM GAS  C:\Users\SOLDER~1\AppData\Local\Temp\cc5SMWyU.s 			page 15


 689 0008 3960     		str	r1, [r7]
 142:Core/Src/syscalls.c **** 	errno = EMLINK;
 690              		.loc 1 142 2
 691 000a FFF7FEFF 		bl	__errno
 692 000e 0346     		mov	r3, r0
 693              		.loc 1 142 8
 694 0010 1F22     		movs	r2, #31
 695 0012 1A60     		str	r2, [r3]
 143:Core/Src/syscalls.c **** 	return -1;
 696              		.loc 1 143 9
 697 0014 4FF0FF33 		mov	r3, #-1
 144:Core/Src/syscalls.c **** }
 698              		.loc 1 144 1
 699 0018 1846     		mov	r0, r3
 700 001a 0837     		adds	r7, r7, #8
 701              		.cfi_def_cfa_offset 8
 702 001c BD46     		mov	sp, r7
 703              		.cfi_def_cfa_register 13
 704              		@ sp needed
 705 001e 80BD     		pop	{r7, pc}
 706              		.cfi_endproc
 707              	.LFE40:
 709              		.section	.text._fork,"ax",%progbits
 710              		.align	1
 711              		.global	_fork
 712              		.syntax unified
 713              		.thumb
 714              		.thumb_func
 716              	_fork:
 717              	.LFB41:
 145:Core/Src/syscalls.c **** 
 146:Core/Src/syscalls.c **** int _fork(void)
 147:Core/Src/syscalls.c **** {
 718              		.loc 1 147 1
 719              		.cfi_startproc
 720              		@ args = 0, pretend = 0, frame = 0
 721              		@ frame_needed = 1, uses_anonymous_args = 0
 722 0000 80B5     		push	{r7, lr}
 723              		.cfi_def_cfa_offset 8
 724              		.cfi_offset 7, -8
 725              		.cfi_offset 14, -4
 726 0002 00AF     		add	r7, sp, #0
 727              		.cfi_def_cfa_register 7
 148:Core/Src/syscalls.c **** 	errno = EAGAIN;
 728              		.loc 1 148 2
 729 0004 FFF7FEFF 		bl	__errno
 730 0008 0346     		mov	r3, r0
 731              		.loc 1 148 8
 732 000a 0B22     		movs	r2, #11
 733 000c 1A60     		str	r2, [r3]
 149:Core/Src/syscalls.c **** 	return -1;
 734              		.loc 1 149 9
 735 000e 4FF0FF33 		mov	r3, #-1
 150:Core/Src/syscalls.c **** }
 736              		.loc 1 150 1
 737 0012 1846     		mov	r0, r3
 738 0014 80BD     		pop	{r7, pc}
ARM GAS  C:\Users\SOLDER~1\AppData\Local\Temp\cc5SMWyU.s 			page 16


 739              		.cfi_endproc
 740              	.LFE41:
 742              		.section	.text._execve,"ax",%progbits
 743              		.align	1
 744              		.global	_execve
 745              		.syntax unified
 746              		.thumb
 747              		.thumb_func
 749              	_execve:
 750              	.LFB42:
 151:Core/Src/syscalls.c **** 
 152:Core/Src/syscalls.c **** int _execve(char *name, char **argv, char **env)
 153:Core/Src/syscalls.c **** {
 751              		.loc 1 153 1
 752              		.cfi_startproc
 753              		@ args = 0, pretend = 0, frame = 16
 754              		@ frame_needed = 1, uses_anonymous_args = 0
 755 0000 80B5     		push	{r7, lr}
 756              		.cfi_def_cfa_offset 8
 757              		.cfi_offset 7, -8
 758              		.cfi_offset 14, -4
 759 0002 84B0     		sub	sp, sp, #16
 760              		.cfi_def_cfa_offset 24
 761 0004 00AF     		add	r7, sp, #0
 762              		.cfi_def_cfa_register 7
 763 0006 F860     		str	r0, [r7, #12]
 764 0008 B960     		str	r1, [r7, #8]
 765 000a 7A60     		str	r2, [r7, #4]
 154:Core/Src/syscalls.c **** 	errno = ENOMEM;
 766              		.loc 1 154 2
 767 000c FFF7FEFF 		bl	__errno
 768 0010 0346     		mov	r3, r0
 769              		.loc 1 154 8
 770 0012 0C22     		movs	r2, #12
 771 0014 1A60     		str	r2, [r3]
 155:Core/Src/syscalls.c **** 	return -1;
 772              		.loc 1 155 9
 773 0016 4FF0FF33 		mov	r3, #-1
 156:Core/Src/syscalls.c **** }
 774              		.loc 1 156 1
 775 001a 1846     		mov	r0, r3
 776 001c 1037     		adds	r7, r7, #16
 777              		.cfi_def_cfa_offset 8
 778 001e BD46     		mov	sp, r7
 779              		.cfi_def_cfa_register 13
 780              		@ sp needed
 781 0020 80BD     		pop	{r7, pc}
 782              		.cfi_endproc
 783              	.LFE42:
 785              		.weak	__io_putchar
 786              		.weak	__io_getchar
 787              		.text
 788              	.Letext0:
 789              		.file 2 "c:\\st\\tools\\gcc-arm-none-eabi-10.3-2021.10\\arm-none-eabi\\include\\machine\\_default_
 790              		.file 3 "c:\\st\\tools\\gcc-arm-none-eabi-10.3-2021.10\\arm-none-eabi\\include\\sys\\_types.h"
 791              		.file 4 "c:\\st\\tools\\gcc-arm-none-eabi-10.3-2021.10\\arm-none-eabi\\include\\sys\\_timeval.h"
 792              		.file 5 "c:\\st\\tools\\gcc-arm-none-eabi-10.3-2021.10\\arm-none-eabi\\include\\sys\\_timespec.h"
ARM GAS  C:\Users\SOLDER~1\AppData\Local\Temp\cc5SMWyU.s 			page 17


 793              		.file 6 "c:\\st\\tools\\gcc-arm-none-eabi-10.3-2021.10\\arm-none-eabi\\include\\sys\\types.h"
 794              		.file 7 "c:\\st\\tools\\gcc-arm-none-eabi-10.3-2021.10\\arm-none-eabi\\include\\sys\\stat.h"
 795              		.file 8 "c:\\st\\tools\\gcc-arm-none-eabi-10.3-2021.10\\arm-none-eabi\\include\\sys\\times.h"
ARM GAS  C:\Users\SOLDER~1\AppData\Local\Temp\cc5SMWyU.s 			page 18


DEFINED SYMBOLS
                            *ABS*:00000000 syscalls.c
C:\Users\SOLDER~1\AppData\Local\Temp\cc5SMWyU.s:24     .bss.__env:00000000 __env
C:\Users\SOLDER~1\AppData\Local\Temp\cc5SMWyU.s:21     .bss.__env:00000000 $d
C:\Users\SOLDER~1\AppData\Local\Temp\cc5SMWyU.s:31     .data.environ:00000000 environ
C:\Users\SOLDER~1\AppData\Local\Temp\cc5SMWyU.s:28     .data.environ:00000000 $d
C:\Users\SOLDER~1\AppData\Local\Temp\cc5SMWyU.s:34     .text.initialise_monitor_handles:00000000 $t
C:\Users\SOLDER~1\AppData\Local\Temp\cc5SMWyU.s:40     .text.initialise_monitor_handles:00000000 initialise_monitor_handles
C:\Users\SOLDER~1\AppData\Local\Temp\cc5SMWyU.s:66     .text._getpid:00000000 $t
C:\Users\SOLDER~1\AppData\Local\Temp\cc5SMWyU.s:72     .text._getpid:00000000 _getpid
C:\Users\SOLDER~1\AppData\Local\Temp\cc5SMWyU.s:99     .text._kill:00000000 $t
C:\Users\SOLDER~1\AppData\Local\Temp\cc5SMWyU.s:105    .text._kill:00000000 _kill
C:\Users\SOLDER~1\AppData\Local\Temp\cc5SMWyU.s:141    .text._exit:00000000 $t
C:\Users\SOLDER~1\AppData\Local\Temp\cc5SMWyU.s:147    .text._exit:00000000 _exit
C:\Users\SOLDER~1\AppData\Local\Temp\cc5SMWyU.s:173    .text._read:00000000 $t
C:\Users\SOLDER~1\AppData\Local\Temp\cc5SMWyU.s:179    .text._read:00000000 _read
C:\Users\SOLDER~1\AppData\Local\Temp\cc5SMWyU.s:236    .text._write:00000000 $t
C:\Users\SOLDER~1\AppData\Local\Temp\cc5SMWyU.s:242    .text._write:00000000 _write
C:\Users\SOLDER~1\AppData\Local\Temp\cc5SMWyU.s:298    .text._close:00000000 $t
C:\Users\SOLDER~1\AppData\Local\Temp\cc5SMWyU.s:304    .text._close:00000000 _close
C:\Users\SOLDER~1\AppData\Local\Temp\cc5SMWyU.s:336    .text._fstat:00000000 $t
C:\Users\SOLDER~1\AppData\Local\Temp\cc5SMWyU.s:342    .text._fstat:00000000 _fstat
C:\Users\SOLDER~1\AppData\Local\Temp\cc5SMWyU.s:379    .text._isatty:00000000 $t
C:\Users\SOLDER~1\AppData\Local\Temp\cc5SMWyU.s:385    .text._isatty:00000000 _isatty
C:\Users\SOLDER~1\AppData\Local\Temp\cc5SMWyU.s:417    .text._lseek:00000000 $t
C:\Users\SOLDER~1\AppData\Local\Temp\cc5SMWyU.s:423    .text._lseek:00000000 _lseek
C:\Users\SOLDER~1\AppData\Local\Temp\cc5SMWyU.s:457    .text._open:00000000 $t
C:\Users\SOLDER~1\AppData\Local\Temp\cc5SMWyU.s:463    .text._open:00000000 _open
C:\Users\SOLDER~1\AppData\Local\Temp\cc5SMWyU.s:505    .text._wait:00000000 $t
C:\Users\SOLDER~1\AppData\Local\Temp\cc5SMWyU.s:511    .text._wait:00000000 _wait
C:\Users\SOLDER~1\AppData\Local\Temp\cc5SMWyU.s:546    .text._unlink:00000000 $t
C:\Users\SOLDER~1\AppData\Local\Temp\cc5SMWyU.s:552    .text._unlink:00000000 _unlink
C:\Users\SOLDER~1\AppData\Local\Temp\cc5SMWyU.s:587    .text._times:00000000 $t
C:\Users\SOLDER~1\AppData\Local\Temp\cc5SMWyU.s:593    .text._times:00000000 _times
C:\Users\SOLDER~1\AppData\Local\Temp\cc5SMWyU.s:625    .text._stat:00000000 $t
C:\Users\SOLDER~1\AppData\Local\Temp\cc5SMWyU.s:631    .text._stat:00000000 _stat
C:\Users\SOLDER~1\AppData\Local\Temp\cc5SMWyU.s:668    .text._link:00000000 $t
C:\Users\SOLDER~1\AppData\Local\Temp\cc5SMWyU.s:674    .text._link:00000000 _link
C:\Users\SOLDER~1\AppData\Local\Temp\cc5SMWyU.s:710    .text._fork:00000000 $t
C:\Users\SOLDER~1\AppData\Local\Temp\cc5SMWyU.s:716    .text._fork:00000000 _fork
C:\Users\SOLDER~1\AppData\Local\Temp\cc5SMWyU.s:743    .text._execve:00000000 $t
C:\Users\SOLDER~1\AppData\Local\Temp\cc5SMWyU.s:749    .text._execve:00000000 _execve
                           .group:00000000 wm4.0.3f0a1ce06f5181ce1e459e863b34cfe2
                           .group:00000000 wm4._newlib_version.h.4.bfdf54b0af045d4a71376ae00f63a22c
                           .group:00000000 wm4.newlib.h.34.314a350541e36f4baea3ec77033a1a03
                           .group:00000000 wm4.ieeefp.h.77.c88535c35f465c05b101960cf0179075
                           .group:00000000 wm4.features.h.22.fad1cec3bc7ff06488171438dbdcfd02
                           .group:00000000 wm4.config.h.224.79362c3cdb280fe0b8d95bd0bc4d5c54
                           .group:00000000 wm4._ansi.h.31.de524f58584151836e90d8620a16f8e8
                           .group:00000000 wm4._default_types.h.6.959254cf5f09734ea7516c89e8bb21bd
                           .group:00000000 wm4.stddef.h.39.144cf5ddcd53cbfdac30259dc1a6c87f
                           .group:00000000 wm4.cdefs.h.49.39045112216f6a021dbdffe3bf5accce
                           .group:00000000 wm4._types.h.20.dd0d04dca3800a0d2a6129b87f3adbb2
                           .group:00000000 wm4.stddef.h.155.3588ebfdd1e8c7ede80509bb9c3b8009
                           .group:00000000 wm4._types.h.127.34941de1b2539d59d5cac00e0dd27a45
                           .group:00000000 wm4.reent.h.17.e292bf8b0bec6c96e131a54347145a30
                           .group:00000000 wm4.lock.h.2.1461d1fff82dffe8bfddc23307f6484f
ARM GAS  C:\Users\SOLDER~1\AppData\Local\Temp\cc5SMWyU.s 			page 19


                           .group:00000000 wm4.reent.h.77.32fd7d280fc2a40b0797abce5beaf6e3
                           .group:00000000 wm4.assert.h.11.db24e541f16414db224bf986d21017e2
                           .group:00000000 wm4.reent.h.504.40d20ade344680fbcb6a0178bf7ae09e
                           .group:00000000 wm4.time.h.14.849270cc7997ccc4e05edd146e568a9f
                           .group:00000000 wm4.stddef.h.155.ba788add86a0e365f264484f110c3c29
                           .group:00000000 wm4.time.h.2.4581ce0ffb6627cfc02162c94bf846c9
                           .group:00000000 wm4.time.h.25.0e6a0fdbc9955f5707ed54246ed2e089
                           .group:00000000 wm4.types.h.40.8b6acba56cefbb11746718204edc8f5e
                           .group:00000000 wm4._stdint.h.10.c24fa3af3bc1706662bb5593a907e841
                           .group:00000000 wm4._endian.h.31.65a10590763c3dde1ac4a7f66d7d4891
                           .group:00000000 wm4.endian.h.9.49f3a4695c1b61e8a0808de3c4a106cb
                           .group:00000000 wm4._timeval.h.32.bec3221fa7a9bb0bdde696c9c57e47d2
                           .group:00000000 wm4.timespec.h.41.d855182eb0e690443ab8651bcedca6e1
                           .group:00000000 wm4.select.h.19.40cd3f2bfc456b193b790c2754690ebf
                           .group:00000000 wm4.types.h.51.5571ec98f267d17d3c670b7a3ba33afa
                           .group:00000000 wm4.sched.h.22.c60982713a5c428609783c78f9c78d95
                           .group:00000000 wm4._pthreadtypes.h.36.fcee9961c35163dde6267ef772ad1972
                           .group:00000000 wm4.time.h.142.403dcded079b6de6a2d2f21a34c2ae96
                           .group:00000000 wm4.stat.h.54.5a9b823658423102e7a8de4ed089eedc
                           .group:00000000 wm4.stdlib.h.13.4ed386f5c1a80d71e72172885d946ef2
                           .group:00000000 wm4.alloca.h.8.dfc0c703c47ec3e69746825b17d9e66d
                           .group:00000000 wm4.stdlib.h.56.f4862cfbf4363a1db01842d5bdf72c18
                           .group:00000000 wm4.errno.h.2.ba016d646105af6cad23be83630b6a3f
                           .group:00000000 wm4.errno.h.9.1ecd7b1049497a0ab61da0f6cbd4b0c6
                           .group:00000000 wm4.stdio.h.27.3fc80220048df77954e38daec3bb9670
                           .group:00000000 wm4.stdarg.h.34.3a23a216c0c293b3d2ea2e89281481e6
                           .group:00000000 wm4.stdio.h.47.1f5845210bb9053bbca9ed76fc4018da
                           .group:00000000 wm4.stdio.h.2.4aa87247282eca6c8f36f9de33d8df1a
                           .group:00000000 wm4.stdio.h.81.60a2ded7dae310b81f9d6907fe5e3dbf
                           .group:00000000 wm4.signal.h.4.52f6e87eb2ba3e571517621a52c855c8
                           .group:00000000 wm4.signal.h.18.14c8d0c03fc1e06775633fad7399cfc7
                           .group:00000000 wm4.time.h.40.07bdef2e51e429b46276cd6f2246b78b

UNDEFINED SYMBOLS
__errno
__io_getchar
__io_putchar
