ARM GAS  C:\Users\SOLDER~1\AppData\Local\Temp\ccMEp0w3.s 			page 1


   1              		.cpu cortex-m4
   2              		.arch armv7e-m
   3              		.fpu fpv4-sp-d16
   4              		.eabi_attribute 27, 1
   5              		.eabi_attribute 28, 1
   6              		.eabi_attribute 20, 1
   7              		.eabi_attribute 21, 1
   8              		.eabi_attribute 23, 3
   9              		.eabi_attribute 24, 1
  10              		.eabi_attribute 25, 1
  11              		.eabi_attribute 26, 1
  12              		.eabi_attribute 30, 6
  13              		.eabi_attribute 34, 1
  14              		.eabi_attribute 18, 4
  15              		.file	"system_stm32f4xx.c"
  16              		.text
  17              	.Ltext0:
  18              		.cfi_sections	.debug_frame
  19              		.global	SystemCoreClock
  20              		.section	.data.SystemCoreClock,"aw"
  21              		.align	2
  24              	SystemCoreClock:
  25 0000 0024F400 		.word	16000000
  26              		.global	AHBPrescTable
  27              		.section	.rodata.AHBPrescTable,"a"
  28              		.align	2
  31              	AHBPrescTable:
  32 0000 00000000 		.ascii	"\000\000\000\000\000\000\000\000\001\002\003\004\006"
  32      00000000 
  32      01020304 
  32      06
  33 000d 070809   		.ascii	"\007\010\011"
  34              		.global	APBPrescTable
  35              		.section	.rodata.APBPrescTable,"a"
  36              		.align	2
  39              	APBPrescTable:
  40 0000 00000000 		.ascii	"\000\000\000\000\001\002\003\004"
  40      01020304 
  41              		.section	.text.SystemInit,"ax",%progbits
  42              		.align	1
  43              		.global	SystemInit
  44              		.syntax unified
  45              		.thumb
  46              		.thumb_func
  48              	SystemInit:
  49              	.LFB130:
  50              		.file 1 "Core/Src/system_stm32f4xx.c"
   1:Core/Src/system_stm32f4xx.c **** /**
   2:Core/Src/system_stm32f4xx.c ****   ******************************************************************************
   3:Core/Src/system_stm32f4xx.c ****   * @file    system_stm32f4xx.c
   4:Core/Src/system_stm32f4xx.c ****   * @author  MCD Application Team
   5:Core/Src/system_stm32f4xx.c ****   * @brief   CMSIS Cortex-M4 Device Peripheral Access Layer System Source File.
   6:Core/Src/system_stm32f4xx.c ****   *
   7:Core/Src/system_stm32f4xx.c ****   *   This file provides two functions and one global variable to be called from 
   8:Core/Src/system_stm32f4xx.c ****   *   user application:
   9:Core/Src/system_stm32f4xx.c ****   *      - SystemInit(): This function is called at startup just after reset and 
  10:Core/Src/system_stm32f4xx.c ****   *                      before branch to main program. This call is made inside
ARM GAS  C:\Users\SOLDER~1\AppData\Local\Temp\ccMEp0w3.s 			page 2


  11:Core/Src/system_stm32f4xx.c ****   *                      the "startup_stm32f4xx.s" file.
  12:Core/Src/system_stm32f4xx.c ****   *
  13:Core/Src/system_stm32f4xx.c ****   *      - SystemCoreClock variable: Contains the core clock (HCLK), it can be used
  14:Core/Src/system_stm32f4xx.c ****   *                                  by the user application to setup the SysTick 
  15:Core/Src/system_stm32f4xx.c ****   *                                  timer or configure other parameters.
  16:Core/Src/system_stm32f4xx.c ****   *                                     
  17:Core/Src/system_stm32f4xx.c ****   *      - SystemCoreClockUpdate(): Updates the variable SystemCoreClock and must
  18:Core/Src/system_stm32f4xx.c ****   *                                 be called whenever the core clock is changed
  19:Core/Src/system_stm32f4xx.c ****   *                                 during program execution.
  20:Core/Src/system_stm32f4xx.c ****   *
  21:Core/Src/system_stm32f4xx.c ****   *
  22:Core/Src/system_stm32f4xx.c ****   ******************************************************************************
  23:Core/Src/system_stm32f4xx.c ****   * @attention
  24:Core/Src/system_stm32f4xx.c ****   *
  25:Core/Src/system_stm32f4xx.c ****   * <h2><center>&copy; Copyright (c) 2017 STMicroelectronics.
  26:Core/Src/system_stm32f4xx.c ****   * All rights reserved.</center></h2>
  27:Core/Src/system_stm32f4xx.c ****   *
  28:Core/Src/system_stm32f4xx.c ****   * This software component is licensed by ST under BSD 3-Clause license,
  29:Core/Src/system_stm32f4xx.c ****   * the "License"; You may not use this file except in compliance with the
  30:Core/Src/system_stm32f4xx.c ****   * License. You may obtain a copy of the License at:
  31:Core/Src/system_stm32f4xx.c ****   *                        opensource.org/licenses/BSD-3-Clause
  32:Core/Src/system_stm32f4xx.c ****   *
  33:Core/Src/system_stm32f4xx.c ****   ******************************************************************************
  34:Core/Src/system_stm32f4xx.c ****   */
  35:Core/Src/system_stm32f4xx.c **** 
  36:Core/Src/system_stm32f4xx.c **** /** @addtogroup CMSIS
  37:Core/Src/system_stm32f4xx.c ****   * @{
  38:Core/Src/system_stm32f4xx.c ****   */
  39:Core/Src/system_stm32f4xx.c **** 
  40:Core/Src/system_stm32f4xx.c **** /** @addtogroup stm32f4xx_system
  41:Core/Src/system_stm32f4xx.c ****   * @{
  42:Core/Src/system_stm32f4xx.c ****   */  
  43:Core/Src/system_stm32f4xx.c ****   
  44:Core/Src/system_stm32f4xx.c **** /** @addtogroup STM32F4xx_System_Private_Includes
  45:Core/Src/system_stm32f4xx.c ****   * @{
  46:Core/Src/system_stm32f4xx.c ****   */
  47:Core/Src/system_stm32f4xx.c **** 
  48:Core/Src/system_stm32f4xx.c **** 
  49:Core/Src/system_stm32f4xx.c **** #include "stm32f4xx.h"
  50:Core/Src/system_stm32f4xx.c **** 
  51:Core/Src/system_stm32f4xx.c **** #if !defined  (HSE_VALUE) 
  52:Core/Src/system_stm32f4xx.c ****   #define HSE_VALUE    ((uint32_t)25000000) /*!< Default value of the External oscillator in Hz */
  53:Core/Src/system_stm32f4xx.c **** #endif /* HSE_VALUE */
  54:Core/Src/system_stm32f4xx.c **** 
  55:Core/Src/system_stm32f4xx.c **** #if !defined  (HSI_VALUE)
  56:Core/Src/system_stm32f4xx.c ****   #define HSI_VALUE    ((uint32_t)16000000) /*!< Value of the Internal oscillator in Hz*/
  57:Core/Src/system_stm32f4xx.c **** #endif /* HSI_VALUE */
  58:Core/Src/system_stm32f4xx.c **** 
  59:Core/Src/system_stm32f4xx.c **** /**
  60:Core/Src/system_stm32f4xx.c ****   * @}
  61:Core/Src/system_stm32f4xx.c ****   */
  62:Core/Src/system_stm32f4xx.c **** 
  63:Core/Src/system_stm32f4xx.c **** /** @addtogroup STM32F4xx_System_Private_TypesDefinitions
  64:Core/Src/system_stm32f4xx.c ****   * @{
  65:Core/Src/system_stm32f4xx.c ****   */
  66:Core/Src/system_stm32f4xx.c **** 
  67:Core/Src/system_stm32f4xx.c **** /**
ARM GAS  C:\Users\SOLDER~1\AppData\Local\Temp\ccMEp0w3.s 			page 3


  68:Core/Src/system_stm32f4xx.c ****   * @}
  69:Core/Src/system_stm32f4xx.c ****   */
  70:Core/Src/system_stm32f4xx.c **** 
  71:Core/Src/system_stm32f4xx.c **** /** @addtogroup STM32F4xx_System_Private_Defines
  72:Core/Src/system_stm32f4xx.c ****   * @{
  73:Core/Src/system_stm32f4xx.c ****   */
  74:Core/Src/system_stm32f4xx.c **** 
  75:Core/Src/system_stm32f4xx.c **** /************************* Miscellaneous Configuration ************************/
  76:Core/Src/system_stm32f4xx.c **** /*!< Uncomment the following line if you need to use external SRAM or SDRAM as data memory  */
  77:Core/Src/system_stm32f4xx.c **** #if defined(STM32F405xx) || defined(STM32F415xx) || defined(STM32F407xx) || defined(STM32F417xx)\
  78:Core/Src/system_stm32f4xx.c ****  || defined(STM32F427xx) || defined(STM32F437xx) || defined(STM32F429xx) || defined(STM32F439xx)\
  79:Core/Src/system_stm32f4xx.c ****  || defined(STM32F469xx) || defined(STM32F479xx) || defined(STM32F412Zx) || defined(STM32F412Vx)
  80:Core/Src/system_stm32f4xx.c **** /* #define DATA_IN_ExtSRAM */
  81:Core/Src/system_stm32f4xx.c **** #endif /* STM32F40xxx || STM32F41xxx || STM32F42xxx || STM32F43xxx || STM32F469xx || STM32F479xx ||
  82:Core/Src/system_stm32f4xx.c ****           STM32F412Zx || STM32F412Vx */
  83:Core/Src/system_stm32f4xx.c ****  
  84:Core/Src/system_stm32f4xx.c **** #if defined(STM32F427xx) || defined(STM32F437xx) || defined(STM32F429xx) || defined(STM32F439xx)\
  85:Core/Src/system_stm32f4xx.c ****  || defined(STM32F446xx) || defined(STM32F469xx) || defined(STM32F479xx)
  86:Core/Src/system_stm32f4xx.c **** /* #define DATA_IN_ExtSDRAM */
  87:Core/Src/system_stm32f4xx.c **** #endif /* STM32F427xx || STM32F437xx || STM32F429xx || STM32F439xx || STM32F446xx || STM32F469xx ||
  88:Core/Src/system_stm32f4xx.c ****           STM32F479xx */
  89:Core/Src/system_stm32f4xx.c **** 
  90:Core/Src/system_stm32f4xx.c **** /* Note: Following vector table addresses must be defined in line with linker
  91:Core/Src/system_stm32f4xx.c ****          configuration. */
  92:Core/Src/system_stm32f4xx.c **** /*!< Uncomment the following line if you need to relocate the vector table
  93:Core/Src/system_stm32f4xx.c ****      anywhere in Flash or Sram, else the vector table is kept at the automatic
  94:Core/Src/system_stm32f4xx.c ****      remap of boot address selected */
  95:Core/Src/system_stm32f4xx.c **** /* #define USER_VECT_TAB_ADDRESS */
  96:Core/Src/system_stm32f4xx.c **** 
  97:Core/Src/system_stm32f4xx.c **** #if defined(USER_VECT_TAB_ADDRESS)
  98:Core/Src/system_stm32f4xx.c **** /*!< Uncomment the following line if you need to relocate your vector Table
  99:Core/Src/system_stm32f4xx.c ****      in Sram else user remap will be done in Flash. */
 100:Core/Src/system_stm32f4xx.c **** /* #define VECT_TAB_SRAM */
 101:Core/Src/system_stm32f4xx.c **** #if defined(VECT_TAB_SRAM)
 102:Core/Src/system_stm32f4xx.c **** #define VECT_TAB_BASE_ADDRESS   SRAM_BASE       /*!< Vector Table base address field.
 103:Core/Src/system_stm32f4xx.c ****                                                      This value must be a multiple of 0x200. */
 104:Core/Src/system_stm32f4xx.c **** #define VECT_TAB_OFFSET         0x00000000U     /*!< Vector Table base offset field.
 105:Core/Src/system_stm32f4xx.c ****                                                      This value must be a multiple of 0x200. */
 106:Core/Src/system_stm32f4xx.c **** #else
 107:Core/Src/system_stm32f4xx.c **** #define VECT_TAB_BASE_ADDRESS   FLASH_BASE      /*!< Vector Table base address field.
 108:Core/Src/system_stm32f4xx.c ****                                                      This value must be a multiple of 0x200. */
 109:Core/Src/system_stm32f4xx.c **** #define VECT_TAB_OFFSET         0x00000000U     /*!< Vector Table base offset field.
 110:Core/Src/system_stm32f4xx.c ****                                                      This value must be a multiple of 0x200. */
 111:Core/Src/system_stm32f4xx.c **** #endif /* VECT_TAB_SRAM */
 112:Core/Src/system_stm32f4xx.c **** #endif /* USER_VECT_TAB_ADDRESS */
 113:Core/Src/system_stm32f4xx.c **** /******************************************************************************/
 114:Core/Src/system_stm32f4xx.c **** 
 115:Core/Src/system_stm32f4xx.c **** /**
 116:Core/Src/system_stm32f4xx.c ****   * @}
 117:Core/Src/system_stm32f4xx.c ****   */
 118:Core/Src/system_stm32f4xx.c **** 
 119:Core/Src/system_stm32f4xx.c **** /** @addtogroup STM32F4xx_System_Private_Macros
 120:Core/Src/system_stm32f4xx.c ****   * @{
 121:Core/Src/system_stm32f4xx.c ****   */
 122:Core/Src/system_stm32f4xx.c **** 
 123:Core/Src/system_stm32f4xx.c **** /**
 124:Core/Src/system_stm32f4xx.c ****   * @}
ARM GAS  C:\Users\SOLDER~1\AppData\Local\Temp\ccMEp0w3.s 			page 4


 125:Core/Src/system_stm32f4xx.c ****   */
 126:Core/Src/system_stm32f4xx.c **** 
 127:Core/Src/system_stm32f4xx.c **** /** @addtogroup STM32F4xx_System_Private_Variables
 128:Core/Src/system_stm32f4xx.c ****   * @{
 129:Core/Src/system_stm32f4xx.c ****   */
 130:Core/Src/system_stm32f4xx.c ****   /* This variable is updated in three ways:
 131:Core/Src/system_stm32f4xx.c ****       1) by calling CMSIS function SystemCoreClockUpdate()
 132:Core/Src/system_stm32f4xx.c ****       2) by calling HAL API function HAL_RCC_GetHCLKFreq()
 133:Core/Src/system_stm32f4xx.c ****       3) each time HAL_RCC_ClockConfig() is called to configure the system clock frequency 
 134:Core/Src/system_stm32f4xx.c ****          Note: If you use this function to configure the system clock; then there
 135:Core/Src/system_stm32f4xx.c ****                is no need to call the 2 first functions listed above, since SystemCoreClock
 136:Core/Src/system_stm32f4xx.c ****                variable is updated automatically.
 137:Core/Src/system_stm32f4xx.c ****   */
 138:Core/Src/system_stm32f4xx.c **** uint32_t SystemCoreClock = 16000000;
 139:Core/Src/system_stm32f4xx.c **** const uint8_t AHBPrescTable[16] = {0, 0, 0, 0, 0, 0, 0, 0, 1, 2, 3, 4, 6, 7, 8, 9};
 140:Core/Src/system_stm32f4xx.c **** const uint8_t APBPrescTable[8]  = {0, 0, 0, 0, 1, 2, 3, 4};
 141:Core/Src/system_stm32f4xx.c **** /**
 142:Core/Src/system_stm32f4xx.c ****   * @}
 143:Core/Src/system_stm32f4xx.c ****   */
 144:Core/Src/system_stm32f4xx.c **** 
 145:Core/Src/system_stm32f4xx.c **** /** @addtogroup STM32F4xx_System_Private_FunctionPrototypes
 146:Core/Src/system_stm32f4xx.c ****   * @{
 147:Core/Src/system_stm32f4xx.c ****   */
 148:Core/Src/system_stm32f4xx.c **** 
 149:Core/Src/system_stm32f4xx.c **** #if defined (DATA_IN_ExtSRAM) || defined (DATA_IN_ExtSDRAM)
 150:Core/Src/system_stm32f4xx.c ****   static void SystemInit_ExtMemCtl(void); 
 151:Core/Src/system_stm32f4xx.c **** #endif /* DATA_IN_ExtSRAM || DATA_IN_ExtSDRAM */
 152:Core/Src/system_stm32f4xx.c **** 
 153:Core/Src/system_stm32f4xx.c **** /**
 154:Core/Src/system_stm32f4xx.c ****   * @}
 155:Core/Src/system_stm32f4xx.c ****   */
 156:Core/Src/system_stm32f4xx.c **** 
 157:Core/Src/system_stm32f4xx.c **** /** @addtogroup STM32F4xx_System_Private_Functions
 158:Core/Src/system_stm32f4xx.c ****   * @{
 159:Core/Src/system_stm32f4xx.c ****   */
 160:Core/Src/system_stm32f4xx.c **** 
 161:Core/Src/system_stm32f4xx.c **** /**
 162:Core/Src/system_stm32f4xx.c ****   * @brief  Setup the microcontroller system
 163:Core/Src/system_stm32f4xx.c ****   *         Initialize the FPU setting, vector table location and External memory 
 164:Core/Src/system_stm32f4xx.c ****   *         configuration.
 165:Core/Src/system_stm32f4xx.c ****   * @param  None
 166:Core/Src/system_stm32f4xx.c ****   * @retval None
 167:Core/Src/system_stm32f4xx.c ****   */
 168:Core/Src/system_stm32f4xx.c **** void SystemInit(void)
 169:Core/Src/system_stm32f4xx.c **** {
  51              		.loc 1 169 1
  52              		.cfi_startproc
  53              		@ args = 0, pretend = 0, frame = 0
  54              		@ frame_needed = 1, uses_anonymous_args = 0
  55              		@ link register save eliminated.
  56 0000 80B4     		push	{r7}
  57              		.cfi_def_cfa_offset 4
  58              		.cfi_offset 7, -4
  59 0002 00AF     		add	r7, sp, #0
  60              		.cfi_def_cfa_register 7
 170:Core/Src/system_stm32f4xx.c ****   /* FPU settings ------------------------------------------------------------*/
 171:Core/Src/system_stm32f4xx.c ****   #if (__FPU_PRESENT == 1) && (__FPU_USED == 1)
ARM GAS  C:\Users\SOLDER~1\AppData\Local\Temp\ccMEp0w3.s 			page 5


 172:Core/Src/system_stm32f4xx.c ****     SCB->CPACR |= ((3UL << 10*2)|(3UL << 11*2));  /* set CP10 and CP11 Full Access */
  61              		.loc 1 172 16
  62 0004 064B     		ldr	r3, .L2
  63 0006 D3F88830 		ldr	r3, [r3, #136]
  64 000a 054A     		ldr	r2, .L2
  65 000c 43F47003 		orr	r3, r3, #15728640
  66 0010 C2F88830 		str	r3, [r2, #136]
 173:Core/Src/system_stm32f4xx.c ****   #endif
 174:Core/Src/system_stm32f4xx.c **** 
 175:Core/Src/system_stm32f4xx.c **** #if defined (DATA_IN_ExtSRAM) || defined (DATA_IN_ExtSDRAM)
 176:Core/Src/system_stm32f4xx.c ****   SystemInit_ExtMemCtl(); 
 177:Core/Src/system_stm32f4xx.c **** #endif /* DATA_IN_ExtSRAM || DATA_IN_ExtSDRAM */
 178:Core/Src/system_stm32f4xx.c **** 
 179:Core/Src/system_stm32f4xx.c ****   /* Configure the Vector Table location -------------------------------------*/
 180:Core/Src/system_stm32f4xx.c **** #if defined(USER_VECT_TAB_ADDRESS)
 181:Core/Src/system_stm32f4xx.c ****   SCB->VTOR = VECT_TAB_BASE_ADDRESS | VECT_TAB_OFFSET; /* Vector Table Relocation in Internal SRAM 
 182:Core/Src/system_stm32f4xx.c **** #endif /* USER_VECT_TAB_ADDRESS */
 183:Core/Src/system_stm32f4xx.c **** }
  67              		.loc 1 183 1
  68 0014 00BF     		nop
  69 0016 BD46     		mov	sp, r7
  70              		.cfi_def_cfa_register 13
  71              		@ sp needed
  72 0018 5DF8047B 		ldr	r7, [sp], #4
  73              		.cfi_restore 7
  74              		.cfi_def_cfa_offset 0
  75 001c 7047     		bx	lr
  76              	.L3:
  77 001e 00BF     		.align	2
  78              	.L2:
  79 0020 00ED00E0 		.word	-536810240
  80              		.cfi_endproc
  81              	.LFE130:
  83              		.section	.text.SystemCoreClockUpdate,"ax",%progbits
  84              		.align	1
  85              		.global	SystemCoreClockUpdate
  86              		.syntax unified
  87              		.thumb
  88              		.thumb_func
  90              	SystemCoreClockUpdate:
  91              	.LFB131:
 184:Core/Src/system_stm32f4xx.c **** 
 185:Core/Src/system_stm32f4xx.c **** /**
 186:Core/Src/system_stm32f4xx.c ****    * @brief  Update SystemCoreClock variable according to Clock Register Values.
 187:Core/Src/system_stm32f4xx.c ****   *         The SystemCoreClock variable contains the core clock (HCLK), it can
 188:Core/Src/system_stm32f4xx.c ****   *         be used by the user application to setup the SysTick timer or configure
 189:Core/Src/system_stm32f4xx.c ****   *         other parameters.
 190:Core/Src/system_stm32f4xx.c ****   *           
 191:Core/Src/system_stm32f4xx.c ****   * @note   Each time the core clock (HCLK) changes, this function must be called
 192:Core/Src/system_stm32f4xx.c ****   *         to update SystemCoreClock variable value. Otherwise, any configuration
 193:Core/Src/system_stm32f4xx.c ****   *         based on this variable will be incorrect.         
 194:Core/Src/system_stm32f4xx.c ****   *     
 195:Core/Src/system_stm32f4xx.c ****   * @note   - The system frequency computed by this function is not the real 
 196:Core/Src/system_stm32f4xx.c ****   *           frequency in the chip. It is calculated based on the predefined 
 197:Core/Src/system_stm32f4xx.c ****   *           constant and the selected clock source:
 198:Core/Src/system_stm32f4xx.c ****   *             
 199:Core/Src/system_stm32f4xx.c ****   *           - If SYSCLK source is HSI, SystemCoreClock will contain the HSI_VALUE(*)
ARM GAS  C:\Users\SOLDER~1\AppData\Local\Temp\ccMEp0w3.s 			page 6


 200:Core/Src/system_stm32f4xx.c ****   *                                              
 201:Core/Src/system_stm32f4xx.c ****   *           - If SYSCLK source is HSE, SystemCoreClock will contain the HSE_VALUE(**)
 202:Core/Src/system_stm32f4xx.c ****   *                          
 203:Core/Src/system_stm32f4xx.c ****   *           - If SYSCLK source is PLL, SystemCoreClock will contain the HSE_VALUE(**) 
 204:Core/Src/system_stm32f4xx.c ****   *             or HSI_VALUE(*) multiplied/divided by the PLL factors.
 205:Core/Src/system_stm32f4xx.c ****   *         
 206:Core/Src/system_stm32f4xx.c ****   *         (*) HSI_VALUE is a constant defined in stm32f4xx_hal_conf.h file (default value
 207:Core/Src/system_stm32f4xx.c ****   *             16 MHz) but the real value may vary depending on the variations
 208:Core/Src/system_stm32f4xx.c ****   *             in voltage and temperature.   
 209:Core/Src/system_stm32f4xx.c ****   *    
 210:Core/Src/system_stm32f4xx.c ****   *         (**) HSE_VALUE is a constant defined in stm32f4xx_hal_conf.h file (its value
 211:Core/Src/system_stm32f4xx.c ****   *              depends on the application requirements), user has to ensure that HSE_VALUE
 212:Core/Src/system_stm32f4xx.c ****   *              is same as the real frequency of the crystal used. Otherwise, this function
 213:Core/Src/system_stm32f4xx.c ****   *              may have wrong result.
 214:Core/Src/system_stm32f4xx.c ****   *                
 215:Core/Src/system_stm32f4xx.c ****   *         - The result of this function could be not correct when using fractional
 216:Core/Src/system_stm32f4xx.c ****   *           value for HSE crystal.
 217:Core/Src/system_stm32f4xx.c ****   *     
 218:Core/Src/system_stm32f4xx.c ****   * @param  None
 219:Core/Src/system_stm32f4xx.c ****   * @retval None
 220:Core/Src/system_stm32f4xx.c ****   */
 221:Core/Src/system_stm32f4xx.c **** void SystemCoreClockUpdate(void)
 222:Core/Src/system_stm32f4xx.c **** {
  92              		.loc 1 222 1
  93              		.cfi_startproc
  94              		@ args = 0, pretend = 0, frame = 24
  95              		@ frame_needed = 1, uses_anonymous_args = 0
  96              		@ link register save eliminated.
  97 0000 80B4     		push	{r7}
  98              		.cfi_def_cfa_offset 4
  99              		.cfi_offset 7, -4
 100 0002 87B0     		sub	sp, sp, #28
 101              		.cfi_def_cfa_offset 32
 102 0004 00AF     		add	r7, sp, #0
 103              		.cfi_def_cfa_register 7
 223:Core/Src/system_stm32f4xx.c ****   uint32_t tmp = 0, pllvco = 0, pllp = 2, pllsource = 0, pllm = 2;
 104              		.loc 1 223 12
 105 0006 0023     		movs	r3, #0
 106 0008 3B61     		str	r3, [r7, #16]
 107              		.loc 1 223 21
 108 000a 0023     		movs	r3, #0
 109 000c 7B61     		str	r3, [r7, #20]
 110              		.loc 1 223 33
 111 000e 0223     		movs	r3, #2
 112 0010 FB60     		str	r3, [r7, #12]
 113              		.loc 1 223 43
 114 0012 0023     		movs	r3, #0
 115 0014 BB60     		str	r3, [r7, #8]
 116              		.loc 1 223 58
 117 0016 0223     		movs	r3, #2
 118 0018 7B60     		str	r3, [r7, #4]
 224:Core/Src/system_stm32f4xx.c ****   
 225:Core/Src/system_stm32f4xx.c ****   /* Get SYSCLK source -------------------------------------------------------*/
 226:Core/Src/system_stm32f4xx.c ****   tmp = RCC->CFGR & RCC_CFGR_SWS;
 119              		.loc 1 226 12
 120 001a 344B     		ldr	r3, .L12
 121 001c 9B68     		ldr	r3, [r3, #8]
ARM GAS  C:\Users\SOLDER~1\AppData\Local\Temp\ccMEp0w3.s 			page 7


 122              		.loc 1 226 7
 123 001e 03F00C03 		and	r3, r3, #12
 124 0022 3B61     		str	r3, [r7, #16]
 227:Core/Src/system_stm32f4xx.c **** 
 228:Core/Src/system_stm32f4xx.c ****   switch (tmp)
 125              		.loc 1 228 3
 126 0024 3B69     		ldr	r3, [r7, #16]
 127 0026 082B     		cmp	r3, #8
 128 0028 11D0     		beq	.L5
 129 002a 3B69     		ldr	r3, [r7, #16]
 130 002c 082B     		cmp	r3, #8
 131 002e 44D8     		bhi	.L6
 132 0030 3B69     		ldr	r3, [r7, #16]
 133 0032 002B     		cmp	r3, #0
 134 0034 03D0     		beq	.L7
 135 0036 3B69     		ldr	r3, [r7, #16]
 136 0038 042B     		cmp	r3, #4
 137 003a 04D0     		beq	.L8
 138 003c 3DE0     		b	.L6
 139              	.L7:
 229:Core/Src/system_stm32f4xx.c ****   {
 230:Core/Src/system_stm32f4xx.c ****     case 0x00:  /* HSI used as system clock source */
 231:Core/Src/system_stm32f4xx.c ****       SystemCoreClock = HSI_VALUE;
 140              		.loc 1 231 23
 141 003e 2C4B     		ldr	r3, .L12+4
 142 0040 2C4A     		ldr	r2, .L12+8
 143 0042 1A60     		str	r2, [r3]
 232:Core/Src/system_stm32f4xx.c ****       break;
 144              		.loc 1 232 7
 145 0044 3DE0     		b	.L9
 146              	.L8:
 233:Core/Src/system_stm32f4xx.c ****     case 0x04:  /* HSE used as system clock source */
 234:Core/Src/system_stm32f4xx.c ****       SystemCoreClock = HSE_VALUE;
 147              		.loc 1 234 23
 148 0046 2A4B     		ldr	r3, .L12+4
 149 0048 2B4A     		ldr	r2, .L12+12
 150 004a 1A60     		str	r2, [r3]
 235:Core/Src/system_stm32f4xx.c ****       break;
 151              		.loc 1 235 7
 152 004c 39E0     		b	.L9
 153              	.L5:
 236:Core/Src/system_stm32f4xx.c ****     case 0x08:  /* PLL used as system clock source */
 237:Core/Src/system_stm32f4xx.c **** 
 238:Core/Src/system_stm32f4xx.c ****       /* PLL_VCO = (HSE_VALUE or HSI_VALUE / PLL_M) * PLL_N
 239:Core/Src/system_stm32f4xx.c ****          SYSCLK = PLL_VCO / PLL_P
 240:Core/Src/system_stm32f4xx.c ****          */    
 241:Core/Src/system_stm32f4xx.c ****       pllsource = (RCC->PLLCFGR & RCC_PLLCFGR_PLLSRC) >> 22;
 154              		.loc 1 241 23
 155 004e 274B     		ldr	r3, .L12
 156 0050 5B68     		ldr	r3, [r3, #4]
 157              		.loc 1 241 55
 158 0052 9B0D     		lsrs	r3, r3, #22
 159              		.loc 1 241 17
 160 0054 03F00103 		and	r3, r3, #1
 161 0058 BB60     		str	r3, [r7, #8]
 242:Core/Src/system_stm32f4xx.c ****       pllm = RCC->PLLCFGR & RCC_PLLCFGR_PLLM;
 162              		.loc 1 242 17
ARM GAS  C:\Users\SOLDER~1\AppData\Local\Temp\ccMEp0w3.s 			page 8


 163 005a 244B     		ldr	r3, .L12
 164 005c 5B68     		ldr	r3, [r3, #4]
 165              		.loc 1 242 12
 166 005e 03F03F03 		and	r3, r3, #63
 167 0062 7B60     		str	r3, [r7, #4]
 243:Core/Src/system_stm32f4xx.c ****       
 244:Core/Src/system_stm32f4xx.c ****       if (pllsource != 0)
 168              		.loc 1 244 10
 169 0064 BB68     		ldr	r3, [r7, #8]
 170 0066 002B     		cmp	r3, #0
 171 0068 0CD0     		beq	.L10
 245:Core/Src/system_stm32f4xx.c ****       {
 246:Core/Src/system_stm32f4xx.c ****         /* HSE used as PLL clock source */
 247:Core/Src/system_stm32f4xx.c ****         pllvco = (HSE_VALUE / pllm) * ((RCC->PLLCFGR & RCC_PLLCFGR_PLLN) >> 6);
 172              		.loc 1 247 29
 173 006a 234A     		ldr	r2, .L12+12
 174 006c 7B68     		ldr	r3, [r7, #4]
 175 006e B2FBF3F3 		udiv	r3, r2, r3
 176              		.loc 1 247 44
 177 0072 1E4A     		ldr	r2, .L12
 178 0074 5268     		ldr	r2, [r2, #4]
 179              		.loc 1 247 74
 180 0076 9209     		lsrs	r2, r2, #6
 181 0078 C2F30802 		ubfx	r2, r2, #0, #9
 182              		.loc 1 247 16
 183 007c 02FB03F3 		mul	r3, r2, r3
 184 0080 7B61     		str	r3, [r7, #20]
 185 0082 0BE0     		b	.L11
 186              	.L10:
 248:Core/Src/system_stm32f4xx.c ****       }
 249:Core/Src/system_stm32f4xx.c ****       else
 250:Core/Src/system_stm32f4xx.c ****       {
 251:Core/Src/system_stm32f4xx.c ****         /* HSI used as PLL clock source */
 252:Core/Src/system_stm32f4xx.c ****         pllvco = (HSI_VALUE / pllm) * ((RCC->PLLCFGR & RCC_PLLCFGR_PLLN) >> 6);
 187              		.loc 1 252 29
 188 0084 1B4A     		ldr	r2, .L12+8
 189 0086 7B68     		ldr	r3, [r7, #4]
 190 0088 B2FBF3F3 		udiv	r3, r2, r3
 191              		.loc 1 252 44
 192 008c 174A     		ldr	r2, .L12
 193 008e 5268     		ldr	r2, [r2, #4]
 194              		.loc 1 252 74
 195 0090 9209     		lsrs	r2, r2, #6
 196 0092 C2F30802 		ubfx	r2, r2, #0, #9
 197              		.loc 1 252 16
 198 0096 02FB03F3 		mul	r3, r2, r3
 199 009a 7B61     		str	r3, [r7, #20]
 200              	.L11:
 253:Core/Src/system_stm32f4xx.c ****       }
 254:Core/Src/system_stm32f4xx.c **** 
 255:Core/Src/system_stm32f4xx.c ****       pllp = (((RCC->PLLCFGR & RCC_PLLCFGR_PLLP) >>16) + 1 ) *2;
 201              		.loc 1 255 20
 202 009c 134B     		ldr	r3, .L12
 203 009e 5B68     		ldr	r3, [r3, #4]
 204              		.loc 1 255 50
 205 00a0 1B0C     		lsrs	r3, r3, #16
 206 00a2 03F00303 		and	r3, r3, #3
ARM GAS  C:\Users\SOLDER~1\AppData\Local\Temp\ccMEp0w3.s 			page 9


 207              		.loc 1 255 56
 208 00a6 0133     		adds	r3, r3, #1
 209              		.loc 1 255 12
 210 00a8 5B00     		lsls	r3, r3, #1
 211 00aa FB60     		str	r3, [r7, #12]
 256:Core/Src/system_stm32f4xx.c ****       SystemCoreClock = pllvco/pllp;
 212              		.loc 1 256 31
 213 00ac 7A69     		ldr	r2, [r7, #20]
 214 00ae FB68     		ldr	r3, [r7, #12]
 215 00b0 B2FBF3F3 		udiv	r3, r2, r3
 216              		.loc 1 256 23
 217 00b4 0E4A     		ldr	r2, .L12+4
 218 00b6 1360     		str	r3, [r2]
 257:Core/Src/system_stm32f4xx.c ****       break;
 219              		.loc 1 257 7
 220 00b8 03E0     		b	.L9
 221              	.L6:
 258:Core/Src/system_stm32f4xx.c ****     default:
 259:Core/Src/system_stm32f4xx.c ****       SystemCoreClock = HSI_VALUE;
 222              		.loc 1 259 23
 223 00ba 0D4B     		ldr	r3, .L12+4
 224 00bc 0D4A     		ldr	r2, .L12+8
 225 00be 1A60     		str	r2, [r3]
 260:Core/Src/system_stm32f4xx.c ****       break;
 226              		.loc 1 260 7
 227 00c0 00BF     		nop
 228              	.L9:
 261:Core/Src/system_stm32f4xx.c ****   }
 262:Core/Src/system_stm32f4xx.c ****   /* Compute HCLK frequency --------------------------------------------------*/
 263:Core/Src/system_stm32f4xx.c ****   /* Get HCLK prescaler */
 264:Core/Src/system_stm32f4xx.c ****   tmp = AHBPrescTable[((RCC->CFGR & RCC_CFGR_HPRE) >> 4)];
 229              		.loc 1 264 28
 230 00c2 0A4B     		ldr	r3, .L12
 231 00c4 9B68     		ldr	r3, [r3, #8]
 232              		.loc 1 264 52
 233 00c6 1B09     		lsrs	r3, r3, #4
 234 00c8 03F00F03 		and	r3, r3, #15
 235              		.loc 1 264 22
 236 00cc 0B4A     		ldr	r2, .L12+16
 237 00ce D35C     		ldrb	r3, [r2, r3]	@ zero_extendqisi2
 238              		.loc 1 264 7
 239 00d0 3B61     		str	r3, [r7, #16]
 265:Core/Src/system_stm32f4xx.c ****   /* HCLK frequency */
 266:Core/Src/system_stm32f4xx.c ****   SystemCoreClock >>= tmp;
 240              		.loc 1 266 19
 241 00d2 074B     		ldr	r3, .L12+4
 242 00d4 1A68     		ldr	r2, [r3]
 243 00d6 3B69     		ldr	r3, [r7, #16]
 244 00d8 22FA03F3 		lsr	r3, r2, r3
 245 00dc 044A     		ldr	r2, .L12+4
 246 00de 1360     		str	r3, [r2]
 267:Core/Src/system_stm32f4xx.c **** }
 247              		.loc 1 267 1
 248 00e0 00BF     		nop
 249 00e2 1C37     		adds	r7, r7, #28
 250              		.cfi_def_cfa_offset 4
 251 00e4 BD46     		mov	sp, r7
ARM GAS  C:\Users\SOLDER~1\AppData\Local\Temp\ccMEp0w3.s 			page 10


 252              		.cfi_def_cfa_register 13
 253              		@ sp needed
 254 00e6 5DF8047B 		ldr	r7, [sp], #4
 255              		.cfi_restore 7
 256              		.cfi_def_cfa_offset 0
 257 00ea 7047     		bx	lr
 258              	.L13:
 259              		.align	2
 260              	.L12:
 261 00ec 00380240 		.word	1073887232
 262 00f0 00000000 		.word	SystemCoreClock
 263 00f4 0024F400 		.word	16000000
 264 00f8 40787D01 		.word	25000000
 265 00fc 00000000 		.word	AHBPrescTable
 266              		.cfi_endproc
 267              	.LFE131:
 269              		.text
 270              	.Letext0:
 271              		.file 2 "c:\\st\\tools\\gcc-arm-none-eabi-10.3-2021.10\\arm-none-eabi\\include\\machine\\_default_
 272              		.file 3 "c:\\st\\tools\\gcc-arm-none-eabi-10.3-2021.10\\arm-none-eabi\\include\\sys\\_stdint.h"
 273              		.file 4 "Drivers/CMSIS/Include/core_cm4.h"
 274              		.file 5 "Drivers/CMSIS/Device/ST/STM32F4xx/Include/system_stm32f4xx.h"
 275              		.file 6 "Drivers/CMSIS/Device/ST/STM32F4xx/Include/stm32f411xe.h"
ARM GAS  C:\Users\SOLDER~1\AppData\Local\Temp\ccMEp0w3.s 			page 11


DEFINED SYMBOLS
                            *ABS*:00000000 system_stm32f4xx.c
C:\Users\SOLDER~1\AppData\Local\Temp\ccMEp0w3.s:24     .data.SystemCoreClock:00000000 SystemCoreClock
C:\Users\SOLDER~1\AppData\Local\Temp\ccMEp0w3.s:21     .data.SystemCoreClock:00000000 $d
C:\Users\SOLDER~1\AppData\Local\Temp\ccMEp0w3.s:31     .rodata.AHBPrescTable:00000000 AHBPrescTable
C:\Users\SOLDER~1\AppData\Local\Temp\ccMEp0w3.s:28     .rodata.AHBPrescTable:00000000 $d
C:\Users\SOLDER~1\AppData\Local\Temp\ccMEp0w3.s:39     .rodata.APBPrescTable:00000000 APBPrescTable
C:\Users\SOLDER~1\AppData\Local\Temp\ccMEp0w3.s:36     .rodata.APBPrescTable:00000000 $d
C:\Users\SOLDER~1\AppData\Local\Temp\ccMEp0w3.s:42     .text.SystemInit:00000000 $t
C:\Users\SOLDER~1\AppData\Local\Temp\ccMEp0w3.s:48     .text.SystemInit:00000000 SystemInit
C:\Users\SOLDER~1\AppData\Local\Temp\ccMEp0w3.s:79     .text.SystemInit:00000020 $d
C:\Users\SOLDER~1\AppData\Local\Temp\ccMEp0w3.s:84     .text.SystemCoreClockUpdate:00000000 $t
C:\Users\SOLDER~1\AppData\Local\Temp\ccMEp0w3.s:90     .text.SystemCoreClockUpdate:00000000 SystemCoreClockUpdate
C:\Users\SOLDER~1\AppData\Local\Temp\ccMEp0w3.s:261    .text.SystemCoreClockUpdate:000000ec $d
                           .group:00000000 wm4.0.3f0a1ce06f5181ce1e459e863b34cfe2
                           .group:00000000 wm4.stm32f4xx.h.39.163e65267b4f964a08764289722b975f
                           .group:00000000 wm4.stm32f411xe.h.35.cd95d7dd18e2bcbd243b87f30f907448
                           .group:00000000 wm4._newlib_version.h.4.bfdf54b0af045d4a71376ae00f63a22c
                           .group:00000000 wm4.features.h.33.318b64d71e0957639cfb30f1db1f7ec8
                           .group:00000000 wm4._default_types.h.15.247e5cd201eca3442cbf5404108c4935
                           .group:00000000 wm4._intsup.h.10.48bafbb683905c4daa4565a85aeeb264
                           .group:00000000 wm4._stdint.h.10.c24fa3af3bc1706662bb5593a907e841
                           .group:00000000 wm4.stdint.h.23.d53047a68f4a85177f80b422d52785ed
                           .group:00000000 wm4.cmsis_version.h.32.4d5822004c01a829a975260e854b5f8e
                           .group:00000000 wm4.core_cm4.h.66.e4ff136c4a17abc46741866f64f8e729
                           .group:00000000 wm4.cmsis_gcc.h.26.6774fe91202d65f4d5ffcff60e00da34
                           .group:00000000 wm4.core_cm4.h.174.059a5e001a9e729091d1407208e93224
                           .group:00000000 wm4.mpu_armv7.h.32.27b4593cb2f8d3152ca5d97a9d72b321
                           .group:00000000 wm4.stm32f411xe.h.637.23266af44350a3b17e44f737eb041fcc
                           .group:00000000 wm4.stm32f4xx.h.196.0b21137cf6c6923d8fd1f4d94a3bfdd4
                           .group:00000000 wm4.stm32f4xx_hal_conf.h.24.cf658e84b370a79d74d698f3596005c8
                           .group:00000000 wm4.stm32_hal_legacy.h.23.e2601123cf1b2a3b6d11d949644ddf87
                           .group:00000000 wm4.stddef.h.39.144cf5ddcd53cbfdac30259dc1a6c87f
                           .group:00000000 wm4.stm32f4xx_hal_def.h.58.f614308b482cecea9bcc0016240ac0fc
                           .group:00000000 wm4.stm32f4xx_hal_rcc_ex.h.22.279815e0741daf6badf72c0892228ec2
                           .group:00000000 wm4.stm32f4xx_hal_rcc.h.108.b82c8c670b41d96b2920e2f63661be15
                           .group:00000000 wm4.stm32f4xx_hal_gpio.h.22.e47df9f0f5be4ddc2ed2d14042c5e680
                           .group:00000000 wm4.stm32f4xx_hal_gpio_ex.h.22.07bba510ffde2028a7018ee98a87799d
                           .group:00000000 wm4.stm32f4xx_hal_gpio.h.255.5b948d47ad1357d6d2213e5e5ca4755c
                           .group:00000000 wm4.stm32f4xx_hal_exti.h.22.1f47767199c5bf749c04088e5c61c9c8
                           .group:00000000 wm4.stm32f4xx_hal_dma.h.22.fffce20ac9119c50557659c75e75ab1c
                           .group:00000000 wm4.stm32f4xx_hal_dma.h.721.a1e57ffbc615f926e6509c5acc65e492
                           .group:00000000 wm4.stm32f4xx_hal_cortex.h.22.e6aa3b847b5388be63c32d1f9e696ef7
                           .group:00000000 wm4.stm32f4xx_hal_flash.h.22.31b301be2655c3eb8583e51c8231544a
                           .group:00000000 wm4.stm32f4xx_hal_flash_ex.h.22.bdc1f651ef1384763525e869ecf4379e
                           .group:00000000 wm4.stm32f4xx_hal_flash.h.363.51efdf0f6c88f683efb89d7cc95cc1be
                           .group:00000000 wm4.stm32f4xx_hal_pwr.h.22.2c27d93ae187efe3a73816f03a329970
                           .group:00000000 wm4.stm32f4xx_hal_pwr_ex.h.22.04eb3957e13ca6e5ed8952d2d168bdc0
                           .group:00000000 wm4.stm32f4xx_hal_pwr.h.337.60b43975c84527a23cb6994b23165a5e
                           .group:00000000 wm4.stm32f4xx_hal_uart.h.22.591b491756a19342b0bf79eea5b33e1b
                           .group:00000000 wm4.stm32f4xx_hal.h.72.a5a58188aa461a0614f1e58e159c7840

NO UNDEFINED SYMBOLS
