ARM GAS  C:\Users\SOLDER~1\AppData\Local\Temp\ccca4so3.s 			page 1


   1              		.cpu cortex-m3
   2              		.arch armv7-m
   3              		.fpu softvfp
   4              		.eabi_attribute 20, 1
   5              		.eabi_attribute 21, 1
   6              		.eabi_attribute 23, 3
   7              		.eabi_attribute 24, 1
   8              		.eabi_attribute 25, 1
   9              		.eabi_attribute 26, 1
  10              		.eabi_attribute 30, 6
  11              		.eabi_attribute 34, 1
  12              		.eabi_attribute 18, 4
  13              		.file	"syscalls.c"
  14              		.text
  15              	.Ltext0:
  16              		.cfi_sections	.debug_frame
  17              		.global	__env
  18              		.section	.bss.__env,"aw",%nobits
  19              		.align	2
  22              	__env:
  23 0000 00000000 		.space	4
  24              		.global	environ
  25              		.section	.data.environ,"aw"
  26              		.align	2
  29              	environ:
  30 0000 00000000 		.word	__env
  31              		.section	.text.initialise_monitor_handles,"ax",%progbits
  32              		.align	1
  33              		.global	initialise_monitor_handles
  34              		.syntax unified
  35              		.thumb
  36              		.thumb_func
  38              	initialise_monitor_handles:
  39              	.LFB25:
  40              		.file 1 "Core/Src/syscalls.c"
   1:Core/Src/syscalls.c **** /**
   2:Core/Src/syscalls.c ****  ******************************************************************************
   3:Core/Src/syscalls.c ****  * @file      syscalls.c
   4:Core/Src/syscalls.c ****  * @author    Auto-generated by STM32CubeIDE
   5:Core/Src/syscalls.c ****  * @brief     STM32CubeIDE Minimal System calls file
   6:Core/Src/syscalls.c ****  *
   7:Core/Src/syscalls.c ****  *            For more information about which c-functions
   8:Core/Src/syscalls.c ****  *            need which of these lowlevel functions
   9:Core/Src/syscalls.c ****  *            please consult the Newlib libc-manual
  10:Core/Src/syscalls.c ****  ******************************************************************************
  11:Core/Src/syscalls.c ****  * @attention
  12:Core/Src/syscalls.c ****  *
  13:Core/Src/syscalls.c ****  * <h2><center>&copy; Copyright (c) 2020 STMicroelectronics.
  14:Core/Src/syscalls.c ****  * All rights reserved.</center></h2>
  15:Core/Src/syscalls.c ****  *
  16:Core/Src/syscalls.c ****  * This software component is licensed by ST under BSD 3-Clause license,
  17:Core/Src/syscalls.c ****  * the "License"; You may not use this file except in compliance with the
  18:Core/Src/syscalls.c ****  * License. You may obtain a copy of the License at:
  19:Core/Src/syscalls.c ****  *                        opensource.org/licenses/BSD-3-Clause
  20:Core/Src/syscalls.c ****  *
  21:Core/Src/syscalls.c ****  ******************************************************************************
  22:Core/Src/syscalls.c ****  */
ARM GAS  C:\Users\SOLDER~1\AppData\Local\Temp\ccca4so3.s 			page 2


  23:Core/Src/syscalls.c **** 
  24:Core/Src/syscalls.c **** /* Includes */
  25:Core/Src/syscalls.c **** #include <errno.h>
  26:Core/Src/syscalls.c **** #include <signal.h>
  27:Core/Src/syscalls.c **** #include <stdio.h>
  28:Core/Src/syscalls.c **** #include <stdlib.h>
  29:Core/Src/syscalls.c **** #include <sys/stat.h>
  30:Core/Src/syscalls.c **** #include <sys/time.h>
  31:Core/Src/syscalls.c **** #include <sys/times.h>
  32:Core/Src/syscalls.c **** #include <time.h>
  33:Core/Src/syscalls.c **** 
  34:Core/Src/syscalls.c **** /* Variables */
  35:Core/Src/syscalls.c **** extern int __io_putchar(int ch) __attribute__((weak));
  36:Core/Src/syscalls.c **** extern int __io_getchar(void) __attribute__((weak));
  37:Core/Src/syscalls.c **** 
  38:Core/Src/syscalls.c **** char *__env[1] = {0};
  39:Core/Src/syscalls.c **** char **environ = __env;
  40:Core/Src/syscalls.c **** 
  41:Core/Src/syscalls.c **** /* Functions */
  42:Core/Src/syscalls.c **** void initialise_monitor_handles() {
  41              		.loc 1 42 35
  42              		.cfi_startproc
  43              		@ args = 0, pretend = 0, frame = 0
  44              		@ frame_needed = 1, uses_anonymous_args = 0
  45              		@ link register save eliminated.
  46 0000 80B4     		push	{r7}
  47              		.cfi_def_cfa_offset 4
  48              		.cfi_offset 7, -4
  49 0002 00AF     		add	r7, sp, #0
  50              		.cfi_def_cfa_register 7
  43:Core/Src/syscalls.c **** }
  51              		.loc 1 43 1
  52 0004 00BF     		nop
  53 0006 BD46     		mov	sp, r7
  54              		.cfi_def_cfa_register 13
  55              		@ sp needed
  56 0008 80BC     		pop	{r7}
  57              		.cfi_restore 7
  58              		.cfi_def_cfa_offset 0
  59 000a 7047     		bx	lr
  60              		.cfi_endproc
  61              	.LFE25:
  63              		.section	.text._getpid,"ax",%progbits
  64              		.align	1
  65              		.global	_getpid
  66              		.syntax unified
  67              		.thumb
  68              		.thumb_func
  70              	_getpid:
  71              	.LFB26:
  44:Core/Src/syscalls.c **** 
  45:Core/Src/syscalls.c **** int _getpid(void) {
  72              		.loc 1 45 19
  73              		.cfi_startproc
  74              		@ args = 0, pretend = 0, frame = 0
  75              		@ frame_needed = 1, uses_anonymous_args = 0
  76              		@ link register save eliminated.
ARM GAS  C:\Users\SOLDER~1\AppData\Local\Temp\ccca4so3.s 			page 3


  77 0000 80B4     		push	{r7}
  78              		.cfi_def_cfa_offset 4
  79              		.cfi_offset 7, -4
  80 0002 00AF     		add	r7, sp, #0
  81              		.cfi_def_cfa_register 7
  46:Core/Src/syscalls.c ****     return 1;
  82              		.loc 1 46 12
  83 0004 0123     		movs	r3, #1
  47:Core/Src/syscalls.c **** }
  84              		.loc 1 47 1
  85 0006 1846     		mov	r0, r3
  86 0008 BD46     		mov	sp, r7
  87              		.cfi_def_cfa_register 13
  88              		@ sp needed
  89 000a 80BC     		pop	{r7}
  90              		.cfi_restore 7
  91              		.cfi_def_cfa_offset 0
  92 000c 7047     		bx	lr
  93              		.cfi_endproc
  94              	.LFE26:
  96              		.section	.text._kill,"ax",%progbits
  97              		.align	1
  98              		.global	_kill
  99              		.syntax unified
 100              		.thumb
 101              		.thumb_func
 103              	_kill:
 104              	.LFB27:
  48:Core/Src/syscalls.c **** 
  49:Core/Src/syscalls.c **** int _kill(int pid, int sig) {
 105              		.loc 1 49 29
 106              		.cfi_startproc
 107              		@ args = 0, pretend = 0, frame = 8
 108              		@ frame_needed = 1, uses_anonymous_args = 0
 109 0000 80B5     		push	{r7, lr}
 110              		.cfi_def_cfa_offset 8
 111              		.cfi_offset 7, -8
 112              		.cfi_offset 14, -4
 113 0002 82B0     		sub	sp, sp, #8
 114              		.cfi_def_cfa_offset 16
 115 0004 00AF     		add	r7, sp, #0
 116              		.cfi_def_cfa_register 7
 117 0006 7860     		str	r0, [r7, #4]
 118 0008 3960     		str	r1, [r7]
  50:Core/Src/syscalls.c ****     errno = EINVAL;
 119              		.loc 1 50 5
 120 000a FFF7FEFF 		bl	__errno
 121 000e 0346     		mov	r3, r0
 122              		.loc 1 50 11
 123 0010 1622     		movs	r2, #22
 124 0012 1A60     		str	r2, [r3]
  51:Core/Src/syscalls.c ****     return -1;
 125              		.loc 1 51 12
 126 0014 4FF0FF33 		mov	r3, #-1
  52:Core/Src/syscalls.c **** }
 127              		.loc 1 52 1
 128 0018 1846     		mov	r0, r3
ARM GAS  C:\Users\SOLDER~1\AppData\Local\Temp\ccca4so3.s 			page 4


 129 001a 0837     		adds	r7, r7, #8
 130              		.cfi_def_cfa_offset 8
 131 001c BD46     		mov	sp, r7
 132              		.cfi_def_cfa_register 13
 133              		@ sp needed
 134 001e 80BD     		pop	{r7, pc}
 135              		.cfi_endproc
 136              	.LFE27:
 138              		.section	.text._exit,"ax",%progbits
 139              		.align	1
 140              		.global	_exit
 141              		.syntax unified
 142              		.thumb
 143              		.thumb_func
 145              	_exit:
 146              	.LFB28:
  53:Core/Src/syscalls.c **** 
  54:Core/Src/syscalls.c **** void _exit(int status) {
 147              		.loc 1 54 24
 148              		.cfi_startproc
 149              		@ args = 0, pretend = 0, frame = 8
 150              		@ frame_needed = 1, uses_anonymous_args = 0
 151 0000 80B5     		push	{r7, lr}
 152              		.cfi_def_cfa_offset 8
 153              		.cfi_offset 7, -8
 154              		.cfi_offset 14, -4
 155 0002 82B0     		sub	sp, sp, #8
 156              		.cfi_def_cfa_offset 16
 157 0004 00AF     		add	r7, sp, #0
 158              		.cfi_def_cfa_register 7
 159 0006 7860     		str	r0, [r7, #4]
  55:Core/Src/syscalls.c ****     _kill(status, -1);
 160              		.loc 1 55 5
 161 0008 4FF0FF31 		mov	r1, #-1
 162 000c 7868     		ldr	r0, [r7, #4]
 163 000e FFF7FEFF 		bl	_kill
 164              	.L7:
  56:Core/Src/syscalls.c ****     while (1) {} /* Make sure we hang here */
 165              		.loc 1 56 11 discriminator 1
 166 0012 FEE7     		b	.L7
 167              		.cfi_endproc
 168              	.LFE28:
 170              		.section	.text._read,"ax",%progbits
 171              		.align	1
 172              		.weak	_read
 173              		.syntax unified
 174              		.thumb
 175              		.thumb_func
 177              	_read:
 178              	.LFB29:
  57:Core/Src/syscalls.c **** }
  58:Core/Src/syscalls.c **** 
  59:Core/Src/syscalls.c **** __attribute__((weak)) int _read(int file, char *ptr, int len) {
 179              		.loc 1 59 63
 180              		.cfi_startproc
 181              		@ args = 0, pretend = 0, frame = 24
 182              		@ frame_needed = 1, uses_anonymous_args = 0
ARM GAS  C:\Users\SOLDER~1\AppData\Local\Temp\ccca4so3.s 			page 5


 183 0000 80B5     		push	{r7, lr}
 184              		.cfi_def_cfa_offset 8
 185              		.cfi_offset 7, -8
 186              		.cfi_offset 14, -4
 187 0002 86B0     		sub	sp, sp, #24
 188              		.cfi_def_cfa_offset 32
 189 0004 00AF     		add	r7, sp, #0
 190              		.cfi_def_cfa_register 7
 191 0006 F860     		str	r0, [r7, #12]
 192 0008 B960     		str	r1, [r7, #8]
 193 000a 7A60     		str	r2, [r7, #4]
  60:Core/Src/syscalls.c ****     int DataIdx;
  61:Core/Src/syscalls.c **** 
  62:Core/Src/syscalls.c ****     for (DataIdx = 0; DataIdx < len; DataIdx++) {
 194              		.loc 1 62 18
 195 000c 0023     		movs	r3, #0
 196 000e 7B61     		str	r3, [r7, #20]
 197              		.loc 1 62 5
 198 0010 0AE0     		b	.L9
 199              	.L10:
  63:Core/Src/syscalls.c ****         *ptr++ = __io_getchar();
 200              		.loc 1 63 18 discriminator 3
 201 0012 FFF7FEFF 		bl	__io_getchar
 202 0016 0146     		mov	r1, r0
 203              		.loc 1 63 13 discriminator 3
 204 0018 BB68     		ldr	r3, [r7, #8]
 205 001a 5A1C     		adds	r2, r3, #1
 206 001c BA60     		str	r2, [r7, #8]
 207              		.loc 1 63 16 discriminator 3
 208 001e CAB2     		uxtb	r2, r1
 209 0020 1A70     		strb	r2, [r3]
  62:Core/Src/syscalls.c ****         *ptr++ = __io_getchar();
 210              		.loc 1 62 45 discriminator 3
 211 0022 7B69     		ldr	r3, [r7, #20]
 212 0024 0133     		adds	r3, r3, #1
 213 0026 7B61     		str	r3, [r7, #20]
 214              	.L9:
  62:Core/Src/syscalls.c ****         *ptr++ = __io_getchar();
 215              		.loc 1 62 5 discriminator 1
 216 0028 7A69     		ldr	r2, [r7, #20]
 217 002a 7B68     		ldr	r3, [r7, #4]
 218 002c 9A42     		cmp	r2, r3
 219 002e F0DB     		blt	.L10
  64:Core/Src/syscalls.c ****     }
  65:Core/Src/syscalls.c **** 
  66:Core/Src/syscalls.c ****     return len;
 220              		.loc 1 66 12
 221 0030 7B68     		ldr	r3, [r7, #4]
  67:Core/Src/syscalls.c **** }
 222              		.loc 1 67 1
 223 0032 1846     		mov	r0, r3
 224 0034 1837     		adds	r7, r7, #24
 225              		.cfi_def_cfa_offset 8
 226 0036 BD46     		mov	sp, r7
 227              		.cfi_def_cfa_register 13
 228              		@ sp needed
 229 0038 80BD     		pop	{r7, pc}
ARM GAS  C:\Users\SOLDER~1\AppData\Local\Temp\ccca4so3.s 			page 6


 230              		.cfi_endproc
 231              	.LFE29:
 233              		.section	.text._write,"ax",%progbits
 234              		.align	1
 235              		.weak	_write
 236              		.syntax unified
 237              		.thumb
 238              		.thumb_func
 240              	_write:
 241              	.LFB30:
  68:Core/Src/syscalls.c **** 
  69:Core/Src/syscalls.c **** __attribute__((weak)) int _write(int file, char *ptr, int len) {
 242              		.loc 1 69 64
 243              		.cfi_startproc
 244              		@ args = 0, pretend = 0, frame = 24
 245              		@ frame_needed = 1, uses_anonymous_args = 0
 246 0000 80B5     		push	{r7, lr}
 247              		.cfi_def_cfa_offset 8
 248              		.cfi_offset 7, -8
 249              		.cfi_offset 14, -4
 250 0002 86B0     		sub	sp, sp, #24
 251              		.cfi_def_cfa_offset 32
 252 0004 00AF     		add	r7, sp, #0
 253              		.cfi_def_cfa_register 7
 254 0006 F860     		str	r0, [r7, #12]
 255 0008 B960     		str	r1, [r7, #8]
 256 000a 7A60     		str	r2, [r7, #4]
  70:Core/Src/syscalls.c ****     int DataIdx;
  71:Core/Src/syscalls.c **** 
  72:Core/Src/syscalls.c ****     for (DataIdx = 0; DataIdx < len; DataIdx++) {
 257              		.loc 1 72 18
 258 000c 0023     		movs	r3, #0
 259 000e 7B61     		str	r3, [r7, #20]
 260              		.loc 1 72 5
 261 0010 09E0     		b	.L13
 262              	.L14:
  73:Core/Src/syscalls.c ****         __io_putchar(*ptr++);
 263              		.loc 1 73 26 discriminator 3
 264 0012 BB68     		ldr	r3, [r7, #8]
 265 0014 5A1C     		adds	r2, r3, #1
 266 0016 BA60     		str	r2, [r7, #8]
 267              		.loc 1 73 22 discriminator 3
 268 0018 1B78     		ldrb	r3, [r3]	@ zero_extendqisi2
 269              		.loc 1 73 9 discriminator 3
 270 001a 1846     		mov	r0, r3
 271 001c FFF7FEFF 		bl	__io_putchar
  72:Core/Src/syscalls.c ****         __io_putchar(*ptr++);
 272              		.loc 1 72 45 discriminator 3
 273 0020 7B69     		ldr	r3, [r7, #20]
 274 0022 0133     		adds	r3, r3, #1
 275 0024 7B61     		str	r3, [r7, #20]
 276              	.L13:
  72:Core/Src/syscalls.c ****         __io_putchar(*ptr++);
 277              		.loc 1 72 5 discriminator 1
 278 0026 7A69     		ldr	r2, [r7, #20]
 279 0028 7B68     		ldr	r3, [r7, #4]
 280 002a 9A42     		cmp	r2, r3
ARM GAS  C:\Users\SOLDER~1\AppData\Local\Temp\ccca4so3.s 			page 7


 281 002c F1DB     		blt	.L14
  74:Core/Src/syscalls.c ****     }
  75:Core/Src/syscalls.c ****     return len;
 282              		.loc 1 75 12
 283 002e 7B68     		ldr	r3, [r7, #4]
  76:Core/Src/syscalls.c **** }
 284              		.loc 1 76 1
 285 0030 1846     		mov	r0, r3
 286 0032 1837     		adds	r7, r7, #24
 287              		.cfi_def_cfa_offset 8
 288 0034 BD46     		mov	sp, r7
 289              		.cfi_def_cfa_register 13
 290              		@ sp needed
 291 0036 80BD     		pop	{r7, pc}
 292              		.cfi_endproc
 293              	.LFE30:
 295              		.section	.text._close,"ax",%progbits
 296              		.align	1
 297              		.global	_close
 298              		.syntax unified
 299              		.thumb
 300              		.thumb_func
 302              	_close:
 303              	.LFB31:
  77:Core/Src/syscalls.c **** 
  78:Core/Src/syscalls.c **** int _close(int file) {
 304              		.loc 1 78 22
 305              		.cfi_startproc
 306              		@ args = 0, pretend = 0, frame = 8
 307              		@ frame_needed = 1, uses_anonymous_args = 0
 308              		@ link register save eliminated.
 309 0000 80B4     		push	{r7}
 310              		.cfi_def_cfa_offset 4
 311              		.cfi_offset 7, -4
 312 0002 83B0     		sub	sp, sp, #12
 313              		.cfi_def_cfa_offset 16
 314 0004 00AF     		add	r7, sp, #0
 315              		.cfi_def_cfa_register 7
 316 0006 7860     		str	r0, [r7, #4]
  79:Core/Src/syscalls.c ****     return -1;
 317              		.loc 1 79 12
 318 0008 4FF0FF33 		mov	r3, #-1
  80:Core/Src/syscalls.c **** }
 319              		.loc 1 80 1
 320 000c 1846     		mov	r0, r3
 321 000e 0C37     		adds	r7, r7, #12
 322              		.cfi_def_cfa_offset 4
 323 0010 BD46     		mov	sp, r7
 324              		.cfi_def_cfa_register 13
 325              		@ sp needed
 326 0012 80BC     		pop	{r7}
 327              		.cfi_restore 7
 328              		.cfi_def_cfa_offset 0
 329 0014 7047     		bx	lr
 330              		.cfi_endproc
 331              	.LFE31:
 333              		.section	.text._fstat,"ax",%progbits
ARM GAS  C:\Users\SOLDER~1\AppData\Local\Temp\ccca4so3.s 			page 8


 334              		.align	1
 335              		.global	_fstat
 336              		.syntax unified
 337              		.thumb
 338              		.thumb_func
 340              	_fstat:
 341              	.LFB32:
  81:Core/Src/syscalls.c **** 
  82:Core/Src/syscalls.c **** int _fstat(int file, struct stat *st) {
 342              		.loc 1 82 39
 343              		.cfi_startproc
 344              		@ args = 0, pretend = 0, frame = 8
 345              		@ frame_needed = 1, uses_anonymous_args = 0
 346              		@ link register save eliminated.
 347 0000 80B4     		push	{r7}
 348              		.cfi_def_cfa_offset 4
 349              		.cfi_offset 7, -4
 350 0002 83B0     		sub	sp, sp, #12
 351              		.cfi_def_cfa_offset 16
 352 0004 00AF     		add	r7, sp, #0
 353              		.cfi_def_cfa_register 7
 354 0006 7860     		str	r0, [r7, #4]
 355 0008 3960     		str	r1, [r7]
  83:Core/Src/syscalls.c ****     st->st_mode = S_IFCHR;
 356              		.loc 1 83 17
 357 000a 3B68     		ldr	r3, [r7]
 358 000c 4FF40052 		mov	r2, #8192
 359 0010 5A60     		str	r2, [r3, #4]
  84:Core/Src/syscalls.c ****     return 0;
 360              		.loc 1 84 12
 361 0012 0023     		movs	r3, #0
  85:Core/Src/syscalls.c **** }
 362              		.loc 1 85 1
 363 0014 1846     		mov	r0, r3
 364 0016 0C37     		adds	r7, r7, #12
 365              		.cfi_def_cfa_offset 4
 366 0018 BD46     		mov	sp, r7
 367              		.cfi_def_cfa_register 13
 368              		@ sp needed
 369 001a 80BC     		pop	{r7}
 370              		.cfi_restore 7
 371              		.cfi_def_cfa_offset 0
 372 001c 7047     		bx	lr
 373              		.cfi_endproc
 374              	.LFE32:
 376              		.section	.text._isatty,"ax",%progbits
 377              		.align	1
 378              		.global	_isatty
 379              		.syntax unified
 380              		.thumb
 381              		.thumb_func
 383              	_isatty:
 384              	.LFB33:
  86:Core/Src/syscalls.c **** 
  87:Core/Src/syscalls.c **** int _isatty(int file) {
 385              		.loc 1 87 23
 386              		.cfi_startproc
ARM GAS  C:\Users\SOLDER~1\AppData\Local\Temp\ccca4so3.s 			page 9


 387              		@ args = 0, pretend = 0, frame = 8
 388              		@ frame_needed = 1, uses_anonymous_args = 0
 389              		@ link register save eliminated.
 390 0000 80B4     		push	{r7}
 391              		.cfi_def_cfa_offset 4
 392              		.cfi_offset 7, -4
 393 0002 83B0     		sub	sp, sp, #12
 394              		.cfi_def_cfa_offset 16
 395 0004 00AF     		add	r7, sp, #0
 396              		.cfi_def_cfa_register 7
 397 0006 7860     		str	r0, [r7, #4]
  88:Core/Src/syscalls.c ****     return 1;
 398              		.loc 1 88 12
 399 0008 0123     		movs	r3, #1
  89:Core/Src/syscalls.c **** }
 400              		.loc 1 89 1
 401 000a 1846     		mov	r0, r3
 402 000c 0C37     		adds	r7, r7, #12
 403              		.cfi_def_cfa_offset 4
 404 000e BD46     		mov	sp, r7
 405              		.cfi_def_cfa_register 13
 406              		@ sp needed
 407 0010 80BC     		pop	{r7}
 408              		.cfi_restore 7
 409              		.cfi_def_cfa_offset 0
 410 0012 7047     		bx	lr
 411              		.cfi_endproc
 412              	.LFE33:
 414              		.section	.text._lseek,"ax",%progbits
 415              		.align	1
 416              		.global	_lseek
 417              		.syntax unified
 418              		.thumb
 419              		.thumb_func
 421              	_lseek:
 422              	.LFB34:
  90:Core/Src/syscalls.c **** 
  91:Core/Src/syscalls.c **** int _lseek(int file, int ptr, int dir) {
 423              		.loc 1 91 40
 424              		.cfi_startproc
 425              		@ args = 0, pretend = 0, frame = 16
 426              		@ frame_needed = 1, uses_anonymous_args = 0
 427              		@ link register save eliminated.
 428 0000 80B4     		push	{r7}
 429              		.cfi_def_cfa_offset 4
 430              		.cfi_offset 7, -4
 431 0002 85B0     		sub	sp, sp, #20
 432              		.cfi_def_cfa_offset 24
 433 0004 00AF     		add	r7, sp, #0
 434              		.cfi_def_cfa_register 7
 435 0006 F860     		str	r0, [r7, #12]
 436 0008 B960     		str	r1, [r7, #8]
 437 000a 7A60     		str	r2, [r7, #4]
  92:Core/Src/syscalls.c ****     return 0;
 438              		.loc 1 92 12
 439 000c 0023     		movs	r3, #0
  93:Core/Src/syscalls.c **** }
ARM GAS  C:\Users\SOLDER~1\AppData\Local\Temp\ccca4so3.s 			page 10


 440              		.loc 1 93 1
 441 000e 1846     		mov	r0, r3
 442 0010 1437     		adds	r7, r7, #20
 443              		.cfi_def_cfa_offset 4
 444 0012 BD46     		mov	sp, r7
 445              		.cfi_def_cfa_register 13
 446              		@ sp needed
 447 0014 80BC     		pop	{r7}
 448              		.cfi_restore 7
 449              		.cfi_def_cfa_offset 0
 450 0016 7047     		bx	lr
 451              		.cfi_endproc
 452              	.LFE34:
 454              		.section	.text._open,"ax",%progbits
 455              		.align	1
 456              		.global	_open
 457              		.syntax unified
 458              		.thumb
 459              		.thumb_func
 461              	_open:
 462              	.LFB35:
  94:Core/Src/syscalls.c **** 
  95:Core/Src/syscalls.c **** int _open(char *path, int flags, ...) {
 463              		.loc 1 95 39
 464              		.cfi_startproc
 465              		@ args = 4, pretend = 12, frame = 8
 466              		@ frame_needed = 1, uses_anonymous_args = 1
 467              		@ link register save eliminated.
 468 0000 0EB4     		push	{r1, r2, r3}
 469              		.cfi_def_cfa_offset 12
 470              		.cfi_offset 1, -12
 471              		.cfi_offset 2, -8
 472              		.cfi_offset 3, -4
 473 0002 80B4     		push	{r7}
 474              		.cfi_def_cfa_offset 16
 475              		.cfi_offset 7, -16
 476 0004 82B0     		sub	sp, sp, #8
 477              		.cfi_def_cfa_offset 24
 478 0006 00AF     		add	r7, sp, #0
 479              		.cfi_def_cfa_register 7
 480 0008 7860     		str	r0, [r7, #4]
  96:Core/Src/syscalls.c ****     /* Pretend like we always fail */
  97:Core/Src/syscalls.c ****     return -1;
 481              		.loc 1 97 12
 482 000a 4FF0FF33 		mov	r3, #-1
  98:Core/Src/syscalls.c **** }
 483              		.loc 1 98 1
 484 000e 1846     		mov	r0, r3
 485 0010 0837     		adds	r7, r7, #8
 486              		.cfi_def_cfa_offset 16
 487 0012 BD46     		mov	sp, r7
 488              		.cfi_def_cfa_register 13
 489              		@ sp needed
 490 0014 80BC     		pop	{r7}
 491              		.cfi_restore 7
 492              		.cfi_def_cfa_offset 12
 493 0016 03B0     		add	sp, sp, #12
ARM GAS  C:\Users\SOLDER~1\AppData\Local\Temp\ccca4so3.s 			page 11


 494              		.cfi_restore 3
 495              		.cfi_restore 2
 496              		.cfi_restore 1
 497              		.cfi_def_cfa_offset 0
 498 0018 7047     		bx	lr
 499              		.cfi_endproc
 500              	.LFE35:
 502              		.section	.text._wait,"ax",%progbits
 503              		.align	1
 504              		.global	_wait
 505              		.syntax unified
 506              		.thumb
 507              		.thumb_func
 509              	_wait:
 510              	.LFB36:
  99:Core/Src/syscalls.c **** 
 100:Core/Src/syscalls.c **** int _wait(int *status) {
 511              		.loc 1 100 24
 512              		.cfi_startproc
 513              		@ args = 0, pretend = 0, frame = 8
 514              		@ frame_needed = 1, uses_anonymous_args = 0
 515 0000 80B5     		push	{r7, lr}
 516              		.cfi_def_cfa_offset 8
 517              		.cfi_offset 7, -8
 518              		.cfi_offset 14, -4
 519 0002 82B0     		sub	sp, sp, #8
 520              		.cfi_def_cfa_offset 16
 521 0004 00AF     		add	r7, sp, #0
 522              		.cfi_def_cfa_register 7
 523 0006 7860     		str	r0, [r7, #4]
 101:Core/Src/syscalls.c ****     errno = ECHILD;
 524              		.loc 1 101 5
 525 0008 FFF7FEFF 		bl	__errno
 526 000c 0346     		mov	r3, r0
 527              		.loc 1 101 11
 528 000e 0A22     		movs	r2, #10
 529 0010 1A60     		str	r2, [r3]
 102:Core/Src/syscalls.c ****     return -1;
 530              		.loc 1 102 12
 531 0012 4FF0FF33 		mov	r3, #-1
 103:Core/Src/syscalls.c **** }
 532              		.loc 1 103 1
 533 0016 1846     		mov	r0, r3
 534 0018 0837     		adds	r7, r7, #8
 535              		.cfi_def_cfa_offset 8
 536 001a BD46     		mov	sp, r7
 537              		.cfi_def_cfa_register 13
 538              		@ sp needed
 539 001c 80BD     		pop	{r7, pc}
 540              		.cfi_endproc
 541              	.LFE36:
 543              		.section	.text._unlink,"ax",%progbits
 544              		.align	1
 545              		.global	_unlink
 546              		.syntax unified
 547              		.thumb
 548              		.thumb_func
ARM GAS  C:\Users\SOLDER~1\AppData\Local\Temp\ccca4so3.s 			page 12


 550              	_unlink:
 551              	.LFB37:
 104:Core/Src/syscalls.c **** 
 105:Core/Src/syscalls.c **** int _unlink(char *name) {
 552              		.loc 1 105 25
 553              		.cfi_startproc
 554              		@ args = 0, pretend = 0, frame = 8
 555              		@ frame_needed = 1, uses_anonymous_args = 0
 556 0000 80B5     		push	{r7, lr}
 557              		.cfi_def_cfa_offset 8
 558              		.cfi_offset 7, -8
 559              		.cfi_offset 14, -4
 560 0002 82B0     		sub	sp, sp, #8
 561              		.cfi_def_cfa_offset 16
 562 0004 00AF     		add	r7, sp, #0
 563              		.cfi_def_cfa_register 7
 564 0006 7860     		str	r0, [r7, #4]
 106:Core/Src/syscalls.c ****     errno = ENOENT;
 565              		.loc 1 106 5
 566 0008 FFF7FEFF 		bl	__errno
 567 000c 0346     		mov	r3, r0
 568              		.loc 1 106 11
 569 000e 0222     		movs	r2, #2
 570 0010 1A60     		str	r2, [r3]
 107:Core/Src/syscalls.c ****     return -1;
 571              		.loc 1 107 12
 572 0012 4FF0FF33 		mov	r3, #-1
 108:Core/Src/syscalls.c **** }
 573              		.loc 1 108 1
 574 0016 1846     		mov	r0, r3
 575 0018 0837     		adds	r7, r7, #8
 576              		.cfi_def_cfa_offset 8
 577 001a BD46     		mov	sp, r7
 578              		.cfi_def_cfa_register 13
 579              		@ sp needed
 580 001c 80BD     		pop	{r7, pc}
 581              		.cfi_endproc
 582              	.LFE37:
 584              		.section	.text._times,"ax",%progbits
 585              		.align	1
 586              		.global	_times
 587              		.syntax unified
 588              		.thumb
 589              		.thumb_func
 591              	_times:
 592              	.LFB38:
 109:Core/Src/syscalls.c **** 
 110:Core/Src/syscalls.c **** int _times(struct tms *buf) {
 593              		.loc 1 110 29
 594              		.cfi_startproc
 595              		@ args = 0, pretend = 0, frame = 8
 596              		@ frame_needed = 1, uses_anonymous_args = 0
 597              		@ link register save eliminated.
 598 0000 80B4     		push	{r7}
 599              		.cfi_def_cfa_offset 4
 600              		.cfi_offset 7, -4
 601 0002 83B0     		sub	sp, sp, #12
ARM GAS  C:\Users\SOLDER~1\AppData\Local\Temp\ccca4so3.s 			page 13


 602              		.cfi_def_cfa_offset 16
 603 0004 00AF     		add	r7, sp, #0
 604              		.cfi_def_cfa_register 7
 605 0006 7860     		str	r0, [r7, #4]
 111:Core/Src/syscalls.c ****     return -1;
 606              		.loc 1 111 12
 607 0008 4FF0FF33 		mov	r3, #-1
 112:Core/Src/syscalls.c **** }
 608              		.loc 1 112 1
 609 000c 1846     		mov	r0, r3
 610 000e 0C37     		adds	r7, r7, #12
 611              		.cfi_def_cfa_offset 4
 612 0010 BD46     		mov	sp, r7
 613              		.cfi_def_cfa_register 13
 614              		@ sp needed
 615 0012 80BC     		pop	{r7}
 616              		.cfi_restore 7
 617              		.cfi_def_cfa_offset 0
 618 0014 7047     		bx	lr
 619              		.cfi_endproc
 620              	.LFE38:
 622              		.section	.text._stat,"ax",%progbits
 623              		.align	1
 624              		.global	_stat
 625              		.syntax unified
 626              		.thumb
 627              		.thumb_func
 629              	_stat:
 630              	.LFB39:
 113:Core/Src/syscalls.c **** 
 114:Core/Src/syscalls.c **** int _stat(char *file, struct stat *st) {
 631              		.loc 1 114 40
 632              		.cfi_startproc
 633              		@ args = 0, pretend = 0, frame = 8
 634              		@ frame_needed = 1, uses_anonymous_args = 0
 635              		@ link register save eliminated.
 636 0000 80B4     		push	{r7}
 637              		.cfi_def_cfa_offset 4
 638              		.cfi_offset 7, -4
 639 0002 83B0     		sub	sp, sp, #12
 640              		.cfi_def_cfa_offset 16
 641 0004 00AF     		add	r7, sp, #0
 642              		.cfi_def_cfa_register 7
 643 0006 7860     		str	r0, [r7, #4]
 644 0008 3960     		str	r1, [r7]
 115:Core/Src/syscalls.c ****     st->st_mode = S_IFCHR;
 645              		.loc 1 115 17
 646 000a 3B68     		ldr	r3, [r7]
 647 000c 4FF40052 		mov	r2, #8192
 648 0010 5A60     		str	r2, [r3, #4]
 116:Core/Src/syscalls.c ****     return 0;
 649              		.loc 1 116 12
 650 0012 0023     		movs	r3, #0
 117:Core/Src/syscalls.c **** }
 651              		.loc 1 117 1
 652 0014 1846     		mov	r0, r3
 653 0016 0C37     		adds	r7, r7, #12
ARM GAS  C:\Users\SOLDER~1\AppData\Local\Temp\ccca4so3.s 			page 14


 654              		.cfi_def_cfa_offset 4
 655 0018 BD46     		mov	sp, r7
 656              		.cfi_def_cfa_register 13
 657              		@ sp needed
 658 001a 80BC     		pop	{r7}
 659              		.cfi_restore 7
 660              		.cfi_def_cfa_offset 0
 661 001c 7047     		bx	lr
 662              		.cfi_endproc
 663              	.LFE39:
 665              		.section	.text._link,"ax",%progbits
 666              		.align	1
 667              		.global	_link
 668              		.syntax unified
 669              		.thumb
 670              		.thumb_func
 672              	_link:
 673              	.LFB40:
 118:Core/Src/syscalls.c **** 
 119:Core/Src/syscalls.c **** int _link(char *old, char *new) {
 674              		.loc 1 119 33
 675              		.cfi_startproc
 676              		@ args = 0, pretend = 0, frame = 8
 677              		@ frame_needed = 1, uses_anonymous_args = 0
 678 0000 80B5     		push	{r7, lr}
 679              		.cfi_def_cfa_offset 8
 680              		.cfi_offset 7, -8
 681              		.cfi_offset 14, -4
 682 0002 82B0     		sub	sp, sp, #8
 683              		.cfi_def_cfa_offset 16
 684 0004 00AF     		add	r7, sp, #0
 685              		.cfi_def_cfa_register 7
 686 0006 7860     		str	r0, [r7, #4]
 687 0008 3960     		str	r1, [r7]
 120:Core/Src/syscalls.c ****     errno = EMLINK;
 688              		.loc 1 120 5
 689 000a FFF7FEFF 		bl	__errno
 690 000e 0346     		mov	r3, r0
 691              		.loc 1 120 11
 692 0010 1F22     		movs	r2, #31
 693 0012 1A60     		str	r2, [r3]
 121:Core/Src/syscalls.c ****     return -1;
 694              		.loc 1 121 12
 695 0014 4FF0FF33 		mov	r3, #-1
 122:Core/Src/syscalls.c **** }
 696              		.loc 1 122 1
 697 0018 1846     		mov	r0, r3
 698 001a 0837     		adds	r7, r7, #8
 699              		.cfi_def_cfa_offset 8
 700 001c BD46     		mov	sp, r7
 701              		.cfi_def_cfa_register 13
 702              		@ sp needed
 703 001e 80BD     		pop	{r7, pc}
 704              		.cfi_endproc
 705              	.LFE40:
 707              		.section	.text._fork,"ax",%progbits
 708              		.align	1
ARM GAS  C:\Users\SOLDER~1\AppData\Local\Temp\ccca4so3.s 			page 15


 709              		.global	_fork
 710              		.syntax unified
 711              		.thumb
 712              		.thumb_func
 714              	_fork:
 715              	.LFB41:
 123:Core/Src/syscalls.c **** 
 124:Core/Src/syscalls.c **** int _fork(void) {
 716              		.loc 1 124 17
 717              		.cfi_startproc
 718              		@ args = 0, pretend = 0, frame = 0
 719              		@ frame_needed = 1, uses_anonymous_args = 0
 720 0000 80B5     		push	{r7, lr}
 721              		.cfi_def_cfa_offset 8
 722              		.cfi_offset 7, -8
 723              		.cfi_offset 14, -4
 724 0002 00AF     		add	r7, sp, #0
 725              		.cfi_def_cfa_register 7
 125:Core/Src/syscalls.c ****     errno = EAGAIN;
 726              		.loc 1 125 5
 727 0004 FFF7FEFF 		bl	__errno
 728 0008 0346     		mov	r3, r0
 729              		.loc 1 125 11
 730 000a 0B22     		movs	r2, #11
 731 000c 1A60     		str	r2, [r3]
 126:Core/Src/syscalls.c ****     return -1;
 732              		.loc 1 126 12
 733 000e 4FF0FF33 		mov	r3, #-1
 127:Core/Src/syscalls.c **** }
 734              		.loc 1 127 1
 735 0012 1846     		mov	r0, r3
 736 0014 80BD     		pop	{r7, pc}
 737              		.cfi_endproc
 738              	.LFE41:
 740              		.section	.text._execve,"ax",%progbits
 741              		.align	1
 742              		.global	_execve
 743              		.syntax unified
 744              		.thumb
 745              		.thumb_func
 747              	_execve:
 748              	.LFB42:
 128:Core/Src/syscalls.c **** 
 129:Core/Src/syscalls.c **** int _execve(char *name, char **argv, char **env) {
 749              		.loc 1 129 50
 750              		.cfi_startproc
 751              		@ args = 0, pretend = 0, frame = 16
 752              		@ frame_needed = 1, uses_anonymous_args = 0
 753 0000 80B5     		push	{r7, lr}
 754              		.cfi_def_cfa_offset 8
 755              		.cfi_offset 7, -8
 756              		.cfi_offset 14, -4
 757 0002 84B0     		sub	sp, sp, #16
 758              		.cfi_def_cfa_offset 24
 759 0004 00AF     		add	r7, sp, #0
 760              		.cfi_def_cfa_register 7
 761 0006 F860     		str	r0, [r7, #12]
ARM GAS  C:\Users\SOLDER~1\AppData\Local\Temp\ccca4so3.s 			page 16


 762 0008 B960     		str	r1, [r7, #8]
 763 000a 7A60     		str	r2, [r7, #4]
 130:Core/Src/syscalls.c ****     errno = ENOMEM;
 764              		.loc 1 130 5
 765 000c FFF7FEFF 		bl	__errno
 766 0010 0346     		mov	r3, r0
 767              		.loc 1 130 11
 768 0012 0C22     		movs	r2, #12
 769 0014 1A60     		str	r2, [r3]
 131:Core/Src/syscalls.c ****     return -1;
 770              		.loc 1 131 12
 771 0016 4FF0FF33 		mov	r3, #-1
 132:Core/Src/syscalls.c **** }
 772              		.loc 1 132 1
 773 001a 1846     		mov	r0, r3
 774 001c 1037     		adds	r7, r7, #16
 775              		.cfi_def_cfa_offset 8
 776 001e BD46     		mov	sp, r7
 777              		.cfi_def_cfa_register 13
 778              		@ sp needed
 779 0020 80BD     		pop	{r7, pc}
 780              		.cfi_endproc
 781              	.LFE42:
 783              		.weak	__io_putchar
 784              		.weak	__io_getchar
 785              		.text
 786              	.Letext0:
 787              		.file 2 "c:\\dev_tools\\stm32_tools\\gnu-tools-for-stm32.12.3\\tools\\arm-none-eabi\\include\\mach
 788              		.file 3 "c:\\dev_tools\\stm32_tools\\gnu-tools-for-stm32.12.3\\tools\\arm-none-eabi\\include\\sys\
 789              		.file 4 "c:\\dev_tools\\stm32_tools\\gnu-tools-for-stm32.12.3\\tools\\arm-none-eabi\\include\\sys\
 790              		.file 5 "c:\\dev_tools\\stm32_tools\\gnu-tools-for-stm32.12.3\\tools\\arm-none-eabi\\include\\sys\
 791              		.file 6 "c:\\dev_tools\\stm32_tools\\gnu-tools-for-stm32.12.3\\tools\\arm-none-eabi\\include\\sys\
 792              		.file 7 "c:\\dev_tools\\stm32_tools\\gnu-tools-for-stm32.12.3\\tools\\arm-none-eabi\\include\\sys\
 793              		.file 8 "c:\\dev_tools\\stm32_tools\\gnu-tools-for-stm32.12.3\\tools\\arm-none-eabi\\include\\sys\
ARM GAS  C:\Users\SOLDER~1\AppData\Local\Temp\ccca4so3.s 			page 17


DEFINED SYMBOLS
                            *ABS*:00000000 syscalls.c
C:\Users\SOLDER~1\AppData\Local\Temp\ccca4so3.s:22     .bss.__env:00000000 __env
C:\Users\SOLDER~1\AppData\Local\Temp\ccca4so3.s:19     .bss.__env:00000000 $d
C:\Users\SOLDER~1\AppData\Local\Temp\ccca4so3.s:29     .data.environ:00000000 environ
C:\Users\SOLDER~1\AppData\Local\Temp\ccca4so3.s:26     .data.environ:00000000 $d
C:\Users\SOLDER~1\AppData\Local\Temp\ccca4so3.s:32     .text.initialise_monitor_handles:00000000 $t
C:\Users\SOLDER~1\AppData\Local\Temp\ccca4so3.s:38     .text.initialise_monitor_handles:00000000 initialise_monitor_handles
C:\Users\SOLDER~1\AppData\Local\Temp\ccca4so3.s:64     .text._getpid:00000000 $t
C:\Users\SOLDER~1\AppData\Local\Temp\ccca4so3.s:70     .text._getpid:00000000 _getpid
C:\Users\SOLDER~1\AppData\Local\Temp\ccca4so3.s:97     .text._kill:00000000 $t
C:\Users\SOLDER~1\AppData\Local\Temp\ccca4so3.s:103    .text._kill:00000000 _kill
C:\Users\SOLDER~1\AppData\Local\Temp\ccca4so3.s:139    .text._exit:00000000 $t
C:\Users\SOLDER~1\AppData\Local\Temp\ccca4so3.s:145    .text._exit:00000000 _exit
C:\Users\SOLDER~1\AppData\Local\Temp\ccca4so3.s:171    .text._read:00000000 $t
C:\Users\SOLDER~1\AppData\Local\Temp\ccca4so3.s:177    .text._read:00000000 _read
C:\Users\SOLDER~1\AppData\Local\Temp\ccca4so3.s:234    .text._write:00000000 $t
C:\Users\SOLDER~1\AppData\Local\Temp\ccca4so3.s:240    .text._write:00000000 _write
C:\Users\SOLDER~1\AppData\Local\Temp\ccca4so3.s:296    .text._close:00000000 $t
C:\Users\SOLDER~1\AppData\Local\Temp\ccca4so3.s:302    .text._close:00000000 _close
C:\Users\SOLDER~1\AppData\Local\Temp\ccca4so3.s:334    .text._fstat:00000000 $t
C:\Users\SOLDER~1\AppData\Local\Temp\ccca4so3.s:340    .text._fstat:00000000 _fstat
C:\Users\SOLDER~1\AppData\Local\Temp\ccca4so3.s:377    .text._isatty:00000000 $t
C:\Users\SOLDER~1\AppData\Local\Temp\ccca4so3.s:383    .text._isatty:00000000 _isatty
C:\Users\SOLDER~1\AppData\Local\Temp\ccca4so3.s:415    .text._lseek:00000000 $t
C:\Users\SOLDER~1\AppData\Local\Temp\ccca4so3.s:421    .text._lseek:00000000 _lseek
C:\Users\SOLDER~1\AppData\Local\Temp\ccca4so3.s:455    .text._open:00000000 $t
C:\Users\SOLDER~1\AppData\Local\Temp\ccca4so3.s:461    .text._open:00000000 _open
C:\Users\SOLDER~1\AppData\Local\Temp\ccca4so3.s:503    .text._wait:00000000 $t
C:\Users\SOLDER~1\AppData\Local\Temp\ccca4so3.s:509    .text._wait:00000000 _wait
C:\Users\SOLDER~1\AppData\Local\Temp\ccca4so3.s:544    .text._unlink:00000000 $t
C:\Users\SOLDER~1\AppData\Local\Temp\ccca4so3.s:550    .text._unlink:00000000 _unlink
C:\Users\SOLDER~1\AppData\Local\Temp\ccca4so3.s:585    .text._times:00000000 $t
C:\Users\SOLDER~1\AppData\Local\Temp\ccca4so3.s:591    .text._times:00000000 _times
C:\Users\SOLDER~1\AppData\Local\Temp\ccca4so3.s:623    .text._stat:00000000 $t
C:\Users\SOLDER~1\AppData\Local\Temp\ccca4so3.s:629    .text._stat:00000000 _stat
C:\Users\SOLDER~1\AppData\Local\Temp\ccca4so3.s:666    .text._link:00000000 $t
C:\Users\SOLDER~1\AppData\Local\Temp\ccca4so3.s:672    .text._link:00000000 _link
C:\Users\SOLDER~1\AppData\Local\Temp\ccca4so3.s:708    .text._fork:00000000 $t
C:\Users\SOLDER~1\AppData\Local\Temp\ccca4so3.s:714    .text._fork:00000000 _fork
C:\Users\SOLDER~1\AppData\Local\Temp\ccca4so3.s:741    .text._execve:00000000 $t
C:\Users\SOLDER~1\AppData\Local\Temp\ccca4so3.s:747    .text._execve:00000000 _execve
                           .group:00000000 wm4.0.57948b105342b2a9a91afe6dac72b4ef
                           .group:00000000 wm4.errno.h.2.ba016d646105af6cad23be83630b6a3f
                           .group:00000000 wm4._newlib_version.h.4.bfdf54b0af045d4a71376ae00f63a22c
                           .group:00000000 wm4.newlib.h.34.314a350541e36f4baea3ec77033a1a03
                           .group:00000000 wm4.ieeefp.h.77.25247dc27dbe3b23bfe98c2dc18f6ac5
                           .group:00000000 wm4.features.h.22.fad1cec3bc7ff06488171438dbdcfd02
                           .group:00000000 wm4.config.h.224.79362c3cdb280fe0b8d95bd0bc4d5c54
                           .group:00000000 wm4._ansi.h.31.de524f58584151836e90d8620a16f8e8
                           .group:00000000 wm4.stddef.h.39.144cf5ddcd53cbfdac30259dc1a6c87f
                           .group:00000000 wm4._types.h.20.dd0d04dca3800a0d2a6129b87f3adbb2
                           .group:00000000 wm4.stddef.h.155.3588ebfdd1e8c7ede80509bb9c3b8009
                           .group:00000000 wm4._default_types.h.6.959254cf5f09734ea7516c89e8bb21bd
                           .group:00000000 wm4._types.h.127.34941de1b2539d59d5cac00e0dd27a45
                           .group:00000000 wm4.reent.h.17.e292bf8b0bec6c96e131a54347145a30
                           .group:00000000 wm4.lock.h.2.1461d1fff82dffe8bfddc23307f6484f
ARM GAS  C:\Users\SOLDER~1\AppData\Local\Temp\ccca4so3.s 			page 18


                           .group:00000000 wm4.reent.h.77.32fd7d280fc2a40b0797abce5beaf6e3
                           .group:00000000 wm4.assert.h.11.db24e541f16414db224bf986d21017e2
                           .group:00000000 wm4.reent.h.504.40d20ade344680fbcb6a0178bf7ae09e
                           .group:00000000 wm4.errno.h.14.6a5939d3ae7434a1e97991a97123b12d
                           .group:00000000 wm4.cdefs.h.49.39045112216f6a021dbdffe3bf5accce
                           .group:00000000 wm4.types.h.40.8b6acba56cefbb11746718204edc8f5e
                           .group:00000000 wm4._stdint.h.10.c24fa3af3bc1706662bb5593a907e841
                           .group:00000000 wm4._endian.h.31.65a10590763c3dde1ac4a7f66d7d4891
                           .group:00000000 wm4.endian.h.9.49f3a4695c1b61e8a0808de3c4a106cb
                           .group:00000000 wm4._timeval.h.32.bec3221fa7a9bb0bdde696c9c57e47d2
                           .group:00000000 wm4.timespec.h.41.d855182eb0e690443ab8651bcedca6e1
                           .group:00000000 wm4.select.h.19.40cd3f2bfc456b193b790c2754690ebf
                           .group:00000000 wm4.types.h.51.5571ec98f267d17d3c670b7a3ba33afa
                           .group:00000000 wm4.sched.h.22.c60982713a5c428609783c78f9c78d95
                           .group:00000000 wm4._pthreadtypes.h.36.fcee9961c35163dde6267ef772ad1972
                           .group:00000000 wm4.signal.h.30.5277b477a5ebb7d1254c1af3095d1011
                           .group:00000000 wm4.signal.h.18.14c8d0c03fc1e06775633fad7399cfc7
                           .group:00000000 wm4.stdio.h.27.3fc80220048df77954e38daec3bb9670
                           .group:00000000 wm4.stddef.h.155.ba788add86a0e365f264484f110c3c29
                           .group:00000000 wm4.stdarg.h.34.3a23a216c0c293b3d2ea2e89281481e6
                           .group:00000000 wm4.stdio.h.47.1f5845210bb9053bbca9ed76fc4018da
                           .group:00000000 wm4.stdio.h.2.4aa87247282eca6c8f36f9de33d8df1a
                           .group:00000000 wm4.stdio.h.81.60a2ded7dae310b81f9d6907fe5e3dbf
                           .group:00000000 wm4.stdlib.h.13.4ed386f5c1a80d71e72172885d946ef2
                           .group:00000000 wm4.alloca.h.8.dfc0c703c47ec3e69746825b17d9e66d
                           .group:00000000 wm4.stdlib.h.56.f4862cfbf4363a1db01842d5bdf72c18
                           .group:00000000 wm4.time.h.8.db4619001f026d0b4874c029fef0e91f
                           .group:00000000 wm4.time.h.2.4581ce0ffb6627cfc02162c94bf846c9
                           .group:00000000 wm4.time.h.25.0e6a0fdbc9955f5707ed54246ed2e089
                           .group:00000000 wm4.time.h.142.403dcded079b6de6a2d2f21a34c2ae96
                           .group:00000000 wm4.stat.h.54.5a9b823658423102e7a8de4ed089eedc
                           .group:00000000 wm4.time.h.40.07bdef2e51e429b46276cd6f2246b78b

UNDEFINED SYMBOLS
__errno
__io_getchar
__io_putchar
