ARM GAS  C:\Users\SOLDER~1\AppData\Local\Temp\ccJupMqs.s 			page 1


   1              		.cpu cortex-m3
   2              		.arch armv7-m
   3              		.fpu softvfp
   4              		.eabi_attribute 20, 1
   5              		.eabi_attribute 21, 1
   6              		.eabi_attribute 23, 3
   7              		.eabi_attribute 24, 1
   8              		.eabi_attribute 25, 1
   9              		.eabi_attribute 26, 1
  10              		.eabi_attribute 30, 6
  11              		.eabi_attribute 34, 1
  12              		.eabi_attribute 18, 4
  13              		.file	"stm32l1xx_hal_rcc_ex.c"
  14              		.text
  15              	.Ltext0:
  16              		.cfi_sections	.debug_frame
  17              		.section	.text.HAL_RCCEx_PeriphCLKConfig,"ax",%progbits
  18              		.align	1
  19              		.global	HAL_RCCEx_PeriphCLKConfig
  20              		.syntax unified
  21              		.thumb
  22              		.thumb_func
  24              	HAL_RCCEx_PeriphCLKConfig:
  25              	.LFB72:
  26              		.file 1 "Drivers/STM32L1xx_HAL_Driver/Src/stm32l1xx_hal_rcc_ex.c"
   1:Drivers/STM32L1xx_HAL_Driver/Src/stm32l1xx_hal_rcc_ex.c **** /**
   2:Drivers/STM32L1xx_HAL_Driver/Src/stm32l1xx_hal_rcc_ex.c ****   ******************************************************************************
   3:Drivers/STM32L1xx_HAL_Driver/Src/stm32l1xx_hal_rcc_ex.c ****   * @file    stm32l1xx_hal_rcc_ex.c
   4:Drivers/STM32L1xx_HAL_Driver/Src/stm32l1xx_hal_rcc_ex.c ****   * @author  MCD Application Team
   5:Drivers/STM32L1xx_HAL_Driver/Src/stm32l1xx_hal_rcc_ex.c ****   * @brief   Extended RCC HAL module driver.
   6:Drivers/STM32L1xx_HAL_Driver/Src/stm32l1xx_hal_rcc_ex.c ****   *          This file provides firmware functions to manage the following
   7:Drivers/STM32L1xx_HAL_Driver/Src/stm32l1xx_hal_rcc_ex.c ****   *          functionalities RCC extension peripheral:
   8:Drivers/STM32L1xx_HAL_Driver/Src/stm32l1xx_hal_rcc_ex.c ****   *           + Extended Peripheral Control functions
   9:Drivers/STM32L1xx_HAL_Driver/Src/stm32l1xx_hal_rcc_ex.c ****   *
  10:Drivers/STM32L1xx_HAL_Driver/Src/stm32l1xx_hal_rcc_ex.c ****   ******************************************************************************
  11:Drivers/STM32L1xx_HAL_Driver/Src/stm32l1xx_hal_rcc_ex.c ****   * @attention
  12:Drivers/STM32L1xx_HAL_Driver/Src/stm32l1xx_hal_rcc_ex.c ****   *
  13:Drivers/STM32L1xx_HAL_Driver/Src/stm32l1xx_hal_rcc_ex.c ****   * <h2><center>&copy; Copyright(c) 2017 STMicroelectronics.
  14:Drivers/STM32L1xx_HAL_Driver/Src/stm32l1xx_hal_rcc_ex.c ****   * All rights reserved.</center></h2>
  15:Drivers/STM32L1xx_HAL_Driver/Src/stm32l1xx_hal_rcc_ex.c ****   *
  16:Drivers/STM32L1xx_HAL_Driver/Src/stm32l1xx_hal_rcc_ex.c ****   * This software component is licensed by ST under BSD 3-Clause license,
  17:Drivers/STM32L1xx_HAL_Driver/Src/stm32l1xx_hal_rcc_ex.c ****   * the "License"; You may not use this file except in compliance with the
  18:Drivers/STM32L1xx_HAL_Driver/Src/stm32l1xx_hal_rcc_ex.c ****   * License. You may obtain a copy of the License at:
  19:Drivers/STM32L1xx_HAL_Driver/Src/stm32l1xx_hal_rcc_ex.c ****   *                        opensource.org/licenses/BSD-3-Clause
  20:Drivers/STM32L1xx_HAL_Driver/Src/stm32l1xx_hal_rcc_ex.c ****   *
  21:Drivers/STM32L1xx_HAL_Driver/Src/stm32l1xx_hal_rcc_ex.c ****   ******************************************************************************
  22:Drivers/STM32L1xx_HAL_Driver/Src/stm32l1xx_hal_rcc_ex.c ****   */
  23:Drivers/STM32L1xx_HAL_Driver/Src/stm32l1xx_hal_rcc_ex.c **** 
  24:Drivers/STM32L1xx_HAL_Driver/Src/stm32l1xx_hal_rcc_ex.c **** /* Includes ------------------------------------------------------------------*/
  25:Drivers/STM32L1xx_HAL_Driver/Src/stm32l1xx_hal_rcc_ex.c **** #include "stm32l1xx_hal.h"
  26:Drivers/STM32L1xx_HAL_Driver/Src/stm32l1xx_hal_rcc_ex.c **** 
  27:Drivers/STM32L1xx_HAL_Driver/Src/stm32l1xx_hal_rcc_ex.c **** /** @addtogroup STM32L1xx_HAL_Driver
  28:Drivers/STM32L1xx_HAL_Driver/Src/stm32l1xx_hal_rcc_ex.c ****   * @{
  29:Drivers/STM32L1xx_HAL_Driver/Src/stm32l1xx_hal_rcc_ex.c ****   */
  30:Drivers/STM32L1xx_HAL_Driver/Src/stm32l1xx_hal_rcc_ex.c **** 
  31:Drivers/STM32L1xx_HAL_Driver/Src/stm32l1xx_hal_rcc_ex.c **** #ifdef HAL_RCC_MODULE_ENABLED
  32:Drivers/STM32L1xx_HAL_Driver/Src/stm32l1xx_hal_rcc_ex.c **** 
ARM GAS  C:\Users\SOLDER~1\AppData\Local\Temp\ccJupMqs.s 			page 2


  33:Drivers/STM32L1xx_HAL_Driver/Src/stm32l1xx_hal_rcc_ex.c **** /** @defgroup RCCEx RCCEx
  34:Drivers/STM32L1xx_HAL_Driver/Src/stm32l1xx_hal_rcc_ex.c ****   * @brief RCC Extension HAL module driver
  35:Drivers/STM32L1xx_HAL_Driver/Src/stm32l1xx_hal_rcc_ex.c ****   * @{
  36:Drivers/STM32L1xx_HAL_Driver/Src/stm32l1xx_hal_rcc_ex.c ****   */
  37:Drivers/STM32L1xx_HAL_Driver/Src/stm32l1xx_hal_rcc_ex.c **** 
  38:Drivers/STM32L1xx_HAL_Driver/Src/stm32l1xx_hal_rcc_ex.c **** /* Private typedef -----------------------------------------------------------*/
  39:Drivers/STM32L1xx_HAL_Driver/Src/stm32l1xx_hal_rcc_ex.c **** /* Private define ------------------------------------------------------------*/
  40:Drivers/STM32L1xx_HAL_Driver/Src/stm32l1xx_hal_rcc_ex.c **** /** @defgroup RCCEx_Private_Constants RCCEx Private Constants
  41:Drivers/STM32L1xx_HAL_Driver/Src/stm32l1xx_hal_rcc_ex.c ****   * @{
  42:Drivers/STM32L1xx_HAL_Driver/Src/stm32l1xx_hal_rcc_ex.c ****   */
  43:Drivers/STM32L1xx_HAL_Driver/Src/stm32l1xx_hal_rcc_ex.c **** /**
  44:Drivers/STM32L1xx_HAL_Driver/Src/stm32l1xx_hal_rcc_ex.c ****   * @}
  45:Drivers/STM32L1xx_HAL_Driver/Src/stm32l1xx_hal_rcc_ex.c ****   */
  46:Drivers/STM32L1xx_HAL_Driver/Src/stm32l1xx_hal_rcc_ex.c **** 
  47:Drivers/STM32L1xx_HAL_Driver/Src/stm32l1xx_hal_rcc_ex.c **** /* Private macro -------------------------------------------------------------*/
  48:Drivers/STM32L1xx_HAL_Driver/Src/stm32l1xx_hal_rcc_ex.c **** /** @defgroup RCCEx_Private_Macros RCCEx Private Macros
  49:Drivers/STM32L1xx_HAL_Driver/Src/stm32l1xx_hal_rcc_ex.c ****   * @{
  50:Drivers/STM32L1xx_HAL_Driver/Src/stm32l1xx_hal_rcc_ex.c ****   */
  51:Drivers/STM32L1xx_HAL_Driver/Src/stm32l1xx_hal_rcc_ex.c **** /**
  52:Drivers/STM32L1xx_HAL_Driver/Src/stm32l1xx_hal_rcc_ex.c ****   * @}
  53:Drivers/STM32L1xx_HAL_Driver/Src/stm32l1xx_hal_rcc_ex.c ****   */
  54:Drivers/STM32L1xx_HAL_Driver/Src/stm32l1xx_hal_rcc_ex.c **** 
  55:Drivers/STM32L1xx_HAL_Driver/Src/stm32l1xx_hal_rcc_ex.c **** /* Private variables ---------------------------------------------------------*/
  56:Drivers/STM32L1xx_HAL_Driver/Src/stm32l1xx_hal_rcc_ex.c **** /* Private function prototypes -----------------------------------------------*/
  57:Drivers/STM32L1xx_HAL_Driver/Src/stm32l1xx_hal_rcc_ex.c **** /* Private functions ---------------------------------------------------------*/
  58:Drivers/STM32L1xx_HAL_Driver/Src/stm32l1xx_hal_rcc_ex.c **** 
  59:Drivers/STM32L1xx_HAL_Driver/Src/stm32l1xx_hal_rcc_ex.c **** /** @defgroup RCCEx_Exported_Functions RCCEx Exported Functions
  60:Drivers/STM32L1xx_HAL_Driver/Src/stm32l1xx_hal_rcc_ex.c ****   * @{
  61:Drivers/STM32L1xx_HAL_Driver/Src/stm32l1xx_hal_rcc_ex.c ****   */
  62:Drivers/STM32L1xx_HAL_Driver/Src/stm32l1xx_hal_rcc_ex.c **** 
  63:Drivers/STM32L1xx_HAL_Driver/Src/stm32l1xx_hal_rcc_ex.c **** /** @defgroup RCCEx_Exported_Functions_Group1 Extended Peripheral Control functions
  64:Drivers/STM32L1xx_HAL_Driver/Src/stm32l1xx_hal_rcc_ex.c ****  *  @brief  Extended Peripheral Control functions
  65:Drivers/STM32L1xx_HAL_Driver/Src/stm32l1xx_hal_rcc_ex.c ****  *
  66:Drivers/STM32L1xx_HAL_Driver/Src/stm32l1xx_hal_rcc_ex.c **** @verbatim
  67:Drivers/STM32L1xx_HAL_Driver/Src/stm32l1xx_hal_rcc_ex.c ****  ===============================================================================
  68:Drivers/STM32L1xx_HAL_Driver/Src/stm32l1xx_hal_rcc_ex.c ****                 ##### Extended Peripheral Control functions  #####
  69:Drivers/STM32L1xx_HAL_Driver/Src/stm32l1xx_hal_rcc_ex.c ****  ===============================================================================
  70:Drivers/STM32L1xx_HAL_Driver/Src/stm32l1xx_hal_rcc_ex.c ****     [..]
  71:Drivers/STM32L1xx_HAL_Driver/Src/stm32l1xx_hal_rcc_ex.c ****     This subsection provides a set of functions allowing to control the RCC Clocks
  72:Drivers/STM32L1xx_HAL_Driver/Src/stm32l1xx_hal_rcc_ex.c ****     frequencies.
  73:Drivers/STM32L1xx_HAL_Driver/Src/stm32l1xx_hal_rcc_ex.c ****     [..]
  74:Drivers/STM32L1xx_HAL_Driver/Src/stm32l1xx_hal_rcc_ex.c ****     (@) Important note: Care must be taken when HAL_RCCEx_PeriphCLKConfig() is used to
  75:Drivers/STM32L1xx_HAL_Driver/Src/stm32l1xx_hal_rcc_ex.c ****         select the RTC clock source; in this case the Backup domain will be reset in
  76:Drivers/STM32L1xx_HAL_Driver/Src/stm32l1xx_hal_rcc_ex.c ****         order to modify the RTC Clock source, as consequence RTC registers (including
  77:Drivers/STM32L1xx_HAL_Driver/Src/stm32l1xx_hal_rcc_ex.c ****         the backup registers) are set to their reset values.
  78:Drivers/STM32L1xx_HAL_Driver/Src/stm32l1xx_hal_rcc_ex.c **** 
  79:Drivers/STM32L1xx_HAL_Driver/Src/stm32l1xx_hal_rcc_ex.c **** @endverbatim
  80:Drivers/STM32L1xx_HAL_Driver/Src/stm32l1xx_hal_rcc_ex.c ****   * @{
  81:Drivers/STM32L1xx_HAL_Driver/Src/stm32l1xx_hal_rcc_ex.c ****   */
  82:Drivers/STM32L1xx_HAL_Driver/Src/stm32l1xx_hal_rcc_ex.c **** 
  83:Drivers/STM32L1xx_HAL_Driver/Src/stm32l1xx_hal_rcc_ex.c **** /**
  84:Drivers/STM32L1xx_HAL_Driver/Src/stm32l1xx_hal_rcc_ex.c ****   * @brief  Initializes the RCC extended peripherals clocks according to the specified
  85:Drivers/STM32L1xx_HAL_Driver/Src/stm32l1xx_hal_rcc_ex.c ****   *         parameters in the RCC_PeriphCLKInitTypeDef.
  86:Drivers/STM32L1xx_HAL_Driver/Src/stm32l1xx_hal_rcc_ex.c ****   * @param  PeriphClkInit pointer to an RCC_PeriphCLKInitTypeDef structure that
  87:Drivers/STM32L1xx_HAL_Driver/Src/stm32l1xx_hal_rcc_ex.c ****   *         contains the configuration information for the Extended Peripherals clocks(RTC/LCD cloc
  88:Drivers/STM32L1xx_HAL_Driver/Src/stm32l1xx_hal_rcc_ex.c ****   * @retval HAL status
  89:Drivers/STM32L1xx_HAL_Driver/Src/stm32l1xx_hal_rcc_ex.c ****   * @note   If HAL_ERROR returned, first switch-OFF HSE clock oscillator with @ref HAL_RCC_OscConfi
ARM GAS  C:\Users\SOLDER~1\AppData\Local\Temp\ccJupMqs.s 			page 3


  90:Drivers/STM32L1xx_HAL_Driver/Src/stm32l1xx_hal_rcc_ex.c ****   *         to possibly update HSE divider.
  91:Drivers/STM32L1xx_HAL_Driver/Src/stm32l1xx_hal_rcc_ex.c ****   */
  92:Drivers/STM32L1xx_HAL_Driver/Src/stm32l1xx_hal_rcc_ex.c **** HAL_StatusTypeDef HAL_RCCEx_PeriphCLKConfig(RCC_PeriphCLKInitTypeDef  *PeriphClkInit)
  93:Drivers/STM32L1xx_HAL_Driver/Src/stm32l1xx_hal_rcc_ex.c **** {
  27              		.loc 1 93 1
  28              		.cfi_startproc
  29              		@ args = 0, pretend = 0, frame = 24
  30              		@ frame_needed = 1, uses_anonymous_args = 0
  31 0000 80B5     		push	{r7, lr}
  32              		.cfi_def_cfa_offset 8
  33              		.cfi_offset 7, -8
  34              		.cfi_offset 14, -4
  35 0002 86B0     		sub	sp, sp, #24
  36              		.cfi_def_cfa_offset 32
  37 0004 00AF     		add	r7, sp, #0
  38              		.cfi_def_cfa_register 7
  39 0006 7860     		str	r0, [r7, #4]
  94:Drivers/STM32L1xx_HAL_Driver/Src/stm32l1xx_hal_rcc_ex.c ****   uint32_t tickstart;
  95:Drivers/STM32L1xx_HAL_Driver/Src/stm32l1xx_hal_rcc_ex.c ****   uint32_t temp_reg;
  96:Drivers/STM32L1xx_HAL_Driver/Src/stm32l1xx_hal_rcc_ex.c **** 
  97:Drivers/STM32L1xx_HAL_Driver/Src/stm32l1xx_hal_rcc_ex.c ****   /* Check the parameters */
  98:Drivers/STM32L1xx_HAL_Driver/Src/stm32l1xx_hal_rcc_ex.c ****   assert_param(IS_RCC_PERIPHCLOCK(PeriphClkInit->PeriphClockSelection));
  99:Drivers/STM32L1xx_HAL_Driver/Src/stm32l1xx_hal_rcc_ex.c **** 
 100:Drivers/STM32L1xx_HAL_Driver/Src/stm32l1xx_hal_rcc_ex.c ****   /*------------------------------- RTC/LCD Configuration ------------------------*/
 101:Drivers/STM32L1xx_HAL_Driver/Src/stm32l1xx_hal_rcc_ex.c ****   if ((((PeriphClkInit->PeriphClockSelection) & RCC_PERIPHCLK_RTC) == RCC_PERIPHCLK_RTC)
  40              		.loc 1 101 23
  41 0008 7B68     		ldr	r3, [r7, #4]
  42 000a 1B68     		ldr	r3, [r3]
  43              		.loc 1 101 47
  44 000c 03F00103 		and	r3, r3, #1
  45              		.loc 1 101 6
  46 0010 002B     		cmp	r3, #0
  47 0012 00F0B880 		beq	.L2
  48              	.LBB2:
 102:Drivers/STM32L1xx_HAL_Driver/Src/stm32l1xx_hal_rcc_ex.c **** #if defined(LCD)
 103:Drivers/STM32L1xx_HAL_Driver/Src/stm32l1xx_hal_rcc_ex.c ****    || (((PeriphClkInit->PeriphClockSelection) & RCC_PERIPHCLK_LCD) == RCC_PERIPHCLK_LCD)
 104:Drivers/STM32L1xx_HAL_Driver/Src/stm32l1xx_hal_rcc_ex.c **** #endif /* LCD */
 105:Drivers/STM32L1xx_HAL_Driver/Src/stm32l1xx_hal_rcc_ex.c ****      )
 106:Drivers/STM32L1xx_HAL_Driver/Src/stm32l1xx_hal_rcc_ex.c ****   {
 107:Drivers/STM32L1xx_HAL_Driver/Src/stm32l1xx_hal_rcc_ex.c ****     /* check for RTC Parameters used to output RTCCLK */
 108:Drivers/STM32L1xx_HAL_Driver/Src/stm32l1xx_hal_rcc_ex.c ****     if(((PeriphClkInit->PeriphClockSelection) & RCC_PERIPHCLK_RTC) == RCC_PERIPHCLK_RTC)
 109:Drivers/STM32L1xx_HAL_Driver/Src/stm32l1xx_hal_rcc_ex.c ****     {
 110:Drivers/STM32L1xx_HAL_Driver/Src/stm32l1xx_hal_rcc_ex.c ****       assert_param(IS_RCC_RTCCLKSOURCE(PeriphClkInit->RTCClockSelection));
 111:Drivers/STM32L1xx_HAL_Driver/Src/stm32l1xx_hal_rcc_ex.c ****     }
 112:Drivers/STM32L1xx_HAL_Driver/Src/stm32l1xx_hal_rcc_ex.c **** 
 113:Drivers/STM32L1xx_HAL_Driver/Src/stm32l1xx_hal_rcc_ex.c **** #if defined(LCD)
 114:Drivers/STM32L1xx_HAL_Driver/Src/stm32l1xx_hal_rcc_ex.c ****     if(((PeriphClkInit->PeriphClockSelection) & RCC_PERIPHCLK_LCD) == RCC_PERIPHCLK_LCD)
 115:Drivers/STM32L1xx_HAL_Driver/Src/stm32l1xx_hal_rcc_ex.c ****     {
 116:Drivers/STM32L1xx_HAL_Driver/Src/stm32l1xx_hal_rcc_ex.c ****       assert_param(IS_RCC_RTCCLKSOURCE(PeriphClkInit->LCDClockSelection));
 117:Drivers/STM32L1xx_HAL_Driver/Src/stm32l1xx_hal_rcc_ex.c ****     }
 118:Drivers/STM32L1xx_HAL_Driver/Src/stm32l1xx_hal_rcc_ex.c **** #endif /* LCD */
 119:Drivers/STM32L1xx_HAL_Driver/Src/stm32l1xx_hal_rcc_ex.c **** 
 120:Drivers/STM32L1xx_HAL_Driver/Src/stm32l1xx_hal_rcc_ex.c ****     FlagStatus       pwrclkchanged = RESET;
  49              		.loc 1 120 22
  50 0016 0023     		movs	r3, #0
  51 0018 FB75     		strb	r3, [r7, #23]
 121:Drivers/STM32L1xx_HAL_Driver/Src/stm32l1xx_hal_rcc_ex.c **** 
ARM GAS  C:\Users\SOLDER~1\AppData\Local\Temp\ccJupMqs.s 			page 4


 122:Drivers/STM32L1xx_HAL_Driver/Src/stm32l1xx_hal_rcc_ex.c ****     /* As soon as function is called to change RTC clock source, activation of the
 123:Drivers/STM32L1xx_HAL_Driver/Src/stm32l1xx_hal_rcc_ex.c ****        power domain is done. */
 124:Drivers/STM32L1xx_HAL_Driver/Src/stm32l1xx_hal_rcc_ex.c ****     /* Requires to enable write access to Backup Domain of necessary */
 125:Drivers/STM32L1xx_HAL_Driver/Src/stm32l1xx_hal_rcc_ex.c ****     if(__HAL_RCC_PWR_IS_CLK_DISABLED())
  52              		.loc 1 125 8
  53 001a 5D4B     		ldr	r3, .L14
  54 001c 5B6A     		ldr	r3, [r3, #36]
  55 001e 03F08053 		and	r3, r3, #268435456
  56              		.loc 1 125 7
  57 0022 002B     		cmp	r3, #0
  58 0024 0DD1     		bne	.L3
  59              	.LBB3:
 126:Drivers/STM32L1xx_HAL_Driver/Src/stm32l1xx_hal_rcc_ex.c ****     {
 127:Drivers/STM32L1xx_HAL_Driver/Src/stm32l1xx_hal_rcc_ex.c ****       __HAL_RCC_PWR_CLK_ENABLE();
  60              		.loc 1 127 7
  61 0026 5A4B     		ldr	r3, .L14
  62 0028 5B6A     		ldr	r3, [r3, #36]
  63 002a 594A     		ldr	r2, .L14
  64 002c 43F08053 		orr	r3, r3, #268435456
  65 0030 5362     		str	r3, [r2, #36]
  66 0032 574B     		ldr	r3, .L14
  67 0034 5B6A     		ldr	r3, [r3, #36]
  68 0036 03F08053 		and	r3, r3, #268435456
  69 003a BB60     		str	r3, [r7, #8]
  70 003c BB68     		ldr	r3, [r7, #8]
  71              	.LBE3:
 128:Drivers/STM32L1xx_HAL_Driver/Src/stm32l1xx_hal_rcc_ex.c ****       pwrclkchanged = SET;
  72              		.loc 1 128 21
  73 003e 0123     		movs	r3, #1
  74 0040 FB75     		strb	r3, [r7, #23]
  75              	.L3:
 129:Drivers/STM32L1xx_HAL_Driver/Src/stm32l1xx_hal_rcc_ex.c ****     }
 130:Drivers/STM32L1xx_HAL_Driver/Src/stm32l1xx_hal_rcc_ex.c **** 
 131:Drivers/STM32L1xx_HAL_Driver/Src/stm32l1xx_hal_rcc_ex.c ****     if(HAL_IS_BIT_CLR(PWR->CR, PWR_CR_DBP))
  76              		.loc 1 131 8
  77 0042 544B     		ldr	r3, .L14+4
  78 0044 1B68     		ldr	r3, [r3]
  79 0046 03F48073 		and	r3, r3, #256
  80              		.loc 1 131 7
  81 004a 002B     		cmp	r3, #0
  82 004c 18D1     		bne	.L4
 132:Drivers/STM32L1xx_HAL_Driver/Src/stm32l1xx_hal_rcc_ex.c ****     {
 133:Drivers/STM32L1xx_HAL_Driver/Src/stm32l1xx_hal_rcc_ex.c ****       /* Enable write access to Backup domain */
 134:Drivers/STM32L1xx_HAL_Driver/Src/stm32l1xx_hal_rcc_ex.c ****       SET_BIT(PWR->CR, PWR_CR_DBP);
  83              		.loc 1 134 7
  84 004e 514B     		ldr	r3, .L14+4
  85 0050 1B68     		ldr	r3, [r3]
  86 0052 504A     		ldr	r2, .L14+4
  87 0054 43F48073 		orr	r3, r3, #256
  88 0058 1360     		str	r3, [r2]
 135:Drivers/STM32L1xx_HAL_Driver/Src/stm32l1xx_hal_rcc_ex.c **** 
 136:Drivers/STM32L1xx_HAL_Driver/Src/stm32l1xx_hal_rcc_ex.c ****       /* Wait for Backup domain Write protection disable */
 137:Drivers/STM32L1xx_HAL_Driver/Src/stm32l1xx_hal_rcc_ex.c ****       tickstart = HAL_GetTick();
  89              		.loc 1 137 19
  90 005a FFF7FEFF 		bl	HAL_GetTick
  91 005e 3861     		str	r0, [r7, #16]
 138:Drivers/STM32L1xx_HAL_Driver/Src/stm32l1xx_hal_rcc_ex.c **** 
ARM GAS  C:\Users\SOLDER~1\AppData\Local\Temp\ccJupMqs.s 			page 5


 139:Drivers/STM32L1xx_HAL_Driver/Src/stm32l1xx_hal_rcc_ex.c ****       while(HAL_IS_BIT_CLR(PWR->CR, PWR_CR_DBP))
  92              		.loc 1 139 12
  93 0060 08E0     		b	.L5
  94              	.L7:
 140:Drivers/STM32L1xx_HAL_Driver/Src/stm32l1xx_hal_rcc_ex.c ****       {
 141:Drivers/STM32L1xx_HAL_Driver/Src/stm32l1xx_hal_rcc_ex.c ****         if((HAL_GetTick() - tickstart) > RCC_DBP_TIMEOUT_VALUE)
  95              		.loc 1 141 13
  96 0062 FFF7FEFF 		bl	HAL_GetTick
  97 0066 0246     		mov	r2, r0
  98              		.loc 1 141 27
  99 0068 3B69     		ldr	r3, [r7, #16]
 100 006a D31A     		subs	r3, r2, r3
 101              		.loc 1 141 11
 102 006c 642B     		cmp	r3, #100
 103 006e 01D9     		bls	.L5
 142:Drivers/STM32L1xx_HAL_Driver/Src/stm32l1xx_hal_rcc_ex.c ****         {
 143:Drivers/STM32L1xx_HAL_Driver/Src/stm32l1xx_hal_rcc_ex.c ****           return HAL_TIMEOUT;
 104              		.loc 1 143 18
 105 0070 0323     		movs	r3, #3
 106 0072 89E0     		b	.L6
 107              	.L5:
 139:Drivers/STM32L1xx_HAL_Driver/Src/stm32l1xx_hal_rcc_ex.c ****       {
 108              		.loc 1 139 13
 109 0074 474B     		ldr	r3, .L14+4
 110 0076 1B68     		ldr	r3, [r3]
 111 0078 03F48073 		and	r3, r3, #256
 139:Drivers/STM32L1xx_HAL_Driver/Src/stm32l1xx_hal_rcc_ex.c ****       {
 112              		.loc 1 139 12
 113 007c 002B     		cmp	r3, #0
 114 007e F0D0     		beq	.L7
 115              	.L4:
 144:Drivers/STM32L1xx_HAL_Driver/Src/stm32l1xx_hal_rcc_ex.c ****         }
 145:Drivers/STM32L1xx_HAL_Driver/Src/stm32l1xx_hal_rcc_ex.c ****       }
 146:Drivers/STM32L1xx_HAL_Driver/Src/stm32l1xx_hal_rcc_ex.c ****     }
 147:Drivers/STM32L1xx_HAL_Driver/Src/stm32l1xx_hal_rcc_ex.c **** 
 148:Drivers/STM32L1xx_HAL_Driver/Src/stm32l1xx_hal_rcc_ex.c ****     /* Check if user wants to change HSE RTC prescaler whereas HSE is enabled */
 149:Drivers/STM32L1xx_HAL_Driver/Src/stm32l1xx_hal_rcc_ex.c ****     temp_reg = (RCC->CR & RCC_CR_RTCPRE);
 116              		.loc 1 149 20
 117 0080 434B     		ldr	r3, .L14
 118 0082 1B68     		ldr	r3, [r3]
 119              		.loc 1 149 14
 120 0084 03F0C043 		and	r3, r3, #1610612736
 121 0088 FB60     		str	r3, [r7, #12]
 150:Drivers/STM32L1xx_HAL_Driver/Src/stm32l1xx_hal_rcc_ex.c ****     if ((temp_reg != (PeriphClkInit->RTCClockSelection & RCC_CR_RTCPRE))
 122              		.loc 1 150 36
 123 008a 7B68     		ldr	r3, [r7, #4]
 124 008c 5B68     		ldr	r3, [r3, #4]
 125              		.loc 1 150 56
 126 008e 03F0C043 		and	r3, r3, #1610612736
 127              		.loc 1 150 8
 128 0092 FA68     		ldr	r2, [r7, #12]
 129 0094 9A42     		cmp	r2, r3
 130 0096 0FD0     		beq	.L8
 151:Drivers/STM32L1xx_HAL_Driver/Src/stm32l1xx_hal_rcc_ex.c **** #if defined (LCD)
 152:Drivers/STM32L1xx_HAL_Driver/Src/stm32l1xx_hal_rcc_ex.c ****      || (temp_reg != (PeriphClkInit->LCDClockSelection & RCC_CR_RTCPRE))
 153:Drivers/STM32L1xx_HAL_Driver/Src/stm32l1xx_hal_rcc_ex.c **** #endif /* LCD */
 154:Drivers/STM32L1xx_HAL_Driver/Src/stm32l1xx_hal_rcc_ex.c ****        )
ARM GAS  C:\Users\SOLDER~1\AppData\Local\Temp\ccJupMqs.s 			page 6


 155:Drivers/STM32L1xx_HAL_Driver/Src/stm32l1xx_hal_rcc_ex.c ****     { /* Check HSE State */
 156:Drivers/STM32L1xx_HAL_Driver/Src/stm32l1xx_hal_rcc_ex.c ****       if ((PeriphClkInit->RTCClockSelection & RCC_CSR_RTCSEL) == RCC_CSR_RTCSEL_HSE)
 131              		.loc 1 156 25
 132 0098 7B68     		ldr	r3, [r7, #4]
 133 009a 5B68     		ldr	r3, [r3, #4]
 134              		.loc 1 156 45
 135 009c 03F44033 		and	r3, r3, #196608
 136              		.loc 1 156 10
 137 00a0 B3F5403F 		cmp	r3, #196608
 138 00a4 08D1     		bne	.L8
 157:Drivers/STM32L1xx_HAL_Driver/Src/stm32l1xx_hal_rcc_ex.c ****       {
 158:Drivers/STM32L1xx_HAL_Driver/Src/stm32l1xx_hal_rcc_ex.c ****         if (HAL_IS_BIT_SET(RCC->CR, RCC_CR_HSERDY))
 139              		.loc 1 158 13
 140 00a6 3A4B     		ldr	r3, .L14
 141 00a8 1B68     		ldr	r3, [r3]
 142 00aa 03F40033 		and	r3, r3, #131072
 143              		.loc 1 158 12
 144 00ae B3F5003F 		cmp	r3, #131072
 145 00b2 01D1     		bne	.L8
 159:Drivers/STM32L1xx_HAL_Driver/Src/stm32l1xx_hal_rcc_ex.c ****         {
 160:Drivers/STM32L1xx_HAL_Driver/Src/stm32l1xx_hal_rcc_ex.c ****           /* To update HSE divider, first switch-OFF HSE clock oscillator*/
 161:Drivers/STM32L1xx_HAL_Driver/Src/stm32l1xx_hal_rcc_ex.c ****           return HAL_ERROR;
 146              		.loc 1 161 18
 147 00b4 0123     		movs	r3, #1
 148 00b6 67E0     		b	.L6
 149              	.L8:
 162:Drivers/STM32L1xx_HAL_Driver/Src/stm32l1xx_hal_rcc_ex.c ****         }
 163:Drivers/STM32L1xx_HAL_Driver/Src/stm32l1xx_hal_rcc_ex.c ****       }
 164:Drivers/STM32L1xx_HAL_Driver/Src/stm32l1xx_hal_rcc_ex.c ****     }
 165:Drivers/STM32L1xx_HAL_Driver/Src/stm32l1xx_hal_rcc_ex.c **** 
 166:Drivers/STM32L1xx_HAL_Driver/Src/stm32l1xx_hal_rcc_ex.c ****     /* Reset the Backup domain only if the RTC Clock source selection is modified from reset value 
 167:Drivers/STM32L1xx_HAL_Driver/Src/stm32l1xx_hal_rcc_ex.c ****     temp_reg = (RCC->CSR & RCC_CSR_RTCSEL);
 150              		.loc 1 167 20
 151 00b8 354B     		ldr	r3, .L14
 152 00ba 5B6B     		ldr	r3, [r3, #52]
 153              		.loc 1 167 14
 154 00bc 03F44033 		and	r3, r3, #196608
 155 00c0 FB60     		str	r3, [r7, #12]
 168:Drivers/STM32L1xx_HAL_Driver/Src/stm32l1xx_hal_rcc_ex.c **** 
 169:Drivers/STM32L1xx_HAL_Driver/Src/stm32l1xx_hal_rcc_ex.c ****     if((temp_reg != 0x00000000U) && (((temp_reg != (PeriphClkInit->RTCClockSelection & RCC_CSR_RTCS
 156              		.loc 1 169 7
 157 00c2 FB68     		ldr	r3, [r7, #12]
 158 00c4 002B     		cmp	r3, #0
 159 00c6 34D0     		beq	.L9
 160              		.loc 1 169 66 discriminator 1
 161 00c8 7B68     		ldr	r3, [r7, #4]
 162 00ca 5B68     		ldr	r3, [r3, #4]
 163              		.loc 1 169 86 discriminator 1
 164 00cc 03F44033 		and	r3, r3, #196608
 165              		.loc 1 169 34 discriminator 1
 166 00d0 FA68     		ldr	r2, [r7, #12]
 167 00d2 9A42     		cmp	r2, r3
 168 00d4 2DD0     		beq	.L9
 170:Drivers/STM32L1xx_HAL_Driver/Src/stm32l1xx_hal_rcc_ex.c ****       && (((PeriphClkInit->PeriphClockSelection) & RCC_PERIPHCLK_RTC) == RCC_PERIPHCLK_RTC))
 169              		.loc 1 170 26
 170 00d6 7B68     		ldr	r3, [r7, #4]
 171 00d8 1B68     		ldr	r3, [r3]
ARM GAS  C:\Users\SOLDER~1\AppData\Local\Temp\ccJupMqs.s 			page 7


 172              		.loc 1 170 50
 173 00da 03F00103 		and	r3, r3, #1
 174              		.loc 1 170 7
 175 00de 002B     		cmp	r3, #0
 176 00e0 27D0     		beq	.L9
 171:Drivers/STM32L1xx_HAL_Driver/Src/stm32l1xx_hal_rcc_ex.c **** #if defined(LCD)
 172:Drivers/STM32L1xx_HAL_Driver/Src/stm32l1xx_hal_rcc_ex.c ****       || ((temp_reg != (PeriphClkInit->LCDClockSelection & RCC_CSR_RTCSEL)) \
 173:Drivers/STM32L1xx_HAL_Driver/Src/stm32l1xx_hal_rcc_ex.c ****        && (((PeriphClkInit->PeriphClockSelection) & RCC_PERIPHCLK_LCD) == RCC_PERIPHCLK_LCD))
 174:Drivers/STM32L1xx_HAL_Driver/Src/stm32l1xx_hal_rcc_ex.c **** #endif /* LCD */
 175:Drivers/STM32L1xx_HAL_Driver/Src/stm32l1xx_hal_rcc_ex.c ****      ))
 176:Drivers/STM32L1xx_HAL_Driver/Src/stm32l1xx_hal_rcc_ex.c ****     {
 177:Drivers/STM32L1xx_HAL_Driver/Src/stm32l1xx_hal_rcc_ex.c ****       /* Store the content of CSR register before the reset of Backup Domain */
 178:Drivers/STM32L1xx_HAL_Driver/Src/stm32l1xx_hal_rcc_ex.c ****       temp_reg = (RCC->CSR & ~(RCC_CSR_RTCSEL));
 177              		.loc 1 178 22
 178 00e2 2B4B     		ldr	r3, .L14
 179 00e4 5B6B     		ldr	r3, [r3, #52]
 180              		.loc 1 178 16
 181 00e6 23F44033 		bic	r3, r3, #196608
 182 00ea FB60     		str	r3, [r7, #12]
 179:Drivers/STM32L1xx_HAL_Driver/Src/stm32l1xx_hal_rcc_ex.c **** 
 180:Drivers/STM32L1xx_HAL_Driver/Src/stm32l1xx_hal_rcc_ex.c ****       /* RTC Clock selection can be changed only if the Backup Domain is reset */
 181:Drivers/STM32L1xx_HAL_Driver/Src/stm32l1xx_hal_rcc_ex.c ****       __HAL_RCC_BACKUPRESET_FORCE();
 183              		.loc 1 181 7
 184 00ec 2A4B     		ldr	r3, .L14+8
 185 00ee 0122     		movs	r2, #1
 186 00f0 1A60     		str	r2, [r3]
 182:Drivers/STM32L1xx_HAL_Driver/Src/stm32l1xx_hal_rcc_ex.c ****       __HAL_RCC_BACKUPRESET_RELEASE();
 187              		.loc 1 182 7
 188 00f2 294B     		ldr	r3, .L14+8
 189 00f4 0022     		movs	r2, #0
 190 00f6 1A60     		str	r2, [r3]
 183:Drivers/STM32L1xx_HAL_Driver/Src/stm32l1xx_hal_rcc_ex.c **** 
 184:Drivers/STM32L1xx_HAL_Driver/Src/stm32l1xx_hal_rcc_ex.c ****       /* Restore the Content of CSR register */
 185:Drivers/STM32L1xx_HAL_Driver/Src/stm32l1xx_hal_rcc_ex.c ****       RCC->CSR = temp_reg;
 191              		.loc 1 185 10
 192 00f8 254A     		ldr	r2, .L14
 193              		.loc 1 185 16
 194 00fa FB68     		ldr	r3, [r7, #12]
 195 00fc 5363     		str	r3, [r2, #52]
 186:Drivers/STM32L1xx_HAL_Driver/Src/stm32l1xx_hal_rcc_ex.c **** 
 187:Drivers/STM32L1xx_HAL_Driver/Src/stm32l1xx_hal_rcc_ex.c ****        /* Wait for LSERDY if LSE was enabled */
 188:Drivers/STM32L1xx_HAL_Driver/Src/stm32l1xx_hal_rcc_ex.c ****       if (HAL_IS_BIT_SET(temp_reg, RCC_CSR_LSEON))
 196              		.loc 1 188 11
 197 00fe FB68     		ldr	r3, [r7, #12]
 198 0100 03F48073 		and	r3, r3, #256
 199              		.loc 1 188 10
 200 0104 002B     		cmp	r3, #0
 201 0106 14D0     		beq	.L9
 189:Drivers/STM32L1xx_HAL_Driver/Src/stm32l1xx_hal_rcc_ex.c ****       {
 190:Drivers/STM32L1xx_HAL_Driver/Src/stm32l1xx_hal_rcc_ex.c ****         /* Get Start Tick */
 191:Drivers/STM32L1xx_HAL_Driver/Src/stm32l1xx_hal_rcc_ex.c ****         tickstart = HAL_GetTick();
 202              		.loc 1 191 21
 203 0108 FFF7FEFF 		bl	HAL_GetTick
 204 010c 3861     		str	r0, [r7, #16]
 192:Drivers/STM32L1xx_HAL_Driver/Src/stm32l1xx_hal_rcc_ex.c **** 
 193:Drivers/STM32L1xx_HAL_Driver/Src/stm32l1xx_hal_rcc_ex.c ****         /* Wait till LSE is ready */
 194:Drivers/STM32L1xx_HAL_Driver/Src/stm32l1xx_hal_rcc_ex.c ****         while(__HAL_RCC_GET_FLAG(RCC_FLAG_LSERDY) == 0U)
ARM GAS  C:\Users\SOLDER~1\AppData\Local\Temp\ccJupMqs.s 			page 8


 205              		.loc 1 194 14
 206 010e 0AE0     		b	.L10
 207              	.L11:
 195:Drivers/STM32L1xx_HAL_Driver/Src/stm32l1xx_hal_rcc_ex.c ****         {
 196:Drivers/STM32L1xx_HAL_Driver/Src/stm32l1xx_hal_rcc_ex.c ****           if((HAL_GetTick() - tickstart ) > RCC_LSE_TIMEOUT_VALUE)
 208              		.loc 1 196 15
 209 0110 FFF7FEFF 		bl	HAL_GetTick
 210 0114 0246     		mov	r2, r0
 211              		.loc 1 196 29
 212 0116 3B69     		ldr	r3, [r7, #16]
 213 0118 D31A     		subs	r3, r2, r3
 214              		.loc 1 196 13
 215 011a 41F28832 		movw	r2, #5000
 216 011e 9342     		cmp	r3, r2
 217 0120 01D9     		bls	.L10
 197:Drivers/STM32L1xx_HAL_Driver/Src/stm32l1xx_hal_rcc_ex.c ****           {
 198:Drivers/STM32L1xx_HAL_Driver/Src/stm32l1xx_hal_rcc_ex.c ****             return HAL_TIMEOUT;
 218              		.loc 1 198 20
 219 0122 0323     		movs	r3, #3
 220 0124 30E0     		b	.L6
 221              	.L10:
 194:Drivers/STM32L1xx_HAL_Driver/Src/stm32l1xx_hal_rcc_ex.c ****         {
 222              		.loc 1 194 15
 223 0126 1A4B     		ldr	r3, .L14
 224 0128 5B6B     		ldr	r3, [r3, #52]
 225 012a 03F40073 		and	r3, r3, #512
 194:Drivers/STM32L1xx_HAL_Driver/Src/stm32l1xx_hal_rcc_ex.c ****         {
 226              		.loc 1 194 14
 227 012e 002B     		cmp	r3, #0
 228 0130 EED0     		beq	.L11
 229              	.L9:
 199:Drivers/STM32L1xx_HAL_Driver/Src/stm32l1xx_hal_rcc_ex.c ****           }
 200:Drivers/STM32L1xx_HAL_Driver/Src/stm32l1xx_hal_rcc_ex.c ****         }
 201:Drivers/STM32L1xx_HAL_Driver/Src/stm32l1xx_hal_rcc_ex.c ****       }
 202:Drivers/STM32L1xx_HAL_Driver/Src/stm32l1xx_hal_rcc_ex.c ****     }
 203:Drivers/STM32L1xx_HAL_Driver/Src/stm32l1xx_hal_rcc_ex.c **** #if defined(LCD)
 204:Drivers/STM32L1xx_HAL_Driver/Src/stm32l1xx_hal_rcc_ex.c ****     if(((PeriphClkInit->PeriphClockSelection) & RCC_PERIPHCLK_LCD) == RCC_PERIPHCLK_LCD)
 205:Drivers/STM32L1xx_HAL_Driver/Src/stm32l1xx_hal_rcc_ex.c ****     {
 206:Drivers/STM32L1xx_HAL_Driver/Src/stm32l1xx_hal_rcc_ex.c ****       __HAL_RCC_LCD_CONFIG(PeriphClkInit->LCDClockSelection);
 207:Drivers/STM32L1xx_HAL_Driver/Src/stm32l1xx_hal_rcc_ex.c ****     } 
 208:Drivers/STM32L1xx_HAL_Driver/Src/stm32l1xx_hal_rcc_ex.c **** #endif /* LCD */
 209:Drivers/STM32L1xx_HAL_Driver/Src/stm32l1xx_hal_rcc_ex.c **** 
 210:Drivers/STM32L1xx_HAL_Driver/Src/stm32l1xx_hal_rcc_ex.c ****     if(((PeriphClkInit->PeriphClockSelection) & RCC_PERIPHCLK_RTC) == RCC_PERIPHCLK_RTC)
 230              		.loc 1 210 23
 231 0132 7B68     		ldr	r3, [r7, #4]
 232 0134 1B68     		ldr	r3, [r3]
 233              		.loc 1 210 47
 234 0136 03F00103 		and	r3, r3, #1
 235              		.loc 1 210 7
 236 013a 002B     		cmp	r3, #0
 237 013c 1AD0     		beq	.L12
 211:Drivers/STM32L1xx_HAL_Driver/Src/stm32l1xx_hal_rcc_ex.c ****     {
 212:Drivers/STM32L1xx_HAL_Driver/Src/stm32l1xx_hal_rcc_ex.c ****       __HAL_RCC_RTC_CONFIG(PeriphClkInit->RTCClockSelection);
 238              		.loc 1 212 7
 239 013e 7B68     		ldr	r3, [r7, #4]
 240 0140 5B68     		ldr	r3, [r3, #4]
 241 0142 03F44033 		and	r3, r3, #196608
ARM GAS  C:\Users\SOLDER~1\AppData\Local\Temp\ccJupMqs.s 			page 9


 242 0146 B3F5403F 		cmp	r3, #196608
 243 014a 0AD1     		bne	.L13
 244              		.loc 1 212 7 is_stmt 0 discriminator 1
 245 014c 104B     		ldr	r3, .L14
 246 014e 1B68     		ldr	r3, [r3]
 247 0150 23F0C042 		bic	r2, r3, #1610612736
 248 0154 7B68     		ldr	r3, [r7, #4]
 249 0156 5B68     		ldr	r3, [r3, #4]
 250 0158 03F0C043 		and	r3, r3, #1610612736
 251 015c 0C49     		ldr	r1, .L14
 252 015e 1343     		orrs	r3, r3, r2
 253 0160 0B60     		str	r3, [r1]
 254              	.L13:
 255              		.loc 1 212 7 discriminator 3
 256 0162 0B4B     		ldr	r3, .L14
 257 0164 5A6B     		ldr	r2, [r3, #52]
 258 0166 7B68     		ldr	r3, [r7, #4]
 259 0168 5B68     		ldr	r3, [r3, #4]
 260 016a 03F44033 		and	r3, r3, #196608
 261 016e 0849     		ldr	r1, .L14
 262 0170 1343     		orrs	r3, r3, r2
 263 0172 4B63     		str	r3, [r1, #52]
 264              	.L12:
 213:Drivers/STM32L1xx_HAL_Driver/Src/stm32l1xx_hal_rcc_ex.c ****     }
 214:Drivers/STM32L1xx_HAL_Driver/Src/stm32l1xx_hal_rcc_ex.c **** 
 215:Drivers/STM32L1xx_HAL_Driver/Src/stm32l1xx_hal_rcc_ex.c ****     /* Require to disable power clock if necessary */
 216:Drivers/STM32L1xx_HAL_Driver/Src/stm32l1xx_hal_rcc_ex.c ****     if(pwrclkchanged == SET)
 265              		.loc 1 216 7 is_stmt 1
 266 0174 FB7D     		ldrb	r3, [r7, #23]	@ zero_extendqisi2
 267 0176 012B     		cmp	r3, #1
 268 0178 05D1     		bne	.L2
 217:Drivers/STM32L1xx_HAL_Driver/Src/stm32l1xx_hal_rcc_ex.c ****     {
 218:Drivers/STM32L1xx_HAL_Driver/Src/stm32l1xx_hal_rcc_ex.c ****       __HAL_RCC_PWR_CLK_DISABLE();
 269              		.loc 1 218 7
 270 017a 054B     		ldr	r3, .L14
 271 017c 5B6A     		ldr	r3, [r3, #36]
 272 017e 044A     		ldr	r2, .L14
 273 0180 23F08053 		bic	r3, r3, #268435456
 274 0184 5362     		str	r3, [r2, #36]
 275              	.L2:
 276              	.LBE2:
 219:Drivers/STM32L1xx_HAL_Driver/Src/stm32l1xx_hal_rcc_ex.c ****     }
 220:Drivers/STM32L1xx_HAL_Driver/Src/stm32l1xx_hal_rcc_ex.c ****   }
 221:Drivers/STM32L1xx_HAL_Driver/Src/stm32l1xx_hal_rcc_ex.c **** 
 222:Drivers/STM32L1xx_HAL_Driver/Src/stm32l1xx_hal_rcc_ex.c ****   return HAL_OK;
 277              		.loc 1 222 10
 278 0186 0023     		movs	r3, #0
 279              	.L6:
 223:Drivers/STM32L1xx_HAL_Driver/Src/stm32l1xx_hal_rcc_ex.c **** }
 280              		.loc 1 223 1
 281 0188 1846     		mov	r0, r3
 282 018a 1837     		adds	r7, r7, #24
 283              		.cfi_def_cfa_offset 8
 284 018c BD46     		mov	sp, r7
 285              		.cfi_def_cfa_register 13
 286              		@ sp needed
 287 018e 80BD     		pop	{r7, pc}
ARM GAS  C:\Users\SOLDER~1\AppData\Local\Temp\ccJupMqs.s 			page 10


 288              	.L15:
 289              		.align	2
 290              	.L14:
 291 0190 00380240 		.word	1073887232
 292 0194 00700040 		.word	1073770496
 293 0198 DC064742 		.word	1111951068
 294              		.cfi_endproc
 295              	.LFE72:
 297              		.section	.text.HAL_RCCEx_GetPeriphCLKConfig,"ax",%progbits
 298              		.align	1
 299              		.global	HAL_RCCEx_GetPeriphCLKConfig
 300              		.syntax unified
 301              		.thumb
 302              		.thumb_func
 304              	HAL_RCCEx_GetPeriphCLKConfig:
 305              	.LFB73:
 224:Drivers/STM32L1xx_HAL_Driver/Src/stm32l1xx_hal_rcc_ex.c **** 
 225:Drivers/STM32L1xx_HAL_Driver/Src/stm32l1xx_hal_rcc_ex.c **** /**
 226:Drivers/STM32L1xx_HAL_Driver/Src/stm32l1xx_hal_rcc_ex.c ****   * @brief  Get the PeriphClkInit according to the internal RCC configuration registers.
 227:Drivers/STM32L1xx_HAL_Driver/Src/stm32l1xx_hal_rcc_ex.c ****   * @param  PeriphClkInit pointer to an RCC_PeriphCLKInitTypeDef structure that
 228:Drivers/STM32L1xx_HAL_Driver/Src/stm32l1xx_hal_rcc_ex.c ****   *         returns the configuration information for the Extended Peripherals clocks(RTC/LCD clock
 229:Drivers/STM32L1xx_HAL_Driver/Src/stm32l1xx_hal_rcc_ex.c ****   * @retval None
 230:Drivers/STM32L1xx_HAL_Driver/Src/stm32l1xx_hal_rcc_ex.c ****   */
 231:Drivers/STM32L1xx_HAL_Driver/Src/stm32l1xx_hal_rcc_ex.c **** void HAL_RCCEx_GetPeriphCLKConfig(RCC_PeriphCLKInitTypeDef  *PeriphClkInit)
 232:Drivers/STM32L1xx_HAL_Driver/Src/stm32l1xx_hal_rcc_ex.c **** {
 306              		.loc 1 232 1
 307              		.cfi_startproc
 308              		@ args = 0, pretend = 0, frame = 16
 309              		@ frame_needed = 1, uses_anonymous_args = 0
 310              		@ link register save eliminated.
 311 0000 80B4     		push	{r7}
 312              		.cfi_def_cfa_offset 4
 313              		.cfi_offset 7, -4
 314 0002 85B0     		sub	sp, sp, #20
 315              		.cfi_def_cfa_offset 24
 316 0004 00AF     		add	r7, sp, #0
 317              		.cfi_def_cfa_register 7
 318 0006 7860     		str	r0, [r7, #4]
 233:Drivers/STM32L1xx_HAL_Driver/Src/stm32l1xx_hal_rcc_ex.c ****   uint32_t srcclk;
 234:Drivers/STM32L1xx_HAL_Driver/Src/stm32l1xx_hal_rcc_ex.c **** 
 235:Drivers/STM32L1xx_HAL_Driver/Src/stm32l1xx_hal_rcc_ex.c ****   /* Set all possible values for the extended clock type parameter------------*/
 236:Drivers/STM32L1xx_HAL_Driver/Src/stm32l1xx_hal_rcc_ex.c ****   PeriphClkInit->PeriphClockSelection = RCC_PERIPHCLK_RTC;
 319              		.loc 1 236 39
 320 0008 7B68     		ldr	r3, [r7, #4]
 321 000a 0122     		movs	r2, #1
 322 000c 1A60     		str	r2, [r3]
 237:Drivers/STM32L1xx_HAL_Driver/Src/stm32l1xx_hal_rcc_ex.c **** #if defined(LCD)
 238:Drivers/STM32L1xx_HAL_Driver/Src/stm32l1xx_hal_rcc_ex.c ****   PeriphClkInit->PeriphClockSelection |= RCC_PERIPHCLK_LCD;
 239:Drivers/STM32L1xx_HAL_Driver/Src/stm32l1xx_hal_rcc_ex.c **** #endif /* LCD */
 240:Drivers/STM32L1xx_HAL_Driver/Src/stm32l1xx_hal_rcc_ex.c **** 
 241:Drivers/STM32L1xx_HAL_Driver/Src/stm32l1xx_hal_rcc_ex.c ****   /* Get the RTC/LCD configuration -----------------------------------------------*/
 242:Drivers/STM32L1xx_HAL_Driver/Src/stm32l1xx_hal_rcc_ex.c ****   srcclk = __HAL_RCC_GET_RTC_SOURCE();
 323              		.loc 1 242 12
 324 000e 0D4B     		ldr	r3, .L20
 325 0010 5B6B     		ldr	r3, [r3, #52]
 326              		.loc 1 242 10
 327 0012 03F44033 		and	r3, r3, #196608
ARM GAS  C:\Users\SOLDER~1\AppData\Local\Temp\ccJupMqs.s 			page 11


 328 0016 FB60     		str	r3, [r7, #12]
 243:Drivers/STM32L1xx_HAL_Driver/Src/stm32l1xx_hal_rcc_ex.c ****   if (srcclk != RCC_RTCCLKSOURCE_HSE_DIV2)
 329              		.loc 1 243 6
 330 0018 FB68     		ldr	r3, [r7, #12]
 331 001a B3F5403F 		cmp	r3, #196608
 332 001e 03D0     		beq	.L17
 244:Drivers/STM32L1xx_HAL_Driver/Src/stm32l1xx_hal_rcc_ex.c ****   {
 245:Drivers/STM32L1xx_HAL_Driver/Src/stm32l1xx_hal_rcc_ex.c ****     /* Source clock is LSE or LSI*/
 246:Drivers/STM32L1xx_HAL_Driver/Src/stm32l1xx_hal_rcc_ex.c ****     PeriphClkInit->RTCClockSelection = srcclk;
 333              		.loc 1 246 38
 334 0020 7B68     		ldr	r3, [r7, #4]
 335 0022 FA68     		ldr	r2, [r7, #12]
 336 0024 5A60     		str	r2, [r3, #4]
 247:Drivers/STM32L1xx_HAL_Driver/Src/stm32l1xx_hal_rcc_ex.c ****   }
 248:Drivers/STM32L1xx_HAL_Driver/Src/stm32l1xx_hal_rcc_ex.c ****   else
 249:Drivers/STM32L1xx_HAL_Driver/Src/stm32l1xx_hal_rcc_ex.c ****   {
 250:Drivers/STM32L1xx_HAL_Driver/Src/stm32l1xx_hal_rcc_ex.c ****     /* Source clock is HSE. Need to get the prescaler value*/
 251:Drivers/STM32L1xx_HAL_Driver/Src/stm32l1xx_hal_rcc_ex.c ****     PeriphClkInit->RTCClockSelection = srcclk | (READ_BIT(RCC->CR, RCC_CR_RTCPRE));
 252:Drivers/STM32L1xx_HAL_Driver/Src/stm32l1xx_hal_rcc_ex.c ****   }
 253:Drivers/STM32L1xx_HAL_Driver/Src/stm32l1xx_hal_rcc_ex.c **** #if defined(LCD)
 254:Drivers/STM32L1xx_HAL_Driver/Src/stm32l1xx_hal_rcc_ex.c ****   PeriphClkInit->LCDClockSelection = PeriphClkInit->RTCClockSelection;
 255:Drivers/STM32L1xx_HAL_Driver/Src/stm32l1xx_hal_rcc_ex.c **** #endif /* LCD */
 256:Drivers/STM32L1xx_HAL_Driver/Src/stm32l1xx_hal_rcc_ex.c **** }
 337              		.loc 1 256 1
 338 0026 07E0     		b	.L19
 339              	.L17:
 251:Drivers/STM32L1xx_HAL_Driver/Src/stm32l1xx_hal_rcc_ex.c ****   }
 340              		.loc 1 251 50
 341 0028 064B     		ldr	r3, .L20
 342 002a 1B68     		ldr	r3, [r3]
 343 002c 03F0C042 		and	r2, r3, #1610612736
 251:Drivers/STM32L1xx_HAL_Driver/Src/stm32l1xx_hal_rcc_ex.c ****   }
 344              		.loc 1 251 47
 345 0030 FB68     		ldr	r3, [r7, #12]
 346 0032 1A43     		orrs	r2, r2, r3
 251:Drivers/STM32L1xx_HAL_Driver/Src/stm32l1xx_hal_rcc_ex.c ****   }
 347              		.loc 1 251 38
 348 0034 7B68     		ldr	r3, [r7, #4]
 349 0036 5A60     		str	r2, [r3, #4]
 350              	.L19:
 351              		.loc 1 256 1
 352 0038 00BF     		nop
 353 003a 1437     		adds	r7, r7, #20
 354              		.cfi_def_cfa_offset 4
 355 003c BD46     		mov	sp, r7
 356              		.cfi_def_cfa_register 13
 357              		@ sp needed
 358 003e 80BC     		pop	{r7}
 359              		.cfi_restore 7
 360              		.cfi_def_cfa_offset 0
 361 0040 7047     		bx	lr
 362              	.L21:
 363 0042 00BF     		.align	2
 364              	.L20:
 365 0044 00380240 		.word	1073887232
 366              		.cfi_endproc
 367              	.LFE73:
ARM GAS  C:\Users\SOLDER~1\AppData\Local\Temp\ccJupMqs.s 			page 12


 369              		.section	.text.HAL_RCCEx_GetPeriphCLKFreq,"ax",%progbits
 370              		.align	1
 371              		.global	HAL_RCCEx_GetPeriphCLKFreq
 372              		.syntax unified
 373              		.thumb
 374              		.thumb_func
 376              	HAL_RCCEx_GetPeriphCLKFreq:
 377              	.LFB74:
 257:Drivers/STM32L1xx_HAL_Driver/Src/stm32l1xx_hal_rcc_ex.c **** 
 258:Drivers/STM32L1xx_HAL_Driver/Src/stm32l1xx_hal_rcc_ex.c **** /**
 259:Drivers/STM32L1xx_HAL_Driver/Src/stm32l1xx_hal_rcc_ex.c ****   * @brief  Return the peripheral clock frequency
 260:Drivers/STM32L1xx_HAL_Driver/Src/stm32l1xx_hal_rcc_ex.c ****   * @note   Return 0 if peripheral clock is unknown
 261:Drivers/STM32L1xx_HAL_Driver/Src/stm32l1xx_hal_rcc_ex.c ****   * @param  PeriphClk Peripheral clock identifier
 262:Drivers/STM32L1xx_HAL_Driver/Src/stm32l1xx_hal_rcc_ex.c ****   *         This parameter can be one of the following values:
 263:Drivers/STM32L1xx_HAL_Driver/Src/stm32l1xx_hal_rcc_ex.c ****   *            @arg @ref RCC_PERIPHCLK_RTC      RTC peripheral clock
 264:Drivers/STM32L1xx_HAL_Driver/Src/stm32l1xx_hal_rcc_ex.c ****   *            @arg @ref RCC_PERIPHCLK_LCD      LCD peripheral clock (*)
 265:Drivers/STM32L1xx_HAL_Driver/Src/stm32l1xx_hal_rcc_ex.c ****   * @note   (*) means that this peripheral is not present on all the devices
 266:Drivers/STM32L1xx_HAL_Driver/Src/stm32l1xx_hal_rcc_ex.c ****   * @retval Frequency in Hz (0: means that no available frequency for the peripheral)
 267:Drivers/STM32L1xx_HAL_Driver/Src/stm32l1xx_hal_rcc_ex.c ****   */
 268:Drivers/STM32L1xx_HAL_Driver/Src/stm32l1xx_hal_rcc_ex.c **** uint32_t HAL_RCCEx_GetPeriphCLKFreq(uint32_t PeriphClk)
 269:Drivers/STM32L1xx_HAL_Driver/Src/stm32l1xx_hal_rcc_ex.c **** {
 378              		.loc 1 269 1
 379              		.cfi_startproc
 380              		@ args = 0, pretend = 0, frame = 16
 381              		@ frame_needed = 1, uses_anonymous_args = 0
 382              		@ link register save eliminated.
 383 0000 80B4     		push	{r7}
 384              		.cfi_def_cfa_offset 4
 385              		.cfi_offset 7, -4
 386 0002 85B0     		sub	sp, sp, #20
 387              		.cfi_def_cfa_offset 24
 388 0004 00AF     		add	r7, sp, #0
 389              		.cfi_def_cfa_register 7
 390 0006 7860     		str	r0, [r7, #4]
 270:Drivers/STM32L1xx_HAL_Driver/Src/stm32l1xx_hal_rcc_ex.c ****   uint32_t frequency = 0;
 391              		.loc 1 270 12
 392 0008 0023     		movs	r3, #0
 393 000a FB60     		str	r3, [r7, #12]
 271:Drivers/STM32L1xx_HAL_Driver/Src/stm32l1xx_hal_rcc_ex.c ****   uint32_t srcclk;
 272:Drivers/STM32L1xx_HAL_Driver/Src/stm32l1xx_hal_rcc_ex.c **** 
 273:Drivers/STM32L1xx_HAL_Driver/Src/stm32l1xx_hal_rcc_ex.c ****   /* Check the parameters */
 274:Drivers/STM32L1xx_HAL_Driver/Src/stm32l1xx_hal_rcc_ex.c ****   assert_param(IS_RCC_PERIPHCLOCK(PeriphClk));
 275:Drivers/STM32L1xx_HAL_Driver/Src/stm32l1xx_hal_rcc_ex.c **** 
 276:Drivers/STM32L1xx_HAL_Driver/Src/stm32l1xx_hal_rcc_ex.c ****   switch (PeriphClk)
 394              		.loc 1 276 3
 395 000c 7B68     		ldr	r3, [r7, #4]
 396 000e 012B     		cmp	r3, #1
 397 0010 4BD1     		bne	.L34
 277:Drivers/STM32L1xx_HAL_Driver/Src/stm32l1xx_hal_rcc_ex.c ****   {
 278:Drivers/STM32L1xx_HAL_Driver/Src/stm32l1xx_hal_rcc_ex.c ****   case RCC_PERIPHCLK_RTC:
 279:Drivers/STM32L1xx_HAL_Driver/Src/stm32l1xx_hal_rcc_ex.c **** #if defined(LCD)
 280:Drivers/STM32L1xx_HAL_Driver/Src/stm32l1xx_hal_rcc_ex.c ****   case RCC_PERIPHCLK_LCD:
 281:Drivers/STM32L1xx_HAL_Driver/Src/stm32l1xx_hal_rcc_ex.c **** #endif /* LCD */
 282:Drivers/STM32L1xx_HAL_Driver/Src/stm32l1xx_hal_rcc_ex.c ****     {
 283:Drivers/STM32L1xx_HAL_Driver/Src/stm32l1xx_hal_rcc_ex.c ****       /* Get the current RTC source */
 284:Drivers/STM32L1xx_HAL_Driver/Src/stm32l1xx_hal_rcc_ex.c ****       srcclk = __HAL_RCC_GET_RTC_SOURCE();
 398              		.loc 1 284 16
ARM GAS  C:\Users\SOLDER~1\AppData\Local\Temp\ccJupMqs.s 			page 13


 399 0012 2A4B     		ldr	r3, .L37
 400 0014 5B6B     		ldr	r3, [r3, #52]
 401              		.loc 1 284 14
 402 0016 03F44033 		and	r3, r3, #196608
 403 001a BB60     		str	r3, [r7, #8]
 285:Drivers/STM32L1xx_HAL_Driver/Src/stm32l1xx_hal_rcc_ex.c **** 
 286:Drivers/STM32L1xx_HAL_Driver/Src/stm32l1xx_hal_rcc_ex.c ****       /* Check if LSE is ready if RTC clock selection is LSE */
 287:Drivers/STM32L1xx_HAL_Driver/Src/stm32l1xx_hal_rcc_ex.c ****       if (srcclk == RCC_RTCCLKSOURCE_LSE)
 404              		.loc 1 287 10
 405 001c BB68     		ldr	r3, [r7, #8]
 406 001e B3F5803F 		cmp	r3, #65536
 407 0022 0AD1     		bne	.L24
 288:Drivers/STM32L1xx_HAL_Driver/Src/stm32l1xx_hal_rcc_ex.c ****       {
 289:Drivers/STM32L1xx_HAL_Driver/Src/stm32l1xx_hal_rcc_ex.c ****         if (HAL_IS_BIT_SET(RCC->CSR, RCC_CSR_LSERDY))
 408              		.loc 1 289 13
 409 0024 254B     		ldr	r3, .L37
 410 0026 5B6B     		ldr	r3, [r3, #52]
 411 0028 03F40073 		and	r3, r3, #512
 412              		.loc 1 289 12
 413 002c B3F5007F 		cmp	r3, #512
 414 0030 3DD1     		bne	.L35
 290:Drivers/STM32L1xx_HAL_Driver/Src/stm32l1xx_hal_rcc_ex.c ****         {
 291:Drivers/STM32L1xx_HAL_Driver/Src/stm32l1xx_hal_rcc_ex.c ****           frequency = LSE_VALUE;
 415              		.loc 1 291 21
 416 0032 4FF40043 		mov	r3, #32768
 417 0036 FB60     		str	r3, [r7, #12]
 292:Drivers/STM32L1xx_HAL_Driver/Src/stm32l1xx_hal_rcc_ex.c ****         }
 293:Drivers/STM32L1xx_HAL_Driver/Src/stm32l1xx_hal_rcc_ex.c ****       }
 294:Drivers/STM32L1xx_HAL_Driver/Src/stm32l1xx_hal_rcc_ex.c ****       /* Check if LSI is ready if RTC clock selection is LSI */
 295:Drivers/STM32L1xx_HAL_Driver/Src/stm32l1xx_hal_rcc_ex.c ****       else if (srcclk == RCC_RTCCLKSOURCE_LSI)
 296:Drivers/STM32L1xx_HAL_Driver/Src/stm32l1xx_hal_rcc_ex.c ****       {
 297:Drivers/STM32L1xx_HAL_Driver/Src/stm32l1xx_hal_rcc_ex.c ****         if (HAL_IS_BIT_SET(RCC->CSR, RCC_CSR_LSIRDY))
 298:Drivers/STM32L1xx_HAL_Driver/Src/stm32l1xx_hal_rcc_ex.c ****         {
 299:Drivers/STM32L1xx_HAL_Driver/Src/stm32l1xx_hal_rcc_ex.c ****           frequency = LSI_VALUE;
 300:Drivers/STM32L1xx_HAL_Driver/Src/stm32l1xx_hal_rcc_ex.c ****         }
 301:Drivers/STM32L1xx_HAL_Driver/Src/stm32l1xx_hal_rcc_ex.c ****       }
 302:Drivers/STM32L1xx_HAL_Driver/Src/stm32l1xx_hal_rcc_ex.c ****       /* Check if HSE is ready and if RTC clock selection is HSE */
 303:Drivers/STM32L1xx_HAL_Driver/Src/stm32l1xx_hal_rcc_ex.c ****       else if (srcclk == RCC_RTCCLKSOURCE_HSE_DIVX)
 304:Drivers/STM32L1xx_HAL_Driver/Src/stm32l1xx_hal_rcc_ex.c ****       {
 305:Drivers/STM32L1xx_HAL_Driver/Src/stm32l1xx_hal_rcc_ex.c ****         if (HAL_IS_BIT_SET(RCC->CR, RCC_CR_HSERDY))
 306:Drivers/STM32L1xx_HAL_Driver/Src/stm32l1xx_hal_rcc_ex.c ****         {
 307:Drivers/STM32L1xx_HAL_Driver/Src/stm32l1xx_hal_rcc_ex.c ****           /* Get the current HSE clock divider */
 308:Drivers/STM32L1xx_HAL_Driver/Src/stm32l1xx_hal_rcc_ex.c ****           switch (__HAL_RCC_GET_RTC_HSE_PRESCALER())
 309:Drivers/STM32L1xx_HAL_Driver/Src/stm32l1xx_hal_rcc_ex.c ****           {
 310:Drivers/STM32L1xx_HAL_Driver/Src/stm32l1xx_hal_rcc_ex.c ****             case RCC_RTC_HSE_DIV_16:  /* HSE DIV16 has been selected */
 311:Drivers/STM32L1xx_HAL_Driver/Src/stm32l1xx_hal_rcc_ex.c ****             {
 312:Drivers/STM32L1xx_HAL_Driver/Src/stm32l1xx_hal_rcc_ex.c ****               frequency = HSE_VALUE / 16U;
 313:Drivers/STM32L1xx_HAL_Driver/Src/stm32l1xx_hal_rcc_ex.c ****               break;
 314:Drivers/STM32L1xx_HAL_Driver/Src/stm32l1xx_hal_rcc_ex.c ****             }
 315:Drivers/STM32L1xx_HAL_Driver/Src/stm32l1xx_hal_rcc_ex.c ****             case RCC_RTC_HSE_DIV_8:   /* HSE DIV8 has been selected  */
 316:Drivers/STM32L1xx_HAL_Driver/Src/stm32l1xx_hal_rcc_ex.c ****             {
 317:Drivers/STM32L1xx_HAL_Driver/Src/stm32l1xx_hal_rcc_ex.c ****               frequency = HSE_VALUE / 8U;
 318:Drivers/STM32L1xx_HAL_Driver/Src/stm32l1xx_hal_rcc_ex.c ****               break;
 319:Drivers/STM32L1xx_HAL_Driver/Src/stm32l1xx_hal_rcc_ex.c ****             }
 320:Drivers/STM32L1xx_HAL_Driver/Src/stm32l1xx_hal_rcc_ex.c ****             case RCC_RTC_HSE_DIV_4:   /* HSE DIV4 has been selected  */
 321:Drivers/STM32L1xx_HAL_Driver/Src/stm32l1xx_hal_rcc_ex.c ****             {
 322:Drivers/STM32L1xx_HAL_Driver/Src/stm32l1xx_hal_rcc_ex.c ****               frequency = HSE_VALUE / 4U;
ARM GAS  C:\Users\SOLDER~1\AppData\Local\Temp\ccJupMqs.s 			page 14


 323:Drivers/STM32L1xx_HAL_Driver/Src/stm32l1xx_hal_rcc_ex.c ****               break;
 324:Drivers/STM32L1xx_HAL_Driver/Src/stm32l1xx_hal_rcc_ex.c ****             }
 325:Drivers/STM32L1xx_HAL_Driver/Src/stm32l1xx_hal_rcc_ex.c ****             default:                  /* HSE DIV2 has been selected  */
 326:Drivers/STM32L1xx_HAL_Driver/Src/stm32l1xx_hal_rcc_ex.c ****             {
 327:Drivers/STM32L1xx_HAL_Driver/Src/stm32l1xx_hal_rcc_ex.c ****               frequency = HSE_VALUE / 2U;
 328:Drivers/STM32L1xx_HAL_Driver/Src/stm32l1xx_hal_rcc_ex.c ****               break;
 329:Drivers/STM32L1xx_HAL_Driver/Src/stm32l1xx_hal_rcc_ex.c ****             }
 330:Drivers/STM32L1xx_HAL_Driver/Src/stm32l1xx_hal_rcc_ex.c ****           }
 331:Drivers/STM32L1xx_HAL_Driver/Src/stm32l1xx_hal_rcc_ex.c ****         }
 332:Drivers/STM32L1xx_HAL_Driver/Src/stm32l1xx_hal_rcc_ex.c ****       }
 333:Drivers/STM32L1xx_HAL_Driver/Src/stm32l1xx_hal_rcc_ex.c ****       else
 334:Drivers/STM32L1xx_HAL_Driver/Src/stm32l1xx_hal_rcc_ex.c ****       {
 335:Drivers/STM32L1xx_HAL_Driver/Src/stm32l1xx_hal_rcc_ex.c ****         /* No clock source, frequency default init at 0 */
 336:Drivers/STM32L1xx_HAL_Driver/Src/stm32l1xx_hal_rcc_ex.c ****       }
 337:Drivers/STM32L1xx_HAL_Driver/Src/stm32l1xx_hal_rcc_ex.c ****       break;
 418              		.loc 1 337 7
 419 0038 39E0     		b	.L35
 420              	.L24:
 295:Drivers/STM32L1xx_HAL_Driver/Src/stm32l1xx_hal_rcc_ex.c ****       {
 421              		.loc 1 295 15
 422 003a BB68     		ldr	r3, [r7, #8]
 423 003c B3F5003F 		cmp	r3, #131072
 424 0040 09D1     		bne	.L26
 297:Drivers/STM32L1xx_HAL_Driver/Src/stm32l1xx_hal_rcc_ex.c ****         {
 425              		.loc 1 297 13
 426 0042 1E4B     		ldr	r3, .L37
 427 0044 5B6B     		ldr	r3, [r3, #52]
 428 0046 03F00203 		and	r3, r3, #2
 297:Drivers/STM32L1xx_HAL_Driver/Src/stm32l1xx_hal_rcc_ex.c ****         {
 429              		.loc 1 297 12
 430 004a 022B     		cmp	r3, #2
 431 004c 2FD1     		bne	.L35
 299:Drivers/STM32L1xx_HAL_Driver/Src/stm32l1xx_hal_rcc_ex.c ****         }
 432              		.loc 1 299 21
 433 004e 49F28803 		movw	r3, #37000
 434 0052 FB60     		str	r3, [r7, #12]
 435              		.loc 1 337 7
 436 0054 2BE0     		b	.L35
 437              	.L26:
 303:Drivers/STM32L1xx_HAL_Driver/Src/stm32l1xx_hal_rcc_ex.c ****       {
 438              		.loc 1 303 15
 439 0056 BB68     		ldr	r3, [r7, #8]
 440 0058 B3F5403F 		cmp	r3, #196608
 441 005c 27D1     		bne	.L35
 305:Drivers/STM32L1xx_HAL_Driver/Src/stm32l1xx_hal_rcc_ex.c ****         {
 442              		.loc 1 305 13
 443 005e 174B     		ldr	r3, .L37
 444 0060 1B68     		ldr	r3, [r3]
 445 0062 03F40033 		and	r3, r3, #131072
 305:Drivers/STM32L1xx_HAL_Driver/Src/stm32l1xx_hal_rcc_ex.c ****         {
 446              		.loc 1 305 12
 447 0066 B3F5003F 		cmp	r3, #131072
 448 006a 1CD1     		bne	.L36
 308:Drivers/STM32L1xx_HAL_Driver/Src/stm32l1xx_hal_rcc_ex.c ****           {
 449              		.loc 1 308 19
 450 006c 134B     		ldr	r3, .L37
 451 006e 1B68     		ldr	r3, [r3]
ARM GAS  C:\Users\SOLDER~1\AppData\Local\Temp\ccJupMqs.s 			page 15


 452 0070 03F0C043 		and	r3, r3, #1610612736
 453 0074 B3F1C04F 		cmp	r3, #1610612736
 454 0078 09D0     		beq	.L28
 455 007a B3F1C04F 		cmp	r3, #1610612736
 456 007e 0FD8     		bhi	.L29
 457 0080 B3F1005F 		cmp	r3, #536870912
 458 0084 09D0     		beq	.L30
 459 0086 B3F1804F 		cmp	r3, #1073741824
 460 008a 03D0     		beq	.L31
 461 008c 08E0     		b	.L29
 462              	.L28:
 312:Drivers/STM32L1xx_HAL_Driver/Src/stm32l1xx_hal_rcc_ex.c ****               break;
 463              		.loc 1 312 25
 464 008e 0C4B     		ldr	r3, .L37+4
 465 0090 FB60     		str	r3, [r7, #12]
 313:Drivers/STM32L1xx_HAL_Driver/Src/stm32l1xx_hal_rcc_ex.c ****             }
 466              		.loc 1 313 15
 467 0092 09E0     		b	.L25
 468              	.L31:
 317:Drivers/STM32L1xx_HAL_Driver/Src/stm32l1xx_hal_rcc_ex.c ****               break;
 469              		.loc 1 317 25
 470 0094 0B4B     		ldr	r3, .L37+8
 471 0096 FB60     		str	r3, [r7, #12]
 318:Drivers/STM32L1xx_HAL_Driver/Src/stm32l1xx_hal_rcc_ex.c ****             }
 472              		.loc 1 318 15
 473 0098 06E0     		b	.L25
 474              	.L30:
 322:Drivers/STM32L1xx_HAL_Driver/Src/stm32l1xx_hal_rcc_ex.c ****               break;
 475              		.loc 1 322 25
 476 009a 0B4B     		ldr	r3, .L37+12
 477 009c FB60     		str	r3, [r7, #12]
 323:Drivers/STM32L1xx_HAL_Driver/Src/stm32l1xx_hal_rcc_ex.c ****             }
 478              		.loc 1 323 15
 479 009e 03E0     		b	.L25
 480              	.L29:
 327:Drivers/STM32L1xx_HAL_Driver/Src/stm32l1xx_hal_rcc_ex.c ****               break;
 481              		.loc 1 327 25
 482 00a0 0A4B     		ldr	r3, .L37+16
 483 00a2 FB60     		str	r3, [r7, #12]
 328:Drivers/STM32L1xx_HAL_Driver/Src/stm32l1xx_hal_rcc_ex.c ****             }
 484              		.loc 1 328 15
 485 00a4 00E0     		b	.L25
 486              	.L36:
 331:Drivers/STM32L1xx_HAL_Driver/Src/stm32l1xx_hal_rcc_ex.c ****       }
 487              		.loc 1 331 9
 488 00a6 00BF     		nop
 489              	.L25:
 490              		.loc 1 337 7 discriminator 1
 491 00a8 01E0     		b	.L35
 492              	.L34:
 338:Drivers/STM32L1xx_HAL_Driver/Src/stm32l1xx_hal_rcc_ex.c ****     }
 339:Drivers/STM32L1xx_HAL_Driver/Src/stm32l1xx_hal_rcc_ex.c **** 
 340:Drivers/STM32L1xx_HAL_Driver/Src/stm32l1xx_hal_rcc_ex.c ****   default:
 341:Drivers/STM32L1xx_HAL_Driver/Src/stm32l1xx_hal_rcc_ex.c ****     break;
 493              		.loc 1 341 5
 494 00aa 00BF     		nop
 495 00ac 00E0     		b	.L32
ARM GAS  C:\Users\SOLDER~1\AppData\Local\Temp\ccJupMqs.s 			page 16


 496              	.L35:
 337:Drivers/STM32L1xx_HAL_Driver/Src/stm32l1xx_hal_rcc_ex.c ****     }
 497              		.loc 1 337 7
 498 00ae 00BF     		nop
 499              	.L32:
 342:Drivers/STM32L1xx_HAL_Driver/Src/stm32l1xx_hal_rcc_ex.c ****   }
 343:Drivers/STM32L1xx_HAL_Driver/Src/stm32l1xx_hal_rcc_ex.c **** 
 344:Drivers/STM32L1xx_HAL_Driver/Src/stm32l1xx_hal_rcc_ex.c ****   return(frequency);
 500              		.loc 1 344 9
 501 00b0 FB68     		ldr	r3, [r7, #12]
 345:Drivers/STM32L1xx_HAL_Driver/Src/stm32l1xx_hal_rcc_ex.c **** }
 502              		.loc 1 345 1
 503 00b2 1846     		mov	r0, r3
 504 00b4 1437     		adds	r7, r7, #20
 505              		.cfi_def_cfa_offset 4
 506 00b6 BD46     		mov	sp, r7
 507              		.cfi_def_cfa_register 13
 508              		@ sp needed
 509 00b8 80BC     		pop	{r7}
 510              		.cfi_restore 7
 511              		.cfi_def_cfa_offset 0
 512 00ba 7047     		bx	lr
 513              	.L38:
 514              		.align	2
 515              	.L37:
 516 00bc 00380240 		.word	1073887232
 517 00c0 60E31600 		.word	1500000
 518 00c4 C0C62D00 		.word	3000000
 519 00c8 808D5B00 		.word	6000000
 520 00cc 001BB700 		.word	12000000
 521              		.cfi_endproc
 522              	.LFE74:
 524              		.section	.text.HAL_RCCEx_EnableLSECSS,"ax",%progbits
 525              		.align	1
 526              		.global	HAL_RCCEx_EnableLSECSS
 527              		.syntax unified
 528              		.thumb
 529              		.thumb_func
 531              	HAL_RCCEx_EnableLSECSS:
 532              	.LFB75:
 346:Drivers/STM32L1xx_HAL_Driver/Src/stm32l1xx_hal_rcc_ex.c **** 
 347:Drivers/STM32L1xx_HAL_Driver/Src/stm32l1xx_hal_rcc_ex.c **** #if defined(RCC_LSECSS_SUPPORT)
 348:Drivers/STM32L1xx_HAL_Driver/Src/stm32l1xx_hal_rcc_ex.c **** /**
 349:Drivers/STM32L1xx_HAL_Driver/Src/stm32l1xx_hal_rcc_ex.c ****   * @brief  Enables the LSE Clock Security System.
 350:Drivers/STM32L1xx_HAL_Driver/Src/stm32l1xx_hal_rcc_ex.c ****   * @note   If a failure is detected on the external 32 kHz oscillator, the LSE clock is no longer 
 351:Drivers/STM32L1xx_HAL_Driver/Src/stm32l1xx_hal_rcc_ex.c ****   *         to the RTC but no hardware action is made to the registers.
 352:Drivers/STM32L1xx_HAL_Driver/Src/stm32l1xx_hal_rcc_ex.c ****   *         In Standby mode a wakeup is generated. In other modes an interrupt can be sent to wakeu
 353:Drivers/STM32L1xx_HAL_Driver/Src/stm32l1xx_hal_rcc_ex.c ****   *         the software (see Section 5.3.4: Clock interrupt register (RCC_CIR) on page 104).
 354:Drivers/STM32L1xx_HAL_Driver/Src/stm32l1xx_hal_rcc_ex.c ****   *         The software MUST then disable the LSECSSON bit, stop the defective 32 kHz oscillator
 355:Drivers/STM32L1xx_HAL_Driver/Src/stm32l1xx_hal_rcc_ex.c ****   *         (disabling LSEON), and can change the RTC clock source (no clock or LSI or HSE, with
 356:Drivers/STM32L1xx_HAL_Driver/Src/stm32l1xx_hal_rcc_ex.c ****   *         RTCSEL), or take any required action to secure the application.
 357:Drivers/STM32L1xx_HAL_Driver/Src/stm32l1xx_hal_rcc_ex.c ****   * @note   LSE CSS available only for high density and medium+ devices
 358:Drivers/STM32L1xx_HAL_Driver/Src/stm32l1xx_hal_rcc_ex.c ****   * @retval None
 359:Drivers/STM32L1xx_HAL_Driver/Src/stm32l1xx_hal_rcc_ex.c ****   */
 360:Drivers/STM32L1xx_HAL_Driver/Src/stm32l1xx_hal_rcc_ex.c **** void HAL_RCCEx_EnableLSECSS(void)
 361:Drivers/STM32L1xx_HAL_Driver/Src/stm32l1xx_hal_rcc_ex.c **** {
 533              		.loc 1 361 1
ARM GAS  C:\Users\SOLDER~1\AppData\Local\Temp\ccJupMqs.s 			page 17


 534              		.cfi_startproc
 535              		@ args = 0, pretend = 0, frame = 0
 536              		@ frame_needed = 1, uses_anonymous_args = 0
 537              		@ link register save eliminated.
 538 0000 80B4     		push	{r7}
 539              		.cfi_def_cfa_offset 4
 540              		.cfi_offset 7, -4
 541 0002 00AF     		add	r7, sp, #0
 542              		.cfi_def_cfa_register 7
 362:Drivers/STM32L1xx_HAL_Driver/Src/stm32l1xx_hal_rcc_ex.c ****   *(__IO uint32_t *) CSR_LSECSSON_BB = (uint32_t)ENABLE;
 543              		.loc 1 362 3
 544 0004 034B     		ldr	r3, .L40
 545              		.loc 1 362 38
 546 0006 0122     		movs	r2, #1
 547 0008 1A60     		str	r2, [r3]
 363:Drivers/STM32L1xx_HAL_Driver/Src/stm32l1xx_hal_rcc_ex.c **** }
 548              		.loc 1 363 1
 549 000a 00BF     		nop
 550 000c BD46     		mov	sp, r7
 551              		.cfi_def_cfa_register 13
 552              		@ sp needed
 553 000e 80BC     		pop	{r7}
 554              		.cfi_restore 7
 555              		.cfi_def_cfa_offset 0
 556 0010 7047     		bx	lr
 557              	.L41:
 558 0012 00BF     		.align	2
 559              	.L40:
 560 0014 AC064742 		.word	1111951020
 561              		.cfi_endproc
 562              	.LFE75:
 564              		.section	.text.HAL_RCCEx_DisableLSECSS,"ax",%progbits
 565              		.align	1
 566              		.global	HAL_RCCEx_DisableLSECSS
 567              		.syntax unified
 568              		.thumb
 569              		.thumb_func
 571              	HAL_RCCEx_DisableLSECSS:
 572              	.LFB76:
 364:Drivers/STM32L1xx_HAL_Driver/Src/stm32l1xx_hal_rcc_ex.c **** 
 365:Drivers/STM32L1xx_HAL_Driver/Src/stm32l1xx_hal_rcc_ex.c **** /**
 366:Drivers/STM32L1xx_HAL_Driver/Src/stm32l1xx_hal_rcc_ex.c ****   * @brief  Disables the LSE Clock Security System.
 367:Drivers/STM32L1xx_HAL_Driver/Src/stm32l1xx_hal_rcc_ex.c ****   * @note   Once enabled this bit cannot be disabled, except after an LSE failure detection
 368:Drivers/STM32L1xx_HAL_Driver/Src/stm32l1xx_hal_rcc_ex.c ****   *         (LSECSSD=1). In that case the software MUST disable the LSECSSON bit.
 369:Drivers/STM32L1xx_HAL_Driver/Src/stm32l1xx_hal_rcc_ex.c ****   *         Reset by power on reset and RTC software reset (RTCRST bit).
 370:Drivers/STM32L1xx_HAL_Driver/Src/stm32l1xx_hal_rcc_ex.c ****   * @note   LSE CSS available only for high density and medium+ devices
 371:Drivers/STM32L1xx_HAL_Driver/Src/stm32l1xx_hal_rcc_ex.c ****   * @retval None
 372:Drivers/STM32L1xx_HAL_Driver/Src/stm32l1xx_hal_rcc_ex.c ****   */
 373:Drivers/STM32L1xx_HAL_Driver/Src/stm32l1xx_hal_rcc_ex.c **** void HAL_RCCEx_DisableLSECSS(void)
 374:Drivers/STM32L1xx_HAL_Driver/Src/stm32l1xx_hal_rcc_ex.c **** {
 573              		.loc 1 374 1
 574              		.cfi_startproc
 575              		@ args = 0, pretend = 0, frame = 0
 576              		@ frame_needed = 1, uses_anonymous_args = 0
 577              		@ link register save eliminated.
 578 0000 80B4     		push	{r7}
 579              		.cfi_def_cfa_offset 4
ARM GAS  C:\Users\SOLDER~1\AppData\Local\Temp\ccJupMqs.s 			page 18


 580              		.cfi_offset 7, -4
 581 0002 00AF     		add	r7, sp, #0
 582              		.cfi_def_cfa_register 7
 375:Drivers/STM32L1xx_HAL_Driver/Src/stm32l1xx_hal_rcc_ex.c ****   /* Disable LSE CSS */
 376:Drivers/STM32L1xx_HAL_Driver/Src/stm32l1xx_hal_rcc_ex.c ****   *(__IO uint32_t *) CSR_LSECSSON_BB = (uint32_t)DISABLE;
 583              		.loc 1 376 3
 584 0004 074B     		ldr	r3, .L43
 585              		.loc 1 376 38
 586 0006 0022     		movs	r2, #0
 587 0008 1A60     		str	r2, [r3]
 377:Drivers/STM32L1xx_HAL_Driver/Src/stm32l1xx_hal_rcc_ex.c **** 
 378:Drivers/STM32L1xx_HAL_Driver/Src/stm32l1xx_hal_rcc_ex.c ****   /* Disable LSE CSS IT */
 379:Drivers/STM32L1xx_HAL_Driver/Src/stm32l1xx_hal_rcc_ex.c ****   __HAL_RCC_DISABLE_IT(RCC_IT_LSECSS);
 588              		.loc 1 379 3
 589 000a 074B     		ldr	r3, .L43+4
 590 000c 1B78     		ldrb	r3, [r3]
 591 000e DBB2     		uxtb	r3, r3
 592 0010 054A     		ldr	r2, .L43+4
 593 0012 23F04003 		bic	r3, r3, #64
 594 0016 DBB2     		uxtb	r3, r3
 595 0018 1370     		strb	r3, [r2]
 380:Drivers/STM32L1xx_HAL_Driver/Src/stm32l1xx_hal_rcc_ex.c **** }
 596              		.loc 1 380 1
 597 001a 00BF     		nop
 598 001c BD46     		mov	sp, r7
 599              		.cfi_def_cfa_register 13
 600              		@ sp needed
 601 001e 80BC     		pop	{r7}
 602              		.cfi_restore 7
 603              		.cfi_def_cfa_offset 0
 604 0020 7047     		bx	lr
 605              	.L44:
 606 0022 00BF     		.align	2
 607              	.L43:
 608 0024 AC064742 		.word	1111951020
 609 0028 0D380240 		.word	1073887245
 610              		.cfi_endproc
 611              	.LFE76:
 613              		.section	.text.HAL_RCCEx_EnableLSECSS_IT,"ax",%progbits
 614              		.align	1
 615              		.global	HAL_RCCEx_EnableLSECSS_IT
 616              		.syntax unified
 617              		.thumb
 618              		.thumb_func
 620              	HAL_RCCEx_EnableLSECSS_IT:
 621              	.LFB77:
 381:Drivers/STM32L1xx_HAL_Driver/Src/stm32l1xx_hal_rcc_ex.c **** 
 382:Drivers/STM32L1xx_HAL_Driver/Src/stm32l1xx_hal_rcc_ex.c **** /**
 383:Drivers/STM32L1xx_HAL_Driver/Src/stm32l1xx_hal_rcc_ex.c ****   * @brief  Enable the LSE Clock Security System IT & corresponding EXTI line.
 384:Drivers/STM32L1xx_HAL_Driver/Src/stm32l1xx_hal_rcc_ex.c ****   * @note   LSE Clock Security System IT is mapped on RTC EXTI line 19
 385:Drivers/STM32L1xx_HAL_Driver/Src/stm32l1xx_hal_rcc_ex.c ****   * @retval None
 386:Drivers/STM32L1xx_HAL_Driver/Src/stm32l1xx_hal_rcc_ex.c ****   */
 387:Drivers/STM32L1xx_HAL_Driver/Src/stm32l1xx_hal_rcc_ex.c **** void HAL_RCCEx_EnableLSECSS_IT(void)
 388:Drivers/STM32L1xx_HAL_Driver/Src/stm32l1xx_hal_rcc_ex.c **** {
 622              		.loc 1 388 1
 623              		.cfi_startproc
 624              		@ args = 0, pretend = 0, frame = 0
ARM GAS  C:\Users\SOLDER~1\AppData\Local\Temp\ccJupMqs.s 			page 19


 625              		@ frame_needed = 1, uses_anonymous_args = 0
 626              		@ link register save eliminated.
 627 0000 80B4     		push	{r7}
 628              		.cfi_def_cfa_offset 4
 629              		.cfi_offset 7, -4
 630 0002 00AF     		add	r7, sp, #0
 631              		.cfi_def_cfa_register 7
 389:Drivers/STM32L1xx_HAL_Driver/Src/stm32l1xx_hal_rcc_ex.c ****   /* Enable LSE CSS */
 390:Drivers/STM32L1xx_HAL_Driver/Src/stm32l1xx_hal_rcc_ex.c ****   *(__IO uint32_t *) CSR_LSECSSON_BB = (uint32_t)ENABLE;
 632              		.loc 1 390 3
 633 0004 0D4B     		ldr	r3, .L46
 634              		.loc 1 390 38
 635 0006 0122     		movs	r2, #1
 636 0008 1A60     		str	r2, [r3]
 391:Drivers/STM32L1xx_HAL_Driver/Src/stm32l1xx_hal_rcc_ex.c **** 
 392:Drivers/STM32L1xx_HAL_Driver/Src/stm32l1xx_hal_rcc_ex.c ****   /* Enable LSE CSS IT */
 393:Drivers/STM32L1xx_HAL_Driver/Src/stm32l1xx_hal_rcc_ex.c ****   __HAL_RCC_ENABLE_IT(RCC_IT_LSECSS);
 637              		.loc 1 393 3
 638 000a 0D4B     		ldr	r3, .L46+4
 639 000c 1B78     		ldrb	r3, [r3]
 640 000e DBB2     		uxtb	r3, r3
 641 0010 0B4A     		ldr	r2, .L46+4
 642 0012 43F04003 		orr	r3, r3, #64
 643 0016 DBB2     		uxtb	r3, r3
 644 0018 1370     		strb	r3, [r2]
 394:Drivers/STM32L1xx_HAL_Driver/Src/stm32l1xx_hal_rcc_ex.c **** 
 395:Drivers/STM32L1xx_HAL_Driver/Src/stm32l1xx_hal_rcc_ex.c ****   /* Enable IT on EXTI Line 19 */
 396:Drivers/STM32L1xx_HAL_Driver/Src/stm32l1xx_hal_rcc_ex.c ****   __HAL_RCC_LSECSS_EXTI_ENABLE_IT();
 645              		.loc 1 396 3
 646 001a 0A4B     		ldr	r3, .L46+8
 647 001c 1B68     		ldr	r3, [r3]
 648 001e 094A     		ldr	r2, .L46+8
 649 0020 43F40023 		orr	r3, r3, #524288
 650 0024 1360     		str	r3, [r2]
 397:Drivers/STM32L1xx_HAL_Driver/Src/stm32l1xx_hal_rcc_ex.c ****   __HAL_RCC_LSECSS_EXTI_ENABLE_RISING_EDGE();
 651              		.loc 1 397 3
 652 0026 074B     		ldr	r3, .L46+8
 653 0028 9B68     		ldr	r3, [r3, #8]
 654 002a 064A     		ldr	r2, .L46+8
 655 002c 43F40023 		orr	r3, r3, #524288
 656 0030 9360     		str	r3, [r2, #8]
 398:Drivers/STM32L1xx_HAL_Driver/Src/stm32l1xx_hal_rcc_ex.c **** }
 657              		.loc 1 398 1
 658 0032 00BF     		nop
 659 0034 BD46     		mov	sp, r7
 660              		.cfi_def_cfa_register 13
 661              		@ sp needed
 662 0036 80BC     		pop	{r7}
 663              		.cfi_restore 7
 664              		.cfi_def_cfa_offset 0
 665 0038 7047     		bx	lr
 666              	.L47:
 667 003a 00BF     		.align	2
 668              	.L46:
 669 003c AC064742 		.word	1111951020
 670 0040 0D380240 		.word	1073887245
 671 0044 00040140 		.word	1073808384
ARM GAS  C:\Users\SOLDER~1\AppData\Local\Temp\ccJupMqs.s 			page 20


 672              		.cfi_endproc
 673              	.LFE77:
 675              		.section	.text.HAL_RCCEx_LSECSS_IRQHandler,"ax",%progbits
 676              		.align	1
 677              		.global	HAL_RCCEx_LSECSS_IRQHandler
 678              		.syntax unified
 679              		.thumb
 680              		.thumb_func
 682              	HAL_RCCEx_LSECSS_IRQHandler:
 683              	.LFB78:
 399:Drivers/STM32L1xx_HAL_Driver/Src/stm32l1xx_hal_rcc_ex.c **** 
 400:Drivers/STM32L1xx_HAL_Driver/Src/stm32l1xx_hal_rcc_ex.c **** /**
 401:Drivers/STM32L1xx_HAL_Driver/Src/stm32l1xx_hal_rcc_ex.c ****   * @brief Handle the RCC LSE Clock Security System interrupt request.
 402:Drivers/STM32L1xx_HAL_Driver/Src/stm32l1xx_hal_rcc_ex.c ****   * @retval None
 403:Drivers/STM32L1xx_HAL_Driver/Src/stm32l1xx_hal_rcc_ex.c ****   */
 404:Drivers/STM32L1xx_HAL_Driver/Src/stm32l1xx_hal_rcc_ex.c **** void HAL_RCCEx_LSECSS_IRQHandler(void)
 405:Drivers/STM32L1xx_HAL_Driver/Src/stm32l1xx_hal_rcc_ex.c **** {
 684              		.loc 1 405 1
 685              		.cfi_startproc
 686              		@ args = 0, pretend = 0, frame = 0
 687              		@ frame_needed = 1, uses_anonymous_args = 0
 688 0000 80B5     		push	{r7, lr}
 689              		.cfi_def_cfa_offset 8
 690              		.cfi_offset 7, -8
 691              		.cfi_offset 14, -4
 692 0002 00AF     		add	r7, sp, #0
 693              		.cfi_def_cfa_register 7
 406:Drivers/STM32L1xx_HAL_Driver/Src/stm32l1xx_hal_rcc_ex.c ****   /* Check RCC LSE CSSF flag  */
 407:Drivers/STM32L1xx_HAL_Driver/Src/stm32l1xx_hal_rcc_ex.c ****   if(__HAL_RCC_GET_IT(RCC_IT_LSECSS))
 694              		.loc 1 407 6
 695 0004 064B     		ldr	r3, .L51
 696 0006 DB68     		ldr	r3, [r3, #12]
 697 0008 03F04003 		and	r3, r3, #64
 698              		.loc 1 407 5
 699 000c 402B     		cmp	r3, #64
 700 000e 04D1     		bne	.L50
 408:Drivers/STM32L1xx_HAL_Driver/Src/stm32l1xx_hal_rcc_ex.c ****   {
 409:Drivers/STM32L1xx_HAL_Driver/Src/stm32l1xx_hal_rcc_ex.c ****     /* RCC LSE Clock Security System interrupt user callback */
 410:Drivers/STM32L1xx_HAL_Driver/Src/stm32l1xx_hal_rcc_ex.c ****     HAL_RCCEx_LSECSS_Callback();
 701              		.loc 1 410 5
 702 0010 FFF7FEFF 		bl	HAL_RCCEx_LSECSS_Callback
 411:Drivers/STM32L1xx_HAL_Driver/Src/stm32l1xx_hal_rcc_ex.c **** 
 412:Drivers/STM32L1xx_HAL_Driver/Src/stm32l1xx_hal_rcc_ex.c ****     /* Clear RCC LSE CSS pending bit */
 413:Drivers/STM32L1xx_HAL_Driver/Src/stm32l1xx_hal_rcc_ex.c ****     __HAL_RCC_CLEAR_IT(RCC_IT_LSECSS);
 703              		.loc 1 413 5
 704 0014 034B     		ldr	r3, .L51+4
 705 0016 4022     		movs	r2, #64
 706 0018 1A70     		strb	r2, [r3]
 707              	.L50:
 414:Drivers/STM32L1xx_HAL_Driver/Src/stm32l1xx_hal_rcc_ex.c ****   }
 415:Drivers/STM32L1xx_HAL_Driver/Src/stm32l1xx_hal_rcc_ex.c **** }
 708              		.loc 1 415 1
 709 001a 00BF     		nop
 710 001c 80BD     		pop	{r7, pc}
 711              	.L52:
 712 001e 00BF     		.align	2
 713              	.L51:
ARM GAS  C:\Users\SOLDER~1\AppData\Local\Temp\ccJupMqs.s 			page 21


 714 0020 00380240 		.word	1073887232
 715 0024 0E380240 		.word	1073887246
 716              		.cfi_endproc
 717              	.LFE78:
 719              		.section	.text.HAL_RCCEx_LSECSS_Callback,"ax",%progbits
 720              		.align	1
 721              		.weak	HAL_RCCEx_LSECSS_Callback
 722              		.syntax unified
 723              		.thumb
 724              		.thumb_func
 726              	HAL_RCCEx_LSECSS_Callback:
 727              	.LFB79:
 416:Drivers/STM32L1xx_HAL_Driver/Src/stm32l1xx_hal_rcc_ex.c **** 
 417:Drivers/STM32L1xx_HAL_Driver/Src/stm32l1xx_hal_rcc_ex.c **** /**
 418:Drivers/STM32L1xx_HAL_Driver/Src/stm32l1xx_hal_rcc_ex.c ****   * @brief  RCCEx LSE Clock Security System interrupt callback.
 419:Drivers/STM32L1xx_HAL_Driver/Src/stm32l1xx_hal_rcc_ex.c ****   * @retval none
 420:Drivers/STM32L1xx_HAL_Driver/Src/stm32l1xx_hal_rcc_ex.c ****   */
 421:Drivers/STM32L1xx_HAL_Driver/Src/stm32l1xx_hal_rcc_ex.c **** __weak void HAL_RCCEx_LSECSS_Callback(void)
 422:Drivers/STM32L1xx_HAL_Driver/Src/stm32l1xx_hal_rcc_ex.c **** {
 728              		.loc 1 422 1
 729              		.cfi_startproc
 730              		@ args = 0, pretend = 0, frame = 0
 731              		@ frame_needed = 1, uses_anonymous_args = 0
 732              		@ link register save eliminated.
 733 0000 80B4     		push	{r7}
 734              		.cfi_def_cfa_offset 4
 735              		.cfi_offset 7, -4
 736 0002 00AF     		add	r7, sp, #0
 737              		.cfi_def_cfa_register 7
 423:Drivers/STM32L1xx_HAL_Driver/Src/stm32l1xx_hal_rcc_ex.c ****   /* NOTE : This function should not be modified, when the callback is needed,
 424:Drivers/STM32L1xx_HAL_Driver/Src/stm32l1xx_hal_rcc_ex.c ****             the @ref HAL_RCCEx_LSECSS_Callback should be implemented in the user file
 425:Drivers/STM32L1xx_HAL_Driver/Src/stm32l1xx_hal_rcc_ex.c ****    */
 426:Drivers/STM32L1xx_HAL_Driver/Src/stm32l1xx_hal_rcc_ex.c **** }
 738              		.loc 1 426 1
 739 0004 00BF     		nop
 740 0006 BD46     		mov	sp, r7
 741              		.cfi_def_cfa_register 13
 742              		@ sp needed
 743 0008 80BC     		pop	{r7}
 744              		.cfi_restore 7
 745              		.cfi_def_cfa_offset 0
 746 000a 7047     		bx	lr
 747              		.cfi_endproc
 748              	.LFE79:
 750              		.text
 751              	.Letext0:
 752              		.file 2 "c:\\st\\tools\\gcc-arm-none-eabi-10.3-2021.10\\arm-none-eabi\\include\\machine\\_default_
 753              		.file 3 "c:\\st\\tools\\gcc-arm-none-eabi-10.3-2021.10\\arm-none-eabi\\include\\sys\\_stdint.h"
 754              		.file 4 "Drivers/CMSIS/Device/ST/STM32L1xx/Include/stm32l151xba.h"
 755              		.file 5 "Drivers/CMSIS/Device/ST/STM32L1xx/Include/stm32l1xx.h"
 756              		.file 6 "Drivers/STM32L1xx_HAL_Driver/Inc/stm32l1xx_hal_def.h"
 757              		.file 7 "Drivers/STM32L1xx_HAL_Driver/Inc/stm32l1xx_hal_rcc_ex.h"
ARM GAS  C:\Users\SOLDER~1\AppData\Local\Temp\ccJupMqs.s 			page 22


DEFINED SYMBOLS
                            *ABS*:00000000 stm32l1xx_hal_rcc_ex.c
C:\Users\SOLDER~1\AppData\Local\Temp\ccJupMqs.s:18     .text.HAL_RCCEx_PeriphCLKConfig:00000000 $t
C:\Users\SOLDER~1\AppData\Local\Temp\ccJupMqs.s:24     .text.HAL_RCCEx_PeriphCLKConfig:00000000 HAL_RCCEx_PeriphCLKConfig
C:\Users\SOLDER~1\AppData\Local\Temp\ccJupMqs.s:291    .text.HAL_RCCEx_PeriphCLKConfig:00000190 $d
C:\Users\SOLDER~1\AppData\Local\Temp\ccJupMqs.s:298    .text.HAL_RCCEx_GetPeriphCLKConfig:00000000 $t
C:\Users\SOLDER~1\AppData\Local\Temp\ccJupMqs.s:304    .text.HAL_RCCEx_GetPeriphCLKConfig:00000000 HAL_RCCEx_GetPeriphCLKConfig
C:\Users\SOLDER~1\AppData\Local\Temp\ccJupMqs.s:365    .text.HAL_RCCEx_GetPeriphCLKConfig:00000044 $d
C:\Users\SOLDER~1\AppData\Local\Temp\ccJupMqs.s:370    .text.HAL_RCCEx_GetPeriphCLKFreq:00000000 $t
C:\Users\SOLDER~1\AppData\Local\Temp\ccJupMqs.s:376    .text.HAL_RCCEx_GetPeriphCLKFreq:00000000 HAL_RCCEx_GetPeriphCLKFreq
C:\Users\SOLDER~1\AppData\Local\Temp\ccJupMqs.s:516    .text.HAL_RCCEx_GetPeriphCLKFreq:000000bc $d
C:\Users\SOLDER~1\AppData\Local\Temp\ccJupMqs.s:525    .text.HAL_RCCEx_EnableLSECSS:00000000 $t
C:\Users\SOLDER~1\AppData\Local\Temp\ccJupMqs.s:531    .text.HAL_RCCEx_EnableLSECSS:00000000 HAL_RCCEx_EnableLSECSS
C:\Users\SOLDER~1\AppData\Local\Temp\ccJupMqs.s:560    .text.HAL_RCCEx_EnableLSECSS:00000014 $d
C:\Users\SOLDER~1\AppData\Local\Temp\ccJupMqs.s:565    .text.HAL_RCCEx_DisableLSECSS:00000000 $t
C:\Users\SOLDER~1\AppData\Local\Temp\ccJupMqs.s:571    .text.HAL_RCCEx_DisableLSECSS:00000000 HAL_RCCEx_DisableLSECSS
C:\Users\SOLDER~1\AppData\Local\Temp\ccJupMqs.s:608    .text.HAL_RCCEx_DisableLSECSS:00000024 $d
C:\Users\SOLDER~1\AppData\Local\Temp\ccJupMqs.s:614    .text.HAL_RCCEx_EnableLSECSS_IT:00000000 $t
C:\Users\SOLDER~1\AppData\Local\Temp\ccJupMqs.s:620    .text.HAL_RCCEx_EnableLSECSS_IT:00000000 HAL_RCCEx_EnableLSECSS_IT
C:\Users\SOLDER~1\AppData\Local\Temp\ccJupMqs.s:669    .text.HAL_RCCEx_EnableLSECSS_IT:0000003c $d
C:\Users\SOLDER~1\AppData\Local\Temp\ccJupMqs.s:676    .text.HAL_RCCEx_LSECSS_IRQHandler:00000000 $t
C:\Users\SOLDER~1\AppData\Local\Temp\ccJupMqs.s:682    .text.HAL_RCCEx_LSECSS_IRQHandler:00000000 HAL_RCCEx_LSECSS_IRQHandler
C:\Users\SOLDER~1\AppData\Local\Temp\ccJupMqs.s:726    .text.HAL_RCCEx_LSECSS_Callback:00000000 HAL_RCCEx_LSECSS_Callback
C:\Users\SOLDER~1\AppData\Local\Temp\ccJupMqs.s:714    .text.HAL_RCCEx_LSECSS_IRQHandler:00000020 $d
C:\Users\SOLDER~1\AppData\Local\Temp\ccJupMqs.s:720    .text.HAL_RCCEx_LSECSS_Callback:00000000 $t
                           .group:00000000 wm4.0.7208a4f1159f7563e5a3c98e917e78ea
                           .group:00000000 wm4.stm32l1xx_hal_conf.h.37.6f4ad034cd0fae16c71589731e1d3893
                           .group:00000000 wm4.stm32l1xx.h.39.e0d89f765e6228edd2d07f7d0817bcd8
                           .group:00000000 wm4.stm32l151xba.h.37.a6e9532bd093c2a203d12d168d13167e
                           .group:00000000 wm4._newlib_version.h.4.bfdf54b0af045d4a71376ae00f63a22c
                           .group:00000000 wm4.features.h.33.318b64d71e0957639cfb30f1db1f7ec8
                           .group:00000000 wm4._default_types.h.15.247e5cd201eca3442cbf5404108c4935
                           .group:00000000 wm4._intsup.h.10.48bafbb683905c4daa4565a85aeeb264
                           .group:00000000 wm4._stdint.h.10.c24fa3af3bc1706662bb5593a907e841
                           .group:00000000 wm4.stdint.h.23.d53047a68f4a85177f80b422d52785ed
                           .group:00000000 wm4.cmsis_version.h.32.4d5822004c01a829a975260e854b5f8e
                           .group:00000000 wm4.core_cm3.h.66.fc46cac19810db8f98d67da7ef88f42c
                           .group:00000000 wm4.cmsis_gcc.h.26.4f5798e999d5690b80e6ded3ecc94b37
                           .group:00000000 wm4.core_cm3.h.127.552ab6bb923680fc31d1142d4ea8743c
                           .group:00000000 wm4.mpu_armv7.h.32.27b4593cb2f8d3152ca5d97a9d72b321
                           .group:00000000 wm4.stm32l151xba.h.562.85f2a02125efc3b0700b06ee1b5b83e7
                           .group:00000000 wm4.stm32l1xx.h.188.884cd6efb98206df5cd0c303eb0771fb
                           .group:00000000 wm4.stm32_hal_legacy.h.23.4caecc6d9e081e04fa2c0bc654646384
                           .group:00000000 wm4.stddef.h.39.144cf5ddcd53cbfdac30259dc1a6c87f
                           .group:00000000 wm4.stm32l1xx_hal_def.h.58.10c500df30faeb1fa16afd36d46e1ba5
                           .group:00000000 wm4.stm32l1xx_hal_rcc.h.48.7aac246abb8a85d0d2aa6192ea8742ce
                           .group:00000000 wm4.stm32l1xx_hal_rcc_ex.h.22.d8e6f48664255020cb04bc2dadba6c5d
                           .group:00000000 wm4.stm32l1xx_hal_gpio.h.22.3ca3b7aa358d476454694f01adf692e6
                           .group:00000000 wm4.stm32l1xx_hal_gpio_ex.h.22.27ab914f694b65e32683f896478b1e43
                           .group:00000000 wm4.stm32l1xx_hal_dma.h.22.b347843d8366866f9db3a74a45c6ec19
                           .group:00000000 wm4.stm32l1xx_hal_cortex.h.22.d9367fefb01ff1ce24aa22897bc6b6aa
                           .group:00000000 wm4.stm32l1xx_hal_flash.h.22.a9321185db3487d735cd57e0209e130c
                           .group:00000000 wm4.stm32l1xx_hal_flash_ex.h.22.6d421ff2169cdd4785a0e089f62c0b66
                           .group:00000000 wm4.stm32l1xx_hal_pwr.h.22.b9782bf82907a6f9cc11b48e4bbbd39f
                           .group:00000000 wm4.stm32l1xx_hal_pwr_ex.h.22.7a0296b358d7a46f3411697cd28c4060
                           .group:00000000 wm4.stm32l1xx_hal_uart.h.22.e342491b9dfc7c2668d500ebb911970f
                           .group:00000000 wm4.stm32l1xx_hal_exti.h.22.e466ba38c16bb4377db5ccc70057e402
ARM GAS  C:\Users\SOLDER~1\AppData\Local\Temp\ccJupMqs.s 			page 23


                           .group:00000000 wm4.stm32l1xx_hal.h.50.d478bd919f6859a9754dea37e78cfbf7

UNDEFINED SYMBOLS
HAL_GetTick
