ARM GAS  C:\Users\SOLDER~1\AppData\Local\Temp\ccFMOwdz.s 			page 1


   1              		.cpu cortex-m3
   2              		.arch armv7-m
   3              		.fpu softvfp
   4              		.eabi_attribute 20, 1
   5              		.eabi_attribute 21, 1
   6              		.eabi_attribute 23, 3
   7              		.eabi_attribute 24, 1
   8              		.eabi_attribute 25, 1
   9              		.eabi_attribute 26, 1
  10              		.eabi_attribute 30, 6
  11              		.eabi_attribute 34, 1
  12              		.eabi_attribute 18, 4
  13              		.file	"stm32f1xx_it.c"
  14              		.text
  15              	.Ltext0:
  16              		.cfi_sections	.debug_frame
  17              		.file 1 "Core/Src/stm32f1xx_it.c"
  18              		.section	.text.NMI_Handler,"ax",%progbits
  19              		.align	1
  20              		.global	NMI_Handler
  21              		.syntax unified
  22              		.thumb
  23              		.thumb_func
  25              	NMI_Handler:
  26              	.LFB65:
   1:Core/Src/stm32f1xx_it.c **** /* USER CODE BEGIN Header */
   2:Core/Src/stm32f1xx_it.c **** /**
   3:Core/Src/stm32f1xx_it.c ****   ******************************************************************************
   4:Core/Src/stm32f1xx_it.c ****   * @file    stm32f1xx_it.c
   5:Core/Src/stm32f1xx_it.c ****   * @brief   Interrupt Service Routines.
   6:Core/Src/stm32f1xx_it.c ****   ******************************************************************************
   7:Core/Src/stm32f1xx_it.c ****   * @attention
   8:Core/Src/stm32f1xx_it.c ****   *
   9:Core/Src/stm32f1xx_it.c ****   * <h2><center>&copy; Copyright (c) 2025 STMicroelectronics.
  10:Core/Src/stm32f1xx_it.c ****   * All rights reserved.</center></h2>
  11:Core/Src/stm32f1xx_it.c ****   *
  12:Core/Src/stm32f1xx_it.c ****   * This software component is licensed by ST under BSD 3-Clause license,
  13:Core/Src/stm32f1xx_it.c ****   * the "License"; You may not use this file except in compliance with the
  14:Core/Src/stm32f1xx_it.c ****   * License. You may obtain a copy of the License at:
  15:Core/Src/stm32f1xx_it.c ****   *                        opensource.org/licenses/BSD-3-Clause
  16:Core/Src/stm32f1xx_it.c ****   *
  17:Core/Src/stm32f1xx_it.c ****   ******************************************************************************
  18:Core/Src/stm32f1xx_it.c ****   */
  19:Core/Src/stm32f1xx_it.c **** /* USER CODE END Header */
  20:Core/Src/stm32f1xx_it.c **** 
  21:Core/Src/stm32f1xx_it.c **** /* Includes ------------------------------------------------------------------*/
  22:Core/Src/stm32f1xx_it.c **** #include "main.h"
  23:Core/Src/stm32f1xx_it.c **** #include "stm32f1xx_it.h"
  24:Core/Src/stm32f1xx_it.c **** /* Private includes ----------------------------------------------------------*/
  25:Core/Src/stm32f1xx_it.c **** /* USER CODE BEGIN Includes */
  26:Core/Src/stm32f1xx_it.c **** /* USER CODE END Includes */
  27:Core/Src/stm32f1xx_it.c **** 
  28:Core/Src/stm32f1xx_it.c **** /* Private typedef -----------------------------------------------------------*/
  29:Core/Src/stm32f1xx_it.c **** /* USER CODE BEGIN TD */
  30:Core/Src/stm32f1xx_it.c **** 
  31:Core/Src/stm32f1xx_it.c **** /* USER CODE END TD */
  32:Core/Src/stm32f1xx_it.c **** 
ARM GAS  C:\Users\SOLDER~1\AppData\Local\Temp\ccFMOwdz.s 			page 2


  33:Core/Src/stm32f1xx_it.c **** /* Private define ------------------------------------------------------------*/
  34:Core/Src/stm32f1xx_it.c **** /* USER CODE BEGIN PD */
  35:Core/Src/stm32f1xx_it.c **** 
  36:Core/Src/stm32f1xx_it.c **** /* USER CODE END PD */
  37:Core/Src/stm32f1xx_it.c **** 
  38:Core/Src/stm32f1xx_it.c **** /* Private macro -------------------------------------------------------------*/
  39:Core/Src/stm32f1xx_it.c **** /* USER CODE BEGIN PM */
  40:Core/Src/stm32f1xx_it.c **** 
  41:Core/Src/stm32f1xx_it.c **** /* USER CODE END PM */
  42:Core/Src/stm32f1xx_it.c **** 
  43:Core/Src/stm32f1xx_it.c **** /* Private variables ---------------------------------------------------------*/
  44:Core/Src/stm32f1xx_it.c **** /* USER CODE BEGIN PV */
  45:Core/Src/stm32f1xx_it.c **** 
  46:Core/Src/stm32f1xx_it.c **** /* USER CODE END PV */
  47:Core/Src/stm32f1xx_it.c **** 
  48:Core/Src/stm32f1xx_it.c **** /* Private function prototypes -----------------------------------------------*/
  49:Core/Src/stm32f1xx_it.c **** /* USER CODE BEGIN PFP */
  50:Core/Src/stm32f1xx_it.c **** 
  51:Core/Src/stm32f1xx_it.c **** /* USER CODE END PFP */
  52:Core/Src/stm32f1xx_it.c **** 
  53:Core/Src/stm32f1xx_it.c **** /* Private user code ---------------------------------------------------------*/
  54:Core/Src/stm32f1xx_it.c **** /* USER CODE BEGIN 0 */
  55:Core/Src/stm32f1xx_it.c **** 
  56:Core/Src/stm32f1xx_it.c **** /* USER CODE END 0 */
  57:Core/Src/stm32f1xx_it.c **** 
  58:Core/Src/stm32f1xx_it.c **** /* External variables --------------------------------------------------------*/
  59:Core/Src/stm32f1xx_it.c **** 
  60:Core/Src/stm32f1xx_it.c **** /* USER CODE BEGIN EV */
  61:Core/Src/stm32f1xx_it.c **** 
  62:Core/Src/stm32f1xx_it.c **** /* USER CODE END EV */
  63:Core/Src/stm32f1xx_it.c **** 
  64:Core/Src/stm32f1xx_it.c **** /******************************************************************************/
  65:Core/Src/stm32f1xx_it.c **** /*           Cortex-M3 Processor Interruption and Exception Handlers          */
  66:Core/Src/stm32f1xx_it.c **** /******************************************************************************/
  67:Core/Src/stm32f1xx_it.c **** /**
  68:Core/Src/stm32f1xx_it.c ****   * @brief This function handles Non maskable interrupt.
  69:Core/Src/stm32f1xx_it.c ****   */
  70:Core/Src/stm32f1xx_it.c **** void NMI_Handler(void)
  71:Core/Src/stm32f1xx_it.c **** {
  27              		.loc 1 71 1
  28              		.cfi_startproc
  29              		@ args = 0, pretend = 0, frame = 0
  30              		@ frame_needed = 1, uses_anonymous_args = 0
  31 0000 80B5     		push	{r7, lr}
  32              		.cfi_def_cfa_offset 8
  33              		.cfi_offset 7, -8
  34              		.cfi_offset 14, -4
  35 0002 00AF     		add	r7, sp, #0
  36              		.cfi_def_cfa_register 7
  72:Core/Src/stm32f1xx_it.c ****   /* USER CODE BEGIN NonMaskableInt_IRQn 0 */
  73:Core/Src/stm32f1xx_it.c **** 
  74:Core/Src/stm32f1xx_it.c ****   /* USER CODE END NonMaskableInt_IRQn 0 */
  75:Core/Src/stm32f1xx_it.c ****   HAL_RCC_NMI_IRQHandler();
  37              		.loc 1 75 3
  38 0004 FFF7FEFF 		bl	HAL_RCC_NMI_IRQHandler
  39              	.L2:
  76:Core/Src/stm32f1xx_it.c ****   /* USER CODE BEGIN NonMaskableInt_IRQn 1 */
ARM GAS  C:\Users\SOLDER~1\AppData\Local\Temp\ccFMOwdz.s 			page 3


  77:Core/Src/stm32f1xx_it.c ****   while (1)
  40              		.loc 1 77 9 discriminator 1
  41 0008 00BF     		nop
  42 000a FDE7     		b	.L2
  43              		.cfi_endproc
  44              	.LFE65:
  46              		.section	.text.HardFault_Handler,"ax",%progbits
  47              		.align	1
  48              		.global	HardFault_Handler
  49              		.syntax unified
  50              		.thumb
  51              		.thumb_func
  53              	HardFault_Handler:
  54              	.LFB66:
  78:Core/Src/stm32f1xx_it.c ****   {
  79:Core/Src/stm32f1xx_it.c ****   }
  80:Core/Src/stm32f1xx_it.c ****   /* USER CODE END NonMaskableInt_IRQn 1 */
  81:Core/Src/stm32f1xx_it.c **** }
  82:Core/Src/stm32f1xx_it.c **** 
  83:Core/Src/stm32f1xx_it.c **** /**
  84:Core/Src/stm32f1xx_it.c ****   * @brief This function handles Hard fault interrupt.
  85:Core/Src/stm32f1xx_it.c ****   */
  86:Core/Src/stm32f1xx_it.c **** void HardFault_Handler(void)
  87:Core/Src/stm32f1xx_it.c **** {
  55              		.loc 1 87 1
  56              		.cfi_startproc
  57              		@ args = 0, pretend = 0, frame = 0
  58              		@ frame_needed = 1, uses_anonymous_args = 0
  59              		@ link register save eliminated.
  60 0000 80B4     		push	{r7}
  61              		.cfi_def_cfa_offset 4
  62              		.cfi_offset 7, -4
  63 0002 00AF     		add	r7, sp, #0
  64              		.cfi_def_cfa_register 7
  65              	.L4:
  88:Core/Src/stm32f1xx_it.c ****   /* USER CODE BEGIN HardFault_IRQn 0 */
  89:Core/Src/stm32f1xx_it.c **** 
  90:Core/Src/stm32f1xx_it.c ****   /* USER CODE END HardFault_IRQn 0 */
  91:Core/Src/stm32f1xx_it.c ****   while (1)
  66              		.loc 1 91 9 discriminator 1
  67 0004 00BF     		nop
  68 0006 FDE7     		b	.L4
  69              		.cfi_endproc
  70              	.LFE66:
  72              		.section	.text.MemManage_Handler,"ax",%progbits
  73              		.align	1
  74              		.global	MemManage_Handler
  75              		.syntax unified
  76              		.thumb
  77              		.thumb_func
  79              	MemManage_Handler:
  80              	.LFB67:
  92:Core/Src/stm32f1xx_it.c ****   {
  93:Core/Src/stm32f1xx_it.c ****     /* USER CODE BEGIN W1_HardFault_IRQn 0 */
  94:Core/Src/stm32f1xx_it.c ****     /* USER CODE END W1_HardFault_IRQn 0 */
  95:Core/Src/stm32f1xx_it.c ****   }
  96:Core/Src/stm32f1xx_it.c **** }
ARM GAS  C:\Users\SOLDER~1\AppData\Local\Temp\ccFMOwdz.s 			page 4


  97:Core/Src/stm32f1xx_it.c **** 
  98:Core/Src/stm32f1xx_it.c **** /**
  99:Core/Src/stm32f1xx_it.c ****   * @brief This function handles Memory management fault.
 100:Core/Src/stm32f1xx_it.c ****   */
 101:Core/Src/stm32f1xx_it.c **** void MemManage_Handler(void)
 102:Core/Src/stm32f1xx_it.c **** {
  81              		.loc 1 102 1
  82              		.cfi_startproc
  83              		@ args = 0, pretend = 0, frame = 0
  84              		@ frame_needed = 1, uses_anonymous_args = 0
  85              		@ link register save eliminated.
  86 0000 80B4     		push	{r7}
  87              		.cfi_def_cfa_offset 4
  88              		.cfi_offset 7, -4
  89 0002 00AF     		add	r7, sp, #0
  90              		.cfi_def_cfa_register 7
  91              	.L6:
 103:Core/Src/stm32f1xx_it.c ****   /* USER CODE BEGIN MemoryManagement_IRQn 0 */
 104:Core/Src/stm32f1xx_it.c **** 
 105:Core/Src/stm32f1xx_it.c ****   /* USER CODE END MemoryManagement_IRQn 0 */
 106:Core/Src/stm32f1xx_it.c ****   while (1)
  92              		.loc 1 106 9 discriminator 1
  93 0004 00BF     		nop
  94 0006 FDE7     		b	.L6
  95              		.cfi_endproc
  96              	.LFE67:
  98              		.section	.text.BusFault_Handler,"ax",%progbits
  99              		.align	1
 100              		.global	BusFault_Handler
 101              		.syntax unified
 102              		.thumb
 103              		.thumb_func
 105              	BusFault_Handler:
 106              	.LFB68:
 107:Core/Src/stm32f1xx_it.c ****   {
 108:Core/Src/stm32f1xx_it.c ****     /* USER CODE BEGIN W1_MemoryManagement_IRQn 0 */
 109:Core/Src/stm32f1xx_it.c ****     /* USER CODE END W1_MemoryManagement_IRQn 0 */
 110:Core/Src/stm32f1xx_it.c ****   }
 111:Core/Src/stm32f1xx_it.c **** }
 112:Core/Src/stm32f1xx_it.c **** 
 113:Core/Src/stm32f1xx_it.c **** /**
 114:Core/Src/stm32f1xx_it.c ****   * @brief This function handles Prefetch fault, memory access fault.
 115:Core/Src/stm32f1xx_it.c ****   */
 116:Core/Src/stm32f1xx_it.c **** void BusFault_Handler(void)
 117:Core/Src/stm32f1xx_it.c **** {
 107              		.loc 1 117 1
 108              		.cfi_startproc
 109              		@ args = 0, pretend = 0, frame = 0
 110              		@ frame_needed = 1, uses_anonymous_args = 0
 111              		@ link register save eliminated.
 112 0000 80B4     		push	{r7}
 113              		.cfi_def_cfa_offset 4
 114              		.cfi_offset 7, -4
 115 0002 00AF     		add	r7, sp, #0
 116              		.cfi_def_cfa_register 7
 117              	.L8:
 118:Core/Src/stm32f1xx_it.c ****   /* USER CODE BEGIN BusFault_IRQn 0 */
ARM GAS  C:\Users\SOLDER~1\AppData\Local\Temp\ccFMOwdz.s 			page 5


 119:Core/Src/stm32f1xx_it.c **** 
 120:Core/Src/stm32f1xx_it.c ****   /* USER CODE END BusFault_IRQn 0 */
 121:Core/Src/stm32f1xx_it.c ****   while (1)
 118              		.loc 1 121 9 discriminator 1
 119 0004 00BF     		nop
 120 0006 FDE7     		b	.L8
 121              		.cfi_endproc
 122              	.LFE68:
 124              		.section	.text.UsageFault_Handler,"ax",%progbits
 125              		.align	1
 126              		.global	UsageFault_Handler
 127              		.syntax unified
 128              		.thumb
 129              		.thumb_func
 131              	UsageFault_Handler:
 132              	.LFB69:
 122:Core/Src/stm32f1xx_it.c ****   {
 123:Core/Src/stm32f1xx_it.c ****     /* USER CODE BEGIN W1_BusFault_IRQn 0 */
 124:Core/Src/stm32f1xx_it.c ****     /* USER CODE END W1_BusFault_IRQn 0 */
 125:Core/Src/stm32f1xx_it.c ****   }
 126:Core/Src/stm32f1xx_it.c **** }
 127:Core/Src/stm32f1xx_it.c **** 
 128:Core/Src/stm32f1xx_it.c **** /**
 129:Core/Src/stm32f1xx_it.c ****   * @brief This function handles Undefined instruction or illegal state.
 130:Core/Src/stm32f1xx_it.c ****   */
 131:Core/Src/stm32f1xx_it.c **** void UsageFault_Handler(void)
 132:Core/Src/stm32f1xx_it.c **** {
 133              		.loc 1 132 1
 134              		.cfi_startproc
 135              		@ args = 0, pretend = 0, frame = 0
 136              		@ frame_needed = 1, uses_anonymous_args = 0
 137              		@ link register save eliminated.
 138 0000 80B4     		push	{r7}
 139              		.cfi_def_cfa_offset 4
 140              		.cfi_offset 7, -4
 141 0002 00AF     		add	r7, sp, #0
 142              		.cfi_def_cfa_register 7
 143              	.L10:
 133:Core/Src/stm32f1xx_it.c ****   /* USER CODE BEGIN UsageFault_IRQn 0 */
 134:Core/Src/stm32f1xx_it.c **** 
 135:Core/Src/stm32f1xx_it.c ****   /* USER CODE END UsageFault_IRQn 0 */
 136:Core/Src/stm32f1xx_it.c ****   while (1)
 144              		.loc 1 136 9 discriminator 1
 145 0004 00BF     		nop
 146 0006 FDE7     		b	.L10
 147              		.cfi_endproc
 148              	.LFE69:
 150              		.section	.text.SVC_Handler,"ax",%progbits
 151              		.align	1
 152              		.global	SVC_Handler
 153              		.syntax unified
 154              		.thumb
 155              		.thumb_func
 157              	SVC_Handler:
 158              	.LFB70:
 137:Core/Src/stm32f1xx_it.c ****   {
 138:Core/Src/stm32f1xx_it.c ****     /* USER CODE BEGIN W1_UsageFault_IRQn 0 */
ARM GAS  C:\Users\SOLDER~1\AppData\Local\Temp\ccFMOwdz.s 			page 6


 139:Core/Src/stm32f1xx_it.c ****     /* USER CODE END W1_UsageFault_IRQn 0 */
 140:Core/Src/stm32f1xx_it.c ****   }
 141:Core/Src/stm32f1xx_it.c **** }
 142:Core/Src/stm32f1xx_it.c **** 
 143:Core/Src/stm32f1xx_it.c **** /**
 144:Core/Src/stm32f1xx_it.c ****   * @brief This function handles System service call via SWI instruction.
 145:Core/Src/stm32f1xx_it.c ****   */
 146:Core/Src/stm32f1xx_it.c **** void SVC_Handler(void)
 147:Core/Src/stm32f1xx_it.c **** {
 159              		.loc 1 147 1
 160              		.cfi_startproc
 161              		@ args = 0, pretend = 0, frame = 0
 162              		@ frame_needed = 1, uses_anonymous_args = 0
 163              		@ link register save eliminated.
 164 0000 80B4     		push	{r7}
 165              		.cfi_def_cfa_offset 4
 166              		.cfi_offset 7, -4
 167 0002 00AF     		add	r7, sp, #0
 168              		.cfi_def_cfa_register 7
 148:Core/Src/stm32f1xx_it.c ****   /* USER CODE BEGIN SVCall_IRQn 0 */
 149:Core/Src/stm32f1xx_it.c **** 
 150:Core/Src/stm32f1xx_it.c ****   /* USER CODE END SVCall_IRQn 0 */
 151:Core/Src/stm32f1xx_it.c ****   /* USER CODE BEGIN SVCall_IRQn 1 */
 152:Core/Src/stm32f1xx_it.c **** 
 153:Core/Src/stm32f1xx_it.c ****   /* USER CODE END SVCall_IRQn 1 */
 154:Core/Src/stm32f1xx_it.c **** }
 169              		.loc 1 154 1
 170 0004 00BF     		nop
 171 0006 BD46     		mov	sp, r7
 172              		.cfi_def_cfa_register 13
 173              		@ sp needed
 174 0008 80BC     		pop	{r7}
 175              		.cfi_restore 7
 176              		.cfi_def_cfa_offset 0
 177 000a 7047     		bx	lr
 178              		.cfi_endproc
 179              	.LFE70:
 181              		.section	.text.DebugMon_Handler,"ax",%progbits
 182              		.align	1
 183              		.global	DebugMon_Handler
 184              		.syntax unified
 185              		.thumb
 186              		.thumb_func
 188              	DebugMon_Handler:
 189              	.LFB71:
 155:Core/Src/stm32f1xx_it.c **** 
 156:Core/Src/stm32f1xx_it.c **** /**
 157:Core/Src/stm32f1xx_it.c ****   * @brief This function handles Debug monitor.
 158:Core/Src/stm32f1xx_it.c ****   */
 159:Core/Src/stm32f1xx_it.c **** void DebugMon_Handler(void)
 160:Core/Src/stm32f1xx_it.c **** {
 190              		.loc 1 160 1
 191              		.cfi_startproc
 192              		@ args = 0, pretend = 0, frame = 0
 193              		@ frame_needed = 1, uses_anonymous_args = 0
 194              		@ link register save eliminated.
 195 0000 80B4     		push	{r7}
ARM GAS  C:\Users\SOLDER~1\AppData\Local\Temp\ccFMOwdz.s 			page 7


 196              		.cfi_def_cfa_offset 4
 197              		.cfi_offset 7, -4
 198 0002 00AF     		add	r7, sp, #0
 199              		.cfi_def_cfa_register 7
 161:Core/Src/stm32f1xx_it.c ****   /* USER CODE BEGIN DebugMonitor_IRQn 0 */
 162:Core/Src/stm32f1xx_it.c **** 
 163:Core/Src/stm32f1xx_it.c ****   /* USER CODE END DebugMonitor_IRQn 0 */
 164:Core/Src/stm32f1xx_it.c ****   /* USER CODE BEGIN DebugMonitor_IRQn 1 */
 165:Core/Src/stm32f1xx_it.c **** 
 166:Core/Src/stm32f1xx_it.c ****   /* USER CODE END DebugMonitor_IRQn 1 */
 167:Core/Src/stm32f1xx_it.c **** }
 200              		.loc 1 167 1
 201 0004 00BF     		nop
 202 0006 BD46     		mov	sp, r7
 203              		.cfi_def_cfa_register 13
 204              		@ sp needed
 205 0008 80BC     		pop	{r7}
 206              		.cfi_restore 7
 207              		.cfi_def_cfa_offset 0
 208 000a 7047     		bx	lr
 209              		.cfi_endproc
 210              	.LFE71:
 212              		.section	.text.PendSV_Handler,"ax",%progbits
 213              		.align	1
 214              		.global	PendSV_Handler
 215              		.syntax unified
 216              		.thumb
 217              		.thumb_func
 219              	PendSV_Handler:
 220              	.LFB72:
 168:Core/Src/stm32f1xx_it.c **** 
 169:Core/Src/stm32f1xx_it.c **** /**
 170:Core/Src/stm32f1xx_it.c ****   * @brief This function handles Pendable request for system service.
 171:Core/Src/stm32f1xx_it.c ****   */
 172:Core/Src/stm32f1xx_it.c **** void PendSV_Handler(void)
 173:Core/Src/stm32f1xx_it.c **** {
 221              		.loc 1 173 1
 222              		.cfi_startproc
 223              		@ args = 0, pretend = 0, frame = 0
 224              		@ frame_needed = 1, uses_anonymous_args = 0
 225              		@ link register save eliminated.
 226 0000 80B4     		push	{r7}
 227              		.cfi_def_cfa_offset 4
 228              		.cfi_offset 7, -4
 229 0002 00AF     		add	r7, sp, #0
 230              		.cfi_def_cfa_register 7
 174:Core/Src/stm32f1xx_it.c ****   /* USER CODE BEGIN PendSV_IRQn 0 */
 175:Core/Src/stm32f1xx_it.c **** 
 176:Core/Src/stm32f1xx_it.c ****   /* USER CODE END PendSV_IRQn 0 */
 177:Core/Src/stm32f1xx_it.c ****   /* USER CODE BEGIN PendSV_IRQn 1 */
 178:Core/Src/stm32f1xx_it.c **** 
 179:Core/Src/stm32f1xx_it.c ****   /* USER CODE END PendSV_IRQn 1 */
 180:Core/Src/stm32f1xx_it.c **** }
 231              		.loc 1 180 1
 232 0004 00BF     		nop
 233 0006 BD46     		mov	sp, r7
 234              		.cfi_def_cfa_register 13
ARM GAS  C:\Users\SOLDER~1\AppData\Local\Temp\ccFMOwdz.s 			page 8


 235              		@ sp needed
 236 0008 80BC     		pop	{r7}
 237              		.cfi_restore 7
 238              		.cfi_def_cfa_offset 0
 239 000a 7047     		bx	lr
 240              		.cfi_endproc
 241              	.LFE72:
 243              		.section	.text.SysTick_Handler,"ax",%progbits
 244              		.align	1
 245              		.global	SysTick_Handler
 246              		.syntax unified
 247              		.thumb
 248              		.thumb_func
 250              	SysTick_Handler:
 251              	.LFB73:
 181:Core/Src/stm32f1xx_it.c **** 
 182:Core/Src/stm32f1xx_it.c **** /**
 183:Core/Src/stm32f1xx_it.c ****   * @brief This function handles System tick timer.
 184:Core/Src/stm32f1xx_it.c ****   */
 185:Core/Src/stm32f1xx_it.c **** void SysTick_Handler(void)
 186:Core/Src/stm32f1xx_it.c **** {
 252              		.loc 1 186 1
 253              		.cfi_startproc
 254              		@ args = 0, pretend = 0, frame = 0
 255              		@ frame_needed = 1, uses_anonymous_args = 0
 256 0000 80B5     		push	{r7, lr}
 257              		.cfi_def_cfa_offset 8
 258              		.cfi_offset 7, -8
 259              		.cfi_offset 14, -4
 260 0002 00AF     		add	r7, sp, #0
 261              		.cfi_def_cfa_register 7
 187:Core/Src/stm32f1xx_it.c ****   /* USER CODE BEGIN SysTick_IRQn 0 */
 188:Core/Src/stm32f1xx_it.c **** 
 189:Core/Src/stm32f1xx_it.c ****   /* USER CODE END SysTick_IRQn 0 */
 190:Core/Src/stm32f1xx_it.c ****   HAL_IncTick();
 262              		.loc 1 190 3
 263 0004 FFF7FEFF 		bl	HAL_IncTick
 191:Core/Src/stm32f1xx_it.c ****   /* USER CODE BEGIN SysTick_IRQn 1 */
 192:Core/Src/stm32f1xx_it.c **** 
 193:Core/Src/stm32f1xx_it.c ****   /* USER CODE END SysTick_IRQn 1 */
 194:Core/Src/stm32f1xx_it.c **** }
 264              		.loc 1 194 1
 265 0008 00BF     		nop
 266 000a 80BD     		pop	{r7, pc}
 267              		.cfi_endproc
 268              	.LFE73:
 270              		.text
 271              	.Letext0:
 272              		.file 2 "Drivers/STM32F1xx_HAL_Driver/Inc/stm32f1xx_hal.h"
 273              		.file 3 "Drivers/STM32F1xx_HAL_Driver/Inc/stm32f1xx_hal_rcc.h"
ARM GAS  C:\Users\SOLDER~1\AppData\Local\Temp\ccFMOwdz.s 			page 9


DEFINED SYMBOLS
                            *ABS*:00000000 stm32f1xx_it.c
C:\Users\SOLDER~1\AppData\Local\Temp\ccFMOwdz.s:19     .text.NMI_Handler:00000000 $t
C:\Users\SOLDER~1\AppData\Local\Temp\ccFMOwdz.s:25     .text.NMI_Handler:00000000 NMI_Handler
C:\Users\SOLDER~1\AppData\Local\Temp\ccFMOwdz.s:47     .text.HardFault_Handler:00000000 $t
C:\Users\SOLDER~1\AppData\Local\Temp\ccFMOwdz.s:53     .text.HardFault_Handler:00000000 HardFault_Handler
C:\Users\SOLDER~1\AppData\Local\Temp\ccFMOwdz.s:73     .text.MemManage_Handler:00000000 $t
C:\Users\SOLDER~1\AppData\Local\Temp\ccFMOwdz.s:79     .text.MemManage_Handler:00000000 MemManage_Handler
C:\Users\SOLDER~1\AppData\Local\Temp\ccFMOwdz.s:99     .text.BusFault_Handler:00000000 $t
C:\Users\SOLDER~1\AppData\Local\Temp\ccFMOwdz.s:105    .text.BusFault_Handler:00000000 BusFault_Handler
C:\Users\SOLDER~1\AppData\Local\Temp\ccFMOwdz.s:125    .text.UsageFault_Handler:00000000 $t
C:\Users\SOLDER~1\AppData\Local\Temp\ccFMOwdz.s:131    .text.UsageFault_Handler:00000000 UsageFault_Handler
C:\Users\SOLDER~1\AppData\Local\Temp\ccFMOwdz.s:151    .text.SVC_Handler:00000000 $t
C:\Users\SOLDER~1\AppData\Local\Temp\ccFMOwdz.s:157    .text.SVC_Handler:00000000 SVC_Handler
C:\Users\SOLDER~1\AppData\Local\Temp\ccFMOwdz.s:182    .text.DebugMon_Handler:00000000 $t
C:\Users\SOLDER~1\AppData\Local\Temp\ccFMOwdz.s:188    .text.DebugMon_Handler:00000000 DebugMon_Handler
C:\Users\SOLDER~1\AppData\Local\Temp\ccFMOwdz.s:213    .text.PendSV_Handler:00000000 $t
C:\Users\SOLDER~1\AppData\Local\Temp\ccFMOwdz.s:219    .text.PendSV_Handler:00000000 PendSV_Handler
C:\Users\SOLDER~1\AppData\Local\Temp\ccFMOwdz.s:244    .text.SysTick_Handler:00000000 $t
C:\Users\SOLDER~1\AppData\Local\Temp\ccFMOwdz.s:250    .text.SysTick_Handler:00000000 SysTick_Handler
                           .group:00000000 wm4.0.322b89d13bab9637ff26923e9671c1c3
                           .group:00000000 wm4.stm32f1xx_hal_conf.h.21.6bd0227bb698b27d92ebcc2ee6ebcebd
                           .group:00000000 wm4.stm32f1xx.h.39.208bb8a61c892b7c37d899c49a031330
                           .group:00000000 wm4.stm32f103xb.h.38.ec967d5ad9d3269cb0788eebda048e38
                           .group:00000000 wm4._newlib_version.h.4.6d111ab2e95434b664b53815e5c8ccba
                           .group:00000000 wm4.features.h.33.3e67abe6fb64142d4f6fa9496796153c
                           .group:00000000 wm4._default_types.h.15.247e5cd201eca3442cbf5404108c4935
                           .group:00000000 wm4._intsup.h.10.48bafbb683905c4daa4565a85aeeb264
                           .group:00000000 wm4._stdint.h.10.c24fa3af3bc1706662bb5593a907e841
                           .group:00000000 wm4.stdint.h.23.d53047a68f4a85177f80b422d52785ed
                           .group:00000000 wm4.cmsis_version.h.32.4d5822004c01a829a975260e854b5f8e
                           .group:00000000 wm4.core_cm3.h.66.fc46cac19810db8f98d67da7ef88f42c
                           .group:00000000 wm4.cmsis_gcc.h.26.4f5798e999d5690b80e6ded3ecc94b37
                           .group:00000000 wm4.core_cm3.h.127.f4474120f1a7524deb56f9d74ff175da
                           .group:00000000 wm4.stm32f103xb.h.573.10249aa7473ca93be896fed94046a725
                           .group:00000000 wm4.stm32f1xx.h.162.96b09079a093c34dbd7f0b85cbd0ddee
                           .group:00000000 wm4.stm32_hal_legacy.h.23.91ba5b544a4c2be2620a1e7ff0049e10
                           .group:00000000 wm4.stddef.h.39.3e0425629195acf083c9561151306b4d
                           .group:00000000 wm4.stm32f1xx_hal_def.h.57.18d01ce1aa74e9fb44dbf16f821a574a
                           .group:00000000 wm4.stm32f1xx_hal_rcc.h.95.21591bbc513aaa813c0b8640c3b32517
                           .group:00000000 wm4.stm32f1xx_hal_rcc_ex.h.22.8763f99bc1e3e2dcf0febe9161d81b37
                           .group:00000000 wm4.stm32f1xx_hal_rcc.h.1202.f8e5f9e0cf4eef7840facf5396029056
                           .group:00000000 wm4.stm32f1xx_hal_gpio.h.22.fa638d688dcc57ca806fe6a7831b0d04
                           .group:00000000 wm4.stm32f1xx_hal_gpio_ex.h.22.51a50ef3512cd78017ce666a32d364bf
                           .group:00000000 wm4.stm32f1xx_hal_gpio.h.263.f5ebf2f545ade59412ab9261c8e35dc4
                           .group:00000000 wm4.stm32f1xx_hal_exti.h.22.e26491d042c8079c3ca67eca341af862
                           .group:00000000 wm4.stm32f1xx_hal_dma.h.22.3c14338534886827bf3aeaa2a7f412a1
                           .group:00000000 wm4.stm32f1xx_hal_dma_ex.h.22.001ac4d7f81ccbdcae49bd65c13858c8
                           .group:00000000 wm4.stm32f1xx_hal_dma.h.409.cafcd2cfe701091535636be537c18293
                           .group:00000000 wm4.stm32f1xx_hal_cortex.h.22.b5f4174bb6a50d95405567b8f50e0900
                           .group:00000000 wm4.stm32f1xx_hal_flash.h.22.5cea9a7210e6315b41724b47b5fdf203
                           .group:00000000 wm4.stm32f1xx_hal_flash_ex.h.22.d4e19c21f2a86fa2f8ec2c2d5f1ab2af
                           .group:00000000 wm4.stm32f1xx_hal_pwr.h.22.3438c476faafc3240bf146f143df3fcd
                           .group:00000000 wm4.stm32f1xx_hal.h.88.91065c0692bed6019c34f1e9c00589fd

UNDEFINED SYMBOLS
HAL_RCC_NMI_IRQHandler
ARM GAS  C:\Users\SOLDER~1\AppData\Local\Temp\ccFMOwdz.s 			page 10


HAL_IncTick
