ARM GAS  C:\Users\SOLDER~1\AppData\Local\Temp\ccbCoFxq.s 			page 1


   1              		.cpu cortex-m4
   2              		.arch armv7e-m
   3              		.fpu fpv4-sp-d16
   4              		.eabi_attribute 27, 1
   5              		.eabi_attribute 28, 1
   6              		.eabi_attribute 20, 1
   7              		.eabi_attribute 21, 1
   8              		.eabi_attribute 23, 3
   9              		.eabi_attribute 24, 1
  10              		.eabi_attribute 25, 1
  11              		.eabi_attribute 26, 1
  12              		.eabi_attribute 30, 6
  13              		.eabi_attribute 34, 1
  14              		.eabi_attribute 18, 4
  15              		.file	"stm32f4xx_hal_msp.c"
  16              		.text
  17              	.Ltext0:
  18              		.cfi_sections	.debug_frame
  19              		.section	.text.HAL_MspInit,"ax",%progbits
  20              		.align	1
  21              		.global	HAL_MspInit
  22              		.syntax unified
  23              		.thumb
  24              		.thumb_func
  26              	HAL_MspInit:
  27              	.LFB130:
  28              		.file 1 "Core/Src/stm32f4xx_hal_msp.c"
   1:Core/Src/stm32f4xx_hal_msp.c **** /* USER CODE BEGIN Header */
   2:Core/Src/stm32f4xx_hal_msp.c **** /**
   3:Core/Src/stm32f4xx_hal_msp.c ****   ******************************************************************************
   4:Core/Src/stm32f4xx_hal_msp.c ****   * @file         stm32f4xx_hal_msp.c
   5:Core/Src/stm32f4xx_hal_msp.c ****   * @brief        This file provides code for the MSP Initialization
   6:Core/Src/stm32f4xx_hal_msp.c ****   *               and de-Initialization codes.
   7:Core/Src/stm32f4xx_hal_msp.c ****   ******************************************************************************
   8:Core/Src/stm32f4xx_hal_msp.c ****   * @attention
   9:Core/Src/stm32f4xx_hal_msp.c ****   *
  10:Core/Src/stm32f4xx_hal_msp.c ****   * <h2><center>&copy; Copyright (c) 2025 STMicroelectronics.
  11:Core/Src/stm32f4xx_hal_msp.c ****   * All rights reserved.</center></h2>
  12:Core/Src/stm32f4xx_hal_msp.c ****   *
  13:Core/Src/stm32f4xx_hal_msp.c ****   * This software component is licensed by ST under BSD 3-Clause license,
  14:Core/Src/stm32f4xx_hal_msp.c ****   * the "License"; You may not use this file except in compliance with the
  15:Core/Src/stm32f4xx_hal_msp.c ****   * License. You may obtain a copy of the License at:
  16:Core/Src/stm32f4xx_hal_msp.c ****   *                        opensource.org/licenses/BSD-3-Clause
  17:Core/Src/stm32f4xx_hal_msp.c ****   *
  18:Core/Src/stm32f4xx_hal_msp.c ****   ******************************************************************************
  19:Core/Src/stm32f4xx_hal_msp.c ****   */
  20:Core/Src/stm32f4xx_hal_msp.c **** /* USER CODE END Header */
  21:Core/Src/stm32f4xx_hal_msp.c **** 
  22:Core/Src/stm32f4xx_hal_msp.c **** /* Includes ------------------------------------------------------------------*/
  23:Core/Src/stm32f4xx_hal_msp.c **** #include "main.h"
  24:Core/Src/stm32f4xx_hal_msp.c **** /* USER CODE BEGIN Includes */
  25:Core/Src/stm32f4xx_hal_msp.c **** 
  26:Core/Src/stm32f4xx_hal_msp.c **** /* USER CODE END Includes */
  27:Core/Src/stm32f4xx_hal_msp.c **** 
  28:Core/Src/stm32f4xx_hal_msp.c **** /* Private typedef -----------------------------------------------------------*/
  29:Core/Src/stm32f4xx_hal_msp.c **** /* USER CODE BEGIN TD */
  30:Core/Src/stm32f4xx_hal_msp.c **** 
ARM GAS  C:\Users\SOLDER~1\AppData\Local\Temp\ccbCoFxq.s 			page 2


  31:Core/Src/stm32f4xx_hal_msp.c **** /* USER CODE END TD */
  32:Core/Src/stm32f4xx_hal_msp.c **** 
  33:Core/Src/stm32f4xx_hal_msp.c **** /* Private define ------------------------------------------------------------*/
  34:Core/Src/stm32f4xx_hal_msp.c **** /* USER CODE BEGIN Define */
  35:Core/Src/stm32f4xx_hal_msp.c **** 
  36:Core/Src/stm32f4xx_hal_msp.c **** /* USER CODE END Define */
  37:Core/Src/stm32f4xx_hal_msp.c **** 
  38:Core/Src/stm32f4xx_hal_msp.c **** /* Private macro -------------------------------------------------------------*/
  39:Core/Src/stm32f4xx_hal_msp.c **** /* USER CODE BEGIN Macro */
  40:Core/Src/stm32f4xx_hal_msp.c **** 
  41:Core/Src/stm32f4xx_hal_msp.c **** /* USER CODE END Macro */
  42:Core/Src/stm32f4xx_hal_msp.c **** 
  43:Core/Src/stm32f4xx_hal_msp.c **** /* Private variables ---------------------------------------------------------*/
  44:Core/Src/stm32f4xx_hal_msp.c **** /* USER CODE BEGIN PV */
  45:Core/Src/stm32f4xx_hal_msp.c **** 
  46:Core/Src/stm32f4xx_hal_msp.c **** /* USER CODE END PV */
  47:Core/Src/stm32f4xx_hal_msp.c **** 
  48:Core/Src/stm32f4xx_hal_msp.c **** /* Private function prototypes -----------------------------------------------*/
  49:Core/Src/stm32f4xx_hal_msp.c **** /* USER CODE BEGIN PFP */
  50:Core/Src/stm32f4xx_hal_msp.c **** 
  51:Core/Src/stm32f4xx_hal_msp.c **** /* USER CODE END PFP */
  52:Core/Src/stm32f4xx_hal_msp.c **** 
  53:Core/Src/stm32f4xx_hal_msp.c **** /* External functions --------------------------------------------------------*/
  54:Core/Src/stm32f4xx_hal_msp.c **** /* USER CODE BEGIN ExternalFunctions */
  55:Core/Src/stm32f4xx_hal_msp.c **** 
  56:Core/Src/stm32f4xx_hal_msp.c **** /* USER CODE END ExternalFunctions */
  57:Core/Src/stm32f4xx_hal_msp.c **** 
  58:Core/Src/stm32f4xx_hal_msp.c **** /* USER CODE BEGIN 0 */
  59:Core/Src/stm32f4xx_hal_msp.c **** 
  60:Core/Src/stm32f4xx_hal_msp.c **** /* USER CODE END 0 */
  61:Core/Src/stm32f4xx_hal_msp.c **** /**
  62:Core/Src/stm32f4xx_hal_msp.c ****   * Initializes the Global MSP.
  63:Core/Src/stm32f4xx_hal_msp.c ****   */
  64:Core/Src/stm32f4xx_hal_msp.c **** void HAL_MspInit(void)
  65:Core/Src/stm32f4xx_hal_msp.c **** {
  29              		.loc 1 65 1
  30              		.cfi_startproc
  31              		@ args = 0, pretend = 0, frame = 8
  32              		@ frame_needed = 1, uses_anonymous_args = 0
  33              		@ link register save eliminated.
  34 0000 80B4     		push	{r7}
  35              		.cfi_def_cfa_offset 4
  36              		.cfi_offset 7, -4
  37 0002 83B0     		sub	sp, sp, #12
  38              		.cfi_def_cfa_offset 16
  39 0004 00AF     		add	r7, sp, #0
  40              		.cfi_def_cfa_register 7
  41              	.LBB2:
  66:Core/Src/stm32f4xx_hal_msp.c ****   /* USER CODE BEGIN MspInit 0 */
  67:Core/Src/stm32f4xx_hal_msp.c **** 
  68:Core/Src/stm32f4xx_hal_msp.c ****   /* USER CODE END MspInit 0 */
  69:Core/Src/stm32f4xx_hal_msp.c **** 
  70:Core/Src/stm32f4xx_hal_msp.c ****   __HAL_RCC_SYSCFG_CLK_ENABLE();
  42              		.loc 1 70 3
  43 0006 0023     		movs	r3, #0
  44 0008 7B60     		str	r3, [r7, #4]
  45 000a 104B     		ldr	r3, .L2
ARM GAS  C:\Users\SOLDER~1\AppData\Local\Temp\ccbCoFxq.s 			page 3


  46 000c 5B6C     		ldr	r3, [r3, #68]
  47 000e 0F4A     		ldr	r2, .L2
  48 0010 43F48043 		orr	r3, r3, #16384
  49 0014 5364     		str	r3, [r2, #68]
  50 0016 0D4B     		ldr	r3, .L2
  51 0018 5B6C     		ldr	r3, [r3, #68]
  52 001a 03F48043 		and	r3, r3, #16384
  53 001e 7B60     		str	r3, [r7, #4]
  54 0020 7B68     		ldr	r3, [r7, #4]
  55              	.LBE2:
  56              	.LBB3:
  71:Core/Src/stm32f4xx_hal_msp.c ****   __HAL_RCC_PWR_CLK_ENABLE();
  57              		.loc 1 71 3
  58 0022 0023     		movs	r3, #0
  59 0024 3B60     		str	r3, [r7]
  60 0026 094B     		ldr	r3, .L2
  61 0028 1B6C     		ldr	r3, [r3, #64]
  62 002a 084A     		ldr	r2, .L2
  63 002c 43F08053 		orr	r3, r3, #268435456
  64 0030 1364     		str	r3, [r2, #64]
  65 0032 064B     		ldr	r3, .L2
  66 0034 1B6C     		ldr	r3, [r3, #64]
  67 0036 03F08053 		and	r3, r3, #268435456
  68 003a 3B60     		str	r3, [r7]
  69 003c 3B68     		ldr	r3, [r7]
  70              	.LBE3:
  72:Core/Src/stm32f4xx_hal_msp.c **** 
  73:Core/Src/stm32f4xx_hal_msp.c ****   /* System interrupt init*/
  74:Core/Src/stm32f4xx_hal_msp.c **** 
  75:Core/Src/stm32f4xx_hal_msp.c ****   /* USER CODE BEGIN MspInit 1 */
  76:Core/Src/stm32f4xx_hal_msp.c **** 
  77:Core/Src/stm32f4xx_hal_msp.c ****   /* USER CODE END MspInit 1 */
  78:Core/Src/stm32f4xx_hal_msp.c **** }
  71              		.loc 1 78 1
  72 003e 00BF     		nop
  73 0040 0C37     		adds	r7, r7, #12
  74              		.cfi_def_cfa_offset 4
  75 0042 BD46     		mov	sp, r7
  76              		.cfi_def_cfa_register 13
  77              		@ sp needed
  78 0044 5DF8047B 		ldr	r7, [sp], #4
  79              		.cfi_restore 7
  80              		.cfi_def_cfa_offset 0
  81 0048 7047     		bx	lr
  82              	.L3:
  83 004a 00BF     		.align	2
  84              	.L2:
  85 004c 00380240 		.word	1073887232
  86              		.cfi_endproc
  87              	.LFE130:
  89              		.section	.text.HAL_UART_MspInit,"ax",%progbits
  90              		.align	1
  91              		.global	HAL_UART_MspInit
  92              		.syntax unified
  93              		.thumb
  94              		.thumb_func
  96              	HAL_UART_MspInit:
ARM GAS  C:\Users\SOLDER~1\AppData\Local\Temp\ccbCoFxq.s 			page 4


  97              	.LFB131:
  79:Core/Src/stm32f4xx_hal_msp.c **** 
  80:Core/Src/stm32f4xx_hal_msp.c **** /**
  81:Core/Src/stm32f4xx_hal_msp.c **** * @brief UART MSP Initialization
  82:Core/Src/stm32f4xx_hal_msp.c **** * This function configures the hardware resources used in this example
  83:Core/Src/stm32f4xx_hal_msp.c **** * @param huart: UART handle pointer
  84:Core/Src/stm32f4xx_hal_msp.c **** * @retval None
  85:Core/Src/stm32f4xx_hal_msp.c **** */
  86:Core/Src/stm32f4xx_hal_msp.c **** void HAL_UART_MspInit(UART_HandleTypeDef* huart)
  87:Core/Src/stm32f4xx_hal_msp.c **** {
  98              		.loc 1 87 1
  99              		.cfi_startproc
 100              		@ args = 0, pretend = 0, frame = 40
 101              		@ frame_needed = 1, uses_anonymous_args = 0
 102 0000 80B5     		push	{r7, lr}
 103              		.cfi_def_cfa_offset 8
 104              		.cfi_offset 7, -8
 105              		.cfi_offset 14, -4
 106 0002 8AB0     		sub	sp, sp, #40
 107              		.cfi_def_cfa_offset 48
 108 0004 00AF     		add	r7, sp, #0
 109              		.cfi_def_cfa_register 7
 110 0006 7860     		str	r0, [r7, #4]
  88:Core/Src/stm32f4xx_hal_msp.c ****   GPIO_InitTypeDef GPIO_InitStruct = {0};
 111              		.loc 1 88 20
 112 0008 07F11403 		add	r3, r7, #20
 113 000c 0022     		movs	r2, #0
 114 000e 1A60     		str	r2, [r3]
 115 0010 5A60     		str	r2, [r3, #4]
 116 0012 9A60     		str	r2, [r3, #8]
 117 0014 DA60     		str	r2, [r3, #12]
 118 0016 1A61     		str	r2, [r3, #16]
  89:Core/Src/stm32f4xx_hal_msp.c ****   if(huart->Instance==USART1)
 119              		.loc 1 89 11
 120 0018 7B68     		ldr	r3, [r7, #4]
 121 001a 1B68     		ldr	r3, [r3]
 122              		.loc 1 89 5
 123 001c 194A     		ldr	r2, .L7
 124 001e 9342     		cmp	r3, r2
 125 0020 2CD1     		bne	.L6
 126              	.LBB4:
  90:Core/Src/stm32f4xx_hal_msp.c ****   {
  91:Core/Src/stm32f4xx_hal_msp.c ****   /* USER CODE BEGIN USART1_MspInit 0 */
  92:Core/Src/stm32f4xx_hal_msp.c **** 
  93:Core/Src/stm32f4xx_hal_msp.c ****   /* USER CODE END USART1_MspInit 0 */
  94:Core/Src/stm32f4xx_hal_msp.c ****     /* Peripheral clock enable */
  95:Core/Src/stm32f4xx_hal_msp.c ****     __HAL_RCC_USART1_CLK_ENABLE();
 127              		.loc 1 95 5
 128 0022 0023     		movs	r3, #0
 129 0024 3B61     		str	r3, [r7, #16]
 130 0026 184B     		ldr	r3, .L7+4
 131 0028 5B6C     		ldr	r3, [r3, #68]
 132 002a 174A     		ldr	r2, .L7+4
 133 002c 43F01003 		orr	r3, r3, #16
 134 0030 5364     		str	r3, [r2, #68]
 135 0032 154B     		ldr	r3, .L7+4
 136 0034 5B6C     		ldr	r3, [r3, #68]
ARM GAS  C:\Users\SOLDER~1\AppData\Local\Temp\ccbCoFxq.s 			page 5


 137 0036 03F01003 		and	r3, r3, #16
 138 003a 3B61     		str	r3, [r7, #16]
 139 003c 3B69     		ldr	r3, [r7, #16]
 140              	.LBE4:
 141              	.LBB5:
  96:Core/Src/stm32f4xx_hal_msp.c **** 
  97:Core/Src/stm32f4xx_hal_msp.c ****     __HAL_RCC_GPIOA_CLK_ENABLE();
 142              		.loc 1 97 5
 143 003e 0023     		movs	r3, #0
 144 0040 FB60     		str	r3, [r7, #12]
 145 0042 114B     		ldr	r3, .L7+4
 146 0044 1B6B     		ldr	r3, [r3, #48]
 147 0046 104A     		ldr	r2, .L7+4
 148 0048 43F00103 		orr	r3, r3, #1
 149 004c 1363     		str	r3, [r2, #48]
 150 004e 0E4B     		ldr	r3, .L7+4
 151 0050 1B6B     		ldr	r3, [r3, #48]
 152 0052 03F00103 		and	r3, r3, #1
 153 0056 FB60     		str	r3, [r7, #12]
 154 0058 FB68     		ldr	r3, [r7, #12]
 155              	.LBE5:
  98:Core/Src/stm32f4xx_hal_msp.c ****     /**USART1 GPIO Configuration
  99:Core/Src/stm32f4xx_hal_msp.c ****     PA9     ------> USART1_TX
 100:Core/Src/stm32f4xx_hal_msp.c ****     PA10     ------> USART1_RX
 101:Core/Src/stm32f4xx_hal_msp.c ****     */
 102:Core/Src/stm32f4xx_hal_msp.c ****     GPIO_InitStruct.Pin = GPIO_PIN_9|GPIO_PIN_10;
 156              		.loc 1 102 25
 157 005a 4FF4C063 		mov	r3, #1536
 158 005e 7B61     		str	r3, [r7, #20]
 103:Core/Src/stm32f4xx_hal_msp.c ****     GPIO_InitStruct.Mode = GPIO_MODE_AF_PP;
 159              		.loc 1 103 26
 160 0060 0223     		movs	r3, #2
 161 0062 BB61     		str	r3, [r7, #24]
 104:Core/Src/stm32f4xx_hal_msp.c ****     GPIO_InitStruct.Pull = GPIO_NOPULL;
 162              		.loc 1 104 26
 163 0064 0023     		movs	r3, #0
 164 0066 FB61     		str	r3, [r7, #28]
 105:Core/Src/stm32f4xx_hal_msp.c ****     GPIO_InitStruct.Speed = GPIO_SPEED_FREQ_VERY_HIGH;
 165              		.loc 1 105 27
 166 0068 0323     		movs	r3, #3
 167 006a 3B62     		str	r3, [r7, #32]
 106:Core/Src/stm32f4xx_hal_msp.c ****     GPIO_InitStruct.Alternate = GPIO_AF7_USART1;
 168              		.loc 1 106 31
 169 006c 0723     		movs	r3, #7
 170 006e 7B62     		str	r3, [r7, #36]
 107:Core/Src/stm32f4xx_hal_msp.c ****     HAL_GPIO_Init(GPIOA, &GPIO_InitStruct);
 171              		.loc 1 107 5
 172 0070 07F11403 		add	r3, r7, #20
 173 0074 1946     		mov	r1, r3
 174 0076 0548     		ldr	r0, .L7+8
 175 0078 FFF7FEFF 		bl	HAL_GPIO_Init
 176              	.L6:
 108:Core/Src/stm32f4xx_hal_msp.c **** 
 109:Core/Src/stm32f4xx_hal_msp.c ****   /* USER CODE BEGIN USART1_MspInit 1 */
 110:Core/Src/stm32f4xx_hal_msp.c **** 
 111:Core/Src/stm32f4xx_hal_msp.c ****   /* USER CODE END USART1_MspInit 1 */
 112:Core/Src/stm32f4xx_hal_msp.c ****   }
ARM GAS  C:\Users\SOLDER~1\AppData\Local\Temp\ccbCoFxq.s 			page 6


 113:Core/Src/stm32f4xx_hal_msp.c **** 
 114:Core/Src/stm32f4xx_hal_msp.c **** }
 177              		.loc 1 114 1
 178 007c 00BF     		nop
 179 007e 2837     		adds	r7, r7, #40
 180              		.cfi_def_cfa_offset 8
 181 0080 BD46     		mov	sp, r7
 182              		.cfi_def_cfa_register 13
 183              		@ sp needed
 184 0082 80BD     		pop	{r7, pc}
 185              	.L8:
 186              		.align	2
 187              	.L7:
 188 0084 00100140 		.word	1073811456
 189 0088 00380240 		.word	1073887232
 190 008c 00000240 		.word	1073872896
 191              		.cfi_endproc
 192              	.LFE131:
 194              		.section	.text.HAL_UART_MspDeInit,"ax",%progbits
 195              		.align	1
 196              		.global	HAL_UART_MspDeInit
 197              		.syntax unified
 198              		.thumb
 199              		.thumb_func
 201              	HAL_UART_MspDeInit:
 202              	.LFB132:
 115:Core/Src/stm32f4xx_hal_msp.c **** 
 116:Core/Src/stm32f4xx_hal_msp.c **** /**
 117:Core/Src/stm32f4xx_hal_msp.c **** * @brief UART MSP De-Initialization
 118:Core/Src/stm32f4xx_hal_msp.c **** * This function freeze the hardware resources used in this example
 119:Core/Src/stm32f4xx_hal_msp.c **** * @param huart: UART handle pointer
 120:Core/Src/stm32f4xx_hal_msp.c **** * @retval None
 121:Core/Src/stm32f4xx_hal_msp.c **** */
 122:Core/Src/stm32f4xx_hal_msp.c **** void HAL_UART_MspDeInit(UART_HandleTypeDef* huart)
 123:Core/Src/stm32f4xx_hal_msp.c **** {
 203              		.loc 1 123 1
 204              		.cfi_startproc
 205              		@ args = 0, pretend = 0, frame = 8
 206              		@ frame_needed = 1, uses_anonymous_args = 0
 207 0000 80B5     		push	{r7, lr}
 208              		.cfi_def_cfa_offset 8
 209              		.cfi_offset 7, -8
 210              		.cfi_offset 14, -4
 211 0002 82B0     		sub	sp, sp, #8
 212              		.cfi_def_cfa_offset 16
 213 0004 00AF     		add	r7, sp, #0
 214              		.cfi_def_cfa_register 7
 215 0006 7860     		str	r0, [r7, #4]
 124:Core/Src/stm32f4xx_hal_msp.c ****   if(huart->Instance==USART1)
 216              		.loc 1 124 11
 217 0008 7B68     		ldr	r3, [r7, #4]
 218 000a 1B68     		ldr	r3, [r3]
 219              		.loc 1 124 5
 220 000c 084A     		ldr	r2, .L12
 221 000e 9342     		cmp	r3, r2
 222 0010 0AD1     		bne	.L11
 125:Core/Src/stm32f4xx_hal_msp.c ****   {
ARM GAS  C:\Users\SOLDER~1\AppData\Local\Temp\ccbCoFxq.s 			page 7


 126:Core/Src/stm32f4xx_hal_msp.c ****   /* USER CODE BEGIN USART1_MspDeInit 0 */
 127:Core/Src/stm32f4xx_hal_msp.c **** 
 128:Core/Src/stm32f4xx_hal_msp.c ****   /* USER CODE END USART1_MspDeInit 0 */
 129:Core/Src/stm32f4xx_hal_msp.c ****     /* Peripheral clock disable */
 130:Core/Src/stm32f4xx_hal_msp.c ****     __HAL_RCC_USART1_CLK_DISABLE();
 223              		.loc 1 130 5
 224 0012 084B     		ldr	r3, .L12+4
 225 0014 5B6C     		ldr	r3, [r3, #68]
 226 0016 074A     		ldr	r2, .L12+4
 227 0018 23F01003 		bic	r3, r3, #16
 228 001c 5364     		str	r3, [r2, #68]
 131:Core/Src/stm32f4xx_hal_msp.c **** 
 132:Core/Src/stm32f4xx_hal_msp.c ****     /**USART1 GPIO Configuration
 133:Core/Src/stm32f4xx_hal_msp.c ****     PA9     ------> USART1_TX
 134:Core/Src/stm32f4xx_hal_msp.c ****     PA10     ------> USART1_RX
 135:Core/Src/stm32f4xx_hal_msp.c ****     */
 136:Core/Src/stm32f4xx_hal_msp.c ****     HAL_GPIO_DeInit(GPIOA, GPIO_PIN_9|GPIO_PIN_10);
 229              		.loc 1 136 5
 230 001e 4FF4C061 		mov	r1, #1536
 231 0022 0548     		ldr	r0, .L12+8
 232 0024 FFF7FEFF 		bl	HAL_GPIO_DeInit
 233              	.L11:
 137:Core/Src/stm32f4xx_hal_msp.c **** 
 138:Core/Src/stm32f4xx_hal_msp.c ****   /* USER CODE BEGIN USART1_MspDeInit 1 */
 139:Core/Src/stm32f4xx_hal_msp.c **** 
 140:Core/Src/stm32f4xx_hal_msp.c ****   /* USER CODE END USART1_MspDeInit 1 */
 141:Core/Src/stm32f4xx_hal_msp.c ****   }
 142:Core/Src/stm32f4xx_hal_msp.c **** 
 143:Core/Src/stm32f4xx_hal_msp.c **** }
 234              		.loc 1 143 1
 235 0028 00BF     		nop
 236 002a 0837     		adds	r7, r7, #8
 237              		.cfi_def_cfa_offset 8
 238 002c BD46     		mov	sp, r7
 239              		.cfi_def_cfa_register 13
 240              		@ sp needed
 241 002e 80BD     		pop	{r7, pc}
 242              	.L13:
 243              		.align	2
 244              	.L12:
 245 0030 00100140 		.word	1073811456
 246 0034 00380240 		.word	1073887232
 247 0038 00000240 		.word	1073872896
 248              		.cfi_endproc
 249              	.LFE132:
 251              		.text
 252              	.Letext0:
 253              		.file 2 "c:\\st\\tools\\gcc-arm-none-eabi-10.3-2021.10\\arm-none-eabi\\include\\machine\\_default_
 254              		.file 3 "c:\\st\\tools\\gcc-arm-none-eabi-10.3-2021.10\\arm-none-eabi\\include\\sys\\_stdint.h"
 255              		.file 4 "Drivers/CMSIS/Device/ST/STM32F4xx/Include/stm32f411xe.h"
 256              		.file 5 "Drivers/STM32F4xx_HAL_Driver/Inc/stm32f4xx_hal_def.h"
 257              		.file 6 "Drivers/STM32F4xx_HAL_Driver/Inc/stm32f4xx_hal_gpio.h"
 258              		.file 7 "Drivers/STM32F4xx_HAL_Driver/Inc/stm32f4xx_hal_dma.h"
 259              		.file 8 "Drivers/STM32F4xx_HAL_Driver/Inc/stm32f4xx_hal_uart.h"
ARM GAS  C:\Users\SOLDER~1\AppData\Local\Temp\ccbCoFxq.s 			page 8


DEFINED SYMBOLS
                            *ABS*:00000000 stm32f4xx_hal_msp.c
C:\Users\SOLDER~1\AppData\Local\Temp\ccbCoFxq.s:20     .text.HAL_MspInit:00000000 $t
C:\Users\SOLDER~1\AppData\Local\Temp\ccbCoFxq.s:26     .text.HAL_MspInit:00000000 HAL_MspInit
C:\Users\SOLDER~1\AppData\Local\Temp\ccbCoFxq.s:85     .text.HAL_MspInit:0000004c $d
C:\Users\SOLDER~1\AppData\Local\Temp\ccbCoFxq.s:90     .text.HAL_UART_MspInit:00000000 $t
C:\Users\SOLDER~1\AppData\Local\Temp\ccbCoFxq.s:96     .text.HAL_UART_MspInit:00000000 HAL_UART_MspInit
C:\Users\SOLDER~1\AppData\Local\Temp\ccbCoFxq.s:188    .text.HAL_UART_MspInit:00000084 $d
C:\Users\SOLDER~1\AppData\Local\Temp\ccbCoFxq.s:195    .text.HAL_UART_MspDeInit:00000000 $t
C:\Users\SOLDER~1\AppData\Local\Temp\ccbCoFxq.s:201    .text.HAL_UART_MspDeInit:00000000 HAL_UART_MspDeInit
C:\Users\SOLDER~1\AppData\Local\Temp\ccbCoFxq.s:245    .text.HAL_UART_MspDeInit:00000030 $d
                           .group:00000000 wm4.0.3f0a1ce06f5181ce1e459e863b34cfe2
                           .group:00000000 wm4.stm32f4xx_hal_conf.h.24.cf658e84b370a79d74d698f3596005c8
                           .group:00000000 wm4.stm32f4xx.h.39.163e65267b4f964a08764289722b975f
                           .group:00000000 wm4.stm32f411xe.h.35.cd95d7dd18e2bcbd243b87f30f907448
                           .group:00000000 wm4._newlib_version.h.4.bfdf54b0af045d4a71376ae00f63a22c
                           .group:00000000 wm4.features.h.33.318b64d71e0957639cfb30f1db1f7ec8
                           .group:00000000 wm4._default_types.h.15.247e5cd201eca3442cbf5404108c4935
                           .group:00000000 wm4._intsup.h.10.48bafbb683905c4daa4565a85aeeb264
                           .group:00000000 wm4._stdint.h.10.c24fa3af3bc1706662bb5593a907e841
                           .group:00000000 wm4.stdint.h.23.d53047a68f4a85177f80b422d52785ed
                           .group:00000000 wm4.cmsis_version.h.32.4d5822004c01a829a975260e854b5f8e
                           .group:00000000 wm4.core_cm4.h.66.e4ff136c4a17abc46741866f64f8e729
                           .group:00000000 wm4.cmsis_gcc.h.26.6774fe91202d65f4d5ffcff60e00da34
                           .group:00000000 wm4.core_cm4.h.174.059a5e001a9e729091d1407208e93224
                           .group:00000000 wm4.mpu_armv7.h.32.27b4593cb2f8d3152ca5d97a9d72b321
                           .group:00000000 wm4.stm32f411xe.h.637.23266af44350a3b17e44f737eb041fcc
                           .group:00000000 wm4.stm32f4xx.h.196.0b21137cf6c6923d8fd1f4d94a3bfdd4
                           .group:00000000 wm4.stm32_hal_legacy.h.23.e2601123cf1b2a3b6d11d949644ddf87
                           .group:00000000 wm4.stddef.h.39.144cf5ddcd53cbfdac30259dc1a6c87f
                           .group:00000000 wm4.stm32f4xx_hal_def.h.58.f614308b482cecea9bcc0016240ac0fc
                           .group:00000000 wm4.stm32f4xx_hal_rcc_ex.h.22.279815e0741daf6badf72c0892228ec2
                           .group:00000000 wm4.stm32f4xx_hal_rcc.h.108.b82c8c670b41d96b2920e2f63661be15
                           .group:00000000 wm4.stm32f4xx_hal_gpio.h.22.e47df9f0f5be4ddc2ed2d14042c5e680
                           .group:00000000 wm4.stm32f4xx_hal_gpio_ex.h.22.07bba510ffde2028a7018ee98a87799d
                           .group:00000000 wm4.stm32f4xx_hal_gpio.h.255.5b948d47ad1357d6d2213e5e5ca4755c
                           .group:00000000 wm4.stm32f4xx_hal_exti.h.22.1f47767199c5bf749c04088e5c61c9c8
                           .group:00000000 wm4.stm32f4xx_hal_dma.h.22.fffce20ac9119c50557659c75e75ab1c
                           .group:00000000 wm4.stm32f4xx_hal_dma.h.721.a1e57ffbc615f926e6509c5acc65e492
                           .group:00000000 wm4.stm32f4xx_hal_cortex.h.22.e6aa3b847b5388be63c32d1f9e696ef7
                           .group:00000000 wm4.stm32f4xx_hal_flash.h.22.31b301be2655c3eb8583e51c8231544a
                           .group:00000000 wm4.stm32f4xx_hal_flash_ex.h.22.bdc1f651ef1384763525e869ecf4379e
                           .group:00000000 wm4.stm32f4xx_hal_flash.h.363.51efdf0f6c88f683efb89d7cc95cc1be
                           .group:00000000 wm4.stm32f4xx_hal_pwr.h.22.2c27d93ae187efe3a73816f03a329970
                           .group:00000000 wm4.stm32f4xx_hal_pwr_ex.h.22.04eb3957e13ca6e5ed8952d2d168bdc0
                           .group:00000000 wm4.stm32f4xx_hal_pwr.h.337.60b43975c84527a23cb6994b23165a5e
                           .group:00000000 wm4.stm32f4xx_hal_uart.h.22.591b491756a19342b0bf79eea5b33e1b
                           .group:00000000 wm4.stm32f4xx_hal.h.72.a5a58188aa461a0614f1e58e159c7840

UNDEFINED SYMBOLS
HAL_GPIO_Init
HAL_GPIO_DeInit
