ARM GAS  C:\Users\SOLDER~1\AppData\Local\Temp\ccRBrIQR.s 			page 1


   1              		.cpu cortex-m4
   2              		.arch armv7e-m
   3              		.fpu fpv4-sp-d16
   4              		.eabi_attribute 27, 1
   5              		.eabi_attribute 28, 1
   6              		.eabi_attribute 20, 1
   7              		.eabi_attribute 21, 1
   8              		.eabi_attribute 23, 3
   9              		.eabi_attribute 24, 1
  10              		.eabi_attribute 25, 1
  11              		.eabi_attribute 26, 1
  12              		.eabi_attribute 30, 6
  13              		.eabi_attribute 34, 1
  14              		.eabi_attribute 18, 4
  15              		.file	"stm32f4xx_it.c"
  16              		.text
  17              	.Ltext0:
  18              		.cfi_sections	.debug_frame
  19              		.section	.text.NMI_Handler,"ax",%progbits
  20              		.align	1
  21              		.global	NMI_Handler
  22              		.syntax unified
  23              		.thumb
  24              		.thumb_func
  26              	NMI_Handler:
  27              	.LFB130:
  28              		.file 1 "Core/Src/stm32f4xx_it.c"
   1:Core/Src/stm32f4xx_it.c **** /* USER CODE BEGIN Header */
   2:Core/Src/stm32f4xx_it.c **** /**
   3:Core/Src/stm32f4xx_it.c ****   ******************************************************************************
   4:Core/Src/stm32f4xx_it.c ****   * @file    stm32f4xx_it.c
   5:Core/Src/stm32f4xx_it.c ****   * @brief   Interrupt Service Routines.
   6:Core/Src/stm32f4xx_it.c ****   ******************************************************************************
   7:Core/Src/stm32f4xx_it.c ****   * @attention
   8:Core/Src/stm32f4xx_it.c ****   *
   9:Core/Src/stm32f4xx_it.c ****   * <h2><center>&copy; Copyright (c) 2025 STMicroelectronics.
  10:Core/Src/stm32f4xx_it.c ****   * All rights reserved.</center></h2>
  11:Core/Src/stm32f4xx_it.c ****   *
  12:Core/Src/stm32f4xx_it.c ****   * This software component is licensed by ST under BSD 3-Clause license,
  13:Core/Src/stm32f4xx_it.c ****   * the "License"; You may not use this file except in compliance with the
  14:Core/Src/stm32f4xx_it.c ****   * License. You may obtain a copy of the License at:
  15:Core/Src/stm32f4xx_it.c ****   *                        opensource.org/licenses/BSD-3-Clause
  16:Core/Src/stm32f4xx_it.c ****   *
  17:Core/Src/stm32f4xx_it.c ****   ******************************************************************************
  18:Core/Src/stm32f4xx_it.c ****   */
  19:Core/Src/stm32f4xx_it.c **** /* USER CODE END Header */
  20:Core/Src/stm32f4xx_it.c **** 
  21:Core/Src/stm32f4xx_it.c **** /* Includes ------------------------------------------------------------------*/
  22:Core/Src/stm32f4xx_it.c **** #include "main.h"
  23:Core/Src/stm32f4xx_it.c **** #include "stm32f4xx_it.h"
  24:Core/Src/stm32f4xx_it.c **** /* Private includes ----------------------------------------------------------*/
  25:Core/Src/stm32f4xx_it.c **** /* USER CODE BEGIN Includes */
  26:Core/Src/stm32f4xx_it.c **** /* USER CODE END Includes */
  27:Core/Src/stm32f4xx_it.c **** 
  28:Core/Src/stm32f4xx_it.c **** /* Private typedef -----------------------------------------------------------*/
  29:Core/Src/stm32f4xx_it.c **** /* USER CODE BEGIN TD */
  30:Core/Src/stm32f4xx_it.c **** 
ARM GAS  C:\Users\SOLDER~1\AppData\Local\Temp\ccRBrIQR.s 			page 2


  31:Core/Src/stm32f4xx_it.c **** /* USER CODE END TD */
  32:Core/Src/stm32f4xx_it.c **** 
  33:Core/Src/stm32f4xx_it.c **** /* Private define ------------------------------------------------------------*/
  34:Core/Src/stm32f4xx_it.c **** /* USER CODE BEGIN PD */
  35:Core/Src/stm32f4xx_it.c **** 
  36:Core/Src/stm32f4xx_it.c **** /* USER CODE END PD */
  37:Core/Src/stm32f4xx_it.c **** 
  38:Core/Src/stm32f4xx_it.c **** /* Private macro -------------------------------------------------------------*/
  39:Core/Src/stm32f4xx_it.c **** /* USER CODE BEGIN PM */
  40:Core/Src/stm32f4xx_it.c **** 
  41:Core/Src/stm32f4xx_it.c **** /* USER CODE END PM */
  42:Core/Src/stm32f4xx_it.c **** 
  43:Core/Src/stm32f4xx_it.c **** /* Private variables ---------------------------------------------------------*/
  44:Core/Src/stm32f4xx_it.c **** /* USER CODE BEGIN PV */
  45:Core/Src/stm32f4xx_it.c **** 
  46:Core/Src/stm32f4xx_it.c **** /* USER CODE END PV */
  47:Core/Src/stm32f4xx_it.c **** 
  48:Core/Src/stm32f4xx_it.c **** /* Private function prototypes -----------------------------------------------*/
  49:Core/Src/stm32f4xx_it.c **** /* USER CODE BEGIN PFP */
  50:Core/Src/stm32f4xx_it.c **** 
  51:Core/Src/stm32f4xx_it.c **** /* USER CODE END PFP */
  52:Core/Src/stm32f4xx_it.c **** 
  53:Core/Src/stm32f4xx_it.c **** /* Private user code ---------------------------------------------------------*/
  54:Core/Src/stm32f4xx_it.c **** /* USER CODE BEGIN 0 */
  55:Core/Src/stm32f4xx_it.c **** 
  56:Core/Src/stm32f4xx_it.c **** /* USER CODE END 0 */
  57:Core/Src/stm32f4xx_it.c **** 
  58:Core/Src/stm32f4xx_it.c **** /* External variables --------------------------------------------------------*/
  59:Core/Src/stm32f4xx_it.c **** 
  60:Core/Src/stm32f4xx_it.c **** /* USER CODE BEGIN EV */
  61:Core/Src/stm32f4xx_it.c **** 
  62:Core/Src/stm32f4xx_it.c **** /* USER CODE END EV */
  63:Core/Src/stm32f4xx_it.c **** 
  64:Core/Src/stm32f4xx_it.c **** /******************************************************************************/
  65:Core/Src/stm32f4xx_it.c **** /*           Cortex-M4 Processor Interruption and Exception Handlers          */
  66:Core/Src/stm32f4xx_it.c **** /******************************************************************************/
  67:Core/Src/stm32f4xx_it.c **** /**
  68:Core/Src/stm32f4xx_it.c ****   * @brief This function handles Non maskable interrupt.
  69:Core/Src/stm32f4xx_it.c ****   */
  70:Core/Src/stm32f4xx_it.c **** void NMI_Handler(void)
  71:Core/Src/stm32f4xx_it.c **** {
  29              		.loc 1 71 1
  30              		.cfi_startproc
  31              		@ args = 0, pretend = 0, frame = 0
  32              		@ frame_needed = 1, uses_anonymous_args = 0
  33 0000 80B5     		push	{r7, lr}
  34              		.cfi_def_cfa_offset 8
  35              		.cfi_offset 7, -8
  36              		.cfi_offset 14, -4
  37 0002 00AF     		add	r7, sp, #0
  38              		.cfi_def_cfa_register 7
  72:Core/Src/stm32f4xx_it.c ****   /* USER CODE BEGIN NonMaskableInt_IRQn 0 */
  73:Core/Src/stm32f4xx_it.c **** 
  74:Core/Src/stm32f4xx_it.c ****   /* USER CODE END NonMaskableInt_IRQn 0 */
  75:Core/Src/stm32f4xx_it.c ****   HAL_RCC_NMI_IRQHandler();
  39              		.loc 1 75 3
  40 0004 FFF7FEFF 		bl	HAL_RCC_NMI_IRQHandler
ARM GAS  C:\Users\SOLDER~1\AppData\Local\Temp\ccRBrIQR.s 			page 3


  41              	.L2:
  76:Core/Src/stm32f4xx_it.c ****   /* USER CODE BEGIN NonMaskableInt_IRQn 1 */
  77:Core/Src/stm32f4xx_it.c ****   while (1)
  42              		.loc 1 77 9 discriminator 1
  43 0008 FEE7     		b	.L2
  44              		.cfi_endproc
  45              	.LFE130:
  47              		.section	.text.HardFault_Handler,"ax",%progbits
  48              		.align	1
  49              		.global	HardFault_Handler
  50              		.syntax unified
  51              		.thumb
  52              		.thumb_func
  54              	HardFault_Handler:
  55              	.LFB131:
  78:Core/Src/stm32f4xx_it.c ****   {
  79:Core/Src/stm32f4xx_it.c ****   }
  80:Core/Src/stm32f4xx_it.c ****   /* USER CODE END NonMaskableInt_IRQn 1 */
  81:Core/Src/stm32f4xx_it.c **** }
  82:Core/Src/stm32f4xx_it.c **** 
  83:Core/Src/stm32f4xx_it.c **** /**
  84:Core/Src/stm32f4xx_it.c ****   * @brief This function handles Hard fault interrupt.
  85:Core/Src/stm32f4xx_it.c ****   */
  86:Core/Src/stm32f4xx_it.c **** void HardFault_Handler(void)
  87:Core/Src/stm32f4xx_it.c **** {
  56              		.loc 1 87 1
  57              		.cfi_startproc
  58              		@ args = 0, pretend = 0, frame = 0
  59              		@ frame_needed = 1, uses_anonymous_args = 0
  60              		@ link register save eliminated.
  61 0000 80B4     		push	{r7}
  62              		.cfi_def_cfa_offset 4
  63              		.cfi_offset 7, -4
  64 0002 00AF     		add	r7, sp, #0
  65              		.cfi_def_cfa_register 7
  66              	.L4:
  88:Core/Src/stm32f4xx_it.c ****   /* USER CODE BEGIN HardFault_IRQn 0 */
  89:Core/Src/stm32f4xx_it.c **** 
  90:Core/Src/stm32f4xx_it.c ****   /* USER CODE END HardFault_IRQn 0 */
  91:Core/Src/stm32f4xx_it.c ****   while (1)
  67              		.loc 1 91 9 discriminator 1
  68 0004 FEE7     		b	.L4
  69              		.cfi_endproc
  70              	.LFE131:
  72              		.section	.text.MemManage_Handler,"ax",%progbits
  73              		.align	1
  74              		.global	MemManage_Handler
  75              		.syntax unified
  76              		.thumb
  77              		.thumb_func
  79              	MemManage_Handler:
  80              	.LFB132:
  92:Core/Src/stm32f4xx_it.c ****   {
  93:Core/Src/stm32f4xx_it.c ****     /* USER CODE BEGIN W1_HardFault_IRQn 0 */
  94:Core/Src/stm32f4xx_it.c ****     /* USER CODE END W1_HardFault_IRQn 0 */
  95:Core/Src/stm32f4xx_it.c ****   }
  96:Core/Src/stm32f4xx_it.c **** }
ARM GAS  C:\Users\SOLDER~1\AppData\Local\Temp\ccRBrIQR.s 			page 4


  97:Core/Src/stm32f4xx_it.c **** 
  98:Core/Src/stm32f4xx_it.c **** /**
  99:Core/Src/stm32f4xx_it.c ****   * @brief This function handles Memory management fault.
 100:Core/Src/stm32f4xx_it.c ****   */
 101:Core/Src/stm32f4xx_it.c **** void MemManage_Handler(void)
 102:Core/Src/stm32f4xx_it.c **** {
  81              		.loc 1 102 1
  82              		.cfi_startproc
  83              		@ args = 0, pretend = 0, frame = 0
  84              		@ frame_needed = 1, uses_anonymous_args = 0
  85              		@ link register save eliminated.
  86 0000 80B4     		push	{r7}
  87              		.cfi_def_cfa_offset 4
  88              		.cfi_offset 7, -4
  89 0002 00AF     		add	r7, sp, #0
  90              		.cfi_def_cfa_register 7
  91              	.L6:
 103:Core/Src/stm32f4xx_it.c ****   /* USER CODE BEGIN MemoryManagement_IRQn 0 */
 104:Core/Src/stm32f4xx_it.c **** 
 105:Core/Src/stm32f4xx_it.c ****   /* USER CODE END MemoryManagement_IRQn 0 */
 106:Core/Src/stm32f4xx_it.c ****   while (1)
  92              		.loc 1 106 9 discriminator 1
  93 0004 FEE7     		b	.L6
  94              		.cfi_endproc
  95              	.LFE132:
  97              		.section	.text.BusFault_Handler,"ax",%progbits
  98              		.align	1
  99              		.global	BusFault_Handler
 100              		.syntax unified
 101              		.thumb
 102              		.thumb_func
 104              	BusFault_Handler:
 105              	.LFB133:
 107:Core/Src/stm32f4xx_it.c ****   {
 108:Core/Src/stm32f4xx_it.c ****     /* USER CODE BEGIN W1_MemoryManagement_IRQn 0 */
 109:Core/Src/stm32f4xx_it.c ****     /* USER CODE END W1_MemoryManagement_IRQn 0 */
 110:Core/Src/stm32f4xx_it.c ****   }
 111:Core/Src/stm32f4xx_it.c **** }
 112:Core/Src/stm32f4xx_it.c **** 
 113:Core/Src/stm32f4xx_it.c **** /**
 114:Core/Src/stm32f4xx_it.c ****   * @brief This function handles Pre-fetch fault, memory access fault.
 115:Core/Src/stm32f4xx_it.c ****   */
 116:Core/Src/stm32f4xx_it.c **** void BusFault_Handler(void)
 117:Core/Src/stm32f4xx_it.c **** {
 106              		.loc 1 117 1
 107              		.cfi_startproc
 108              		@ args = 0, pretend = 0, frame = 0
 109              		@ frame_needed = 1, uses_anonymous_args = 0
 110              		@ link register save eliminated.
 111 0000 80B4     		push	{r7}
 112              		.cfi_def_cfa_offset 4
 113              		.cfi_offset 7, -4
 114 0002 00AF     		add	r7, sp, #0
 115              		.cfi_def_cfa_register 7
 116              	.L8:
 118:Core/Src/stm32f4xx_it.c ****   /* USER CODE BEGIN BusFault_IRQn 0 */
 119:Core/Src/stm32f4xx_it.c **** 
ARM GAS  C:\Users\SOLDER~1\AppData\Local\Temp\ccRBrIQR.s 			page 5


 120:Core/Src/stm32f4xx_it.c ****   /* USER CODE END BusFault_IRQn 0 */
 121:Core/Src/stm32f4xx_it.c ****   while (1)
 117              		.loc 1 121 9 discriminator 1
 118 0004 FEE7     		b	.L8
 119              		.cfi_endproc
 120              	.LFE133:
 122              		.section	.text.UsageFault_Handler,"ax",%progbits
 123              		.align	1
 124              		.global	UsageFault_Handler
 125              		.syntax unified
 126              		.thumb
 127              		.thumb_func
 129              	UsageFault_Handler:
 130              	.LFB134:
 122:Core/Src/stm32f4xx_it.c ****   {
 123:Core/Src/stm32f4xx_it.c ****     /* USER CODE BEGIN W1_BusFault_IRQn 0 */
 124:Core/Src/stm32f4xx_it.c ****     /* USER CODE END W1_BusFault_IRQn 0 */
 125:Core/Src/stm32f4xx_it.c ****   }
 126:Core/Src/stm32f4xx_it.c **** }
 127:Core/Src/stm32f4xx_it.c **** 
 128:Core/Src/stm32f4xx_it.c **** /**
 129:Core/Src/stm32f4xx_it.c ****   * @brief This function handles Undefined instruction or illegal state.
 130:Core/Src/stm32f4xx_it.c ****   */
 131:Core/Src/stm32f4xx_it.c **** void UsageFault_Handler(void)
 132:Core/Src/stm32f4xx_it.c **** {
 131              		.loc 1 132 1
 132              		.cfi_startproc
 133              		@ args = 0, pretend = 0, frame = 0
 134              		@ frame_needed = 1, uses_anonymous_args = 0
 135              		@ link register save eliminated.
 136 0000 80B4     		push	{r7}
 137              		.cfi_def_cfa_offset 4
 138              		.cfi_offset 7, -4
 139 0002 00AF     		add	r7, sp, #0
 140              		.cfi_def_cfa_register 7
 141              	.L10:
 133:Core/Src/stm32f4xx_it.c ****   /* USER CODE BEGIN UsageFault_IRQn 0 */
 134:Core/Src/stm32f4xx_it.c **** 
 135:Core/Src/stm32f4xx_it.c ****   /* USER CODE END UsageFault_IRQn 0 */
 136:Core/Src/stm32f4xx_it.c ****   while (1)
 142              		.loc 1 136 9 discriminator 1
 143 0004 FEE7     		b	.L10
 144              		.cfi_endproc
 145              	.LFE134:
 147              		.section	.text.SVC_Handler,"ax",%progbits
 148              		.align	1
 149              		.global	SVC_Handler
 150              		.syntax unified
 151              		.thumb
 152              		.thumb_func
 154              	SVC_Handler:
 155              	.LFB135:
 137:Core/Src/stm32f4xx_it.c ****   {
 138:Core/Src/stm32f4xx_it.c ****     /* USER CODE BEGIN W1_UsageFault_IRQn 0 */
 139:Core/Src/stm32f4xx_it.c ****     /* USER CODE END W1_UsageFault_IRQn 0 */
 140:Core/Src/stm32f4xx_it.c ****   }
 141:Core/Src/stm32f4xx_it.c **** }
ARM GAS  C:\Users\SOLDER~1\AppData\Local\Temp\ccRBrIQR.s 			page 6


 142:Core/Src/stm32f4xx_it.c **** 
 143:Core/Src/stm32f4xx_it.c **** /**
 144:Core/Src/stm32f4xx_it.c ****   * @brief This function handles System service call via SWI instruction.
 145:Core/Src/stm32f4xx_it.c ****   */
 146:Core/Src/stm32f4xx_it.c **** void SVC_Handler(void)
 147:Core/Src/stm32f4xx_it.c **** {
 156              		.loc 1 147 1
 157              		.cfi_startproc
 158              		@ args = 0, pretend = 0, frame = 0
 159              		@ frame_needed = 1, uses_anonymous_args = 0
 160              		@ link register save eliminated.
 161 0000 80B4     		push	{r7}
 162              		.cfi_def_cfa_offset 4
 163              		.cfi_offset 7, -4
 164 0002 00AF     		add	r7, sp, #0
 165              		.cfi_def_cfa_register 7
 148:Core/Src/stm32f4xx_it.c ****   /* USER CODE BEGIN SVCall_IRQn 0 */
 149:Core/Src/stm32f4xx_it.c **** 
 150:Core/Src/stm32f4xx_it.c ****   /* USER CODE END SVCall_IRQn 0 */
 151:Core/Src/stm32f4xx_it.c ****   /* USER CODE BEGIN SVCall_IRQn 1 */
 152:Core/Src/stm32f4xx_it.c **** 
 153:Core/Src/stm32f4xx_it.c ****   /* USER CODE END SVCall_IRQn 1 */
 154:Core/Src/stm32f4xx_it.c **** }
 166              		.loc 1 154 1
 167 0004 00BF     		nop
 168 0006 BD46     		mov	sp, r7
 169              		.cfi_def_cfa_register 13
 170              		@ sp needed
 171 0008 5DF8047B 		ldr	r7, [sp], #4
 172              		.cfi_restore 7
 173              		.cfi_def_cfa_offset 0
 174 000c 7047     		bx	lr
 175              		.cfi_endproc
 176              	.LFE135:
 178              		.section	.text.DebugMon_Handler,"ax",%progbits
 179              		.align	1
 180              		.global	DebugMon_Handler
 181              		.syntax unified
 182              		.thumb
 183              		.thumb_func
 185              	DebugMon_Handler:
 186              	.LFB136:
 155:Core/Src/stm32f4xx_it.c **** 
 156:Core/Src/stm32f4xx_it.c **** /**
 157:Core/Src/stm32f4xx_it.c ****   * @brief This function handles Debug monitor.
 158:Core/Src/stm32f4xx_it.c ****   */
 159:Core/Src/stm32f4xx_it.c **** void DebugMon_Handler(void)
 160:Core/Src/stm32f4xx_it.c **** {
 187              		.loc 1 160 1
 188              		.cfi_startproc
 189              		@ args = 0, pretend = 0, frame = 0
 190              		@ frame_needed = 1, uses_anonymous_args = 0
 191              		@ link register save eliminated.
 192 0000 80B4     		push	{r7}
 193              		.cfi_def_cfa_offset 4
 194              		.cfi_offset 7, -4
 195 0002 00AF     		add	r7, sp, #0
ARM GAS  C:\Users\SOLDER~1\AppData\Local\Temp\ccRBrIQR.s 			page 7


 196              		.cfi_def_cfa_register 7
 161:Core/Src/stm32f4xx_it.c ****   /* USER CODE BEGIN DebugMonitor_IRQn 0 */
 162:Core/Src/stm32f4xx_it.c **** 
 163:Core/Src/stm32f4xx_it.c ****   /* USER CODE END DebugMonitor_IRQn 0 */
 164:Core/Src/stm32f4xx_it.c ****   /* USER CODE BEGIN DebugMonitor_IRQn 1 */
 165:Core/Src/stm32f4xx_it.c **** 
 166:Core/Src/stm32f4xx_it.c ****   /* USER CODE END DebugMonitor_IRQn 1 */
 167:Core/Src/stm32f4xx_it.c **** }
 197              		.loc 1 167 1
 198 0004 00BF     		nop
 199 0006 BD46     		mov	sp, r7
 200              		.cfi_def_cfa_register 13
 201              		@ sp needed
 202 0008 5DF8047B 		ldr	r7, [sp], #4
 203              		.cfi_restore 7
 204              		.cfi_def_cfa_offset 0
 205 000c 7047     		bx	lr
 206              		.cfi_endproc
 207              	.LFE136:
 209              		.section	.text.PendSV_Handler,"ax",%progbits
 210              		.align	1
 211              		.global	PendSV_Handler
 212              		.syntax unified
 213              		.thumb
 214              		.thumb_func
 216              	PendSV_Handler:
 217              	.LFB137:
 168:Core/Src/stm32f4xx_it.c **** 
 169:Core/Src/stm32f4xx_it.c **** /**
 170:Core/Src/stm32f4xx_it.c ****   * @brief This function handles Pendable request for system service.
 171:Core/Src/stm32f4xx_it.c ****   */
 172:Core/Src/stm32f4xx_it.c **** void PendSV_Handler(void)
 173:Core/Src/stm32f4xx_it.c **** {
 218              		.loc 1 173 1
 219              		.cfi_startproc
 220              		@ args = 0, pretend = 0, frame = 0
 221              		@ frame_needed = 1, uses_anonymous_args = 0
 222              		@ link register save eliminated.
 223 0000 80B4     		push	{r7}
 224              		.cfi_def_cfa_offset 4
 225              		.cfi_offset 7, -4
 226 0002 00AF     		add	r7, sp, #0
 227              		.cfi_def_cfa_register 7
 174:Core/Src/stm32f4xx_it.c ****   /* USER CODE BEGIN PendSV_IRQn 0 */
 175:Core/Src/stm32f4xx_it.c **** 
 176:Core/Src/stm32f4xx_it.c ****   /* USER CODE END PendSV_IRQn 0 */
 177:Core/Src/stm32f4xx_it.c ****   /* USER CODE BEGIN PendSV_IRQn 1 */
 178:Core/Src/stm32f4xx_it.c **** 
 179:Core/Src/stm32f4xx_it.c ****   /* USER CODE END PendSV_IRQn 1 */
 180:Core/Src/stm32f4xx_it.c **** }
 228              		.loc 1 180 1
 229 0004 00BF     		nop
 230 0006 BD46     		mov	sp, r7
 231              		.cfi_def_cfa_register 13
 232              		@ sp needed
 233 0008 5DF8047B 		ldr	r7, [sp], #4
 234              		.cfi_restore 7
ARM GAS  C:\Users\SOLDER~1\AppData\Local\Temp\ccRBrIQR.s 			page 8


 235              		.cfi_def_cfa_offset 0
 236 000c 7047     		bx	lr
 237              		.cfi_endproc
 238              	.LFE137:
 240              		.section	.text.SysTick_Handler,"ax",%progbits
 241              		.align	1
 242              		.global	SysTick_Handler
 243              		.syntax unified
 244              		.thumb
 245              		.thumb_func
 247              	SysTick_Handler:
 248              	.LFB138:
 181:Core/Src/stm32f4xx_it.c **** 
 182:Core/Src/stm32f4xx_it.c **** /**
 183:Core/Src/stm32f4xx_it.c ****   * @brief This function handles System tick timer.
 184:Core/Src/stm32f4xx_it.c ****   */
 185:Core/Src/stm32f4xx_it.c **** void SysTick_Handler(void)
 186:Core/Src/stm32f4xx_it.c **** {
 249              		.loc 1 186 1
 250              		.cfi_startproc
 251              		@ args = 0, pretend = 0, frame = 0
 252              		@ frame_needed = 1, uses_anonymous_args = 0
 253 0000 80B5     		push	{r7, lr}
 254              		.cfi_def_cfa_offset 8
 255              		.cfi_offset 7, -8
 256              		.cfi_offset 14, -4
 257 0002 00AF     		add	r7, sp, #0
 258              		.cfi_def_cfa_register 7
 187:Core/Src/stm32f4xx_it.c ****   /* USER CODE BEGIN SysTick_IRQn 0 */
 188:Core/Src/stm32f4xx_it.c **** 
 189:Core/Src/stm32f4xx_it.c ****   /* USER CODE END SysTick_IRQn 0 */
 190:Core/Src/stm32f4xx_it.c ****   HAL_IncTick();
 259              		.loc 1 190 3
 260 0004 FFF7FEFF 		bl	HAL_IncTick
 191:Core/Src/stm32f4xx_it.c ****   /* USER CODE BEGIN SysTick_IRQn 1 */
 192:Core/Src/stm32f4xx_it.c **** 
 193:Core/Src/stm32f4xx_it.c ****   /* USER CODE END SysTick_IRQn 1 */
 194:Core/Src/stm32f4xx_it.c **** }
 261              		.loc 1 194 1
 262 0008 00BF     		nop
 263 000a 80BD     		pop	{r7, pc}
 264              		.cfi_endproc
 265              	.LFE138:
 267              		.text
 268              	.Letext0:
ARM GAS  C:\Users\SOLDER~1\AppData\Local\Temp\ccRBrIQR.s 			page 9


DEFINED SYMBOLS
                            *ABS*:00000000 stm32f4xx_it.c
C:\Users\SOLDER~1\AppData\Local\Temp\ccRBrIQR.s:20     .text.NMI_Handler:00000000 $t
C:\Users\SOLDER~1\AppData\Local\Temp\ccRBrIQR.s:26     .text.NMI_Handler:00000000 NMI_Handler
C:\Users\SOLDER~1\AppData\Local\Temp\ccRBrIQR.s:48     .text.HardFault_Handler:00000000 $t
C:\Users\SOLDER~1\AppData\Local\Temp\ccRBrIQR.s:54     .text.HardFault_Handler:00000000 HardFault_Handler
C:\Users\SOLDER~1\AppData\Local\Temp\ccRBrIQR.s:73     .text.MemManage_Handler:00000000 $t
C:\Users\SOLDER~1\AppData\Local\Temp\ccRBrIQR.s:79     .text.MemManage_Handler:00000000 MemManage_Handler
C:\Users\SOLDER~1\AppData\Local\Temp\ccRBrIQR.s:98     .text.BusFault_Handler:00000000 $t
C:\Users\SOLDER~1\AppData\Local\Temp\ccRBrIQR.s:104    .text.BusFault_Handler:00000000 BusFault_Handler
C:\Users\SOLDER~1\AppData\Local\Temp\ccRBrIQR.s:123    .text.UsageFault_Handler:00000000 $t
C:\Users\SOLDER~1\AppData\Local\Temp\ccRBrIQR.s:129    .text.UsageFault_Handler:00000000 UsageFault_Handler
C:\Users\SOLDER~1\AppData\Local\Temp\ccRBrIQR.s:148    .text.SVC_Handler:00000000 $t
C:\Users\SOLDER~1\AppData\Local\Temp\ccRBrIQR.s:154    .text.SVC_Handler:00000000 SVC_Handler
C:\Users\SOLDER~1\AppData\Local\Temp\ccRBrIQR.s:179    .text.DebugMon_Handler:00000000 $t
C:\Users\SOLDER~1\AppData\Local\Temp\ccRBrIQR.s:185    .text.DebugMon_Handler:00000000 DebugMon_Handler
C:\Users\SOLDER~1\AppData\Local\Temp\ccRBrIQR.s:210    .text.PendSV_Handler:00000000 $t
C:\Users\SOLDER~1\AppData\Local\Temp\ccRBrIQR.s:216    .text.PendSV_Handler:00000000 PendSV_Handler
C:\Users\SOLDER~1\AppData\Local\Temp\ccRBrIQR.s:241    .text.SysTick_Handler:00000000 $t
C:\Users\SOLDER~1\AppData\Local\Temp\ccRBrIQR.s:247    .text.SysTick_Handler:00000000 SysTick_Handler
                           .group:00000000 wm4.0.3f0a1ce06f5181ce1e459e863b34cfe2
                           .group:00000000 wm4.stm32f4xx_hal_conf.h.24.cf658e84b370a79d74d698f3596005c8
                           .group:00000000 wm4.stm32f4xx.h.39.163e65267b4f964a08764289722b975f
                           .group:00000000 wm4.stm32f411xe.h.35.cd95d7dd18e2bcbd243b87f30f907448
                           .group:00000000 wm4._newlib_version.h.4.bfdf54b0af045d4a71376ae00f63a22c
                           .group:00000000 wm4.features.h.33.318b64d71e0957639cfb30f1db1f7ec8
                           .group:00000000 wm4._default_types.h.15.247e5cd201eca3442cbf5404108c4935
                           .group:00000000 wm4._intsup.h.10.48bafbb683905c4daa4565a85aeeb264
                           .group:00000000 wm4._stdint.h.10.c24fa3af3bc1706662bb5593a907e841
                           .group:00000000 wm4.stdint.h.23.d53047a68f4a85177f80b422d52785ed
                           .group:00000000 wm4.cmsis_version.h.32.4d5822004c01a829a975260e854b5f8e
                           .group:00000000 wm4.core_cm4.h.66.e4ff136c4a17abc46741866f64f8e729
                           .group:00000000 wm4.cmsis_gcc.h.26.6774fe91202d65f4d5ffcff60e00da34
                           .group:00000000 wm4.core_cm4.h.174.059a5e001a9e729091d1407208e93224
                           .group:00000000 wm4.mpu_armv7.h.32.27b4593cb2f8d3152ca5d97a9d72b321
                           .group:00000000 wm4.stm32f411xe.h.637.23266af44350a3b17e44f737eb041fcc
                           .group:00000000 wm4.stm32f4xx.h.196.0b21137cf6c6923d8fd1f4d94a3bfdd4
                           .group:00000000 wm4.stm32_hal_legacy.h.23.e2601123cf1b2a3b6d11d949644ddf87
                           .group:00000000 wm4.stddef.h.39.144cf5ddcd53cbfdac30259dc1a6c87f
                           .group:00000000 wm4.stm32f4xx_hal_def.h.58.f614308b482cecea9bcc0016240ac0fc
                           .group:00000000 wm4.stm32f4xx_hal_rcc_ex.h.22.279815e0741daf6badf72c0892228ec2
                           .group:00000000 wm4.stm32f4xx_hal_rcc.h.108.b82c8c670b41d96b2920e2f63661be15
                           .group:00000000 wm4.stm32f4xx_hal_gpio.h.22.e47df9f0f5be4ddc2ed2d14042c5e680
                           .group:00000000 wm4.stm32f4xx_hal_gpio_ex.h.22.07bba510ffde2028a7018ee98a87799d
                           .group:00000000 wm4.stm32f4xx_hal_gpio.h.255.5b948d47ad1357d6d2213e5e5ca4755c
                           .group:00000000 wm4.stm32f4xx_hal_exti.h.22.1f47767199c5bf749c04088e5c61c9c8
                           .group:00000000 wm4.stm32f4xx_hal_dma.h.22.fffce20ac9119c50557659c75e75ab1c
                           .group:00000000 wm4.stm32f4xx_hal_dma.h.721.a1e57ffbc615f926e6509c5acc65e492
                           .group:00000000 wm4.stm32f4xx_hal_cortex.h.22.e6aa3b847b5388be63c32d1f9e696ef7
                           .group:00000000 wm4.stm32f4xx_hal_flash.h.22.31b301be2655c3eb8583e51c8231544a
                           .group:00000000 wm4.stm32f4xx_hal_flash_ex.h.22.bdc1f651ef1384763525e869ecf4379e
                           .group:00000000 wm4.stm32f4xx_hal_flash.h.363.51efdf0f6c88f683efb89d7cc95cc1be
                           .group:00000000 wm4.stm32f4xx_hal_pwr.h.22.2c27d93ae187efe3a73816f03a329970
                           .group:00000000 wm4.stm32f4xx_hal_pwr_ex.h.22.04eb3957e13ca6e5ed8952d2d168bdc0
                           .group:00000000 wm4.stm32f4xx_hal_pwr.h.337.60b43975c84527a23cb6994b23165a5e
                           .group:00000000 wm4.stm32f4xx_hal_uart.h.22.591b491756a19342b0bf79eea5b33e1b
                           .group:00000000 wm4.stm32f4xx_hal.h.72.a5a58188aa461a0614f1e58e159c7840
ARM GAS  C:\Users\SOLDER~1\AppData\Local\Temp\ccRBrIQR.s 			page 10



UNDEFINED SYMBOLS
HAL_RCC_NMI_IRQHandler
HAL_IncTick
